[0.087s] Invoking command in '/home/monica/ros2_ws/build/xolobot_arm': CMAKE_PREFIX_PATH=${CMAKE_PREFIX_PATH}:/opt/ros/iron /usr/bin/cmake --build /home/monica/ros2_ws/build/xolobot_arm -- -j2 -l2
[0.569s] Invoked command in '/home/monica/ros2_ws/build/xolobot_arm' returned '0': CMAKE_PREFIX_PATH=${CMAKE_PREFIX_PATH}:/opt/ros/iron /usr/bin/cmake --build /home/monica/ros2_ws/build/xolobot_arm -- -j2 -l2
[0.638s] Invoking command in '/home/monica/ros2_ws/build/xolobot_arm': CMAKE_PREFIX_PATH=${CMAKE_PREFIX_PATH}:/opt/ros/iron /usr/bin/cmake --install /home/monica/ros2_ws/build/xolobot_arm
[0.737s] -- Install configuration: ""
[0.743s] -- Up-to-date: /home/monica/ros2_ws/install/xolobot_arm/share/xolobot_arm/launch
[0.744s] -- Up-to-date: /home/monica/ros2_ws/install/xolobot_arm/share/xolobot_arm/launch/xolobot_arm_control.launch.py
[0.744s] -- Up-to-date: /home/monica/ros2_ws/install/xolobot_arm/share/xolobot_arm/worlds
[0.746s] -- Up-to-date: /home/monica/ros2_ws/install/xolobot_arm/share/xolobot_arm/worlds/coca_levitando.world
[0.746s] -- Up-to-date: /home/monica/ros2_ws/install/xolobot_arm/share/xolobot_arm/worlds/nada.world
[0.747s] -- Up-to-date: /home/monica/ros2_ws/install/xolobot_arm/share/xolobot_arm/worlds/luz.world
[0.747s] -- Up-to-date: /home/monica/ros2_ws/install/xolobot_arm/share/xolobot_arm/worlds/nuevo.world
[0.747s] -- Up-to-date: /home/monica/ros2_ws/install/xolobot_arm/share/xolobot_arm/worlds/xolobot.world
[0.747s] -- Up-to-date: /home/monica/ros2_ws/install/xolobot_arm/share/xolobot_arm/models
[0.750s] -- Up-to-date: /home/monica/ros2_ws/install/xolobot_arm/share/xolobot_arm/models/model.urdf
[0.750s] -- Up-to-date: /home/monica/ros2_ws/install/xolobot_arm/share/xolobot_arm/models/xolobot.urdf
[0.750s] -- Up-to-date: /home/monica/ros2_ws/install/xolobot_arm/share/xolobot_arm/models/model.config
[0.750s] -- Up-to-date: /home/monica/ros2_ws/install/xolobot_arm/share/xolobot_arm/models/untitled.dae
[0.751s] -- Up-to-date: /home/monica/ros2_ws/install/xolobot_arm/share/xolobot_arm/models/utileria
[0.754s] -- Up-to-date: /home/monica/ros2_ws/install/xolobot_arm/share/xolobot_arm/models/utileria/model.config
[0.755s] -- Up-to-date: /home/monica/ros2_ws/install/xolobot_arm/share/xolobot_arm/models/utileria/pelotas.sdf
[0.755s] -- Up-to-date: /home/monica/ros2_ws/install/xolobot_arm/share/xolobot_arm/models/textures
[0.755s] -- Up-to-date: /home/monica/ros2_ws/install/xolobot_arm/share/xolobot_arm/models/textures/metal.material
[0.756s] -- Up-to-date: /home/monica/ros2_ws/install/xolobot_arm/share/xolobot_arm/models/textures/images
[0.757s] -- Up-to-date: /home/monica/ros2_ws/install/xolobot_arm/share/xolobot_arm/models/textures/images/metal-hoyos.jpg
[0.757s] -- Up-to-date: /home/monica/ros2_ws/install/xolobot_arm/share/xolobot_arm/models/textures/images/blue-metal.jpg
[0.758s] -- Up-to-date: /home/monica/ros2_ws/install/xolobot_arm/share/xolobot_arm/models/textures/images/piso-metal-barras.jpg
[0.759s] -- Up-to-date: /home/monica/ros2_ws/install/xolobot_arm/share/xolobot_arm/models/textures/images/piso-metal-blanco.jpg
[0.759s] -- Up-to-date: /home/monica/ros2_ws/install/xolobot_arm/share/xolobot_arm/models/textures/model.config
[0.760s] -- Up-to-date: /home/monica/ros2_ws/install/xolobot_arm/share/xolobot_arm/models/textures/xolobot.material
[0.760s] -- Up-to-date: /home/monica/ros2_ws/install/xolobot_arm/share/xolobot_arm/models/model_minimo.urdf
[0.761s] -- Up-to-date: /home/monica/ros2_ws/install/xolobot_arm/share/xolobot_arm/models/xolobot_arm.sdf
[0.762s] -- Up-to-date: /home/monica/ros2_ws/install/xolobot_arm/share/xolobot_arm/models/meshes
[0.765s] -- Up-to-date: /home/monica/ros2_ws/install/xolobot_arm/share/xolobot_arm/models/meshes/pulgar_2.dae
[0.765s] -- Up-to-date: /home/monica/ros2_ws/install/xolobot_arm/share/xolobot_arm/models/meshes/antebrazo_mano_izq_2.dae
[0.766s] -- Up-to-date: /home/monica/ros2_ws/install/xolobot_arm/share/xolobot_arm/models/meshes/biceps_juntos.dae
[0.768s] -- Up-to-date: /home/monica/ros2_ws/install/xolobot_arm/share/xolobot_arm/models/meshes/biceps_der.dae
[0.768s] -- Up-to-date: /home/monica/ros2_ws/install/xolobot_arm/share/xolobot_arm/models/meshes/biceps_izq.dae
[0.768s] -- Up-to-date: /home/monica/ros2_ws/install/xolobot_arm/share/xolobot_arm/models/meshes/banda.blend
[0.770s] -- Up-to-date: /home/monica/ros2_ws/install/xolobot_arm/share/xolobot_arm/models/meshes/biceps_juntos_nuevo.dae
[0.770s] -- Up-to-date: /home/monica/ros2_ws/install/xolobot_arm/share/xolobot_arm/models/meshes/antebrazo_mano_izqprueba.dae
[0.770s] -- Up-to-date: /home/monica/ros2_ws/install/xolobot_arm/share/xolobot_arm/models/meshes/antebrazo_mano_izq_bak.dae
[0.770s] -- Up-to-date: /home/monica/ros2_ws/install/xolobot_arm/share/xolobot_arm/models/meshes/mono.dae
[0.771s] -- Up-to-date: /home/monica/ros2_ws/install/xolobot_arm/share/xolobot_arm/models/meshes/hombro_alto.dae
[0.773s] -- Up-to-date: /home/monica/ros2_ws/install/xolobot_arm/share/xolobot_arm/models/meshes/codo_izq_colision.dae
[0.773s] -- Up-to-date: /home/monica/ros2_ws/install/xolobot_arm/share/xolobot_arm/models/meshes/hombro_alto_colision.dae
[0.773s] -- Up-to-date: /home/monica/ros2_ws/install/xolobot_arm/share/xolobot_arm/models/meshes/model.config
[0.773s] -- Up-to-date: /home/monica/ros2_ws/install/xolobot_arm/share/xolobot_arm/models/meshes/antebrazo_mano_izq.dae
[0.774s] -- Up-to-date: /home/monica/ros2_ws/install/xolobot_arm/share/xolobot_arm/models/meshes/codo_izq.dae
[0.774s] -- Up-to-date: /home/monica/ros2_ws/install/xolobot_arm/share/xolobot_arm/models/meshes/biceps_izq_colision.dae
[0.774s] -- Up-to-date: /home/monica/ros2_ws/install/xolobot_arm/share/xolobot_arm/models/meshes/backup
[0.775s] -- Up-to-date: /home/monica/ros2_ws/install/xolobot_arm/share/xolobot_arm/models/meshes/backup/pulgar_2.dae
[0.776s] -- Up-to-date: /home/monica/ros2_ws/install/xolobot_arm/share/xolobot_arm/models/meshes/backup/biceps_juntos.dae
[0.776s] -- Up-to-date: /home/monica/ros2_ws/install/xolobot_arm/share/xolobot_arm/models/meshes/backup/biceps_der.dae
[0.777s] -- Up-to-date: /home/monica/ros2_ws/install/xolobot_arm/share/xolobot_arm/models/meshes/backup/biceps_izq.dae
[0.777s] -- Up-to-date: /home/monica/ros2_ws/install/xolobot_arm/share/xolobot_arm/models/meshes/backup/biceps_juntos_nuevo.dae
[0.778s] -- Up-to-date: /home/monica/ros2_ws/install/xolobot_arm/share/xolobot_arm/models/meshes/backup/hombro_alto.dae
[0.778s] -- Up-to-date: /home/monica/ros2_ws/install/xolobot_arm/share/xolobot_arm/models/meshes/backup/antebrazo_mano_izq.dae
[0.779s] -- Up-to-date: /home/monica/ros2_ws/install/xolobot_arm/share/xolobot_arm/models/meshes/backup/codo_izq.dae
[0.780s] -- Up-to-date: /home/monica/ros2_ws/install/xolobot_arm/share/xolobot_arm/models/meshes/backup/hombro_bajo.dae
[0.781s] -- Up-to-date: /home/monica/ros2_ws/install/xolobot_arm/share/xolobot_arm/models/meshes/backup/dedos
[0.782s] -- Up-to-date: /home/monica/ros2_ws/install/xolobot_arm/share/xolobot_arm/models/meshes/backup/dedos/dedo_indice.blend1
[0.783s] -- Up-to-date: /home/monica/ros2_ws/install/xolobot_arm/share/xolobot_arm/models/meshes/backup/dedos/dedo_cordial_1.dae
[0.783s] -- Up-to-date: /home/monica/ros2_ws/install/xolobot_arm/share/xolobot_arm/models/meshes/backup/dedos/dedo_menique_1.blend
[0.786s] -- Up-to-date: /home/monica/ros2_ws/install/xolobot_arm/share/xolobot_arm/models/meshes/backup/dedos/dedo_indice_2.dae
[0.787s] -- Up-to-date: /home/monica/ros2_ws/install/xolobot_arm/share/xolobot_arm/models/meshes/backup/dedos/dedo_cordial.blend
[0.787s] -- Up-to-date: /home/monica/ros2_ws/install/xolobot_arm/share/xolobot_arm/models/meshes/backup/dedos/dedo_menique_2.blend1
[0.787s] -- Up-to-date: /home/monica/ros2_ws/install/xolobot_arm/share/xolobot_arm/models/meshes/backup/dedos/dedo_cordial_2.dae
[0.787s] -- Up-to-date: /home/monica/ros2_ws/install/xolobot_arm/share/xolobot_arm/models/meshes/backup/dedos/dedo_indice_1.dae
[0.788s] -- Up-to-date: /home/monica/ros2_ws/install/xolobot_arm/share/xolobot_arm/models/meshes/backup/dedos/dedo_menique.blend
[0.788s] -- Up-to-date: /home/monica/ros2_ws/install/xolobot_arm/share/xolobot_arm/models/meshes/backup/dedos/dedo_menique_1.blend1
[0.788s] -- Up-to-date: /home/monica/ros2_ws/install/xolobot_arm/share/xolobot_arm/models/meshes/backup/dedos/dedo_menique_2.dae
[0.793s] -- Up-to-date: /home/monica/ros2_ws/install/xolobot_arm/share/xolobot_arm/models/meshes/backup/dedos/dedo_anular_1.dae
[0.793s] -- Up-to-date: /home/monica/ros2_ws/install/xolobot_arm/share/xolobot_arm/models/meshes/backup/dedos/dedo_menique_3.dae
[0.793s] -- Up-to-date: /home/monica/ros2_ws/install/xolobot_arm/share/xolobot_arm/models/meshes/backup/dedos/dedo_cordial_3.dae
[0.793s] -- Up-to-date: /home/monica/ros2_ws/install/xolobot_arm/share/xolobot_arm/models/meshes/backup/dedos/mano_completa.blend
[0.794s] -- Up-to-date: /home/monica/ros2_ws/install/xolobot_arm/share/xolobot_arm/models/meshes/backup/dedos/dedo_menique.blend1
[0.794s] -- Up-to-date: /home/monica/ros2_ws/install/xolobot_arm/share/xolobot_arm/models/meshes/backup/dedos/dedo_menique_2.blend
[0.794s] -- Up-to-date: /home/monica/ros2_ws/install/xolobot_arm/share/xolobot_arm/models/meshes/backup/dedos/dedo_anular.blend1
[0.798s] -- Up-to-date: /home/monica/ros2_ws/install/xolobot_arm/share/xolobot_arm/models/meshes/backup/dedos/dedo_menique_3.blend1
[0.798s] -- Up-to-date: /home/monica/ros2_ws/install/xolobot_arm/share/xolobot_arm/models/meshes/backup/dedos/dedo_menique_3.blend
[0.798s] -- Up-to-date: /home/monica/ros2_ws/install/xolobot_arm/share/xolobot_arm/models/meshes/backup/dedos/dedo_menique_1.dae
[0.798s] -- Up-to-date: /home/monica/ros2_ws/install/xolobot_arm/share/xolobot_arm/models/meshes/backup/dedos/dedo_anular.blend
[0.799s] -- Up-to-date: /home/monica/ros2_ws/install/xolobot_arm/share/xolobot_arm/models/meshes/backup/dedos/dedo_indice.blend
[0.799s] -- Up-to-date: /home/monica/ros2_ws/install/xolobot_arm/share/xolobot_arm/models/meshes/backup/dedos/mano_completa.blend1
[0.799s] -- Up-to-date: /home/monica/ros2_ws/install/xolobot_arm/share/xolobot_arm/models/meshes/backup/dedos/dedo_anular_3.dae
[0.799s] -- Up-to-date: /home/monica/ros2_ws/install/xolobot_arm/share/xolobot_arm/models/meshes/backup/dedos/dedo_anular_2.dae
[0.803s] -- Up-to-date: /home/monica/ros2_ws/install/xolobot_arm/share/xolobot_arm/models/meshes/backup/dedos/dedo_cordial.blend1
[0.804s] -- Up-to-date: /home/monica/ros2_ws/install/xolobot_arm/share/xolobot_arm/models/meshes/backup/dedos/dedo_indice_3.dae
[0.806s] -- Up-to-date: /home/monica/ros2_ws/install/xolobot_arm/share/xolobot_arm/models/meshes/backup/pulgar_1_izq.dae
[0.806s] -- Up-to-date: /home/monica/ros2_ws/install/xolobot_arm/share/xolobot_arm/models/meshes/backup/pulgar_3.dae
[0.807s] -- Up-to-date: /home/monica/ros2_ws/install/xolobot_arm/share/xolobot_arm/models/meshes/hombro_bajo.dae
[0.807s] -- Up-to-date: /home/monica/ros2_ws/install/xolobot_arm/share/xolobot_arm/models/meshes/dedos
[0.807s] -- Up-to-date: /home/monica/ros2_ws/install/xolobot_arm/share/xolobot_arm/models/meshes/dedos/pulgar_2.dae
[0.807s] -- Up-to-date: /home/monica/ros2_ws/install/xolobot_arm/share/xolobot_arm/models/meshes/dedos/pulgar_1_izq_colision.dae
[0.811s] -- Up-to-date: /home/monica/ros2_ws/install/xolobot_arm/share/xolobot_arm/models/meshes/dedos/dedo_menique_3_colision.dae
[0.811s] -- Up-to-date: /home/monica/ros2_ws/install/xolobot_arm/share/xolobot_arm/models/meshes/dedos/dedo_indice.blend1
[0.811s] -- Up-to-date: /home/monica/ros2_ws/install/xolobot_arm/share/xolobot_arm/models/meshes/dedos/dedo_cordial_3_colision.dae
[0.811s] -- Up-to-date: /home/monica/ros2_ws/install/xolobot_arm/share/xolobot_arm/models/meshes/dedos/pulgar_3_colision.dae
[0.812s] -- Up-to-date: /home/monica/ros2_ws/install/xolobot_arm/share/xolobot_arm/models/meshes/dedos/dedo_cordial_1.dae
[0.812s] -- Up-to-date: /home/monica/ros2_ws/install/xolobot_arm/share/xolobot_arm/models/meshes/dedos/dedo_menique_2_colision.dae
[0.812s] -- Up-to-date: /home/monica/ros2_ws/install/xolobot_arm/share/xolobot_arm/models/meshes/dedos/dedo_menique_1.blend
[0.815s] -- Up-to-date: /home/monica/ros2_ws/install/xolobot_arm/share/xolobot_arm/models/meshes/dedos/dedo_indice_2.dae
[0.817s] -- Up-to-date: /home/monica/ros2_ws/install/xolobot_arm/share/xolobot_arm/models/meshes/dedos/dedo_indice_3_colision.dae
[0.817s] -- Up-to-date: /home/monica/ros2_ws/install/xolobot_arm/share/xolobot_arm/models/meshes/dedos/dedo_cordial.blend
[0.817s] -- Up-to-date: /home/monica/ros2_ws/install/xolobot_arm/share/xolobot_arm/models/meshes/dedos/dedo_menique_2.blend1
[0.817s] -- Up-to-date: /home/monica/ros2_ws/install/xolobot_arm/share/xolobot_arm/models/meshes/dedos/dedo_cordial_2.dae
[0.818s] -- Up-to-date: /home/monica/ros2_ws/install/xolobot_arm/share/xolobot_arm/models/meshes/dedos/dedo_indice_1.dae
[0.818s] -- Up-to-date: /home/monica/ros2_ws/install/xolobot_arm/share/xolobot_arm/models/meshes/dedos/dedo_menique.blend
[0.818s] -- Up-to-date: /home/monica/ros2_ws/install/xolobot_arm/share/xolobot_arm/models/meshes/dedos/dedo_anular_1_colision.dae
[0.822s] -- Up-to-date: /home/monica/ros2_ws/install/xolobot_arm/share/xolobot_arm/models/meshes/dedos/dedo_menique_1.blend1
[0.822s] -- Up-to-date: /home/monica/ros2_ws/install/xolobot_arm/share/xolobot_arm/models/meshes/dedos/dedo_menique_2.dae
[0.823s] -- Up-to-date: /home/monica/ros2_ws/install/xolobot_arm/share/xolobot_arm/models/meshes/dedos/dedo_anular_1.dae
[0.824s] -- Up-to-date: /home/monica/ros2_ws/install/xolobot_arm/share/xolobot_arm/models/meshes/dedos/dedo_indice_1_colision.dae
[0.824s] -- Up-to-date: /home/monica/ros2_ws/install/xolobot_arm/share/xolobot_arm/models/meshes/dedos/dedo_menique_1_colision.dae
[0.824s] -- Up-to-date: /home/monica/ros2_ws/install/xolobot_arm/share/xolobot_arm/models/meshes/dedos/dedo_menique_3.dae
[0.824s] -- Up-to-date: /home/monica/ros2_ws/install/xolobot_arm/share/xolobot_arm/models/meshes/dedos/dedo_anular_3_colision.dae
[0.825s] -- Up-to-date: /home/monica/ros2_ws/install/xolobot_arm/share/xolobot_arm/models/meshes/dedos/dedo_cordial_1_colision.dae
[0.825s] -- Up-to-date: /home/monica/ros2_ws/install/xolobot_arm/share/xolobot_arm/models/meshes/dedos/dedo_cordial_3.dae
[0.825s] -- Up-to-date: /home/monica/ros2_ws/install/xolobot_arm/share/xolobot_arm/models/meshes/dedos/pulgar_1_izq.dae
[0.829s] -- Up-to-date: /home/monica/ros2_ws/install/xolobot_arm/share/xolobot_arm/models/meshes/dedos/mano_completa.blend
[0.830s] -- Up-to-date: /home/monica/ros2_ws/install/xolobot_arm/share/xolobot_arm/models/meshes/dedos/dedo_menique.blend1
[0.831s] -- Up-to-date: /home/monica/ros2_ws/install/xolobot_arm/share/xolobot_arm/models/meshes/dedos/dedo_menique_2.blend
[0.836s] -- Up-to-date: /home/monica/ros2_ws/install/xolobot_arm/share/xolobot_arm/models/meshes/dedos/dedo_indice_2_colision.dae
[0.836s] -- Up-to-date: /home/monica/ros2_ws/install/xolobot_arm/share/xolobot_arm/models/meshes/dedos/dedo_anular.blend1
[0.838s] -- Up-to-date: /home/monica/ros2_ws/install/xolobot_arm/share/xolobot_arm/models/meshes/dedos/dedo_cordial_2_colision.dae
[0.838s] -- Up-to-date: /home/monica/ros2_ws/install/xolobot_arm/share/xolobot_arm/models/meshes/dedos/dedo_menique_3.blend1
[0.838s] -- Up-to-date: /home/monica/ros2_ws/install/xolobot_arm/share/xolobot_arm/models/meshes/dedos/pulgar_3.dae
[0.839s] -- Up-to-date: /home/monica/ros2_ws/install/xolobot_arm/share/xolobot_arm/models/meshes/dedos/dedo_menique_3.blend
[0.840s] -- Up-to-date: /home/monica/ros2_ws/install/xolobot_arm/share/xolobot_arm/models/meshes/dedos/dedo_menique_1.dae
[0.843s] -- Up-to-date: /home/monica/ros2_ws/install/xolobot_arm/share/xolobot_arm/models/meshes/dedos/dedo_anular.blend
[0.843s] -- Up-to-date: /home/monica/ros2_ws/install/xolobot_arm/share/xolobot_arm/models/meshes/dedos/dedo_indice.blend
[0.843s] -- Up-to-date: /home/monica/ros2_ws/install/xolobot_arm/share/xolobot_arm/models/meshes/dedos/mano_completa.blend1
[0.844s] -- Up-to-date: /home/monica/ros2_ws/install/xolobot_arm/share/xolobot_arm/models/meshes/dedos/dedo_anular_3.dae
[0.844s] -- Up-to-date: /home/monica/ros2_ws/install/xolobot_arm/share/xolobot_arm/models/meshes/dedos/dedo_anular_2.dae
[0.844s] -- Up-to-date: /home/monica/ros2_ws/install/xolobot_arm/share/xolobot_arm/models/meshes/dedos/dedo_cordial.blend1
[0.847s] -- Up-to-date: /home/monica/ros2_ws/install/xolobot_arm/share/xolobot_arm/models/meshes/dedos/pulgar_2_colision.dae
[0.849s] -- Up-to-date: /home/monica/ros2_ws/install/xolobot_arm/share/xolobot_arm/models/meshes/dedos/dedo_anular_2_colision.dae
[0.849s] -- Up-to-date: /home/monica/ros2_ws/install/xolobot_arm/share/xolobot_arm/models/meshes/dedos/dedo_indice_3.dae
[0.850s] -- Up-to-date: /home/monica/ros2_ws/install/xolobot_arm/share/xolobot_arm/models/meshes/pulgar_1_izq.dae
[0.850s] -- Up-to-date: /home/monica/ros2_ws/install/xolobot_arm/share/xolobot_arm/models/meshes/codo_izq_tuercas.dae
[0.850s] -- Up-to-date: /home/monica/ros2_ws/install/xolobot_arm/share/xolobot_arm/models/meshes/hombro_bajo_colision.dae
[0.850s] -- Up-to-date: /home/monica/ros2_ws/install/xolobot_arm/share/xolobot_arm/models/meshes/pulgar_3.dae
[0.853s] -- Up-to-date: /home/monica/ros2_ws/install/xolobot_arm/share/xolobot_arm/models/meshes/banda_terminada.blend
[0.853s] -- Up-to-date: /home/monica/ros2_ws/install/xolobot_arm/share/xolobot_arm/models/meshes/palma.dae
[0.853s] -- Up-to-date: /home/monica/ros2_ws/install/xolobot_arm/share/xolobot_arm/models/model.sdf
[0.853s] -- Up-to-date: /home/monica/ros2_ws/install/xolobot_arm/share/ament_index/resource_index/package_run_dependencies/xolobot_arm
[0.854s] -- Up-to-date: /home/monica/ros2_ws/install/xolobot_arm/share/ament_index/resource_index/parent_prefix_path/xolobot_arm
[0.854s] -- Up-to-date: /home/monica/ros2_ws/install/xolobot_arm/share/xolobot_arm/environment/ament_prefix_path.sh
[0.854s] -- Up-to-date: /home/monica/ros2_ws/install/xolobot_arm/share/xolobot_arm/environment/ament_prefix_path.dsv
[0.854s] -- Up-to-date: /home/monica/ros2_ws/install/xolobot_arm/share/xolobot_arm/environment/path.sh
[0.857s] -- Up-to-date: /home/monica/ros2_ws/install/xolobot_arm/share/xolobot_arm/environment/path.dsv
[0.858s] -- Up-to-date: /home/monica/ros2_ws/install/xolobot_arm/share/xolobot_arm/local_setup.bash
[0.858s] -- Up-to-date: /home/monica/ros2_ws/install/xolobot_arm/share/xolobot_arm/local_setup.sh
[0.859s] -- Up-to-date: /home/monica/ros2_ws/install/xolobot_arm/share/xolobot_arm/local_setup.zsh
[0.859s] -- Up-to-date: /home/monica/ros2_ws/install/xolobot_arm/share/xolobot_arm/local_setup.dsv
[0.859s] -- Installing: /home/monica/ros2_ws/install/xolobot_arm/share/xolobot_arm/package.dsv
[0.859s] -- Up-to-date: /home/monica/ros2_ws/install/xolobot_arm/share/ament_index/resource_index/packages/xolobot_arm
[0.861s] -- Up-to-date: /home/monica/ros2_ws/install/xolobot_arm/share/xolobot_arm/cmake/xolobot_armConfig.cmake
[0.862s] -- Up-to-date: /home/monica/ros2_ws/install/xolobot_arm/share/xolobot_arm/cmake/xolobot_armConfig-version.cmake
[0.863s] -- Up-to-date: /home/monica/ros2_ws/install/xolobot_arm/share/xolobot_arm/package.xml
[0.864s] Invoked command in '/home/monica/ros2_ws/build/xolobot_arm' returned '0': CMAKE_PREFIX_PATH=${CMAKE_PREFIX_PATH}:/opt/ros/iron /usr/bin/cmake --install /home/monica/ros2_ws/build/xolobot_arm
