[0.048s] Invoking command in '/home/monica/ros2_ws/build/xolobot_arm': CMAKE_PREFIX_PATH=${CMAKE_PREFIX_PATH}:/opt/ros/iron /usr/bin/cmake --build /home/monica/ros2_ws/build/xolobot_arm -- -j2 -l2
[0.184s] Invoked command in '/home/monica/ros2_ws/build/xolobot_arm' returned '0': CMAKE_PREFIX_PATH=${CMAKE_PREFIX_PATH}:/opt/ros/iron /usr/bin/cmake --build /home/monica/ros2_ws/build/xolobot_arm -- -j2 -l2
[0.209s] Invoking command in '/home/monica/ros2_ws/build/xolobot_arm': CMAKE_PREFIX_PATH=${CMAKE_PREFIX_PATH}:/opt/ros/iron /usr/bin/cmake --install /home/monica/ros2_ws/build/xolobot_arm
[0.232s] -- Install configuration: ""
[0.232s] -- Up-to-date: /home/monica/ros2_ws/install/xolobot_arm/share/xolobot_arm/launch
[0.235s] -- Up-to-date: /home/monica/ros2_ws/install/xolobot_arm/share/xolobot_arm/launch/xolobot_arm_control.launch.py
[0.236s] -- Up-to-date: /home/monica/ros2_ws/install/xolobot_arm/share/xolobot_arm/worlds
[0.237s] -- Up-to-date: /home/monica/ros2_ws/install/xolobot_arm/share/xolobot_arm/worlds/coca_levitando.world
[0.238s] -- Up-to-date: /home/monica/ros2_ws/install/xolobot_arm/share/xolobot_arm/worlds/nada.world
[0.238s] -- Up-to-date: /home/monica/ros2_ws/install/xolobot_arm/share/xolobot_arm/worlds/luz.world
[0.238s] -- Up-to-date: /home/monica/ros2_ws/install/xolobot_arm/share/xolobot_arm/worlds/nuevo.world
[0.240s] -- Up-to-date: /home/monica/ros2_ws/install/xolobot_arm/share/xolobot_arm/worlds/xolobot.world
[0.240s] -- Up-to-date: /home/monica/ros2_ws/install/xolobot_arm/share/xolobot_arm/models
[0.241s] -- Up-to-date: /home/monica/ros2_ws/install/xolobot_arm/share/xolobot_arm/models/model.urdf
[0.241s] -- Up-to-date: /home/monica/ros2_ws/install/xolobot_arm/share/xolobot_arm/models/xolobot.urdf
[0.241s] -- Up-to-date: /home/monica/ros2_ws/install/xolobot_arm/share/xolobot_arm/models/model.config
[0.241s] -- Up-to-date: /home/monica/ros2_ws/install/xolobot_arm/share/xolobot_arm/models/utileria
[0.241s] -- Up-to-date: /home/monica/ros2_ws/install/xolobot_arm/share/xolobot_arm/models/utileria/model.config
[0.241s] -- Up-to-date: /home/monica/ros2_ws/install/xolobot_arm/share/xolobot_arm/models/utileria/pelotas.sdf
[0.242s] -- Up-to-date: /home/monica/ros2_ws/install/xolobot_arm/share/xolobot_arm/models/textures
[0.245s] -- Up-to-date: /home/monica/ros2_ws/install/xolobot_arm/share/xolobot_arm/models/textures/metal.material
[0.245s] -- Up-to-date: /home/monica/ros2_ws/install/xolobot_arm/share/xolobot_arm/models/textures/images
[0.245s] -- Up-to-date: /home/monica/ros2_ws/install/xolobot_arm/share/xolobot_arm/models/textures/images/metal-hoyos.jpg
[0.249s] -- Up-to-date: /home/monica/ros2_ws/install/xolobot_arm/share/xolobot_arm/models/textures/images/blue-metal.jpg
[0.249s] -- Up-to-date: /home/monica/ros2_ws/install/xolobot_arm/share/xolobot_arm/models/textures/images/piso-metal-barras.jpg
[0.250s] -- Up-to-date: /home/monica/ros2_ws/install/xolobot_arm/share/xolobot_arm/models/textures/images/piso-metal-blanco.jpg
[0.250s] -- Up-to-date: /home/monica/ros2_ws/install/xolobot_arm/share/xolobot_arm/models/textures/model.config
[0.250s] -- Up-to-date: /home/monica/ros2_ws/install/xolobot_arm/share/xolobot_arm/models/textures/xolobot.material
[0.255s] -- Up-to-date: /home/monica/ros2_ws/install/xolobot_arm/share/xolobot_arm/models/model_minimo.urdf
[0.256s] -- Installing: /home/monica/ros2_ws/install/xolobot_arm/share/xolobot_arm/models/xolobot_arm.sdf
[0.259s] -- Up-to-date: /home/monica/ros2_ws/install/xolobot_arm/share/xolobot_arm/models/meshes
[0.261s] -- Up-to-date: /home/monica/ros2_ws/install/xolobot_arm/share/xolobot_arm/models/meshes/pulgar_2.dae
[0.264s] -- Up-to-date: /home/monica/ros2_ws/install/xolobot_arm/share/xolobot_arm/models/meshes/antebrazo_mano_izq_2.dae
[0.265s] -- Up-to-date: /home/monica/ros2_ws/install/xolobot_arm/share/xolobot_arm/models/meshes/biceps_juntos.dae
[0.265s] -- Up-to-date: /home/monica/ros2_ws/install/xolobot_arm/share/xolobot_arm/models/meshes/biceps_der.dae
[0.266s] -- Up-to-date: /home/monica/ros2_ws/install/xolobot_arm/share/xolobot_arm/models/meshes/biceps_izq.dae
[0.266s] -- Up-to-date: /home/monica/ros2_ws/install/xolobot_arm/share/xolobot_arm/models/meshes/banda.blend
[0.266s] -- Up-to-date: /home/monica/ros2_ws/install/xolobot_arm/share/xolobot_arm/models/meshes/biceps_juntos_nuevo.dae
[0.266s] -- Up-to-date: /home/monica/ros2_ws/install/xolobot_arm/share/xolobot_arm/models/meshes/antebrazo_mano_izqprueba.dae
[0.270s] -- Up-to-date: /home/monica/ros2_ws/install/xolobot_arm/share/xolobot_arm/models/meshes/antebrazo_mano_izq_bak.dae
[0.271s] -- Up-to-date: /home/monica/ros2_ws/install/xolobot_arm/share/xolobot_arm/models/meshes/mono.dae
[0.271s] -- Up-to-date: /home/monica/ros2_ws/install/xolobot_arm/share/xolobot_arm/models/meshes/hombro_alto.dae
[0.271s] -- Up-to-date: /home/monica/ros2_ws/install/xolobot_arm/share/xolobot_arm/models/meshes/codo_izq_colision.dae
[0.271s] -- Up-to-date: /home/monica/ros2_ws/install/xolobot_arm/share/xolobot_arm/models/meshes/hombro_alto_colision.dae
[0.274s] -- Up-to-date: /home/monica/ros2_ws/install/xolobot_arm/share/xolobot_arm/models/meshes/model.config
[0.275s] -- Installing: /home/monica/ros2_ws/install/xolobot_arm/share/xolobot_arm/models/meshes/antebrazo_mano_izq.dae
[0.276s] -- Up-to-date: /home/monica/ros2_ws/install/xolobot_arm/share/xolobot_arm/models/meshes/codo_izq.dae
[0.276s] -- Up-to-date: /home/monica/ros2_ws/install/xolobot_arm/share/xolobot_arm/models/meshes/biceps_izq_colision.dae
[0.276s] -- Up-to-date: /home/monica/ros2_ws/install/xolobot_arm/share/xolobot_arm/models/meshes/backup
[0.279s] -- Up-to-date: /home/monica/ros2_ws/install/xolobot_arm/share/xolobot_arm/models/meshes/backup/pulgar_2.dae
[0.279s] -- Up-to-date: /home/monica/ros2_ws/install/xolobot_arm/share/xolobot_arm/models/meshes/backup/biceps_juntos.dae
[0.279s] -- Up-to-date: /home/monica/ros2_ws/install/xolobot_arm/share/xolobot_arm/models/meshes/backup/biceps_der.dae
[0.280s] -- Up-to-date: /home/monica/ros2_ws/install/xolobot_arm/share/xolobot_arm/models/meshes/backup/biceps_izq.dae
[0.280s] -- Up-to-date: /home/monica/ros2_ws/install/xolobot_arm/share/xolobot_arm/models/meshes/backup/biceps_juntos_nuevo.dae
[0.280s] -- Up-to-date: /home/monica/ros2_ws/install/xolobot_arm/share/xolobot_arm/models/meshes/backup/hombro_alto.dae
[0.282s] -- Up-to-date: /home/monica/ros2_ws/install/xolobot_arm/share/xolobot_arm/models/meshes/backup/antebrazo_mano_izq.dae
[0.285s] -- Up-to-date: /home/monica/ros2_ws/install/xolobot_arm/share/xolobot_arm/models/meshes/backup/codo_izq.dae
[0.285s] -- Up-to-date: /home/monica/ros2_ws/install/xolobot_arm/share/xolobot_arm/models/meshes/backup/hombro_bajo.dae
[0.286s] -- Up-to-date: /home/monica/ros2_ws/install/xolobot_arm/share/xolobot_arm/models/meshes/backup/dedos
[0.286s] -- Up-to-date: /home/monica/ros2_ws/install/xolobot_arm/share/xolobot_arm/models/meshes/backup/dedos/dedo_indice.blend1
[0.286s] -- Up-to-date: /home/monica/ros2_ws/install/xolobot_arm/share/xolobot_arm/models/meshes/backup/dedos/dedo_cordial_1.dae
[0.287s] -- Up-to-date: /home/monica/ros2_ws/install/xolobot_arm/share/xolobot_arm/models/meshes/backup/dedos/dedo_menique_1.blend
[0.289s] -- Up-to-date: /home/monica/ros2_ws/install/xolobot_arm/share/xolobot_arm/models/meshes/backup/dedos/dedo_indice_2.dae
[0.289s] -- Up-to-date: /home/monica/ros2_ws/install/xolobot_arm/share/xolobot_arm/models/meshes/backup/dedos/dedo_cordial.blend
[0.290s] -- Up-to-date: /home/monica/ros2_ws/install/xolobot_arm/share/xolobot_arm/models/meshes/backup/dedos/dedo_menique_2.blend1
[0.290s] -- Up-to-date: /home/monica/ros2_ws/install/xolobot_arm/share/xolobot_arm/models/meshes/backup/dedos/dedo_cordial_2.dae
[0.290s] -- Up-to-date: /home/monica/ros2_ws/install/xolobot_arm/share/xolobot_arm/models/meshes/backup/dedos/dedo_indice_1.dae
[0.291s] -- Up-to-date: /home/monica/ros2_ws/install/xolobot_arm/share/xolobot_arm/models/meshes/backup/dedos/dedo_menique.blend
[0.294s] -- Up-to-date: /home/monica/ros2_ws/install/xolobot_arm/share/xolobot_arm/models/meshes/backup/dedos/dedo_menique_1.blend1
[0.294s] -- Up-to-date: /home/monica/ros2_ws/install/xolobot_arm/share/xolobot_arm/models/meshes/backup/dedos/dedo_menique_2.dae
[0.296s] -- Up-to-date: /home/monica/ros2_ws/install/xolobot_arm/share/xolobot_arm/models/meshes/backup/dedos/dedo_anular_1.dae
[0.296s] -- Up-to-date: /home/monica/ros2_ws/install/xolobot_arm/share/xolobot_arm/models/meshes/backup/dedos/dedo_menique_3.dae
[0.296s] -- Up-to-date: /home/monica/ros2_ws/install/xolobot_arm/share/xolobot_arm/models/meshes/backup/dedos/dedo_cordial_3.dae
[0.296s] -- Up-to-date: /home/monica/ros2_ws/install/xolobot_arm/share/xolobot_arm/models/meshes/backup/dedos/mano_completa.blend
[0.296s] -- Up-to-date: /home/monica/ros2_ws/install/xolobot_arm/share/xolobot_arm/models/meshes/backup/dedos/dedo_menique.blend1
[0.297s] -- Up-to-date: /home/monica/ros2_ws/install/xolobot_arm/share/xolobot_arm/models/meshes/backup/dedos/dedo_menique_2.blend
[0.297s] -- Up-to-date: /home/monica/ros2_ws/install/xolobot_arm/share/xolobot_arm/models/meshes/backup/dedos/dedo_anular.blend1
[0.297s] -- Up-to-date: /home/monica/ros2_ws/install/xolobot_arm/share/xolobot_arm/models/meshes/backup/dedos/dedo_menique_3.blend1
[0.297s] -- Up-to-date: /home/monica/ros2_ws/install/xolobot_arm/share/xolobot_arm/models/meshes/backup/dedos/dedo_menique_3.blend
[0.301s] -- Up-to-date: /home/monica/ros2_ws/install/xolobot_arm/share/xolobot_arm/models/meshes/backup/dedos/dedo_menique_1.dae
[0.311s] -- Up-to-date: /home/monica/ros2_ws/install/xolobot_arm/share/xolobot_arm/models/meshes/backup/dedos/dedo_anular.blend
[0.312s] -- Up-to-date: /home/monica/ros2_ws/install/xolobot_arm/share/xolobot_arm/models/meshes/backup/dedos/dedo_indice.blend
[0.312s] -- Up-to-date: /home/monica/ros2_ws/install/xolobot_arm/share/xolobot_arm/models/meshes/backup/dedos/mano_completa.blend1
[0.312s] -- Up-to-date: /home/monica/ros2_ws/install/xolobot_arm/share/xolobot_arm/models/meshes/backup/dedos/dedo_anular_3.dae
[0.312s] -- Up-to-date: /home/monica/ros2_ws/install/xolobot_arm/share/xolobot_arm/models/meshes/backup/dedos/dedo_anular_2.dae
[0.312s] -- Up-to-date: /home/monica/ros2_ws/install/xolobot_arm/share/xolobot_arm/models/meshes/backup/dedos/dedo_cordial.blend1
[0.312s] -- Up-to-date: /home/monica/ros2_ws/install/xolobot_arm/share/xolobot_arm/models/meshes/backup/dedos/dedo_indice_3.dae
[0.313s] -- Up-to-date: /home/monica/ros2_ws/install/xolobot_arm/share/xolobot_arm/models/meshes/backup/pulgar_1_izq.dae
[0.313s] -- Up-to-date: /home/monica/ros2_ws/install/xolobot_arm/share/xolobot_arm/models/meshes/backup/pulgar_3.dae
[0.313s] -- Up-to-date: /home/monica/ros2_ws/install/xolobot_arm/share/xolobot_arm/models/meshes/hombro_bajo.dae
[0.315s] -- Up-to-date: /home/monica/ros2_ws/install/xolobot_arm/share/xolobot_arm/models/meshes/dedos
[0.318s] -- Up-to-date: /home/monica/ros2_ws/install/xolobot_arm/share/xolobot_arm/models/meshes/dedos/pulgar_2.dae
[0.319s] -- Up-to-date: /home/monica/ros2_ws/install/xolobot_arm/share/xolobot_arm/models/meshes/dedos/pulgar_1_izq_colision.dae
[0.319s] -- Up-to-date: /home/monica/ros2_ws/install/xolobot_arm/share/xolobot_arm/models/meshes/dedos/dedo_menique_3_colision.dae
[0.319s] -- Up-to-date: /home/monica/ros2_ws/install/xolobot_arm/share/xolobot_arm/models/meshes/dedos/dedo_indice.blend1
[0.319s] -- Up-to-date: /home/monica/ros2_ws/install/xolobot_arm/share/xolobot_arm/models/meshes/dedos/dedo_cordial_3_colision.dae
[0.321s] -- Up-to-date: /home/monica/ros2_ws/install/xolobot_arm/share/xolobot_arm/models/meshes/dedos/pulgar_3_colision.dae
[0.321s] -- Up-to-date: /home/monica/ros2_ws/install/xolobot_arm/share/xolobot_arm/models/meshes/dedos/dedo_cordial_1.dae
[0.322s] -- Up-to-date: /home/monica/ros2_ws/install/xolobot_arm/share/xolobot_arm/models/meshes/dedos/dedo_menique_2_colision.dae
[0.322s] -- Up-to-date: /home/monica/ros2_ws/install/xolobot_arm/share/xolobot_arm/models/meshes/dedos/dedo_menique_1.blend
[0.322s] -- Up-to-date: /home/monica/ros2_ws/install/xolobot_arm/share/xolobot_arm/models/meshes/dedos/dedo_indice_2.dae
[0.322s] -- Up-to-date: /home/monica/ros2_ws/install/xolobot_arm/share/xolobot_arm/models/meshes/dedos/dedo_indice_3_colision.dae
[0.322s] -- Up-to-date: /home/monica/ros2_ws/install/xolobot_arm/share/xolobot_arm/models/meshes/dedos/dedo_cordial.blend
[0.323s] -- Up-to-date: /home/monica/ros2_ws/install/xolobot_arm/share/xolobot_arm/models/meshes/dedos/dedo_menique_2.blend1
[0.323s] -- Up-to-date: /home/monica/ros2_ws/install/xolobot_arm/share/xolobot_arm/models/meshes/dedos/dedo_cordial_2.dae
[0.323s] -- Up-to-date: /home/monica/ros2_ws/install/xolobot_arm/share/xolobot_arm/models/meshes/dedos/dedo_indice_1.dae
[0.323s] -- Up-to-date: /home/monica/ros2_ws/install/xolobot_arm/share/xolobot_arm/models/meshes/dedos/dedo_menique.blend
[0.336s] -- Up-to-date: /home/monica/ros2_ws/install/xolobot_arm/share/xolobot_arm/models/meshes/dedos/dedo_anular_1_colision.dae
[0.337s] -- Up-to-date: /home/monica/ros2_ws/install/xolobot_arm/share/xolobot_arm/models/meshes/dedos/dedo_menique_1.blend1
[0.337s] -- Up-to-date: /home/monica/ros2_ws/install/xolobot_arm/share/xolobot_arm/models/meshes/dedos/dedo_menique_2.dae
[0.337s] -- Up-to-date: /home/monica/ros2_ws/install/xolobot_arm/share/xolobot_arm/models/meshes/dedos/dedo_anular_1.dae
[0.337s] -- Up-to-date: /home/monica/ros2_ws/install/xolobot_arm/share/xolobot_arm/models/meshes/dedos/dedo_indice_1_colision.dae
[0.337s] -- Up-to-date: /home/monica/ros2_ws/install/xolobot_arm/share/xolobot_arm/models/meshes/dedos/dedo_menique_1_colision.dae
[0.338s] -- Up-to-date: /home/monica/ros2_ws/install/xolobot_arm/share/xolobot_arm/models/meshes/dedos/dedo_menique_3.dae
[0.338s] -- Up-to-date: /home/monica/ros2_ws/install/xolobot_arm/share/xolobot_arm/models/meshes/dedos/dedo_anular_3_colision.dae
[0.338s] -- Up-to-date: /home/monica/ros2_ws/install/xolobot_arm/share/xolobot_arm/models/meshes/dedos/dedo_cordial_1_colision.dae
[0.348s] -- Up-to-date: /home/monica/ros2_ws/install/xolobot_arm/share/xolobot_arm/models/meshes/dedos/dedo_cordial_3.dae
[0.349s] -- Up-to-date: /home/monica/ros2_ws/install/xolobot_arm/share/xolobot_arm/models/meshes/dedos/pulgar_1_izq.dae
[0.349s] -- Up-to-date: /home/monica/ros2_ws/install/xolobot_arm/share/xolobot_arm/models/meshes/dedos/mano_completa.blend
[0.349s] -- Up-to-date: /home/monica/ros2_ws/install/xolobot_arm/share/xolobot_arm/models/meshes/dedos/dedo_menique.blend1
[0.350s] -- Up-to-date: /home/monica/ros2_ws/install/xolobot_arm/share/xolobot_arm/models/meshes/dedos/dedo_menique_2.blend
[0.351s] -- Up-to-date: /home/monica/ros2_ws/install/xolobot_arm/share/xolobot_arm/models/meshes/dedos/dedo_indice_2_colision.dae
[0.351s] -- Up-to-date: /home/monica/ros2_ws/install/xolobot_arm/share/xolobot_arm/models/meshes/dedos/dedo_anular.blend1
[0.351s] -- Up-to-date: /home/monica/ros2_ws/install/xolobot_arm/share/xolobot_arm/models/meshes/dedos/dedo_cordial_2_colision.dae
[0.352s] -- Up-to-date: /home/monica/ros2_ws/install/xolobot_arm/share/xolobot_arm/models/meshes/dedos/dedo_menique_3.blend1
[0.352s] -- Up-to-date: /home/monica/ros2_ws/install/xolobot_arm/share/xolobot_arm/models/meshes/dedos/pulgar_3.dae
[0.352s] -- Up-to-date: /home/monica/ros2_ws/install/xolobot_arm/share/xolobot_arm/models/meshes/dedos/dedo_menique_3.blend
[0.356s] -- Up-to-date: /home/monica/ros2_ws/install/xolobot_arm/share/xolobot_arm/models/meshes/dedos/dedo_menique_1.dae
[0.360s] -- Up-to-date: /home/monica/ros2_ws/install/xolobot_arm/share/xolobot_arm/models/meshes/dedos/dedo_anular.blend
[0.360s] -- Up-to-date: /home/monica/ros2_ws/install/xolobot_arm/share/xolobot_arm/models/meshes/dedos/dedo_indice.blend
[0.361s] -- Up-to-date: /home/monica/ros2_ws/install/xolobot_arm/share/xolobot_arm/models/meshes/dedos/mano_completa.blend1
[0.361s] -- Up-to-date: /home/monica/ros2_ws/install/xolobot_arm/share/xolobot_arm/models/meshes/dedos/dedo_anular_3.dae
[0.363s] -- Up-to-date: /home/monica/ros2_ws/install/xolobot_arm/share/xolobot_arm/models/meshes/dedos/dedo_anular_2.dae
[0.363s] -- Up-to-date: /home/monica/ros2_ws/install/xolobot_arm/share/xolobot_arm/models/meshes/dedos/dedo_cordial.blend1
[0.363s] -- Up-to-date: /home/monica/ros2_ws/install/xolobot_arm/share/xolobot_arm/models/meshes/dedos/pulgar_2_colision.dae
[0.363s] -- Up-to-date: /home/monica/ros2_ws/install/xolobot_arm/share/xolobot_arm/models/meshes/dedos/dedo_anular_2_colision.dae
[0.364s] -- Up-to-date: /home/monica/ros2_ws/install/xolobot_arm/share/xolobot_arm/models/meshes/dedos/dedo_indice_3.dae
[0.364s] -- Up-to-date: /home/monica/ros2_ws/install/xolobot_arm/share/xolobot_arm/models/meshes/pulgar_1_izq.dae
[0.364s] -- Up-to-date: /home/monica/ros2_ws/install/xolobot_arm/share/xolobot_arm/models/meshes/codo_izq_tuercas.dae
[0.364s] -- Up-to-date: /home/monica/ros2_ws/install/xolobot_arm/share/xolobot_arm/models/meshes/hombro_bajo_colision.dae
[0.368s] -- Up-to-date: /home/monica/ros2_ws/install/xolobot_arm/share/xolobot_arm/models/meshes/pulgar_3.dae
[0.368s] -- Up-to-date: /home/monica/ros2_ws/install/xolobot_arm/share/xolobot_arm/models/meshes/banda_terminada.blend
[0.368s] -- Up-to-date: /home/monica/ros2_ws/install/xolobot_arm/share/xolobot_arm/models/meshes/palma.dae
[0.369s] -- Up-to-date: /home/monica/ros2_ws/install/xolobot_arm/share/xolobot_arm/models/model.sdf
[0.369s] -- Up-to-date: /home/monica/ros2_ws/install/xolobot_arm/share/ament_index/resource_index/package_run_dependencies/xolobot_arm
[0.369s] -- Up-to-date: /home/monica/ros2_ws/install/xolobot_arm/share/ament_index/resource_index/parent_prefix_path/xolobot_arm
[0.369s] -- Up-to-date: /home/monica/ros2_ws/install/xolobot_arm/share/xolobot_arm/environment/ament_prefix_path.sh
[0.373s] -- Up-to-date: /home/monica/ros2_ws/install/xolobot_arm/share/xolobot_arm/environment/ament_prefix_path.dsv
[0.374s] -- Up-to-date: /home/monica/ros2_ws/install/xolobot_arm/share/xolobot_arm/environment/path.sh
[0.374s] -- Up-to-date: /home/monica/ros2_ws/install/xolobot_arm/share/xolobot_arm/environment/path.dsv
[0.374s] -- Up-to-date: /home/monica/ros2_ws/install/xolobot_arm/share/xolobot_arm/local_setup.bash
[0.374s] -- Up-to-date: /home/monica/ros2_ws/install/xolobot_arm/share/xolobot_arm/local_setup.sh
[0.376s] -- Up-to-date: /home/monica/ros2_ws/install/xolobot_arm/share/xolobot_arm/local_setup.zsh
[0.377s] -- Up-to-date: /home/monica/ros2_ws/install/xolobot_arm/share/xolobot_arm/local_setup.dsv
[0.377s] -- Installing: /home/monica/ros2_ws/install/xolobot_arm/share/xolobot_arm/package.dsv
[0.377s] -- Up-to-date: /home/monica/ros2_ws/install/xolobot_arm/share/ament_index/resource_index/packages/xolobot_arm
[0.381s] -- Up-to-date: /home/monica/ros2_ws/install/xolobot_arm/share/xolobot_arm/cmake/xolobot_armConfig.cmake
[0.382s] -- Up-to-date: /home/monica/ros2_ws/install/xolobot_arm/share/xolobot_arm/cmake/xolobot_armConfig-version.cmake
[0.382s] -- Up-to-date: /home/monica/ros2_ws/install/xolobot_arm/share/xolobot_arm/package.xml
[0.382s] Invoked command in '/home/monica/ros2_ws/build/xolobot_arm' returned '0': CMAKE_PREFIX_PATH=${CMAKE_PREFIX_PATH}:/opt/ros/iron /usr/bin/cmake --install /home/monica/ros2_ws/build/xolobot_arm
