[0.047s] Invoking command in '/home/monica/ros2_ws/build/xolobot_control': CMAKE_PREFIX_PATH=${CMAKE_PREFIX_PATH}:/opt/ros/iron /usr/bin/cmake --build /home/monica/ros2_ws/build/xolobot_control -- -j2 -l2
[0.219s] Invoked command in '/home/monica/ros2_ws/build/xolobot_control' returned '0': CMAKE_PREFIX_PATH=${CMAKE_PREFIX_PATH}:/opt/ros/iron /usr/bin/cmake --build /home/monica/ros2_ws/build/xolobot_control -- -j2 -l2
[0.231s] Invoking command in '/home/monica/ros2_ws/build/xolobot_control': CMAKE_PREFIX_PATH=${CMAKE_PREFIX_PATH}:/opt/ros/iron /usr/bin/cmake --install /home/monica/ros2_ws/build/xolobot_control
[0.281s] -- Install configuration: ""
[0.283s] -- Up-to-date: /home/monica/ros2_ws/install/xolobot_control/share/xolobot_control/config
[0.283s] -- Up-to-date: /home/monica/ros2_ws/install/xolobot_control/share/xolobot_control/config/xolobot_control.yaml
[0.284s] -- Up-to-date: /home/monica/ros2_ws/install/xolobot_control/share/xolobot_control/launch
[0.293s] -- Up-to-date: /home/monica/ros2_ws/install/xolobot_control/share/xolobot_control/launch/xolobot_control.launch.py
[0.296s] -- Up-to-date: /home/monica/ros2_ws/install/xolobot_control/share/ament_index/resource_index/package_run_dependencies/xolobot_control
[0.296s] -- Up-to-date: /home/monica/ros2_ws/install/xolobot_control/share/ament_index/resource_index/parent_prefix_path/xolobot_control
[0.296s] -- Up-to-date: /home/monica/ros2_ws/install/xolobot_control/share/xolobot_control/environment/ament_prefix_path.sh
[0.296s] -- Up-to-date: /home/monica/ros2_ws/install/xolobot_control/share/xolobot_control/environment/ament_prefix_path.dsv
[0.297s] -- Up-to-date: /home/monica/ros2_ws/install/xolobot_control/share/xolobot_control/environment/path.sh
[0.297s] -- Up-to-date: /home/monica/ros2_ws/install/xolobot_control/share/xolobot_control/environment/path.dsv
[0.297s] -- Up-to-date: /home/monica/ros2_ws/install/xolobot_control/share/xolobot_control/local_setup.bash
[0.297s] -- Up-to-date: /home/monica/ros2_ws/install/xolobot_control/share/xolobot_control/local_setup.sh
[0.309s] -- Up-to-date: /home/monica/ros2_ws/install/xolobot_control/share/xolobot_control/local_setup.zsh
[0.310s] -- Up-to-date: /home/monica/ros2_ws/install/xolobot_control/share/xolobot_control/local_setup.dsv
[0.310s] -- Installing: /home/monica/ros2_ws/install/xolobot_control/share/xolobot_control/package.dsv
[0.321s] -- Up-to-date: /home/monica/ros2_ws/install/xolobot_control/share/ament_index/resource_index/packages/xolobot_control
[0.321s] -- Up-to-date: /home/monica/ros2_ws/install/xolobot_control/share/xolobot_control/cmake/xolobot_controlConfig.cmake
[0.322s] -- Up-to-date: /home/monica/ros2_ws/install/xolobot_control/share/xolobot_control/cmake/xolobot_controlConfig-version.cmake
[0.323s] -- Up-to-date: /home/monica/ros2_ws/install/xolobot_control/share/xolobot_control/package.xml
[0.324s] Invoked command in '/home/monica/ros2_ws/build/xolobot_control' returned '0': CMAKE_PREFIX_PATH=${CMAKE_PREFIX_PATH}:/opt/ros/iron /usr/bin/cmake --install /home/monica/ros2_ws/build/xolobot_control
