[0.034s] Invoking command in '/home/monica/ros2_ws/build/xolobot_arm_server': CMAKE_PREFIX_PATH=${CMAKE_PREFIX_PATH}:/opt/ros/iron /usr/bin/cmake --build /home/monica/ros2_ws/build/xolobot_arm_server -- -j2 -l2
[0.105s] -- Found ament_cmake: 2.0.6 (/opt/ros/iron/share/ament_cmake/cmake)
[0.523s] -- Found rclcpp: 21.0.7 (/opt/ros/iron/share/rclcpp/cmake)
[0.607s] -- Found rosidl_generator_c: 4.0.1 (/opt/ros/iron/share/rosidl_generator_c/cmake)
[0.638s] -- Found rosidl_generator_cpp: 4.0.1 (/opt/ros/iron/share/rosidl_generator_cpp/cmake)
[0.677s] -- Using all available rosidl_typesupport_c: rosidl_typesupport_fastrtps_c;rosidl_typesupport_introspection_c
[0.729s] -- Using all available rosidl_typesupport_cpp: rosidl_typesupport_fastrtps_cpp;rosidl_typesupport_introspection_cpp
[1.193s] -- Found rmw_implementation_cmake: 7.1.0 (/opt/ros/iron/share/rmw_implementation_cmake/cmake)
[1.196s] -- Found rmw_fastrtps_cpp: 7.1.4 (/opt/ros/iron/share/rmw_fastrtps_cpp/cmake)
[1.500s] -- Using RMW implementation 'rmw_fastrtps_cpp' as default
[2.000s] -- Found std_msgs: 5.0.1 (/opt/ros/iron/share/std_msgs/cmake)
[2.256s] -- Configuring done
[2.305s] -- Generating done
[2.314s] -- Build files have been written to: /home/monica/ros2_ws/build/xolobot_arm_server
[2.409s] [ 33%] [32mBuilding CXX object CMakeFiles/xolobot_arm_server.dir/src/startServerNode.cpp.o[0m
[12.333s] [ 66%] [32mBuilding CXX object CMakeFiles/xolobot_arm_server.dir/src/SimulationController.cpp.o[0m
[19.472s] [01m[K/home/monica/ros2_ws/src/xolobot_arm_server/src/SimulationController.cpp:5:52:[m[K [01;31m[Kerror: [m[K‘[01m[Kgazebo_msgs[m[K’ does not name a type
[19.473s]     5 | void SimulationController::deteccionColision(const [01;31m[Kgazebo_msgs[m[K::msg::ContactsState::SharedPtr msg) {
[19.473s]       |                                                    [01;31m[K^~~~~~~~~~~[m[K
[19.476s] [01m[K/home/monica/ros2_ws/src/xolobot_arm_server/src/SimulationController.cpp:5:68:[m[K [01;31m[Kerror: [m[Kexpected unqualified-id before ‘[01m[K::[m[K’ token
[19.476s]     5 | mulationController::deteccionColision(const gazebo_msgs::msg[01;31m[K::[m[KContactsState::SharedPtr msg) {
[19.476s]       |                                                             [01;31m[K^~[m[K
[19.476s] 
[19.477s] [01m[K/home/monica/ros2_ws/src/xolobot_arm_server/src/SimulationController.cpp:5:68:[m[K [01;31m[Kerror: [m[Kexpected ‘[01m[K)[m[K’ before ‘[01m[K::[m[K’ token
[19.477s]     5 | mulationController::deteccionColision[34m[K([m[Kconst gazebo_msgs::msg[01;31m[K:[m[K[32m[K:[m[KContactsState::SharedPtr msg) {
[19.477s]       |                                      [34m[K~[m[K                      [01;31m[K^[m[K[32m[K~[m[K
[19.477s]       |                                                             [32m[K)[m[K
[19.478s] [01m[K/home/monica/ros2_ws/src/xolobot_arm_server/src/SimulationController.cpp:5:68:[m[K [01;31m[Kerror: [m[Kexpected initializer before ‘[01m[K::[m[K’ token
[19.482s]     5 | mulationController::deteccionColision(const gazebo_msgs::msg[01;31m[K::[m[KContactsState::SharedPtr msg) {
[19.482s]       |                                                             [01;31m[K^~[m[K
[19.482s] 
[19.523s] [01m[K/home/monica/ros2_ws/src/xolobot_arm_server/src/SimulationController.cpp:[m[K In constructor ‘[01m[KSimulationController::SimulationController()[m[K’:
[19.523s] [01m[K/home/monica/ros2_ws/src/xolobot_arm_server/src/SimulationController.cpp:31:5:[m[K [01;31m[Kerror: [m[K‘[01m[KcolisionSub[m[K’ was not declared in this scope
[19.524s]    31 |     [01;31m[KcolisionSub[m[K = this->create_subscription<gazebo_msgs::msg::ContactsState>(
[19.524s]       |     [01;31m[K^~~~~~~~~~~[m[K
[19.540s] [01m[K/home/monica/ros2_ws/src/xolobot_arm_server/src/SimulationController.cpp:31:45:[m[K [01;31m[Kerror: [m[K‘[01m[Kgazebo_msgs[m[K’ was not declared in this scope
[19.540s]    31 |     colisionSub = this->create_subscription<[01;31m[Kgazebo_msgs[m[K::msg::ContactsState>(
[19.540s]       |                                             [01;31m[K^~~~~~~~~~~[m[K
[19.542s] [01m[K/home/monica/ros2_ws/src/xolobot_arm_server/src/SimulationController.cpp:31:25:[m[K [01;31m[Kerror: [m[Kparse error in template argument list
[19.543s]    31 |     colisionSub = this->[01;31m[Kcreate_subscription<gazebo_msgs::msg::ContactsState>[m[K(
[19.543s]       |                         [01;31m[K^~~~~~~~~~~~~~~~~~~~~~~~~~~~~~~~~~~~~~~~~~~~~~~~~~~~[m[K
[19.543s] [01m[K/home/monica/ros2_ws/src/xolobot_arm_server/src/SimulationController.cpp:32:66:[m[K [01;31m[Kerror: [m[K‘[01m[KdeteccionColision[m[K’ is not a member of ‘[01m[KSimulationController[m[K’
[19.543s]    32 |    "/collision_topic", 10, std::bind(&SimulationController::[01;31m[KdeteccionColision[m[K, this, std::placeholders::_1));
[19.544s]       |                                                             [01;31m[K^~~~~~~~~~~~~~~~~[m[K
[19.548s] 
[22.281s] gmake[2]: *** [CMakeFiles/xolobot_arm_server.dir/build.make:90: CMakeFiles/xolobot_arm_server.dir/src/SimulationController.cpp.o] Error 1
[22.282s] gmake[1]: *** [CMakeFiles/Makefile2:137: CMakeFiles/xolobot_arm_server.dir/all] Error 2
[22.282s] gmake: *** [Makefile:146: all] Error 2
