[0.040s] Invoking command in '/home/monica/ros2_ws/build/xolobot_arm_server': CMAKE_PREFIX_PATH=${CMAKE_PREFIX_PATH}:/opt/ros/iron /usr/bin/cmake --build /home/monica/ros2_ws/build/xolobot_arm_server -- -j2 -l2
[0.658s] [ 33%] [32mBuilding CXX object CMakeFiles/xolobot_arm_server.dir/src/startServerNode.cpp.o[0m
[0.666s] [ 66%] [32mBuilding CXX object CMakeFiles/xolobot_arm_server.dir/src/SimulationController.cpp.o[0m
[10.084s] [01m[K/home/monica/ros2_ws/src/xolobot_arm_server/src/SimulationController.cpp:[m[K In constructor ‘[01m[KSimulationController::SimulationController()[m[K’:
[10.086s] [01m[K/home/monica/ros2_ws/src/xolobot_arm_server/src/SimulationController.cpp:29:46:[m[K [01;31m[Kerror: [m[Kexpected ‘[01m[K;[m[K’ before ‘[01m[K{[m[K’ token
[10.087s]    29 | SimulationController::~SimulationController()[01;31m[K [m[K[32m[K{[m[K}
[10.087s]       |                                              [01;31m[K^[m[K[32m[K~[m[K
[10.089s]       |                                              [32m[K;[m[K
[10.089s] [01m[K/home/monica/ros2_ws/src/xolobot_arm_server/src/SimulationController.cpp:31:43:[m[K [01;31m[Kerror: [m[Kqualified-id in declaration before ‘[01m[K([m[K’ token
[10.089s]    31 | void SimulationController::startTrajectory[01;31m[K([m[K){
[10.090s]       |                                           [01;31m[K^[m[K
[10.096s] [01m[K/home/monica/ros2_ws/src/xolobot_arm_server/src/SimulationController.cpp:41:44:[m[K [01;31m[Kerror: [m[Kqualified-id in declaration before ‘[01m[K([m[K’ token
[10.096s]    41 | void SimulationController::generaAleatorios[01;31m[K([m[K){
[10.097s]       |                                            [01;31m[K^[m[K
[10.098s] [01m[K/home/monica/ros2_ws/src/xolobot_arm_server/src/SimulationController.cpp:74:2:[m[K [01;31m[Kerror: [m[Kexpected ‘[01m[K}[m[K’ at end of input
[10.098s]    74 | }
[10.104s]       |  [01;31m[K^[m[K
[10.105s] [01m[K/home/monica/ros2_ws/src/xolobot_arm_server/src/SimulationController.cpp:10:85:[m[K [01;36m[Knote: [m[Kto match this ‘[01m[K{[m[K’
[10.105s]    10 | SimulationController::SimulationController() : rclcpp::Node("simulation_controller")[01;36m[K{[m[K
[10.106s]       |                                                                                     [01;36m[K^[m[K
[13.333s] gmake[2]: *** [CMakeFiles/xolobot_arm_server.dir/build.make:90: CMakeFiles/xolobot_arm_server.dir/src/SimulationController.cpp.o] Error 1
[13.334s] gmake[1]: *** [CMakeFiles/Makefile2:137: CMakeFiles/xolobot_arm_server.dir/all] Error 2
[13.334s] gmake: *** [Makefile:146: all] Error 2
[13.368s] Invoked command in '/home/monica/ros2_ws/build/xolobot_arm_server' returned '2': CMAKE_PREFIX_PATH=${CMAKE_PREFIX_PATH}:/opt/ros/iron /usr/bin/cmake --build /home/monica/ros2_ws/build/xolobot_arm_server -- -j2 -l2
