[35m[1mConsolidate compiler generated dependencies of target xolobot_arm_server[0m
[ 33%] [32mBuilding CXX object CMakeFiles/xolobot_arm_server.dir/src/SimulationController.cpp.o[0m
In file included from [01m[K/opt/ros/iron/include/rclcpp/rclcpp/client.hpp:43[m[K,
                 from [01m[K/opt/ros/iron/include/rclcpp/rclcpp/callback_group.hpp:24[m[K,
                 from [01m[K/opt/ros/iron/include/rclcpp/rclcpp/any_executable.hpp:20[m[K,
                 from [01m[K/opt/ros/iron/include/rclcpp/rclcpp/memory_strategy.hpp:25[m[K,
                 from [01m[K/opt/ros/iron/include/rclcpp/rclcpp/memory_strategies.hpp:18[m[K,
                 from [01m[K/opt/ros/iron/include/rclcpp/rclcpp/executor_options.hpp:20[m[K,
                 from [01m[K/opt/ros/iron/include/rclcpp/rclcpp/executor.hpp:37[m[K,
                 from [01m[K/opt/ros/iron/include/rclcpp/rclcpp/executors/multi_threaded_executor.hpp:25[m[K,
                 from [01m[K/opt/ros/iron/include/rclcpp/rclcpp/executors.hpp:21[m[K,
                 from [01m[K/opt/ros/iron/include/rclcpp/rclcpp/rclcpp.hpp:167[m[K,
                 from [01m[K/home/monica/ros2_ws/src/xolobot_arm_server/src/SimulationController.h:4[m[K,
                 from [01m[K/home/monica/ros2_ws/src/xolobot_arm_server/src/SimulationController.cpp:1[m[K:
[01m[K/home/monica/ros2_ws/src/xolobot_arm_server/src/SimulationController.cpp:[m[K In function ‘[01m[Kvoid contactoDetectado(gazebo_msgs::msg::ContactsState_<std::allocator<void> >::SharedPtr)[m[K’:
[01m[K/home/monica/ros2_ws/src/xolobot_arm_server/src/SimulationController.cpp:12:9:[m[K [01;31m[Kerror: [m[Kstatic assertion failed: First argument to logging macros must be an rclcpp::Logger
   12 |         [01;31m[KRCLCPP_INFO[m[K("Colision detectada");
      |         [01;31m[K^~~~~~~~~~~[m[K
In file included from [01m[K/opt/ros/iron/include/rclcpp/rclcpp/logging.hpp:24[m[K,
                 from [01m[K/opt/ros/iron/include/rclcpp/rclcpp/client.hpp:43[m[K,
                 from [01m[K/opt/ros/iron/include/rclcpp/rclcpp/callback_group.hpp:24[m[K,
                 from [01m[K/opt/ros/iron/include/rclcpp/rclcpp/any_executable.hpp:20[m[K,
                 from [01m[K/opt/ros/iron/include/rclcpp/rclcpp/memory_strategy.hpp:25[m[K,
                 from [01m[K/opt/ros/iron/include/rclcpp/rclcpp/memory_strategies.hpp:18[m[K,
                 from [01m[K/opt/ros/iron/include/rclcpp/rclcpp/executor_options.hpp:20[m[K,
                 from [01m[K/opt/ros/iron/include/rclcpp/rclcpp/executor.hpp:37[m[K,
                 from [01m[K/opt/ros/iron/include/rclcpp/rclcpp/executors/multi_threaded_executor.hpp:25[m[K,
                 from [01m[K/opt/ros/iron/include/rclcpp/rclcpp/executors.hpp:21[m[K,
                 from [01m[K/opt/ros/iron/include/rclcpp/rclcpp/rclcpp.hpp:167[m[K,
                 from [01m[K/home/monica/ros2_ws/src/xolobot_arm_server/src/SimulationController.h:4[m[K,
                 from [01m[K/home/monica/ros2_ws/src/xolobot_arm_server/src/SimulationController.cpp:1[m[K:
[01m[K/home/monica/ros2_ws/src/xolobot_arm_server/src/SimulationController.cpp:12:9:[m[K [01;31m[Kerror: [m[Krequest for member ‘[01m[Kget_name[m[K’ in ‘[01m[K("Colision detectada")[m[K’, which is of non-class type ‘[01m[Kconst char [19][m[K’
   12 |         [01;31m[KRCLCPP_INFO[m[K("Colision detectada");
      |         [01;31m[K^~~~~~~~~~~[m[K
[01m[K/home/monica/ros2_ws/src/xolobot_arm_server/src/SimulationController.cpp:12:9:[m[K [01;31m[Kerror: [m[Krequest for member ‘[01m[Kget_name[m[K’ in ‘[01m[K("Colision detectada")[m[K’, which is of non-class type ‘[01m[Kconst char [19][m[K’
   12 |         [01;31m[KRCLCPP_INFO[m[K("Colision detectada");
      |         [01;31m[K^~~~~~~~~~~[m[K
[01m[K/home/monica/ros2_ws/src/xolobot_arm_server/src/SimulationController.cpp:12:9:[m[K [01;31m[Kerror: [m[Kexpected primary-expression before ‘[01m[K)[m[K’ token
   12 |         [01;31m[KRCLCPP_INFO[m[K("Colision detectada");
      |         [01;31m[K^~~~~~~~~~~[m[K
[01m[K/home/monica/ros2_ws/src/xolobot_arm_server/src/SimulationController.cpp:[m[K In constructor ‘[01m[KSimulationController::SimulationController()[m[K’:
[01m[K/home/monica/ros2_ws/src/xolobot_arm_server/src/SimulationController.cpp:38:64:[m[K [01;31m[Kerror: [m[K‘[01m[KcontactoDetectado[m[K’ is not a member of ‘[01m[KSimulationController[m[K’
   38 |         "/bumper_states", 10, std::bind(&SimulationController::[01;31m[KcontactoDetectado[m[K, this, std::placeholders::_1));
      |                                                                [01;31m[K^~~~~~~~~~~~~~~~~[m[K
gmake[2]: *** [CMakeFiles/xolobot_arm_server.dir/build.make:90: CMakeFiles/xolobot_arm_server.dir/src/SimulationController.cpp.o] Error 1
gmake[1]: *** [CMakeFiles/Makefile2:137: CMakeFiles/xolobot_arm_server.dir/all] Error 2
gmake: *** [Makefile:146: all] Error 2
