[0.048s] Invoking command in '/home/monica/ros2_ws/build/xolobot_arm_server': CMAKE_PREFIX_PATH=${CMAKE_PREFIX_PATH}:/opt/ros/iron /usr/bin/cmake --build /home/monica/ros2_ws/build/xolobot_arm_server -- -j2 -l2
[0.311s] [35m[1mConsolidate compiler generated dependencies of target xolobot_arm_server[0m
[0.536s] [100%] Built target xolobot_arm_server
[0.594s] Invoked command in '/home/monica/ros2_ws/build/xolobot_arm_server' returned '0': CMAKE_PREFIX_PATH=${CMAKE_PREFIX_PATH}:/opt/ros/iron /usr/bin/cmake --build /home/monica/ros2_ws/build/xolobot_arm_server -- -j2 -l2
[0.596s] Invoking command in '/home/monica/ros2_ws/build/xolobot_arm_server': CMAKE_PREFIX_PATH=${CMAKE_PREFIX_PATH}:/opt/ros/iron /usr/bin/cmake --install /home/monica/ros2_ws/build/xolobot_arm_server
[0.616s] -- Install configuration: ""
[0.616s] -- Up-to-date: /home/monica/ros2_ws/install/xolobot_arm_server/lib/xolobot_arm_server/xolobot_arm_server
[0.621s] -- Up-to-date: /home/monica/ros2_ws/install/xolobot_arm_server/share/ament_index/resource_index/package_run_dependencies/xolobot_arm_server
[0.621s] -- Up-to-date: /home/monica/ros2_ws/install/xolobot_arm_server/share/ament_index/resource_index/parent_prefix_path/xolobot_arm_server
[0.621s] -- Up-to-date: /home/monica/ros2_ws/install/xolobot_arm_server/share/xolobot_arm_server/environment/ament_prefix_path.sh
[0.621s] -- Up-to-date: /home/monica/ros2_ws/install/xolobot_arm_server/share/xolobot_arm_server/environment/ament_prefix_path.dsv
[0.621s] -- Up-to-date: /home/monica/ros2_ws/install/xolobot_arm_server/share/xolobot_arm_server/environment/path.sh
[0.622s] -- Up-to-date: /home/monica/ros2_ws/install/xolobot_arm_server/share/xolobot_arm_server/environment/path.dsv
[0.624s] -- Up-to-date: /home/monica/ros2_ws/install/xolobot_arm_server/share/xolobot_arm_server/local_setup.bash
[0.624s] -- Up-to-date: /home/monica/ros2_ws/install/xolobot_arm_server/share/xolobot_arm_server/local_setup.sh
[0.624s] -- Up-to-date: /home/monica/ros2_ws/install/xolobot_arm_server/share/xolobot_arm_server/local_setup.zsh
[0.625s] -- Up-to-date: /home/monica/ros2_ws/install/xolobot_arm_server/share/xolobot_arm_server/local_setup.dsv
[0.625s] -- Installing: /home/monica/ros2_ws/install/xolobot_arm_server/share/xolobot_arm_server/package.dsv
[0.625s] -- Up-to-date: /home/monica/ros2_ws/install/xolobot_arm_server/share/ament_index/resource_index/packages/xolobot_arm_server
[0.625s] -- Up-to-date: /home/monica/ros2_ws/install/xolobot_arm_server/share/xolobot_arm_server/cmake/xolobot_arm_serverConfig.cmake
[0.625s] -- Up-to-date: /home/monica/ros2_ws/install/xolobot_arm_server/share/xolobot_arm_server/cmake/xolobot_arm_serverConfig-version.cmake
[0.626s] -- Up-to-date: /home/monica/ros2_ws/install/xolobot_arm_server/share/xolobot_arm_server/package.xml
[0.653s] Invoked command in '/home/monica/ros2_ws/build/xolobot_arm_server' returned '0': CMAKE_PREFIX_PATH=${CMAKE_PREFIX_PATH}:/opt/ros/iron /usr/bin/cmake --install /home/monica/ros2_ws/build/xolobot_arm_server
