[0.054s] Invoking command in '/home/monica/ros2_ws/build/xolobot_control': CMAKE_PREFIX_PATH=${CMAKE_PREFIX_PATH}:/opt/ros/iron /usr/bin/cmake --build /home/monica/ros2_ws/build/xolobot_control -- -j2 -l2
[0.385s] Invoked command in '/home/monica/ros2_ws/build/xolobot_control' returned '0': CMAKE_PREFIX_PATH=${CMAKE_PREFIX_PATH}:/opt/ros/iron /usr/bin/cmake --build /home/monica/ros2_ws/build/xolobot_control -- -j2 -l2
[0.387s] Invoking command in '/home/monica/ros2_ws/build/xolobot_control': CMAKE_PREFIX_PATH=${CMAKE_PREFIX_PATH}:/opt/ros/iron /usr/bin/cmake --install /home/monica/ros2_ws/build/xolobot_control
[0.410s] -- Install configuration: ""
[0.410s] -- Execute custom install script
[0.413s] -- Up-to-date symlink: /home/monica/ros2_ws/install/xolobot_control/share/xolobot_control/config/rrobot_control.yaml
[0.414s] -- Up-to-date symlink: /home/monica/ros2_ws/install/xolobot_control/share/xolobot_control/config/xolobot_control.yaml
[0.414s] -- Up-to-date symlink: /home/monica/ros2_ws/install/xolobot_control/share/ament_index/resource_index/package_run_dependencies/xolobot_control
[0.417s] -- Up-to-date symlink: /home/monica/ros2_ws/install/xolobot_control/share/ament_index/resource_index/parent_prefix_path/xolobot_control
[0.418s] -- Up-to-date symlink: /home/monica/ros2_ws/install/xolobot_control/share/xolobot_control/environment/ament_prefix_path.sh
[0.418s] -- Up-to-date symlink: /home/monica/ros2_ws/install/xolobot_control/share/xolobot_control/environment/ament_prefix_path.dsv
[0.418s] -- Up-to-date symlink: /home/monica/ros2_ws/install/xolobot_control/share/xolobot_control/environment/path.sh
[0.420s] -- Up-to-date symlink: /home/monica/ros2_ws/install/xolobot_control/share/xolobot_control/environment/path.dsv
[0.420s] -- Up-to-date symlink: /home/monica/ros2_ws/install/xolobot_control/share/xolobot_control/local_setup.bash
[0.422s] -- Up-to-date symlink: /home/monica/ros2_ws/install/xolobot_control/share/xolobot_control/local_setup.sh
[0.422s] -- Up-to-date symlink: /home/monica/ros2_ws/install/xolobot_control/share/xolobot_control/local_setup.zsh
[0.422s] -- Up-to-date symlink: /home/monica/ros2_ws/install/xolobot_control/share/xolobot_control/local_setup.dsv
[0.422s] -- Symlinking: /home/monica/ros2_ws/install/xolobot_control/share/xolobot_control/package.dsv
[0.452s] -- Up-to-date symlink: /home/monica/ros2_ws/install/xolobot_control/share/ament_index/resource_index/packages/xolobot_control
[0.455s] -- Up-to-date symlink: /home/monica/ros2_ws/install/xolobot_control/share/xolobot_control/cmake/xolobot_controlConfig.cmake
[0.456s] -- Up-to-date symlink: /home/monica/ros2_ws/install/xolobot_control/share/xolobot_control/cmake/xolobot_controlConfig-version.cmake
[0.456s] -- Up-to-date symlink: /home/monica/ros2_ws/install/xolobot_control/share/xolobot_control/package.xml
[0.463s] Invoked command in '/home/monica/ros2_ws/build/xolobot_control' returned '0': CMAKE_PREFIX_PATH=${CMAKE_PREFIX_PATH}:/opt/ros/iron /usr/bin/cmake --install /home/monica/ros2_ws/build/xolobot_control
