[0.072s] Invoking command in '/home/monica/ros2_ws/build/xolobot_control': CMAKE_PREFIX_PATH=${CMAKE_PREFIX_PATH}:/opt/ros/iron /usr/bin/cmake --build /home/monica/ros2_ws/build/xolobot_control -- -j2 -l2
[0.282s] Invoked command in '/home/monica/ros2_ws/build/xolobot_control' returned '0': CMAKE_PREFIX_PATH=${CMAKE_PREFIX_PATH}:/opt/ros/iron /usr/bin/cmake --build /home/monica/ros2_ws/build/xolobot_control -- -j2 -l2
[0.286s] Invoking command in '/home/monica/ros2_ws/build/xolobot_control': CMAKE_PREFIX_PATH=${CMAKE_PREFIX_PATH}:/opt/ros/iron /usr/bin/cmake --install /home/monica/ros2_ws/build/xolobot_control
[0.307s] -- Install configuration: ""
[0.308s] -- Execute custom install script
[0.311s] -- Up-to-date symlink: /home/monica/ros2_ws/install/xolobot_control/share/xolobot_control/config/rrobot_control.yaml
[0.312s] -- Up-to-date symlink: /home/monica/ros2_ws/install/xolobot_control/share/xolobot_control/config/xolobot_control.yaml
[0.314s] -- Up-to-date symlink: /home/monica/ros2_ws/install/xolobot_control/share/ament_index/resource_index/package_run_dependencies/xolobot_control
[0.314s] -- Up-to-date symlink: /home/monica/ros2_ws/install/xolobot_control/share/ament_index/resource_index/parent_prefix_path/xolobot_control
[0.315s] -- Up-to-date symlink: /home/monica/ros2_ws/install/xolobot_control/share/xolobot_control/environment/ament_prefix_path.sh
[0.316s] -- Up-to-date symlink: /home/monica/ros2_ws/install/xolobot_control/share/xolobot_control/environment/ament_prefix_path.dsv
[0.317s] -- Up-to-date symlink: /home/monica/ros2_ws/install/xolobot_control/share/xolobot_control/environment/path.sh
[0.318s] -- Up-to-date symlink: /home/monica/ros2_ws/install/xolobot_control/share/xolobot_control/environment/path.dsv
[0.319s] -- Up-to-date symlink: /home/monica/ros2_ws/install/xolobot_control/share/xolobot_control/local_setup.bash
[0.320s] -- Up-to-date symlink: /home/monica/ros2_ws/install/xolobot_control/share/xolobot_control/local_setup.sh
[0.321s] -- Up-to-date symlink: /home/monica/ros2_ws/install/xolobot_control/share/xolobot_control/local_setup.zsh
[0.323s] -- Up-to-date symlink: /home/monica/ros2_ws/install/xolobot_control/share/xolobot_control/local_setup.dsv
[0.323s] -- Symlinking: /home/monica/ros2_ws/install/xolobot_control/share/xolobot_control/package.dsv
[0.349s] -- Up-to-date symlink: /home/monica/ros2_ws/install/xolobot_control/share/ament_index/resource_index/packages/xolobot_control
[0.350s] -- Up-to-date symlink: /home/monica/ros2_ws/install/xolobot_control/share/xolobot_control/cmake/xolobot_controlConfig.cmake
[0.350s] -- Up-to-date symlink: /home/monica/ros2_ws/install/xolobot_control/share/xolobot_control/cmake/xolobot_controlConfig-version.cmake
[0.351s] -- Up-to-date symlink: /home/monica/ros2_ws/install/xolobot_control/share/xolobot_control/package.xml
[0.356s] Invoked command in '/home/monica/ros2_ws/build/xolobot_control' returned '0': CMAKE_PREFIX_PATH=${CMAKE_PREFIX_PATH}:/opt/ros/iron /usr/bin/cmake --install /home/monica/ros2_ws/build/xolobot_control
