[0.031s] Invoking command in '/home/monica/ros2_ws/build/xolobot_control': CMAKE_PREFIX_PATH=${CMAKE_PREFIX_PATH}:/opt/ros/iron /usr/bin/cmake /home/monica/ros2_ws/src/xolobot_control -DAMENT_CMAKE_SYMLINK_INSTALL=1 -DCMAKE_INSTALL_PREFIX=/home/monica/ros2_ws/install/xolobot_control
[0.079s] -- Found ament_cmake: 2.0.7 (/opt/ros/iron/share/ament_cmake/cmake)
[0.474s] -- Override CMake install command with custom implementation using symlinks instead of copying resources
[0.496s] -- Found rclcpp: 21.0.8 (/opt/ros/iron/share/rclcpp/cmake)
[0.573s] -- Found rosidl_generator_c: 4.0.1 (/opt/ros/iron/share/rosidl_generator_c/cmake)
[0.601s] -- Found rosidl_generator_cpp: 4.0.1 (/opt/ros/iron/share/rosidl_generator_cpp/cmake)
[0.643s] -- Using all available rosidl_typesupport_c: rosidl_typesupport_fastrtps_c;rosidl_typesupport_introspection_c
[0.688s] -- Using all available rosidl_typesupport_cpp: rosidl_typesupport_fastrtps_cpp;rosidl_typesupport_introspection_cpp
[1.152s] -- Found rmw_implementation_cmake: 7.1.0 (/opt/ros/iron/share/rmw_implementation_cmake/cmake)
[1.155s] -- Found rmw_fastrtps_cpp: 7.1.4 (/opt/ros/iron/share/rmw_fastrtps_cpp/cmake)
[1.427s] -- Using RMW implementation 'rmw_fastrtps_cpp' as default
[1.893s] -- Found controller_manager: 3.30.0 (/opt/ros/iron/share/controller_manager/cmake)
[5.261s] -- Found joint_state_broadcaster: 3.28.0 (/opt/ros/iron/share/joint_state_broadcaster/cmake)
[5.308s] -- Found parameter_traits: 0.3.9 (/opt/ros/iron/share/parameter_traits/cmake)
[5.410s] -- Found robot_state_publisher: 3.2.1 (/opt/ros/iron/share/robot_state_publisher/cmake)
[5.436s] -- Found eigen3_cmake_module: 0.2.2 (/opt/ros/iron/share/eigen3_cmake_module/cmake)
[5.442s] -- Ensuring Eigen3 include directory is part of orocos-kdl CMake target
[6.613s] -- Configuring done
[6.631s] -- Generating done
[6.638s] -- Build files have been written to: /home/monica/ros2_ws/build/xolobot_control
[6.659s] Invoked command in '/home/monica/ros2_ws/build/xolobot_control' returned '0': CMAKE_PREFIX_PATH=${CMAKE_PREFIX_PATH}:/opt/ros/iron /usr/bin/cmake /home/monica/ros2_ws/src/xolobot_control -DAMENT_CMAKE_SYMLINK_INSTALL=1 -DCMAKE_INSTALL_PREFIX=/home/monica/ros2_ws/install/xolobot_control
[6.663s] Invoking command in '/home/monica/ros2_ws/build/xolobot_control': CMAKE_PREFIX_PATH=${CMAKE_PREFIX_PATH}:/opt/ros/iron /usr/bin/cmake --build /home/monica/ros2_ws/build/xolobot_control -- -j2 -l2
[6.764s] Invoked command in '/home/monica/ros2_ws/build/xolobot_control' returned '0': CMAKE_PREFIX_PATH=${CMAKE_PREFIX_PATH}:/opt/ros/iron /usr/bin/cmake --build /home/monica/ros2_ws/build/xolobot_control -- -j2 -l2
[6.767s] Invoking command in '/home/monica/ros2_ws/build/xolobot_control': CMAKE_PREFIX_PATH=${CMAKE_PREFIX_PATH}:/opt/ros/iron /usr/bin/cmake --install /home/monica/ros2_ws/build/xolobot_control
[6.784s] -- Install configuration: ""
[6.785s] -- Execute custom install script
[6.786s] -- Symlinking: /home/monica/ros2_ws/install/xolobot_control/share/xolobot_control/config/rrobot_control.yaml
[6.806s] -- Symlinking: /home/monica/ros2_ws/install/xolobot_control/share/xolobot_control/config/xolobot_control.yaml
[6.828s] -- Symlinking: /home/monica/ros2_ws/install/xolobot_control/share/ament_index/resource_index/package_run_dependencies/xolobot_control
[6.849s] -- Symlinking: /home/monica/ros2_ws/install/xolobot_control/share/ament_index/resource_index/parent_prefix_path/xolobot_control
[6.870s] -- Symlinking: /home/monica/ros2_ws/install/xolobot_control/share/xolobot_control/environment/ament_prefix_path.sh
[6.890s] -- Symlinking: /home/monica/ros2_ws/install/xolobot_control/share/xolobot_control/environment/ament_prefix_path.dsv
[6.911s] -- Symlinking: /home/monica/ros2_ws/install/xolobot_control/share/xolobot_control/environment/path.sh
[6.932s] -- Symlinking: /home/monica/ros2_ws/install/xolobot_control/share/xolobot_control/environment/path.dsv
[6.952s] -- Symlinking: /home/monica/ros2_ws/install/xolobot_control/share/xolobot_control/local_setup.bash
[6.972s] -- Symlinking: /home/monica/ros2_ws/install/xolobot_control/share/xolobot_control/local_setup.sh
[6.992s] -- Symlinking: /home/monica/ros2_ws/install/xolobot_control/share/xolobot_control/local_setup.zsh
[7.013s] -- Symlinking: /home/monica/ros2_ws/install/xolobot_control/share/xolobot_control/local_setup.dsv
[7.033s] -- Symlinking: /home/monica/ros2_ws/install/xolobot_control/share/xolobot_control/package.dsv
[7.054s] -- Symlinking: /home/monica/ros2_ws/install/xolobot_control/share/ament_index/resource_index/packages/xolobot_control
[7.084s] -- Symlinking: /home/monica/ros2_ws/install/xolobot_control/share/xolobot_control/cmake/xolobot_controlConfig.cmake
[7.105s] -- Symlinking: /home/monica/ros2_ws/install/xolobot_control/share/xolobot_control/cmake/xolobot_controlConfig-version.cmake
[7.126s] -- Symlinking: /home/monica/ros2_ws/install/xolobot_control/share/xolobot_control/package.xml
[7.152s] Invoked command in '/home/monica/ros2_ws/build/xolobot_control' returned '0': CMAKE_PREFIX_PATH=${CMAKE_PREFIX_PATH}:/opt/ros/iron /usr/bin/cmake --install /home/monica/ros2_ws/build/xolobot_control
