[0.252s] DEBUG:colcon:Command line arguments: ['/usr/bin/colcon', 'build']
[0.252s] DEBUG:colcon:Parsed command line arguments: Namespace(log_base=None, log_level=None, verb_name='build', build_base='build', install_base='install', merge_install=False, symlink_install=False, test_result_base=None, continue_on_error=False, executor='parallel', parallel_workers=2, event_handlers=None, ignore_user_meta=False, metas=['./colcon.meta'], base_paths=['.'], packages_ignore=None, packages_ignore_regex=None, paths=None, packages_up_to=None, packages_up_to_regex=None, packages_above=None, packages_above_and_dependencies=None, packages_above_depth=None, packages_select_by_dep=None, packages_skip_by_dep=None, packages_skip_up_to=None, packages_select_build_failed=False, packages_skip_build_finished=False, packages_select_test_failures=False, packages_skip_test_passed=False, packages_select=None, packages_skip=None, packages_select_regex=None, packages_skip_regex=None, packages_start=None, packages_end=None, allow_overriding=[], cmake_args=None, cmake_target=None, cmake_target_skip_unavailable=False, cmake_clean_cache=False, cmake_clean_first=False, cmake_force_configure=False, ament_cmake_args=None, catkin_cmake_args=None, catkin_skip_building_tests=False, mixin_files=None, mixin=None, verb_parser=<colcon_mixin.mixin.mixin_argument.MixinArgumentDecorator object at 0x743adb8668c0>, verb_extension=<colcon_core.verb.build.BuildVerb object at 0x743adb8663e0>, main=<bound method BuildVerb.main of <colcon_core.verb.build.BuildVerb object at 0x743adb8663e0>>, mixin_verb=('build',))
[0.695s] Level 1:colcon.colcon_core.package_discovery:discover_packages(colcon_meta) check parameters
[0.696s] Level 1:colcon.colcon_core.package_discovery:discover_packages(recursive) check parameters
[0.696s] Level 1:colcon.colcon_core.package_discovery:discover_packages(ignore) check parameters
[0.696s] Level 1:colcon.colcon_core.package_discovery:discover_packages(path) check parameters
[0.696s] Level 1:colcon.colcon_core.package_discovery:discover_packages(colcon_meta) discover
[0.696s] Level 1:colcon.colcon_core.package_discovery:discover_packages(recursive) discover
[0.696s] INFO:colcon.colcon_core.package_discovery:Crawling recursively for packages in '/home/monica/ros2_ws'
[0.696s] Level 1:colcon.colcon_core.package_identification:_identify(.) by extensions ['ignore', 'ignore_ament_install']
[0.696s] Level 1:colcon.colcon_core.package_identification:_identify(.) by extension 'ignore'
[0.697s] Level 1:colcon.colcon_core.package_identification:_identify(.) by extension 'ignore_ament_install'
[0.697s] Level 1:colcon.colcon_core.package_identification:_identify(.) by extensions ['colcon_pkg']
[0.697s] Level 1:colcon.colcon_core.package_identification:_identify(.) by extension 'colcon_pkg'
[0.697s] Level 1:colcon.colcon_core.package_identification:_identify(.) by extensions ['colcon_meta']
[0.697s] Level 1:colcon.colcon_core.package_identification:_identify(.) by extension 'colcon_meta'
[0.697s] Level 1:colcon.colcon_core.package_identification:_identify(.) by extensions ['ros']
[0.697s] Level 1:colcon.colcon_core.package_identification:_identify(.) by extension 'ros'
[0.722s] Level 1:colcon.colcon_core.package_identification:_identify(.) by extensions ['cmake', 'python']
[0.723s] Level 1:colcon.colcon_core.package_identification:_identify(.) by extension 'cmake'
[0.723s] Level 1:colcon.colcon_core.package_identification:_identify(.) by extension 'python'
[0.723s] Level 1:colcon.colcon_core.package_identification:_identify(.) by extensions ['python_setup_py']
[0.723s] Level 1:colcon.colcon_core.package_identification:_identify(.) by extension 'python_setup_py'
[0.723s] Level 1:colcon.colcon_core.package_identification:_identify(build) by extensions ['ignore', 'ignore_ament_install']
[0.723s] Level 1:colcon.colcon_core.package_identification:_identify(build) by extension 'ignore'
[0.724s] Level 1:colcon.colcon_core.package_identification:_identify(build) ignored
[0.724s] Level 1:colcon.colcon_core.package_identification:_identify(install) by extensions ['ignore', 'ignore_ament_install']
[0.724s] Level 1:colcon.colcon_core.package_identification:_identify(install) by extension 'ignore'
[0.724s] Level 1:colcon.colcon_core.package_identification:_identify(install) ignored
[0.725s] Level 1:colcon.colcon_core.package_identification:_identify(log) by extensions ['ignore', 'ignore_ament_install']
[0.725s] Level 1:colcon.colcon_core.package_identification:_identify(log) by extension 'ignore'
[0.725s] Level 1:colcon.colcon_core.package_identification:_identify(log) ignored
[0.725s] Level 1:colcon.colcon_core.package_identification:_identify(src) by extensions ['ignore', 'ignore_ament_install']
[0.726s] Level 1:colcon.colcon_core.package_identification:_identify(src) by extension 'ignore'
[0.726s] Level 1:colcon.colcon_core.package_identification:_identify(src) by extension 'ignore_ament_install'
[0.726s] Level 1:colcon.colcon_core.package_identification:_identify(src) by extensions ['colcon_pkg']
[0.726s] Level 1:colcon.colcon_core.package_identification:_identify(src) by extension 'colcon_pkg'
[0.726s] Level 1:colcon.colcon_core.package_identification:_identify(src) by extensions ['colcon_meta']
[0.726s] Level 1:colcon.colcon_core.package_identification:_identify(src) by extension 'colcon_meta'
[0.726s] Level 1:colcon.colcon_core.package_identification:_identify(src) by extensions ['ros']
[0.726s] Level 1:colcon.colcon_core.package_identification:_identify(src) by extension 'ros'
[0.727s] Level 1:colcon.colcon_core.package_identification:_identify(src) by extensions ['cmake', 'python']
[0.727s] Level 1:colcon.colcon_core.package_identification:_identify(src) by extension 'cmake'
[0.727s] Level 1:colcon.colcon_core.package_identification:_identify(src) by extension 'python'
[0.727s] Level 1:colcon.colcon_core.package_identification:_identify(src) by extensions ['python_setup_py']
[0.727s] Level 1:colcon.colcon_core.package_identification:_identify(src) by extension 'python_setup_py'
[0.727s] Level 1:colcon.colcon_core.package_identification:_identify(src/xolobot_arm) by extensions ['ignore', 'ignore_ament_install']
[0.727s] Level 1:colcon.colcon_core.package_identification:_identify(src/xolobot_arm) by extension 'ignore'
[0.728s] Level 1:colcon.colcon_core.package_identification:_identify(src/xolobot_arm) by extension 'ignore_ament_install'
[0.728s] Level 1:colcon.colcon_core.package_identification:_identify(src/xolobot_arm) by extensions ['colcon_pkg']
[0.728s] Level 1:colcon.colcon_core.package_identification:_identify(src/xolobot_arm) by extension 'colcon_pkg'
[0.728s] Level 1:colcon.colcon_core.package_identification:_identify(src/xolobot_arm) by extensions ['colcon_meta']
[0.728s] Level 1:colcon.colcon_core.package_identification:_identify(src/xolobot_arm) by extension 'colcon_meta'
[0.728s] Level 1:colcon.colcon_core.package_identification:_identify(src/xolobot_arm) by extensions ['ros']
[0.728s] Level 1:colcon.colcon_core.package_identification:_identify(src/xolobot_arm) by extension 'ros'
[0.734s] DEBUG:colcon.colcon_core.package_identification:Package 'src/xolobot_arm' with type 'ros.ament_cmake' and name 'xolobot_arm'
[0.734s] Level 1:colcon.colcon_core.package_identification:_identify(src/xolobot_arm_server) by extensions ['ignore', 'ignore_ament_install']
[0.734s] Level 1:colcon.colcon_core.package_identification:_identify(src/xolobot_arm_server) by extension 'ignore'
[0.734s] Level 1:colcon.colcon_core.package_identification:_identify(src/xolobot_arm_server) by extension 'ignore_ament_install'
[0.735s] Level 1:colcon.colcon_core.package_identification:_identify(src/xolobot_arm_server) by extensions ['colcon_pkg']
[0.735s] Level 1:colcon.colcon_core.package_identification:_identify(src/xolobot_arm_server) by extension 'colcon_pkg'
[0.735s] Level 1:colcon.colcon_core.package_identification:_identify(src/xolobot_arm_server) by extensions ['colcon_meta']
[0.735s] Level 1:colcon.colcon_core.package_identification:_identify(src/xolobot_arm_server) by extension 'colcon_meta'
[0.735s] Level 1:colcon.colcon_core.package_identification:_identify(src/xolobot_arm_server) by extensions ['ros']
[0.735s] Level 1:colcon.colcon_core.package_identification:_identify(src/xolobot_arm_server) by extension 'ros'
[0.761s] DEBUG:colcon.colcon_core.package_identification:Package 'src/xolobot_arm_server' with type 'ros.ament_cmake' and name 'xolobot_arm_server'
[0.761s] Level 1:colcon.colcon_core.package_identification:_identify(src/xolobot_control) by extensions ['ignore', 'ignore_ament_install']
[0.761s] Level 1:colcon.colcon_core.package_identification:_identify(src/xolobot_control) by extension 'ignore'
[0.762s] Level 1:colcon.colcon_core.package_identification:_identify(src/xolobot_control) by extension 'ignore_ament_install'
[0.762s] Level 1:colcon.colcon_core.package_identification:_identify(src/xolobot_control) by extensions ['colcon_pkg']
[0.762s] Level 1:colcon.colcon_core.package_identification:_identify(src/xolobot_control) by extension 'colcon_pkg'
[0.762s] Level 1:colcon.colcon_core.package_identification:_identify(src/xolobot_control) by extensions ['colcon_meta']
[0.762s] Level 1:colcon.colcon_core.package_identification:_identify(src/xolobot_control) by extension 'colcon_meta'
[0.762s] Level 1:colcon.colcon_core.package_identification:_identify(src/xolobot_control) by extensions ['ros']
[0.762s] Level 1:colcon.colcon_core.package_identification:_identify(src/xolobot_control) by extension 'ros'
[0.764s] DEBUG:colcon.colcon_core.package_identification:Package 'src/xolobot_control' with type 'ros.ament_cmake' and name 'xolobot_control'
[0.764s] Level 1:colcon.colcon_core.package_discovery:discover_packages(recursive) using defaults
[0.764s] Level 1:colcon.colcon_core.package_discovery:discover_packages(ignore) discover
[0.764s] Level 1:colcon.colcon_core.package_discovery:discover_packages(ignore) using defaults
[0.764s] Level 1:colcon.colcon_core.package_discovery:discover_packages(path) discover
[0.765s] Level 1:colcon.colcon_core.package_discovery:discover_packages(path) using defaults
[0.804s] Level 1:colcon.colcon_core.package_discovery:discover_packages(prefix_path) check parameters
[0.804s] Level 1:colcon.colcon_core.package_discovery:discover_packages(prefix_path) discover
[0.808s] DEBUG:colcon.colcon_installed_package_information.package_discovery:Found 3 installed packages in /home/monica/ros2_ws/install
[0.813s] DEBUG:colcon.colcon_installed_package_information.package_discovery:Found 355 installed packages in /opt/ros/iron
[0.819s] Level 1:colcon.colcon_core.package_discovery:discover_packages(prefix_path) using defaults
[0.957s] Level 5:colcon.colcon_core.verb:set package 'xolobot_arm' build argument 'cmake_args' from command line to 'None'
[0.957s] Level 5:colcon.colcon_core.verb:set package 'xolobot_arm' build argument 'cmake_target' from command line to 'None'
[0.957s] Level 5:colcon.colcon_core.verb:set package 'xolobot_arm' build argument 'cmake_target_skip_unavailable' from command line to 'False'
[0.957s] Level 5:colcon.colcon_core.verb:set package 'xolobot_arm' build argument 'cmake_clean_cache' from command line to 'False'
[0.957s] Level 5:colcon.colcon_core.verb:set package 'xolobot_arm' build argument 'cmake_clean_first' from command line to 'False'
[0.957s] Level 5:colcon.colcon_core.verb:set package 'xolobot_arm' build argument 'cmake_force_configure' from command line to 'False'
[0.957s] Level 5:colcon.colcon_core.verb:set package 'xolobot_arm' build argument 'ament_cmake_args' from command line to 'None'
[0.958s] Level 5:colcon.colcon_core.verb:set package 'xolobot_arm' build argument 'catkin_cmake_args' from command line to 'None'
[0.958s] Level 5:colcon.colcon_core.verb:set package 'xolobot_arm' build argument 'catkin_skip_building_tests' from command line to 'False'
[0.958s] DEBUG:colcon.colcon_core.verb:Building package 'xolobot_arm' with the following arguments: {'ament_cmake_args': None, 'build_base': '/home/monica/ros2_ws/build/xolobot_arm', 'catkin_cmake_args': None, 'catkin_skip_building_tests': False, 'cmake_args': None, 'cmake_clean_cache': False, 'cmake_clean_first': False, 'cmake_force_configure': False, 'cmake_target': None, 'cmake_target_skip_unavailable': False, 'install_base': '/home/monica/ros2_ws/install/xolobot_arm', 'merge_install': False, 'path': '/home/monica/ros2_ws/src/xolobot_arm', 'symlink_install': False, 'test_result_base': None}
[0.959s] Level 5:colcon.colcon_core.verb:set package 'xolobot_arm_server' build argument 'cmake_args' from command line to 'None'
[0.959s] Level 5:colcon.colcon_core.verb:set package 'xolobot_arm_server' build argument 'cmake_target' from command line to 'None'
[0.959s] Level 5:colcon.colcon_core.verb:set package 'xolobot_arm_server' build argument 'cmake_target_skip_unavailable' from command line to 'False'
[0.959s] Level 5:colcon.colcon_core.verb:set package 'xolobot_arm_server' build argument 'cmake_clean_cache' from command line to 'False'
[0.959s] Level 5:colcon.colcon_core.verb:set package 'xolobot_arm_server' build argument 'cmake_clean_first' from command line to 'False'
[0.959s] Level 5:colcon.colcon_core.verb:set package 'xolobot_arm_server' build argument 'cmake_force_configure' from command line to 'False'
[0.959s] Level 5:colcon.colcon_core.verb:set package 'xolobot_arm_server' build argument 'ament_cmake_args' from command line to 'None'
[0.959s] Level 5:colcon.colcon_core.verb:set package 'xolobot_arm_server' build argument 'catkin_cmake_args' from command line to 'None'
[0.959s] Level 5:colcon.colcon_core.verb:set package 'xolobot_arm_server' build argument 'catkin_skip_building_tests' from command line to 'False'
[0.959s] DEBUG:colcon.colcon_core.verb:Building package 'xolobot_arm_server' with the following arguments: {'ament_cmake_args': None, 'build_base': '/home/monica/ros2_ws/build/xolobot_arm_server', 'catkin_cmake_args': None, 'catkin_skip_building_tests': False, 'cmake_args': None, 'cmake_clean_cache': False, 'cmake_clean_first': False, 'cmake_force_configure': False, 'cmake_target': None, 'cmake_target_skip_unavailable': False, 'install_base': '/home/monica/ros2_ws/install/xolobot_arm_server', 'merge_install': False, 'path': '/home/monica/ros2_ws/src/xolobot_arm_server', 'symlink_install': False, 'test_result_base': None}
[0.960s] Level 5:colcon.colcon_core.verb:set package 'xolobot_control' build argument 'cmake_args' from command line to 'None'
[0.960s] Level 5:colcon.colcon_core.verb:set package 'xolobot_control' build argument 'cmake_target' from command line to 'None'
[0.960s] Level 5:colcon.colcon_core.verb:set package 'xolobot_control' build argument 'cmake_target_skip_unavailable' from command line to 'False'
[0.960s] Level 5:colcon.colcon_core.verb:set package 'xolobot_control' build argument 'cmake_clean_cache' from command line to 'False'
[0.960s] Level 5:colcon.colcon_core.verb:set package 'xolobot_control' build argument 'cmake_clean_first' from command line to 'False'
[0.961s] Level 5:colcon.colcon_core.verb:set package 'xolobot_control' build argument 'cmake_force_configure' from command line to 'False'
[0.961s] Level 5:colcon.colcon_core.verb:set package 'xolobot_control' build argument 'ament_cmake_args' from command line to 'None'
[0.961s] Level 5:colcon.colcon_core.verb:set package 'xolobot_control' build argument 'catkin_cmake_args' from command line to 'None'
[0.961s] Level 5:colcon.colcon_core.verb:set package 'xolobot_control' build argument 'catkin_skip_building_tests' from command line to 'False'
[0.961s] DEBUG:colcon.colcon_core.verb:Building package 'xolobot_control' with the following arguments: {'ament_cmake_args': None, 'build_base': '/home/monica/ros2_ws/build/xolobot_control', 'catkin_cmake_args': None, 'catkin_skip_building_tests': False, 'cmake_args': None, 'cmake_clean_cache': False, 'cmake_clean_first': False, 'cmake_force_configure': False, 'cmake_target': None, 'cmake_target_skip_unavailable': False, 'install_base': '/home/monica/ros2_ws/install/xolobot_control', 'merge_install': False, 'path': '/home/monica/ros2_ws/src/xolobot_control', 'symlink_install': False, 'test_result_base': None}
[0.961s] INFO:colcon.colcon_core.executor:Executing jobs using 'parallel' executor
[0.963s] DEBUG:colcon.colcon_parallel_executor.executor.parallel:run_until_complete
[0.964s] INFO:colcon.colcon_ros.task.ament_cmake.build:Building ROS package in '/home/monica/ros2_ws/src/xolobot_arm' with build type 'ament_cmake'
[0.964s] INFO:colcon.colcon_cmake.task.cmake.build:Building CMake package in '/home/monica/ros2_ws/src/xolobot_arm'
[0.969s] INFO:colcon.colcon_core.plugin_system:Skipping extension 'colcon_core.shell.bat': Not used on non-Windows systems
[0.969s] INFO:colcon.colcon_core.shell:Skip shell extension 'powershell' for command environment: Not usable outside of PowerShell
[0.969s] DEBUG:colcon.colcon_core.shell:Skip shell extension 'dsv' for command environment
[0.981s] INFO:colcon.colcon_ros.task.ament_cmake.build:Building ROS package in '/home/monica/ros2_ws/src/xolobot_arm_server' with build type 'ament_cmake'
[0.983s] INFO:colcon.colcon_cmake.task.cmake.build:Building CMake package in '/home/monica/ros2_ws/src/xolobot_arm_server'
[0.984s] INFO:colcon.colcon_core.shell:Skip shell extension 'powershell' for command environment: Not usable outside of PowerShell
[0.984s] DEBUG:colcon.colcon_core.shell:Skip shell extension 'dsv' for command environment
[1.012s] DEBUG:colcon.colcon_core.event_handler.log_command:Invoking command in '/home/monica/ros2_ws/build/xolobot_arm': CMAKE_PREFIX_PATH=${CMAKE_PREFIX_PATH}:/opt/ros/iron /usr/bin/cmake --build /home/monica/ros2_ws/build/xolobot_arm -- -j2 -l2
[1.031s] DEBUG:colcon.colcon_core.event_handler.log_command:Invoking command in '/home/monica/ros2_ws/build/xolobot_arm_server': CMAKE_PREFIX_PATH=${CMAKE_PREFIX_PATH}:/opt/ros/iron /usr/bin/cmake --build /home/monica/ros2_ws/build/xolobot_arm_server -- -j2 -l2
[1.211s] DEBUG:colcon.colcon_core.event_handler.log_command:Invoked command in '/home/monica/ros2_ws/build/xolobot_arm' returned '0': CMAKE_PREFIX_PATH=${CMAKE_PREFIX_PATH}:/opt/ros/iron /usr/bin/cmake --build /home/monica/ros2_ws/build/xolobot_arm -- -j2 -l2
[1.260s] DEBUG:colcon.colcon_core.event_handler.log_command:Invoking command in '/home/monica/ros2_ws/build/xolobot_arm': CMAKE_PREFIX_PATH=${CMAKE_PREFIX_PATH}:/opt/ros/iron /usr/bin/cmake --install /home/monica/ros2_ws/build/xolobot_arm
[1.345s] Level 1:colcon.colcon_core.environment:create_environment_scripts_only(xolobot_arm)
[1.358s] Level 1:colcon.colcon_core.environment:checking '/home/monica/ros2_ws/install/xolobot_arm' for CMake module files
[1.364s] Level 1:colcon.colcon_core.environment:checking '/home/monica/ros2_ws/install/xolobot_arm' for CMake config files
[1.364s] Level 1:colcon.colcon_core.shell:create_environment_hook('xolobot_arm', 'cmake_prefix_path')
[1.366s] INFO:colcon.colcon_core.shell:Creating environment hook '/home/monica/ros2_ws/install/xolobot_arm/share/xolobot_arm/hook/cmake_prefix_path.ps1'
[1.370s] INFO:colcon.colcon_core.shell:Creating environment descriptor '/home/monica/ros2_ws/install/xolobot_arm/share/xolobot_arm/hook/cmake_prefix_path.dsv'
[1.373s] INFO:colcon.colcon_core.shell:Creating environment hook '/home/monica/ros2_ws/install/xolobot_arm/share/xolobot_arm/hook/cmake_prefix_path.sh'
[1.376s] Level 1:colcon.colcon_core.environment:checking '/home/monica/ros2_ws/install/xolobot_arm/bin'
[1.376s] Level 1:colcon.colcon_core.environment:checking '/home/monica/ros2_ws/install/xolobot_arm/lib/pkgconfig/xolobot_arm.pc'
[1.376s] Level 1:colcon.colcon_core.environment:checking '/home/monica/ros2_ws/install/xolobot_arm/lib/python3.10/site-packages'
[1.377s] Level 1:colcon.colcon_core.environment:checking '/home/monica/ros2_ws/install/xolobot_arm/bin'
[1.380s] INFO:colcon.colcon_core.shell:Creating package script '/home/monica/ros2_ws/install/xolobot_arm/share/xolobot_arm/package.ps1'
[1.384s] INFO:colcon.colcon_core.shell:Creating package descriptor '/home/monica/ros2_ws/install/xolobot_arm/share/xolobot_arm/package.dsv'
[1.385s] INFO:colcon.colcon_core.shell:Creating package script '/home/monica/ros2_ws/install/xolobot_arm/share/xolobot_arm/package.sh'
[1.389s] INFO:colcon.colcon_core.shell:Creating package script '/home/monica/ros2_ws/install/xolobot_arm/share/xolobot_arm/package.bash'
[1.388s] DEBUG:colcon.colcon_core.event_handler.log_command:Invoked command in '/home/monica/ros2_ws/build/xolobot_arm' returned '0': CMAKE_PREFIX_PATH=${CMAKE_PREFIX_PATH}:/opt/ros/iron /usr/bin/cmake --install /home/monica/ros2_ws/build/xolobot_arm
[1.391s] INFO:colcon.colcon_core.shell:Creating package script '/home/monica/ros2_ws/install/xolobot_arm/share/xolobot_arm/package.zsh'
[1.396s] Level 1:colcon.colcon_core.environment:create_file_with_runtime_dependencies(/home/monica/ros2_ws/install/xolobot_arm/share/colcon-core/packages/xolobot_arm)
[1.398s] Level 1:colcon.colcon_core.environment:create_environment_scripts_only(xolobot_arm)
[1.400s] Level 1:colcon.colcon_core.environment:checking '/home/monica/ros2_ws/install/xolobot_arm' for CMake module files
[1.403s] Level 1:colcon.colcon_core.environment:checking '/home/monica/ros2_ws/install/xolobot_arm' for CMake config files
[1.404s] Level 1:colcon.colcon_core.shell:create_environment_hook('xolobot_arm', 'cmake_prefix_path')
[1.404s] INFO:colcon.colcon_core.shell:Creating environment hook '/home/monica/ros2_ws/install/xolobot_arm/share/xolobot_arm/hook/cmake_prefix_path.ps1'
[1.405s] INFO:colcon.colcon_core.shell:Creating environment descriptor '/home/monica/ros2_ws/install/xolobot_arm/share/xolobot_arm/hook/cmake_prefix_path.dsv'
[1.407s] INFO:colcon.colcon_core.shell:Creating environment hook '/home/monica/ros2_ws/install/xolobot_arm/share/xolobot_arm/hook/cmake_prefix_path.sh'
[1.408s] Level 1:colcon.colcon_core.environment:checking '/home/monica/ros2_ws/install/xolobot_arm/bin'
[1.409s] Level 1:colcon.colcon_core.environment:checking '/home/monica/ros2_ws/install/xolobot_arm/lib/pkgconfig/xolobot_arm.pc'
[1.409s] Level 1:colcon.colcon_core.environment:checking '/home/monica/ros2_ws/install/xolobot_arm/lib/python3.10/site-packages'
[1.410s] Level 1:colcon.colcon_core.environment:checking '/home/monica/ros2_ws/install/xolobot_arm/bin'
[1.410s] INFO:colcon.colcon_core.shell:Creating package script '/home/monica/ros2_ws/install/xolobot_arm/share/xolobot_arm/package.ps1'
[1.412s] INFO:colcon.colcon_core.shell:Creating package descriptor '/home/monica/ros2_ws/install/xolobot_arm/share/xolobot_arm/package.dsv'
[1.413s] INFO:colcon.colcon_core.shell:Creating package script '/home/monica/ros2_ws/install/xolobot_arm/share/xolobot_arm/package.sh'
[1.414s] INFO:colcon.colcon_core.shell:Creating package script '/home/monica/ros2_ws/install/xolobot_arm/share/xolobot_arm/package.bash'
[1.415s] INFO:colcon.colcon_core.shell:Creating package script '/home/monica/ros2_ws/install/xolobot_arm/share/xolobot_arm/package.zsh'
[1.416s] Level 1:colcon.colcon_core.environment:create_file_with_runtime_dependencies(/home/monica/ros2_ws/install/xolobot_arm/share/colcon-core/packages/xolobot_arm)
[1.417s] INFO:colcon.colcon_ros.task.ament_cmake.build:Building ROS package in '/home/monica/ros2_ws/src/xolobot_control' with build type 'ament_cmake'
[1.418s] INFO:colcon.colcon_cmake.task.cmake.build:Building CMake package in '/home/monica/ros2_ws/src/xolobot_control'
[1.418s] INFO:colcon.colcon_core.shell:Skip shell extension 'powershell' for command environment: Not usable outside of PowerShell
[1.418s] DEBUG:colcon.colcon_core.shell:Skip shell extension 'dsv' for command environment
[1.448s] DEBUG:colcon.colcon_core.event_handler.log_command:Invoking command in '/home/monica/ros2_ws/build/xolobot_control': CMAKE_PREFIX_PATH=${CMAKE_PREFIX_PATH}:/opt/ros/iron /usr/bin/cmake --build /home/monica/ros2_ws/build/xolobot_control -- -j2 -l2
[1.638s] DEBUG:colcon.colcon_core.event_handler.log_command:Invoked command in '/home/monica/ros2_ws/build/xolobot_control' returned '0': CMAKE_PREFIX_PATH=${CMAKE_PREFIX_PATH}:/opt/ros/iron /usr/bin/cmake --build /home/monica/ros2_ws/build/xolobot_control -- -j2 -l2
[1.639s] DEBUG:colcon.colcon_core.event_handler.log_command:Invoking command in '/home/monica/ros2_ws/build/xolobot_control': CMAKE_PREFIX_PATH=${CMAKE_PREFIX_PATH}:/opt/ros/iron /usr/bin/cmake --install /home/monica/ros2_ws/build/xolobot_control
[1.688s] Level 1:colcon.colcon_core.environment:create_environment_scripts_only(xolobot_control)
[1.690s] Level 1:colcon.colcon_core.environment:checking '/home/monica/ros2_ws/install/xolobot_control' for CMake module files
[1.692s] Level 1:colcon.colcon_core.environment:checking '/home/monica/ros2_ws/install/xolobot_control' for CMake config files
[1.694s] Level 1:colcon.colcon_core.shell:create_environment_hook('xolobot_control', 'cmake_prefix_path')
[1.694s] INFO:colcon.colcon_core.shell:Creating environment hook '/home/monica/ros2_ws/install/xolobot_control/share/xolobot_control/hook/cmake_prefix_path.ps1'
[1.697s] DEBUG:colcon.colcon_core.event_handler.log_command:Invoked command in '/home/monica/ros2_ws/build/xolobot_control' returned '0': CMAKE_PREFIX_PATH=${CMAKE_PREFIX_PATH}:/opt/ros/iron /usr/bin/cmake --install /home/monica/ros2_ws/build/xolobot_control
[1.698s] INFO:colcon.colcon_core.shell:Creating environment descriptor '/home/monica/ros2_ws/install/xolobot_control/share/xolobot_control/hook/cmake_prefix_path.dsv'
[1.699s] INFO:colcon.colcon_core.shell:Creating environment hook '/home/monica/ros2_ws/install/xolobot_control/share/xolobot_control/hook/cmake_prefix_path.sh'
[1.700s] Level 1:colcon.colcon_core.environment:checking '/home/monica/ros2_ws/install/xolobot_control/bin'
[1.700s] Level 1:colcon.colcon_core.environment:checking '/home/monica/ros2_ws/install/xolobot_control/lib/pkgconfig/xolobot_control.pc'
[1.701s] Level 1:colcon.colcon_core.environment:checking '/home/monica/ros2_ws/install/xolobot_control/lib/python3.10/site-packages'
[1.701s] Level 1:colcon.colcon_core.environment:checking '/home/monica/ros2_ws/install/xolobot_control/bin'
[1.702s] INFO:colcon.colcon_core.shell:Creating package script '/home/monica/ros2_ws/install/xolobot_control/share/xolobot_control/package.ps1'
[1.703s] INFO:colcon.colcon_core.shell:Creating package descriptor '/home/monica/ros2_ws/install/xolobot_control/share/xolobot_control/package.dsv'
[1.704s] INFO:colcon.colcon_core.shell:Creating package script '/home/monica/ros2_ws/install/xolobot_control/share/xolobot_control/package.sh'
[1.705s] INFO:colcon.colcon_core.shell:Creating package script '/home/monica/ros2_ws/install/xolobot_control/share/xolobot_control/package.bash'
[1.706s] INFO:colcon.colcon_core.shell:Creating package script '/home/monica/ros2_ws/install/xolobot_control/share/xolobot_control/package.zsh'
[1.707s] Level 1:colcon.colcon_core.environment:create_file_with_runtime_dependencies(/home/monica/ros2_ws/install/xolobot_control/share/colcon-core/packages/xolobot_control)
[1.708s] Level 1:colcon.colcon_core.environment:create_environment_scripts_only(xolobot_control)
[1.709s] Level 1:colcon.colcon_core.environment:checking '/home/monica/ros2_ws/install/xolobot_control' for CMake module files
[1.710s] Level 1:colcon.colcon_core.environment:checking '/home/monica/ros2_ws/install/xolobot_control' for CMake config files
[1.710s] Level 1:colcon.colcon_core.shell:create_environment_hook('xolobot_control', 'cmake_prefix_path')
[1.711s] INFO:colcon.colcon_core.shell:Creating environment hook '/home/monica/ros2_ws/install/xolobot_control/share/xolobot_control/hook/cmake_prefix_path.ps1'
[1.712s] INFO:colcon.colcon_core.shell:Creating environment descriptor '/home/monica/ros2_ws/install/xolobot_control/share/xolobot_control/hook/cmake_prefix_path.dsv'
[1.713s] INFO:colcon.colcon_core.shell:Creating environment hook '/home/monica/ros2_ws/install/xolobot_control/share/xolobot_control/hook/cmake_prefix_path.sh'
[1.714s] Level 1:colcon.colcon_core.environment:checking '/home/monica/ros2_ws/install/xolobot_control/bin'
[1.714s] Level 1:colcon.colcon_core.environment:checking '/home/monica/ros2_ws/install/xolobot_control/lib/pkgconfig/xolobot_control.pc'
[1.714s] Level 1:colcon.colcon_core.environment:checking '/home/monica/ros2_ws/install/xolobot_control/lib/python3.10/site-packages'
[1.715s] Level 1:colcon.colcon_core.environment:checking '/home/monica/ros2_ws/install/xolobot_control/bin'
[1.715s] INFO:colcon.colcon_core.shell:Creating package script '/home/monica/ros2_ws/install/xolobot_control/share/xolobot_control/package.ps1'
[1.719s] INFO:colcon.colcon_core.shell:Creating package descriptor '/home/monica/ros2_ws/install/xolobot_control/share/xolobot_control/package.dsv'
[1.720s] INFO:colcon.colcon_core.shell:Creating package script '/home/monica/ros2_ws/install/xolobot_control/share/xolobot_control/package.sh'
[1.721s] INFO:colcon.colcon_core.shell:Creating package script '/home/monica/ros2_ws/install/xolobot_control/share/xolobot_control/package.bash'
[1.722s] INFO:colcon.colcon_core.shell:Creating package script '/home/monica/ros2_ws/install/xolobot_control/share/xolobot_control/package.zsh'
[1.723s] Level 1:colcon.colcon_core.environment:create_file_with_runtime_dependencies(/home/monica/ros2_ws/install/xolobot_control/share/colcon-core/packages/xolobot_control)
[1.728s] DEBUG:colcon.colcon_core.event_handler.log_command:Invoked command in '/home/monica/ros2_ws/build/xolobot_arm_server' returned '0': CMAKE_PREFIX_PATH=${CMAKE_PREFIX_PATH}:/opt/ros/iron /usr/bin/cmake --build /home/monica/ros2_ws/build/xolobot_arm_server -- -j2 -l2
[1.734s] DEBUG:colcon.colcon_core.event_handler.log_command:Invoking command in '/home/monica/ros2_ws/build/xolobot_arm_server': CMAKE_PREFIX_PATH=${CMAKE_PREFIX_PATH}:/opt/ros/iron /usr/bin/cmake --install /home/monica/ros2_ws/build/xolobot_arm_server
[1.763s] Level 1:colcon.colcon_core.environment:create_environment_scripts_only(xolobot_arm_server)
[1.764s] Level 1:colcon.colcon_core.environment:checking '/home/monica/ros2_ws/install/xolobot_arm_server' for CMake module files
[1.765s] DEBUG:colcon.colcon_core.event_handler.log_command:Invoked command in '/home/monica/ros2_ws/build/xolobot_arm_server' returned '0': CMAKE_PREFIX_PATH=${CMAKE_PREFIX_PATH}:/opt/ros/iron /usr/bin/cmake --install /home/monica/ros2_ws/build/xolobot_arm_server
[1.766s] Level 1:colcon.colcon_core.environment:checking '/home/monica/ros2_ws/install/xolobot_arm_server' for CMake config files
[1.766s] Level 1:colcon.colcon_core.shell:create_environment_hook('xolobot_arm_server', 'cmake_prefix_path')
[1.767s] INFO:colcon.colcon_core.shell:Creating environment hook '/home/monica/ros2_ws/install/xolobot_arm_server/share/xolobot_arm_server/hook/cmake_prefix_path.ps1'
[1.768s] INFO:colcon.colcon_core.shell:Creating environment descriptor '/home/monica/ros2_ws/install/xolobot_arm_server/share/xolobot_arm_server/hook/cmake_prefix_path.dsv'
[1.769s] INFO:colcon.colcon_core.shell:Creating environment hook '/home/monica/ros2_ws/install/xolobot_arm_server/share/xolobot_arm_server/hook/cmake_prefix_path.sh'
[1.770s] Level 1:colcon.colcon_core.environment:checking '/home/monica/ros2_ws/install/xolobot_arm_server/lib'
[1.770s] Level 1:colcon.colcon_core.environment:checking '/home/monica/ros2_ws/install/xolobot_arm_server/bin'
[1.770s] Level 1:colcon.colcon_core.environment:checking '/home/monica/ros2_ws/install/xolobot_arm_server/lib/pkgconfig/xolobot_arm_server.pc'
[1.771s] Level 1:colcon.colcon_core.environment:checking '/home/monica/ros2_ws/install/xolobot_arm_server/lib/python3.10/site-packages'
[1.771s] Level 1:colcon.colcon_core.environment:checking '/home/monica/ros2_ws/install/xolobot_arm_server/bin'
[1.772s] INFO:colcon.colcon_core.shell:Creating package script '/home/monica/ros2_ws/install/xolobot_arm_server/share/xolobot_arm_server/package.ps1'
[1.773s] INFO:colcon.colcon_core.shell:Creating package descriptor '/home/monica/ros2_ws/install/xolobot_arm_server/share/xolobot_arm_server/package.dsv'
[1.774s] INFO:colcon.colcon_core.shell:Creating package script '/home/monica/ros2_ws/install/xolobot_arm_server/share/xolobot_arm_server/package.sh'
[1.775s] INFO:colcon.colcon_core.shell:Creating package script '/home/monica/ros2_ws/install/xolobot_arm_server/share/xolobot_arm_server/package.bash'
[1.776s] INFO:colcon.colcon_core.shell:Creating package script '/home/monica/ros2_ws/install/xolobot_arm_server/share/xolobot_arm_server/package.zsh'
[1.776s] Level 1:colcon.colcon_core.environment:create_file_with_runtime_dependencies(/home/monica/ros2_ws/install/xolobot_arm_server/share/colcon-core/packages/xolobot_arm_server)
[1.777s] Level 1:colcon.colcon_core.environment:create_environment_scripts_only(xolobot_arm_server)
[1.778s] Level 1:colcon.colcon_core.environment:checking '/home/monica/ros2_ws/install/xolobot_arm_server' for CMake module files
[1.779s] Level 1:colcon.colcon_core.environment:checking '/home/monica/ros2_ws/install/xolobot_arm_server' for CMake config files
[1.780s] Level 1:colcon.colcon_core.shell:create_environment_hook('xolobot_arm_server', 'cmake_prefix_path')
[1.781s] INFO:colcon.colcon_core.shell:Creating environment hook '/home/monica/ros2_ws/install/xolobot_arm_server/share/xolobot_arm_server/hook/cmake_prefix_path.ps1'
[1.781s] INFO:colcon.colcon_core.shell:Creating environment descriptor '/home/monica/ros2_ws/install/xolobot_arm_server/share/xolobot_arm_server/hook/cmake_prefix_path.dsv'
[1.782s] INFO:colcon.colcon_core.shell:Creating environment hook '/home/monica/ros2_ws/install/xolobot_arm_server/share/xolobot_arm_server/hook/cmake_prefix_path.sh'
[1.784s] Level 1:colcon.colcon_core.environment:checking '/home/monica/ros2_ws/install/xolobot_arm_server/lib'
[1.784s] Level 1:colcon.colcon_core.environment:checking '/home/monica/ros2_ws/install/xolobot_arm_server/bin'
[1.784s] Level 1:colcon.colcon_core.environment:checking '/home/monica/ros2_ws/install/xolobot_arm_server/lib/pkgconfig/xolobot_arm_server.pc'
[1.785s] Level 1:colcon.colcon_core.environment:checking '/home/monica/ros2_ws/install/xolobot_arm_server/lib/python3.10/site-packages'
[1.785s] Level 1:colcon.colcon_core.environment:checking '/home/monica/ros2_ws/install/xolobot_arm_server/bin'
[1.786s] INFO:colcon.colcon_core.shell:Creating package script '/home/monica/ros2_ws/install/xolobot_arm_server/share/xolobot_arm_server/package.ps1'
[1.787s] INFO:colcon.colcon_core.shell:Creating package descriptor '/home/monica/ros2_ws/install/xolobot_arm_server/share/xolobot_arm_server/package.dsv'
[1.788s] INFO:colcon.colcon_core.shell:Creating package script '/home/monica/ros2_ws/install/xolobot_arm_server/share/xolobot_arm_server/package.sh'
[1.789s] INFO:colcon.colcon_core.shell:Creating package script '/home/monica/ros2_ws/install/xolobot_arm_server/share/xolobot_arm_server/package.bash'
[1.791s] INFO:colcon.colcon_core.shell:Creating package script '/home/monica/ros2_ws/install/xolobot_arm_server/share/xolobot_arm_server/package.zsh'
[1.792s] Level 1:colcon.colcon_core.environment:create_file_with_runtime_dependencies(/home/monica/ros2_ws/install/xolobot_arm_server/share/colcon-core/packages/xolobot_arm_server)
[1.793s] DEBUG:colcon.colcon_parallel_executor.executor.parallel:closing loop
[1.793s] DEBUG:colcon.colcon_parallel_executor.executor.parallel:loop closed
[1.793s] DEBUG:colcon.colcon_parallel_executor.executor.parallel:run_until_complete finished with '0'
[1.793s] DEBUG:colcon.colcon_core.event_reactor:joining thread
[1.808s] INFO:colcon.colcon_core.plugin_system:Skipping extension 'colcon_notification.desktop_notification.terminal_notifier': Not used on non-Darwin systems
[1.808s] INFO:colcon.colcon_core.plugin_system:Skipping extension 'colcon_notification.desktop_notification.win32': Not used on non-Windows systems
[1.809s] INFO:colcon.colcon_notification.desktop_notification:Sending desktop notification using 'notify2'
[1.833s] DEBUG:colcon.colcon_core.event_reactor:joined thread
[1.834s] INFO:colcon.colcon_core.shell:Creating prefix script '/home/monica/ros2_ws/install/local_setup.ps1'
[1.836s] INFO:colcon.colcon_core.shell:Creating prefix util module '/home/monica/ros2_ws/install/_local_setup_util_ps1.py'
[1.840s] INFO:colcon.colcon_core.shell:Creating prefix chain script '/home/monica/ros2_ws/install/setup.ps1'
[1.843s] INFO:colcon.colcon_core.shell:Creating prefix script '/home/monica/ros2_ws/install/local_setup.sh'
[1.845s] INFO:colcon.colcon_core.shell:Creating prefix util module '/home/monica/ros2_ws/install/_local_setup_util_sh.py'
[1.846s] INFO:colcon.colcon_core.shell:Creating prefix chain script '/home/monica/ros2_ws/install/setup.sh'
[1.848s] INFO:colcon.colcon_core.shell:Creating prefix script '/home/monica/ros2_ws/install/local_setup.bash'
[1.850s] INFO:colcon.colcon_core.shell:Creating prefix chain script '/home/monica/ros2_ws/install/setup.bash'
[1.852s] INFO:colcon.colcon_core.shell:Creating prefix script '/home/monica/ros2_ws/install/local_setup.zsh'
[1.853s] INFO:colcon.colcon_core.shell:Creating prefix chain script '/home/monica/ros2_ws/install/setup.zsh'
