[0.085s] Invoking command in '/home/monica/ros2_ws/build/xolobot_arm': CMAKE_PREFIX_PATH=${CMAKE_PREFIX_PATH}:/opt/ros/iron /usr/bin/cmake --build /home/monica/ros2_ws/build/xolobot_arm -- -j2 -l2
[0.550s] Invoked command in '/home/monica/ros2_ws/build/xolobot_arm' returned '0': CMAKE_PREFIX_PATH=${CMAKE_PREFIX_PATH}:/opt/ros/iron /usr/bin/cmake --build /home/monica/ros2_ws/build/xolobot_arm -- -j2 -l2
[0.663s] Invoking command in '/home/monica/ros2_ws/build/xolobot_arm': CMAKE_PREFIX_PATH=${CMAKE_PREFIX_PATH}:/opt/ros/iron /usr/bin/cmake --install /home/monica/ros2_ws/build/xolobot_arm
[0.755s] -- Install configuration: ""
[0.759s] -- Up-to-date: /home/monica/ros2_ws/install/xolobot_arm/share/xolobot_arm/launch
[0.763s] -- Up-to-date: /home/monica/ros2_ws/install/xolobot_arm/share/xolobot_arm/launch/xolobot_arm_control.launch.py
[0.763s] -- Up-to-date: /home/monica/ros2_ws/install/xolobot_arm/share/xolobot_arm/worlds
[0.764s] -- Up-to-date: /home/monica/ros2_ws/install/xolobot_arm/share/xolobot_arm/worlds/coca_levitando.world
[0.764s] -- Up-to-date: /home/monica/ros2_ws/install/xolobot_arm/share/xolobot_arm/worlds/nada.world
[0.764s] -- Up-to-date: /home/monica/ros2_ws/install/xolobot_arm/share/xolobot_arm/worlds/luz.world
[0.769s] -- Up-to-date: /home/monica/ros2_ws/install/xolobot_arm/share/xolobot_arm/worlds/nuevo.world
[0.770s] -- Up-to-date: /home/monica/ros2_ws/install/xolobot_arm/share/xolobot_arm/worlds/xolobot.world
[0.770s] -- Up-to-date: /home/monica/ros2_ws/install/xolobot_arm/share/xolobot_arm/models
[0.770s] -- Up-to-date: /home/monica/ros2_ws/install/xolobot_arm/share/xolobot_arm/models/model.urdf
[0.771s] -- Up-to-date: /home/monica/ros2_ws/install/xolobot_arm/share/xolobot_arm/models/xolobot.urdf
[0.771s] -- Up-to-date: /home/monica/ros2_ws/install/xolobot_arm/share/xolobot_arm/models/model.config
[0.771s] -- Up-to-date: /home/monica/ros2_ws/install/xolobot_arm/share/xolobot_arm/models/utileria
[0.778s] -- Up-to-date: /home/monica/ros2_ws/install/xolobot_arm/share/xolobot_arm/models/utileria/objeto.sdf
[0.778s] -- Up-to-date: /home/monica/ros2_ws/install/xolobot_arm/share/xolobot_arm/models/utileria/model.config
[0.779s] -- Up-to-date: /home/monica/ros2_ws/install/xolobot_arm/share/xolobot_arm/models/utileria/soporte.sdf
[0.779s] -- Up-to-date: /home/monica/ros2_ws/install/xolobot_arm/share/xolobot_arm/models/textures
[0.779s] -- Up-to-date: /home/monica/ros2_ws/install/xolobot_arm/share/xolobot_arm/models/textures/metal.material
[0.786s] -- Up-to-date: /home/monica/ros2_ws/install/xolobot_arm/share/xolobot_arm/models/textures/images
[0.787s] -- Up-to-date: /home/monica/ros2_ws/install/xolobot_arm/share/xolobot_arm/models/textures/images/metal-rosa.jpg
[0.787s] -- Up-to-date: /home/monica/ros2_ws/install/xolobot_arm/share/xolobot_arm/models/textures/images/metal-hoyos.jpg
[0.787s] -- Up-to-date: /home/monica/ros2_ws/install/xolobot_arm/share/xolobot_arm/models/textures/images/blue-metal.jpg
[0.794s] -- Up-to-date: /home/monica/ros2_ws/install/xolobot_arm/share/xolobot_arm/models/textures/images/rose-gold.jpg
[0.795s] -- Up-to-date: /home/monica/ros2_ws/install/xolobot_arm/share/xolobot_arm/models/textures/images/piso-metal-barras.jpg
[0.795s] -- Up-to-date: /home/monica/ros2_ws/install/xolobot_arm/share/xolobot_arm/models/textures/images/piso-metal-blanco.jpg
[0.795s] -- Up-to-date: /home/monica/ros2_ws/install/xolobot_arm/share/xolobot_arm/models/textures/model.config
[0.796s] -- Up-to-date: /home/monica/ros2_ws/install/xolobot_arm/share/xolobot_arm/models/textures/xolobot.material
[0.796s] -- Up-to-date: /home/monica/ros2_ws/install/xolobot_arm/share/xolobot_arm/models/model_minimo.urdf
[0.796s] -- Up-to-date: /home/monica/ros2_ws/install/xolobot_arm/share/xolobot_arm/models/xolobot_arm.sdf
[0.802s] -- Up-to-date: /home/monica/ros2_ws/install/xolobot_arm/share/xolobot_arm/models/meshes
[0.802s] -- Up-to-date: /home/monica/ros2_ws/install/xolobot_arm/share/xolobot_arm/models/meshes/pulgar_2.dae
[0.802s] -- Up-to-date: /home/monica/ros2_ws/install/xolobot_arm/share/xolobot_arm/models/meshes/antebrazo_mano_izq_2.dae
[0.803s] -- Up-to-date: /home/monica/ros2_ws/install/xolobot_arm/share/xolobot_arm/models/meshes/biceps_juntos.dae
[0.803s] -- Up-to-date: /home/monica/ros2_ws/install/xolobot_arm/share/xolobot_arm/models/meshes/biceps_der.dae
[0.803s] -- Up-to-date: /home/monica/ros2_ws/install/xolobot_arm/share/xolobot_arm/models/meshes/biceps_izq.dae
[0.810s] -- Up-to-date: /home/monica/ros2_ws/install/xolobot_arm/share/xolobot_arm/models/meshes/banda.blend
[0.814s] -- Up-to-date: /home/monica/ros2_ws/install/xolobot_arm/share/xolobot_arm/models/meshes/biceps_juntos_nuevo.dae
[0.814s] -- Up-to-date: /home/monica/ros2_ws/install/xolobot_arm/share/xolobot_arm/models/meshes/antebrazo_mano_izqprueba.dae
[0.819s] -- Up-to-date: /home/monica/ros2_ws/install/xolobot_arm/share/xolobot_arm/models/meshes/antebrazo_mano_izq_bak.dae
[0.819s] -- Up-to-date: /home/monica/ros2_ws/install/xolobot_arm/share/xolobot_arm/models/meshes/mono.dae
[0.819s] -- Up-to-date: /home/monica/ros2_ws/install/xolobot_arm/share/xolobot_arm/models/meshes/hombro_alto.dae
[0.820s] -- Up-to-date: /home/monica/ros2_ws/install/xolobot_arm/share/xolobot_arm/models/meshes/codo_izq_colision.dae
[0.820s] -- Up-to-date: /home/monica/ros2_ws/install/xolobot_arm/share/xolobot_arm/models/meshes/hombro_alto_colision.dae
[0.827s] -- Up-to-date: /home/monica/ros2_ws/install/xolobot_arm/share/xolobot_arm/models/meshes/model.config
[0.830s] -- Up-to-date: /home/monica/ros2_ws/install/xolobot_arm/share/xolobot_arm/models/meshes/antebrazo_mano_izq.dae
[0.830s] -- Up-to-date: /home/monica/ros2_ws/install/xolobot_arm/share/xolobot_arm/models/meshes/codo_izq.dae
[0.830s] -- Up-to-date: /home/monica/ros2_ws/install/xolobot_arm/share/xolobot_arm/models/meshes/biceps_izq_colision.dae
[0.831s] -- Up-to-date: /home/monica/ros2_ws/install/xolobot_arm/share/xolobot_arm/models/meshes/backup
[0.831s] -- Up-to-date: /home/monica/ros2_ws/install/xolobot_arm/share/xolobot_arm/models/meshes/backup/pulgar_2.dae
[0.831s] -- Up-to-date: /home/monica/ros2_ws/install/xolobot_arm/share/xolobot_arm/models/meshes/backup/biceps_juntos.dae
[0.836s] -- Up-to-date: /home/monica/ros2_ws/install/xolobot_arm/share/xolobot_arm/models/meshes/backup/biceps_der.dae
[0.836s] -- Up-to-date: /home/monica/ros2_ws/install/xolobot_arm/share/xolobot_arm/models/meshes/backup/biceps_izq.dae
[0.837s] -- Up-to-date: /home/monica/ros2_ws/install/xolobot_arm/share/xolobot_arm/models/meshes/backup/biceps_juntos_nuevo.dae
[0.837s] -- Up-to-date: /home/monica/ros2_ws/install/xolobot_arm/share/xolobot_arm/models/meshes/backup/hombro_alto.dae
[0.837s] -- Up-to-date: /home/monica/ros2_ws/install/xolobot_arm/share/xolobot_arm/models/meshes/backup/antebrazo_mano_izq.dae
[0.844s] -- Up-to-date: /home/monica/ros2_ws/install/xolobot_arm/share/xolobot_arm/models/meshes/backup/codo_izq.dae
[0.844s] -- Up-to-date: /home/monica/ros2_ws/install/xolobot_arm/share/xolobot_arm/models/meshes/backup/hombro_bajo.dae
[0.845s] -- Up-to-date: /home/monica/ros2_ws/install/xolobot_arm/share/xolobot_arm/models/meshes/backup/dedos
[0.845s] -- Up-to-date: /home/monica/ros2_ws/install/xolobot_arm/share/xolobot_arm/models/meshes/backup/dedos/dedo_indice.blend1
[0.845s] -- Up-to-date: /home/monica/ros2_ws/install/xolobot_arm/share/xolobot_arm/models/meshes/backup/dedos/dedo_cordial_1.dae
[0.850s] -- Up-to-date: /home/monica/ros2_ws/install/xolobot_arm/share/xolobot_arm/models/meshes/backup/dedos/dedo_menique_1.blend
[0.851s] -- Up-to-date: /home/monica/ros2_ws/install/xolobot_arm/share/xolobot_arm/models/meshes/backup/dedos/dedo_indice_2.dae
[0.851s] -- Up-to-date: /home/monica/ros2_ws/install/xolobot_arm/share/xolobot_arm/models/meshes/backup/dedos/dedo_cordial.blend
[0.856s] -- Up-to-date: /home/monica/ros2_ws/install/xolobot_arm/share/xolobot_arm/models/meshes/backup/dedos/dedo_menique_2.blend1
[0.856s] -- Up-to-date: /home/monica/ros2_ws/install/xolobot_arm/share/xolobot_arm/models/meshes/backup/dedos/dedo_cordial_2.dae
[0.856s] -- Up-to-date: /home/monica/ros2_ws/install/xolobot_arm/share/xolobot_arm/models/meshes/backup/dedos/dedo_indice_1.dae
[0.857s] -- Up-to-date: /home/monica/ros2_ws/install/xolobot_arm/share/xolobot_arm/models/meshes/backup/dedos/dedo_menique.blend
[0.857s] -- Up-to-date: /home/monica/ros2_ws/install/xolobot_arm/share/xolobot_arm/models/meshes/backup/dedos/dedo_menique_1.blend1
[0.857s] -- Up-to-date: /home/monica/ros2_ws/install/xolobot_arm/share/xolobot_arm/models/meshes/backup/dedos/dedo_menique_2.dae
[0.860s] -- Up-to-date: /home/monica/ros2_ws/install/xolobot_arm/share/xolobot_arm/models/meshes/backup/dedos/dedo_anular_1.dae
[0.860s] -- Up-to-date: /home/monica/ros2_ws/install/xolobot_arm/share/xolobot_arm/models/meshes/backup/dedos/dedo_menique_3.dae
[0.860s] -- Up-to-date: /home/monica/ros2_ws/install/xolobot_arm/share/xolobot_arm/models/meshes/backup/dedos/dedo_cordial_3.dae
[0.868s] -- Up-to-date: /home/monica/ros2_ws/install/xolobot_arm/share/xolobot_arm/models/meshes/backup/dedos/mano_completa.blend
[0.869s] -- Up-to-date: /home/monica/ros2_ws/install/xolobot_arm/share/xolobot_arm/models/meshes/backup/dedos/dedo_menique.blend1
[0.869s] -- Up-to-date: /home/monica/ros2_ws/install/xolobot_arm/share/xolobot_arm/models/meshes/backup/dedos/dedo_menique_2.blend
[0.869s] -- Up-to-date: /home/monica/ros2_ws/install/xolobot_arm/share/xolobot_arm/models/meshes/backup/dedos/dedo_anular.blend1
[0.870s] -- Up-to-date: /home/monica/ros2_ws/install/xolobot_arm/share/xolobot_arm/models/meshes/backup/dedos/dedo_menique_3.blend1
[0.870s] -- Up-to-date: /home/monica/ros2_ws/install/xolobot_arm/share/xolobot_arm/models/meshes/backup/dedos/dedo_menique_3.blend
[0.870s] -- Up-to-date: /home/monica/ros2_ws/install/xolobot_arm/share/xolobot_arm/models/meshes/backup/dedos/dedo_menique_1.dae
[0.873s] -- Up-to-date: /home/monica/ros2_ws/install/xolobot_arm/share/xolobot_arm/models/meshes/backup/dedos/dedo_anular.blend
[0.873s] -- Up-to-date: /home/monica/ros2_ws/install/xolobot_arm/share/xolobot_arm/models/meshes/backup/dedos/dedo_indice.blend
[0.873s] -- Up-to-date: /home/monica/ros2_ws/install/xolobot_arm/share/xolobot_arm/models/meshes/backup/dedos/mano_completa.blend1
[0.901s] -- Up-to-date: /home/monica/ros2_ws/install/xolobot_arm/share/xolobot_arm/models/meshes/backup/dedos/dedo_anular_3.dae
[0.901s] -- Up-to-date: /home/monica/ros2_ws/install/xolobot_arm/share/xolobot_arm/models/meshes/backup/dedos/dedo_anular_2.dae
[0.901s] -- Up-to-date: /home/monica/ros2_ws/install/xolobot_arm/share/xolobot_arm/models/meshes/backup/dedos/dedo_cordial.blend1
[0.902s] -- Up-to-date: /home/monica/ros2_ws/install/xolobot_arm/share/xolobot_arm/models/meshes/backup/dedos/dedo_indice_3.dae
[0.902s] -- Up-to-date: /home/monica/ros2_ws/install/xolobot_arm/share/xolobot_arm/models/meshes/backup/pulgar_1_izq.dae
[0.902s] -- Up-to-date: /home/monica/ros2_ws/install/xolobot_arm/share/xolobot_arm/models/meshes/backup/pulgar_3.dae
[0.902s] -- Up-to-date: /home/monica/ros2_ws/install/xolobot_arm/share/xolobot_arm/models/meshes/hombro_bajo.dae
[0.903s] -- Up-to-date: /home/monica/ros2_ws/install/xolobot_arm/share/xolobot_arm/models/meshes/dedos
[0.903s] -- Up-to-date: /home/monica/ros2_ws/install/xolobot_arm/share/xolobot_arm/models/meshes/dedos/pulgar_2.dae
[0.903s] -- Up-to-date: /home/monica/ros2_ws/install/xolobot_arm/share/xolobot_arm/models/meshes/dedos/pulgar_1_izq_colision.dae
[0.905s] -- Up-to-date: /home/monica/ros2_ws/install/xolobot_arm/share/xolobot_arm/models/meshes/dedos/dedo_menique_3_colision.dae
[0.906s] -- Up-to-date: /home/monica/ros2_ws/install/xolobot_arm/share/xolobot_arm/models/meshes/dedos/dedo_indice.blend1
[0.906s] -- Up-to-date: /home/monica/ros2_ws/install/xolobot_arm/share/xolobot_arm/models/meshes/dedos/dedo_cordial_3_colision.dae
[0.906s] -- Up-to-date: /home/monica/ros2_ws/install/xolobot_arm/share/xolobot_arm/models/meshes/dedos/pulgar_3_colision.dae
[0.911s] -- Up-to-date: /home/monica/ros2_ws/install/xolobot_arm/share/xolobot_arm/models/meshes/dedos/dedo_cordial_1.dae
[0.924s] -- Up-to-date: /home/monica/ros2_ws/install/xolobot_arm/share/xolobot_arm/models/meshes/dedos/dedo_menique_2_colision.dae
[0.924s] -- Up-to-date: /home/monica/ros2_ws/install/xolobot_arm/share/xolobot_arm/models/meshes/dedos/dedo_menique_1.blend
[0.925s] -- Up-to-date: /home/monica/ros2_ws/install/xolobot_arm/share/xolobot_arm/models/meshes/dedos/dedo_indice_2.dae
[0.925s] -- Up-to-date: /home/monica/ros2_ws/install/xolobot_arm/share/xolobot_arm/models/meshes/dedos/dedo_indice_3_colision.dae
[0.925s] -- Up-to-date: /home/monica/ros2_ws/install/xolobot_arm/share/xolobot_arm/models/meshes/dedos/dedo_cordial.blend
[0.933s] -- Up-to-date: /home/monica/ros2_ws/install/xolobot_arm/share/xolobot_arm/models/meshes/dedos/dedo_menique_2.blend1
[0.934s] -- Up-to-date: /home/monica/ros2_ws/install/xolobot_arm/share/xolobot_arm/models/meshes/dedos/dedo_cordial_2.dae
[0.934s] -- Up-to-date: /home/monica/ros2_ws/install/xolobot_arm/share/xolobot_arm/models/meshes/dedos/dedo_indice_1.dae
[0.935s] -- Up-to-date: /home/monica/ros2_ws/install/xolobot_arm/share/xolobot_arm/models/meshes/dedos/dedo_menique.blend
[0.939s] -- Up-to-date: /home/monica/ros2_ws/install/xolobot_arm/share/xolobot_arm/models/meshes/dedos/dedo_anular_1_colision.dae
[0.939s] -- Up-to-date: /home/monica/ros2_ws/install/xolobot_arm/share/xolobot_arm/models/meshes/dedos/dedo_menique_1.blend1
[0.939s] -- Up-to-date: /home/monica/ros2_ws/install/xolobot_arm/share/xolobot_arm/models/meshes/dedos/dedo_menique_2.dae
[0.940s] -- Up-to-date: /home/monica/ros2_ws/install/xolobot_arm/share/xolobot_arm/models/meshes/dedos/dedo_anular_1.dae
[0.940s] -- Up-to-date: /home/monica/ros2_ws/install/xolobot_arm/share/xolobot_arm/models/meshes/dedos/dedo_indice_1_colision.dae
[0.940s] -- Up-to-date: /home/monica/ros2_ws/install/xolobot_arm/share/xolobot_arm/models/meshes/dedos/dedo_menique_1_colision.dae
[0.961s] -- Up-to-date: /home/monica/ros2_ws/install/xolobot_arm/share/xolobot_arm/models/meshes/dedos/dedo_menique_3.dae
[0.961s] -- Up-to-date: /home/monica/ros2_ws/install/xolobot_arm/share/xolobot_arm/models/meshes/dedos/dedo_anular_3_colision.dae
[0.962s] -- Up-to-date: /home/monica/ros2_ws/install/xolobot_arm/share/xolobot_arm/models/meshes/dedos/dedo_cordial_1_colision.dae
[0.962s] -- Up-to-date: /home/monica/ros2_ws/install/xolobot_arm/share/xolobot_arm/models/meshes/dedos/dedo_cordial_3.dae
[0.962s] -- Up-to-date: /home/monica/ros2_ws/install/xolobot_arm/share/xolobot_arm/models/meshes/dedos/pulgar_1_izq.dae
[0.976s] -- Up-to-date: /home/monica/ros2_ws/install/xolobot_arm/share/xolobot_arm/models/meshes/dedos/mano_completa.blend
[0.977s] -- Up-to-date: /home/monica/ros2_ws/install/xolobot_arm/share/xolobot_arm/models/meshes/dedos/dedo_menique.blend1
[0.977s] -- Up-to-date: /home/monica/ros2_ws/install/xolobot_arm/share/xolobot_arm/models/meshes/dedos/dedo_menique_2.blend
[0.977s] -- Up-to-date: /home/monica/ros2_ws/install/xolobot_arm/share/xolobot_arm/models/meshes/dedos/dedo_indice_2_colision.dae
[0.984s] -- Up-to-date: /home/monica/ros2_ws/install/xolobot_arm/share/xolobot_arm/models/meshes/dedos/dedo_anular.blend1
[0.985s] -- Up-to-date: /home/monica/ros2_ws/install/xolobot_arm/share/xolobot_arm/models/meshes/dedos/dedo_cordial_2_colision.dae
[0.989s] -- Up-to-date: /home/monica/ros2_ws/install/xolobot_arm/share/xolobot_arm/models/meshes/dedos/dedo_menique_3.blend1
[0.989s] -- Up-to-date: /home/monica/ros2_ws/install/xolobot_arm/share/xolobot_arm/models/meshes/dedos/pulgar_3.dae
[0.989s] -- Up-to-date: /home/monica/ros2_ws/install/xolobot_arm/share/xolobot_arm/models/meshes/dedos/dedo_menique_3.blend
[0.990s] -- Up-to-date: /home/monica/ros2_ws/install/xolobot_arm/share/xolobot_arm/models/meshes/dedos/dedo_menique_1.dae
[0.990s] -- Up-to-date: /home/monica/ros2_ws/install/xolobot_arm/share/xolobot_arm/models/meshes/dedos/dedo_anular.blend
[0.990s] -- Up-to-date: /home/monica/ros2_ws/install/xolobot_arm/share/xolobot_arm/models/meshes/dedos/dedo_indice.blend
[1.000s] -- Up-to-date: /home/monica/ros2_ws/install/xolobot_arm/share/xolobot_arm/models/meshes/dedos/mano_completa.blend1
[1.000s] -- Up-to-date: /home/monica/ros2_ws/install/xolobot_arm/share/xolobot_arm/models/meshes/dedos/dedo_anular_3.dae
[1.001s] -- Up-to-date: /home/monica/ros2_ws/install/xolobot_arm/share/xolobot_arm/models/meshes/dedos/dedo_anular_2.dae
[1.002s] -- Up-to-date: /home/monica/ros2_ws/install/xolobot_arm/share/xolobot_arm/models/meshes/dedos/dedo_cordial.blend1
[1.002s] -- Up-to-date: /home/monica/ros2_ws/install/xolobot_arm/share/xolobot_arm/models/meshes/dedos/pulgar_2_colision.dae
[1.003s] -- Up-to-date: /home/monica/ros2_ws/install/xolobot_arm/share/xolobot_arm/models/meshes/dedos/dedo_anular_2_colision.dae
[1.004s] -- Up-to-date: /home/monica/ros2_ws/install/xolobot_arm/share/xolobot_arm/models/meshes/dedos/dedo_indice_3.dae
[1.004s] -- Up-to-date: /home/monica/ros2_ws/install/xolobot_arm/share/xolobot_arm/models/meshes/pulgar_1_izq.dae
[1.004s] -- Up-to-date: /home/monica/ros2_ws/install/xolobot_arm/share/xolobot_arm/models/meshes/codo_izq_tuercas.dae
[1.018s] -- Up-to-date: /home/monica/ros2_ws/install/xolobot_arm/share/xolobot_arm/models/meshes/hombro_bajo_colision.dae
[1.018s] -- Up-to-date: /home/monica/ros2_ws/install/xolobot_arm/share/xolobot_arm/models/meshes/pulgar_3.dae
[1.019s] -- Up-to-date: /home/monica/ros2_ws/install/xolobot_arm/share/xolobot_arm/models/meshes/banda_terminada.blend
[1.019s] -- Up-to-date: /home/monica/ros2_ws/install/xolobot_arm/share/xolobot_arm/models/meshes/palma.dae
[1.020s] -- Up-to-date: /home/monica/ros2_ws/install/xolobot_arm/share/xolobot_arm/models/model.sdf
[1.020s] -- Up-to-date: /home/monica/ros2_ws/install/xolobot_arm/share/ament_index/resource_index/package_run_dependencies/xolobot_arm
[1.020s] -- Up-to-date: /home/monica/ros2_ws/install/xolobot_arm/share/ament_index/resource_index/parent_prefix_path/xolobot_arm
[1.028s] -- Up-to-date: /home/monica/ros2_ws/install/xolobot_arm/share/xolobot_arm/environment/ament_prefix_path.sh
[1.028s] -- Up-to-date: /home/monica/ros2_ws/install/xolobot_arm/share/xolobot_arm/environment/ament_prefix_path.dsv
[1.029s] -- Up-to-date: /home/monica/ros2_ws/install/xolobot_arm/share/xolobot_arm/environment/path.sh
[1.029s] -- Up-to-date: /home/monica/ros2_ws/install/xolobot_arm/share/xolobot_arm/environment/path.dsv
[1.043s] -- Up-to-date: /home/monica/ros2_ws/install/xolobot_arm/share/xolobot_arm/local_setup.bash
[1.044s] -- Up-to-date: /home/monica/ros2_ws/install/xolobot_arm/share/xolobot_arm/local_setup.sh
[1.045s] -- Up-to-date: /home/monica/ros2_ws/install/xolobot_arm/share/xolobot_arm/local_setup.zsh
[1.045s] -- Up-to-date: /home/monica/ros2_ws/install/xolobot_arm/share/xolobot_arm/local_setup.dsv
[1.045s] -- Installing: /home/monica/ros2_ws/install/xolobot_arm/share/xolobot_arm/package.dsv
[1.047s] -- Up-to-date: /home/monica/ros2_ws/install/xolobot_arm/share/ament_index/resource_index/packages/xolobot_arm
[1.048s] -- Up-to-date: /home/monica/ros2_ws/install/xolobot_arm/share/xolobot_arm/cmake/xolobot_armConfig.cmake
[1.048s] -- Up-to-date: /home/monica/ros2_ws/install/xolobot_arm/share/xolobot_arm/cmake/xolobot_armConfig-version.cmake
[1.051s] -- Up-to-date: /home/monica/ros2_ws/install/xolobot_arm/share/xolobot_arm/package.xml
[1.052s] Invoked command in '/home/monica/ros2_ws/build/xolobot_arm' returned '0': CMAKE_PREFIX_PATH=${CMAKE_PREFIX_PATH}:/opt/ros/iron /usr/bin/cmake --install /home/monica/ros2_ws/build/xolobot_arm
