[01m[K/home/monica/ros2_ws/src/xolobot_arm_server/src/SimulationController.cpp:[m[K In member function ‘[01m[Kvoid SimulationController::deteccionColision(gazebo_msgs::msg::ContactsState_<std::allocator<void> >::SharedPtr)[m[K’:
[01m[K/home/monica/ros2_ws/src/xolobot_arm_server/src/SimulationController.cpp:39:23:[m[K [01;31m[Kerror: [m[K‘[01m[Kusing element_type = struct gazebo_msgs::msg::ContactsState_<std::allocator<void> >[m[K’ {aka ‘[01m[Kstruct gazebo_msgs::msg::ContactsState_<std::allocator<void> >[m[K’} has no member named ‘[01m[Ktotal_wrench[m[K’
   39 |         if (fabs(msg->[01;31m[Ktotal_wrench[m[K.force.x) > fuerza_umbral ||
      |                       [01;31m[K^~~~~~~~~~~~[m[K
[01m[K/home/monica/ros2_ws/src/xolobot_arm_server/src/SimulationController.cpp:40:23:[m[K [01;31m[Kerror: [m[K‘[01m[Kusing element_type = struct gazebo_msgs::msg::ContactsState_<std::allocator<void> >[m[K’ {aka ‘[01m[Kstruct gazebo_msgs::msg::ContactsState_<std::allocator<void> >[m[K’} has no member named ‘[01m[Ktotal_wrench[m[K’
   40 |             fabs(msg->[01;31m[Ktotal_wrench[m[K.force.y) > fuerza_umbral ||
      |                       [01;31m[K^~~~~~~~~~~~[m[K
[01m[K/home/monica/ros2_ws/src/xolobot_arm_server/src/SimulationController.cpp:41:23:[m[K [01;31m[Kerror: [m[K‘[01m[Kusing element_type = struct gazebo_msgs::msg::ContactsState_<std::allocator<void> >[m[K’ {aka ‘[01m[Kstruct gazebo_msgs::msg::ContactsState_<std::allocator<void> >[m[K’} has no member named ‘[01m[Ktotal_wrench[m[K’
   41 |             fabs(msg->[01;31m[Ktotal_wrench[m[K.force.z) > fuerza_umbral) {
      |                       [01;31m[K^~~~~~~~~~~~[m[K
In file included from [01m[K/opt/ros/iron/include/rclcpp/rclcpp/logging.hpp:24[m[K,
                 from [01m[K/opt/ros/iron/include/rclcpp/rclcpp/client.hpp:43[m[K,
                 from [01m[K/opt/ros/iron/include/rclcpp/rclcpp/callback_group.hpp:24[m[K,
                 from [01m[K/opt/ros/iron/include/rclcpp/rclcpp/any_executable.hpp:20[m[K,
                 from [01m[K/opt/ros/iron/include/rclcpp/rclcpp/memory_strategy.hpp:25[m[K,
                 from [01m[K/opt/ros/iron/include/rclcpp/rclcpp/memory_strategies.hpp:18[m[K,
                 from [01m[K/opt/ros/iron/include/rclcpp/rclcpp/executor_options.hpp:20[m[K,
                 from [01m[K/opt/ros/iron/include/rclcpp/rclcpp/executor.hpp:37[m[K,
                 from [01m[K/opt/ros/iron/include/rclcpp/rclcpp/executors/multi_threaded_executor.hpp:25[m[K,
                 from [01m[K/opt/ros/iron/include/rclcpp/rclcpp/executors.hpp:21[m[K,
                 from [01m[K/opt/ros/iron/include/rclcpp/rclcpp/rclcpp.hpp:167[m[K,
                 from [01m[K/home/monica/ros2_ws/src/xolobot_arm_server/src/SimulationController.h:4[m[K,
                 from [01m[K/home/monica/ros2_ws/src/xolobot_arm_server/src/SimulationController.cpp:1[m[K:
[01m[K/home/monica/ros2_ws/src/xolobot_arm_server/src/SimulationController.cpp:45:34:[m[K [01;31m[Kerror: [m[K‘[01m[Kusing element_type = struct gazebo_msgs::msg::ContactsState_<std::allocator<void> >[m[K’ {aka ‘[01m[Kstruct gazebo_msgs::msg::ContactsState_<std::allocator<void> >[m[K’} has no member named ‘[01m[Ktotal_wrench[m[K’
   45 |                             msg->[01;31m[Ktotal_wrench[m[K.force.x, msg->total_wrench.force.y, msg->total_wrench.force.z);
      |                                  [01;31m[K^~~~~~~~~~~~[m[K
[01m[K/home/monica/ros2_ws/src/xolobot_arm_server/src/SimulationController.cpp:45:61:[m[K [01;31m[Kerror: [m[K‘[01m[Kusing element_type = struct gazebo_msgs::msg::ContactsState_<std::allocator<void> >[m[K’ {aka ‘[01m[Kstruct gazebo_msgs::msg::ContactsState_<std::allocator<void> >[m[K’} has no member named ‘[01m[Ktotal_wrench[m[K’
   45 |                             msg->total_wrench.force.x, msg->[01;31m[Ktotal_wrench[m[K.force.y, msg->total_wrench.force.z);
      |                                                             [01;31m[K^~~~~~~~~~~~[m[K
[01m[K/home/monica/ros2_ws/src/xolobot_arm_server/src/SimulationController.cpp:45:88:[m[K [01;31m[Kerror: [m[K‘[01m[Kusing element_type = struct gazebo_msgs::msg::ContactsState_<std::allocator<void> >[m[K’ {aka ‘[01m[Kstruct gazebo_msgs::msg::ContactsState_<std::allocator<void> >[m[K’} has no member named ‘[01m[Ktotal_wrench[m[K’
   45 |                             msg->total_wrench.force.x, msg->total_wrench.force.y, msg->[01;31m[Ktotal_wrench[m[K.force.z);
      |                                                                                        [01;31m[K^~~~~~~~~~~~[m[K
gmake[2]: *** [CMakeFiles/xolobot_arm_server.dir/build.make:90: CMakeFiles/xolobot_arm_server.dir/src/SimulationController.cpp.o] Error 1
gmake[1]: *** [CMakeFiles/Makefile2:137: CMakeFiles/xolobot_arm_server.dir/all] Error 2
gmake: *** [Makefile:146: all] Error 2
