[0.130s] Invoking command in '/home/monica/ros2_ws/build/xolobot_control': CMAKE_PREFIX_PATH=${CMAKE_PREFIX_PATH}:/opt/ros/iron /usr/bin/cmake --build /home/monica/ros2_ws/build/xolobot_control -- -j2 -l2
[0.381s] Invoked command in '/home/monica/ros2_ws/build/xolobot_control' returned '0': CMAKE_PREFIX_PATH=${CMAKE_PREFIX_PATH}:/opt/ros/iron /usr/bin/cmake --build /home/monica/ros2_ws/build/xolobot_control -- -j2 -l2
[0.388s] Invoking command in '/home/monica/ros2_ws/build/xolobot_control': CMAKE_PREFIX_PATH=${CMAKE_PREFIX_PATH}:/opt/ros/iron /usr/bin/cmake --install /home/monica/ros2_ws/build/xolobot_control
[0.438s] -- Install configuration: ""
[0.445s] -- Execute custom install script
[0.445s] -- Up-to-date symlink: /home/monica/ros2_ws/install/xolobot_control/share/xolobot_control/config/rrobot_control.yaml
[0.445s] -- Up-to-date symlink: /home/monica/ros2_ws/install/xolobot_control/share/xolobot_control/config/xolobot_control.yaml
[0.450s] -- Up-to-date symlink: /home/monica/ros2_ws/install/xolobot_control/share/ament_index/resource_index/package_run_dependencies/xolobot_control
[0.451s] -- Up-to-date symlink: /home/monica/ros2_ws/install/xolobot_control/share/ament_index/resource_index/parent_prefix_path/xolobot_control
[0.452s] -- Up-to-date symlink: /home/monica/ros2_ws/install/xolobot_control/share/xolobot_control/environment/ament_prefix_path.sh
[0.455s] -- Up-to-date symlink: /home/monica/ros2_ws/install/xolobot_control/share/xolobot_control/environment/ament_prefix_path.dsv
[0.457s] -- Up-to-date symlink: /home/monica/ros2_ws/install/xolobot_control/share/xolobot_control/environment/path.sh
[0.462s] -- Up-to-date symlink: /home/monica/ros2_ws/install/xolobot_control/share/xolobot_control/environment/path.dsv
[0.462s] -- Up-to-date symlink: /home/monica/ros2_ws/install/xolobot_control/share/xolobot_control/local_setup.bash
[0.465s] -- Up-to-date symlink: /home/monica/ros2_ws/install/xolobot_control/share/xolobot_control/local_setup.sh
[0.466s] -- Up-to-date symlink: /home/monica/ros2_ws/install/xolobot_control/share/xolobot_control/local_setup.zsh
[0.470s] -- Up-to-date symlink: /home/monica/ros2_ws/install/xolobot_control/share/xolobot_control/local_setup.dsv
[0.471s] -- Symlinking: /home/monica/ros2_ws/install/xolobot_control/share/xolobot_control/package.dsv
[0.532s] -- Up-to-date symlink: /home/monica/ros2_ws/install/xolobot_control/share/ament_index/resource_index/packages/xolobot_control
[0.536s] -- Up-to-date symlink: /home/monica/ros2_ws/install/xolobot_control/share/xolobot_control/cmake/xolobot_controlConfig.cmake
[0.537s] -- Up-to-date symlink: /home/monica/ros2_ws/install/xolobot_control/share/xolobot_control/cmake/xolobot_controlConfig-version.cmake
[0.537s] -- Up-to-date symlink: /home/monica/ros2_ws/install/xolobot_control/share/xolobot_control/package.xml
[0.553s] Invoked command in '/home/monica/ros2_ws/build/xolobot_control' returned '0': CMAKE_PREFIX_PATH=${CMAKE_PREFIX_PATH}:/opt/ros/iron /usr/bin/cmake --install /home/monica/ros2_ws/build/xolobot_control
