[0.072s] Invoking command in '/home/monica/ros2_ws/build/xolobot_arm_server': CMAKE_PREFIX_PATH=${CMAKE_PREFIX_PATH}:/opt/ros/iron /usr/bin/cmake --build /home/monica/ros2_ws/build/xolobot_arm_server -- -j2 -l2
[0.650s] [ 33%] [32mBuilding CXX object CMakeFiles/xolobot_arm_server.dir/src/startServerNode.cpp.o[0m
[12.750s] In file included from [01m[K/home/monica/ros2_ws/src/xolobot_arm_server/src/startServerNode.cpp:1[m[K:
[12.750s] [01m[K/home/monica/ros2_ws/src/xolobot_arm_server/src/SimulationController.h:35:13:[m[K [01;31m[Kerror: [m[K‘[01m[KNodeHandle[m[K’ in namespace ‘[01m[Krclcpp[m[K’ does not name a type
[12.751s]    35 |     rclcpp::[01;31m[KNodeHandle[m[K nh;
[12.751s]       |             [01;31m[K^~~~~~~~~~[m[K
[12.753s] [01m[K/home/monica/ros2_ws/src/xolobot_arm_server/src/SimulationController.h:37:5:[m[K [01;31m[Kerror: [m[Ktemplate placeholder type ‘[01m[KPublisher<...auto...>[m[K’ must be followed by a simple declarator-id
[12.753s]    37 |     [01;31m[Krclcpp[m[K::Publisher jointPub[TOTAL_JOINTS];
[12.755s]       |     [01;31m[K^~~~~~[m[K
[12.759s] In file included from [01m[K/opt/ros/iron/include/rclcpp/rclcpp/topic_statistics/subscription_topic_statistics.hpp:31[m[K,
[12.761s]                  from [01m[K/opt/ros/iron/include/rclcpp/rclcpp/subscription.hpp:50[m[K,
[12.762s]                  from [01m[K/opt/ros/iron/include/rclcpp/rclcpp/any_executable.hpp:25[m[K,
[12.763s]                  from [01m[K/opt/ros/iron/include/rclcpp/rclcpp/memory_strategy.hpp:25[m[K,
[12.766s]                  from [01m[K/opt/ros/iron/include/rclcpp/rclcpp/memory_strategies.hpp:18[m[K,
[12.767s]                  from [01m[K/opt/ros/iron/include/rclcpp/rclcpp/executor_options.hpp:20[m[K,
[12.767s]                  from [01m[K/opt/ros/iron/include/rclcpp/rclcpp/executor.hpp:37[m[K,
[12.768s]                  from [01m[K/opt/ros/iron/include/rclcpp/rclcpp/executors/multi_threaded_executor.hpp:25[m[K,
[12.768s]                  from [01m[K/opt/ros/iron/include/rclcpp/rclcpp/executors.hpp:21[m[K,
[12.768s]                  from [01m[K/opt/ros/iron/include/rclcpp/rclcpp/rclcpp.hpp:167[m[K,
[12.768s]                  from [01m[K/home/monica/ros2_ws/src/xolobot_arm_server/src/SimulationController.h:4[m[K,
[12.769s]                  from [01m[K/home/monica/ros2_ws/src/xolobot_arm_server/src/startServerNode.cpp:1[m[K:
[12.769s] [01m[K/opt/ros/iron/include/rclcpp/rclcpp/publisher.hpp:77:7:[m[K [01;36m[Knote: [m[K‘[01m[Ktemplate<class MessageT, class AllocatorT> class rclcpp::Publisher[m[K’ declared here
[12.774s]    77 | class [01;36m[KPublisher[m[K : public PublisherBase
[12.775s]       |       [01;36m[K^~~~~~~~~[m[K
[13.109s] [01m[K/home/monica/ros2_ws/src/xolobot_arm_server/src/startServerNode.cpp:[m[K In function ‘[01m[Kint main(int, char**)[m[K’:
[13.110s] [01m[K/home/monica/ros2_ws/src/xolobot_arm_server/src/startServerNode.cpp:20:29:[m[K [01;31m[Kerror: [m[Kinvalid initialization of reference of type ‘[01m[Kconst rclcpp::InitOptions&[m[K’ from expression of type ‘[01m[Kconst char [19][m[K’
[13.110s]    20 |    rclcpp::init(argc, argv, [01;31m[K"xolobot_arm_server"[m[K);
[13.113s]       |                             [01;31m[K^~~~~~~~~~~~~~~~~~~~[m[K
[13.115s] In file included from [01m[K/opt/ros/iron/include/rclcpp/rclcpp/logging.hpp:25[m[K,
[13.117s]                  from [01m[K/opt/ros/iron/include/rclcpp/rclcpp/client.hpp:43[m[K,
[13.118s]                  from [01m[K/opt/ros/iron/include/rclcpp/rclcpp/callback_group.hpp:24[m[K,
[13.118s]                  from [01m[K/opt/ros/iron/include/rclcpp/rclcpp/any_executable.hpp:20[m[K,
[13.118s]                  from [01m[K/opt/ros/iron/include/rclcpp/rclcpp/memory_strategy.hpp:25[m[K,
[13.120s]                  from [01m[K/opt/ros/iron/include/rclcpp/rclcpp/memory_strategies.hpp:18[m[K,
[13.120s]                  from [01m[K/opt/ros/iron/include/rclcpp/rclcpp/executor_options.hpp:20[m[K,
[13.120s]                  from [01m[K/opt/ros/iron/include/rclcpp/rclcpp/executor.hpp:37[m[K,
[13.120s]                  from [01m[K/opt/ros/iron/include/rclcpp/rclcpp/executors/multi_threaded_executor.hpp:25[m[K,
[13.121s]                  from [01m[K/opt/ros/iron/include/rclcpp/rclcpp/executors.hpp:21[m[K,
[13.121s]                  from [01m[K/opt/ros/iron/include/rclcpp/rclcpp/rclcpp.hpp:167[m[K,
[13.126s]                  from [01m[K/home/monica/ros2_ws/src/xolobot_arm_server/src/SimulationController.h:4[m[K,
[13.128s]                  from [01m[K/home/monica/ros2_ws/src/xolobot_arm_server/src/startServerNode.cpp:1[m[K:
[13.130s] [01m[K/opt/ros/iron/include/rclcpp/rclcpp/utilities.hpp:78:23:[m[K [01;36m[Knote: [m[Kin passing argument 3 of ‘[01m[Kvoid rclcpp::init(int, const char* const*, const rclcpp::InitOptions&, rclcpp::SignalHandlerOptions)[m[K’
[13.131s]    78 |   [01;36m[Kconst InitOptions & init_options = InitOptions()[m[K,
[13.132s]       |   [01;36m[K~~~~~~~~~~~~~~~~~~~~^~~~~~~~~~~~~~~~~~~~~~~~~~~~[m[K
[13.133s] [01m[K/home/monica/ros2_ws/src/xolobot_arm_server/src/startServerNode.cpp:26:4:[m[K [01;31m[Kerror: [m[K‘[01m[KROS_INFO[m[K’ was not declared in this scope
[13.136s]    26 |    [01;31m[KROS_INFO[m[K("La simulacion ha terminado\n");
[13.136s]       |    [01;31m[K^~~~~~~~[m[K
[16.551s] gmake[2]: *** [CMakeFiles/xolobot_arm_server.dir/build.make:76: CMakeFiles/xolobot_arm_server.dir/src/startServerNode.cpp.o] Error 1
[16.558s] gmake[1]: *** [CMakeFiles/Makefile2:137: CMakeFiles/xolobot_arm_server.dir/all] Error 2
[16.559s] gmake: *** [Makefile:146: all] Error 2
[16.571s] Invoked command in '/home/monica/ros2_ws/build/xolobot_arm_server' returned '2': CMAKE_PREFIX_PATH=${CMAKE_PREFIX_PATH}:/opt/ros/iron /usr/bin/cmake --build /home/monica/ros2_ws/build/xolobot_arm_server -- -j2 -l2
