[0.055s] Invoking command in '/home/monica/ros2_ws/build/xolobot_arm_server': CMAKE_PREFIX_PATH=${CMAKE_PREFIX_PATH}:/opt/ros/iron /usr/bin/cmake --build /home/monica/ros2_ws/build/xolobot_arm_server -- -j2 -l2
[0.408s] [35m[1mConsolidate compiler generated dependencies of target xolobot_arm_server[0m
[0.535s] [ 33%] [32mBuilding CXX object CMakeFiles/xolobot_arm_server.dir/src/SimulationController.cpp.o[0m
[12.970s] [ 66%] [32m[1mLinking CXX executable xolobot_arm_server[0m
[24.159s] [100%] Built target xolobot_arm_server
[24.187s] Invoked command in '/home/monica/ros2_ws/build/xolobot_arm_server' returned '0': CMAKE_PREFIX_PATH=${CMAKE_PREFIX_PATH}:/opt/ros/iron /usr/bin/cmake --build /home/monica/ros2_ws/build/xolobot_arm_server -- -j2 -l2
[24.215s] Invoking command in '/home/monica/ros2_ws/build/xolobot_arm_server': CMAKE_PREFIX_PATH=${CMAKE_PREFIX_PATH}:/opt/ros/iron /usr/bin/cmake --install /home/monica/ros2_ws/build/xolobot_arm_server
[24.239s] -- Install configuration: ""
[24.248s] -- Installing: /home/monica/ros2_ws/install/xolobot_arm_server/lib/xolobot_arm_server/xolobot_arm_server
[24.254s] -- Set runtime path of "/home/monica/ros2_ws/install/xolobot_arm_server/lib/xolobot_arm_server/xolobot_arm_server" to ""
[24.254s] -- Up-to-date: /home/monica/ros2_ws/install/xolobot_arm_server/share/ament_index/resource_index/package_run_dependencies/xolobot_arm_server
[24.255s] -- Up-to-date: /home/monica/ros2_ws/install/xolobot_arm_server/share/ament_index/resource_index/parent_prefix_path/xolobot_arm_server
[24.255s] -- Up-to-date: /home/monica/ros2_ws/install/xolobot_arm_server/share/xolobot_arm_server/environment/ament_prefix_path.sh
[24.255s] -- Up-to-date: /home/monica/ros2_ws/install/xolobot_arm_server/share/xolobot_arm_server/environment/ament_prefix_path.dsv
[24.256s] -- Up-to-date: /home/monica/ros2_ws/install/xolobot_arm_server/share/xolobot_arm_server/environment/path.sh
[24.256s] -- Up-to-date: /home/monica/ros2_ws/install/xolobot_arm_server/share/xolobot_arm_server/environment/path.dsv
[24.256s] -- Up-to-date: /home/monica/ros2_ws/install/xolobot_arm_server/share/xolobot_arm_server/local_setup.bash
[24.256s] -- Up-to-date: /home/monica/ros2_ws/install/xolobot_arm_server/share/xolobot_arm_server/local_setup.sh
[24.257s] -- Up-to-date: /home/monica/ros2_ws/install/xolobot_arm_server/share/xolobot_arm_server/local_setup.zsh
[24.257s] -- Up-to-date: /home/monica/ros2_ws/install/xolobot_arm_server/share/xolobot_arm_server/local_setup.dsv
[24.258s] -- Installing: /home/monica/ros2_ws/install/xolobot_arm_server/share/xolobot_arm_server/package.dsv
[24.258s] -- Up-to-date: /home/monica/ros2_ws/install/xolobot_arm_server/share/ament_index/resource_index/packages/xolobot_arm_server
[24.258s] -- Up-to-date: /home/monica/ros2_ws/install/xolobot_arm_server/share/xolobot_arm_server/cmake/xolobot_arm_serverConfig.cmake
[24.258s] -- Up-to-date: /home/monica/ros2_ws/install/xolobot_arm_server/share/xolobot_arm_server/cmake/xolobot_arm_serverConfig-version.cmake
[24.258s] -- Up-to-date: /home/monica/ros2_ws/install/xolobot_arm_server/share/xolobot_arm_server/package.xml
[24.262s] Invoked command in '/home/monica/ros2_ws/build/xolobot_arm_server' returned '0': CMAKE_PREFIX_PATH=${CMAKE_PREFIX_PATH}:/opt/ros/iron /usr/bin/cmake --install /home/monica/ros2_ws/build/xolobot_arm_server
