-- Found ament_cmake: 2.0.6 (/opt/ros/iron/share/ament_cmake/cmake)
-- Found rclcpp: 21.0.7 (/opt/ros/iron/share/rclcpp/cmake)
-- Found rosidl_generator_c: 4.0.1 (/opt/ros/iron/share/rosidl_generator_c/cmake)
-- Found rosidl_generator_cpp: 4.0.1 (/opt/ros/iron/share/rosidl_generator_cpp/cmake)
-- Using all available rosidl_typesupport_c: rosidl_typesupport_fastrtps_c;rosidl_typesupport_introspection_c
-- Using all available rosidl_typesupport_cpp: rosidl_typesupport_fastrtps_cpp;rosidl_typesupport_introspection_cpp
-- Found rmw_implementation_cmake: 7.1.0 (/opt/ros/iron/share/rmw_implementation_cmake/cmake)
-- Found rmw_fastrtps_cpp: 7.1.4 (/opt/ros/iron/share/rmw_fastrtps_cpp/cmake)
-- Using RMW implementation 'rmw_fastrtps_cpp' as default
-- Found std_msgs: 5.0.1 (/opt/ros/iron/share/std_msgs/cmake)
-- Configuring done
-- Generating done
-- Build files have been written to: /home/monica/ros2_ws/build/xolobot_arm_server
[ 33%] [32mBuilding CXX object CMakeFiles/xolobot_arm_server.dir/src/SimulationController.cpp.o[0m
[ 66%] [32mBuilding CXX object CMakeFiles/xolobot_arm_server.dir/src/startServerNode.cpp.o[0m
In file included from [01m[K/home/monica/ros2_ws/src/xolobot_arm_server/src/SimulationController.cpp:1[m[K:
[01m[K/home/monica/ros2_ws/src/xolobot_arm_server/src/SimulationController.hpp:5:10:[m[K [01;31m[Kfatal error: [m[Kstd_msgs/msg/float64.hpp: No existe el archivo o el directorio
    5 | #include [01;31m[K<std_msgs/msg/float64.hpp>[m[K  // Para los mensajes de tipo Float64
      |          [01;31m[K^~~~~~~~~~~~~~~~~~~~~~~~~~[m[K
In file included from [01m[K/home/monica/ros2_ws/src/xolobot_arm_server/src/startServerNode.cpp:1[m[K:
[01m[K/home/monica/ros2_ws/src/xolobot_arm_server/src/SimulationController.hpp:5:10:[m[K [01;31m[Kfatal error: [m[Kstd_msgs/msg/float64.hpp: No existe el archivo o el directorio
    5 | #include [01;31m[K<std_msgs/msg/float64.hpp>[m[K  // Para los mensajes de tipo Float64
      |          [01;31m[K^~~~~~~~~~~~~~~~~~~~~~~~~~[m[K
compilation terminated.
compilation terminated.
gmake[2]: *** [CMakeFiles/xolobot_arm_server.dir/build.make:76: CMakeFiles/xolobot_arm_server.dir/src/startServerNode.cpp.o] Error 1
gmake[2]: *** Se espera a que terminen otras tareas....
gmake[2]: *** [CMakeFiles/xolobot_arm_server.dir/build.make:90: CMakeFiles/xolobot_arm_server.dir/src/SimulationController.cpp.o] Error 1
gmake[1]: *** [CMakeFiles/Makefile2:137: CMakeFiles/xolobot_arm_server.dir/all] Error 2
gmake: *** [Makefile:146: all] Error 2
