[0.405s] DEBUG:colcon:Command line arguments: ['/usr/bin/colcon', 'build']
[0.405s] DEBUG:colcon:Parsed command line arguments: Namespace(log_base=None, log_level=None, verb_name='build', build_base='build', install_base='install', merge_install=False, symlink_install=False, test_result_base=None, continue_on_error=False, executor='parallel', parallel_workers=2, event_handlers=None, ignore_user_meta=False, metas=['./colcon.meta'], base_paths=['.'], packages_ignore=None, packages_ignore_regex=None, paths=None, packages_up_to=None, packages_up_to_regex=None, packages_above=None, packages_above_and_dependencies=None, packages_above_depth=None, packages_select_by_dep=None, packages_skip_by_dep=None, packages_skip_up_to=None, packages_select_build_failed=False, packages_skip_build_finished=False, packages_select_test_failures=False, packages_skip_test_passed=False, packages_select=None, packages_skip=None, packages_select_regex=None, packages_skip_regex=None, packages_start=None, packages_end=None, allow_overriding=[], cmake_args=None, cmake_target=None, cmake_target_skip_unavailable=False, cmake_clean_cache=False, cmake_clean_first=False, cmake_force_configure=False, ament_cmake_args=None, catkin_cmake_args=None, catkin_skip_building_tests=False, mixin_files=None, mixin=None, verb_parser=<colcon_mixin.mixin.mixin_argument.MixinArgumentDecorator object at 0x73d12705a8c0>, verb_extension=<colcon_core.verb.build.BuildVerb object at 0x73d12705a3e0>, main=<bound method BuildVerb.main of <colcon_core.verb.build.BuildVerb object at 0x73d12705a3e0>>, mixin_verb=('build',))
[1.205s] Level 1:colcon.colcon_core.package_discovery:discover_packages(colcon_meta) check parameters
[1.205s] Level 1:colcon.colcon_core.package_discovery:discover_packages(recursive) check parameters
[1.205s] Level 1:colcon.colcon_core.package_discovery:discover_packages(ignore) check parameters
[1.205s] Level 1:colcon.colcon_core.package_discovery:discover_packages(path) check parameters
[1.205s] Level 1:colcon.colcon_core.package_discovery:discover_packages(colcon_meta) discover
[1.205s] Level 1:colcon.colcon_core.package_discovery:discover_packages(recursive) discover
[1.206s] INFO:colcon.colcon_core.package_discovery:Crawling recursively for packages in '/home/monica/ros2_ws'
[1.206s] Level 1:colcon.colcon_core.package_identification:_identify(.) by extensions ['ignore', 'ignore_ament_install']
[1.206s] Level 1:colcon.colcon_core.package_identification:_identify(.) by extension 'ignore'
[1.206s] Level 1:colcon.colcon_core.package_identification:_identify(.) by extension 'ignore_ament_install'
[1.206s] Level 1:colcon.colcon_core.package_identification:_identify(.) by extensions ['colcon_pkg']
[1.206s] Level 1:colcon.colcon_core.package_identification:_identify(.) by extension 'colcon_pkg'
[1.207s] Level 1:colcon.colcon_core.package_identification:_identify(.) by extensions ['colcon_meta']
[1.207s] Level 1:colcon.colcon_core.package_identification:_identify(.) by extension 'colcon_meta'
[1.207s] Level 1:colcon.colcon_core.package_identification:_identify(.) by extensions ['ros']
[1.207s] Level 1:colcon.colcon_core.package_identification:_identify(.) by extension 'ros'
[1.240s] Level 1:colcon.colcon_core.package_identification:_identify(.) by extensions ['cmake', 'python']
[1.240s] Level 1:colcon.colcon_core.package_identification:_identify(.) by extension 'cmake'
[1.240s] Level 1:colcon.colcon_core.package_identification:_identify(.) by extension 'python'
[1.240s] Level 1:colcon.colcon_core.package_identification:_identify(.) by extensions ['python_setup_py']
[1.240s] Level 1:colcon.colcon_core.package_identification:_identify(.) by extension 'python_setup_py'
[1.241s] Level 1:colcon.colcon_core.package_identification:_identify(build) by extensions ['ignore', 'ignore_ament_install']
[1.241s] Level 1:colcon.colcon_core.package_identification:_identify(build) by extension 'ignore'
[1.241s] Level 1:colcon.colcon_core.package_identification:_identify(build) ignored
[1.241s] Level 1:colcon.colcon_core.package_identification:_identify(install) by extensions ['ignore', 'ignore_ament_install']
[1.241s] Level 1:colcon.colcon_core.package_identification:_identify(install) by extension 'ignore'
[1.242s] Level 1:colcon.colcon_core.package_identification:_identify(install) ignored
[1.242s] Level 1:colcon.colcon_core.package_identification:_identify(log) by extensions ['ignore', 'ignore_ament_install']
[1.243s] Level 1:colcon.colcon_core.package_identification:_identify(log) by extension 'ignore'
[1.243s] Level 1:colcon.colcon_core.package_identification:_identify(log) ignored
[1.243s] Level 1:colcon.colcon_core.package_identification:_identify(src) by extensions ['ignore', 'ignore_ament_install']
[1.243s] Level 1:colcon.colcon_core.package_identification:_identify(src) by extension 'ignore'
[1.243s] Level 1:colcon.colcon_core.package_identification:_identify(src) by extension 'ignore_ament_install'
[1.243s] Level 1:colcon.colcon_core.package_identification:_identify(src) by extensions ['colcon_pkg']
[1.243s] Level 1:colcon.colcon_core.package_identification:_identify(src) by extension 'colcon_pkg'
[1.244s] Level 1:colcon.colcon_core.package_identification:_identify(src) by extensions ['colcon_meta']
[1.244s] Level 1:colcon.colcon_core.package_identification:_identify(src) by extension 'colcon_meta'
[1.244s] Level 1:colcon.colcon_core.package_identification:_identify(src) by extensions ['ros']
[1.244s] Level 1:colcon.colcon_core.package_identification:_identify(src) by extension 'ros'
[1.244s] Level 1:colcon.colcon_core.package_identification:_identify(src) by extensions ['cmake', 'python']
[1.244s] Level 1:colcon.colcon_core.package_identification:_identify(src) by extension 'cmake'
[1.244s] Level 1:colcon.colcon_core.package_identification:_identify(src) by extension 'python'
[1.244s] Level 1:colcon.colcon_core.package_identification:_identify(src) by extensions ['python_setup_py']
[1.244s] Level 1:colcon.colcon_core.package_identification:_identify(src) by extension 'python_setup_py'
[1.245s] Level 1:colcon.colcon_core.package_identification:_identify(src/xolobot_arm) by extensions ['ignore', 'ignore_ament_install']
[1.245s] Level 1:colcon.colcon_core.package_identification:_identify(src/xolobot_arm) by extension 'ignore'
[1.245s] Level 1:colcon.colcon_core.package_identification:_identify(src/xolobot_arm) by extension 'ignore_ament_install'
[1.245s] Level 1:colcon.colcon_core.package_identification:_identify(src/xolobot_arm) by extensions ['colcon_pkg']
[1.245s] Level 1:colcon.colcon_core.package_identification:_identify(src/xolobot_arm) by extension 'colcon_pkg'
[1.245s] Level 1:colcon.colcon_core.package_identification:_identify(src/xolobot_arm) by extensions ['colcon_meta']
[1.245s] Level 1:colcon.colcon_core.package_identification:_identify(src/xolobot_arm) by extension 'colcon_meta'
[1.246s] Level 1:colcon.colcon_core.package_identification:_identify(src/xolobot_arm) by extensions ['ros']
[1.246s] Level 1:colcon.colcon_core.package_identification:_identify(src/xolobot_arm) by extension 'ros'
[1.257s] DEBUG:colcon.colcon_core.package_identification:Package 'src/xolobot_arm' with type 'ros.ament_cmake' and name 'xolobot_arm'
[1.258s] Level 1:colcon.colcon_core.package_identification:_identify(src/xolobot_arm_server) by extensions ['ignore', 'ignore_ament_install']
[1.258s] Level 1:colcon.colcon_core.package_identification:_identify(src/xolobot_arm_server) by extension 'ignore'
[1.258s] Level 1:colcon.colcon_core.package_identification:_identify(src/xolobot_arm_server) by extension 'ignore_ament_install'
[1.258s] Level 1:colcon.colcon_core.package_identification:_identify(src/xolobot_arm_server) by extensions ['colcon_pkg']
[1.258s] Level 1:colcon.colcon_core.package_identification:_identify(src/xolobot_arm_server) by extension 'colcon_pkg'
[1.259s] Level 1:colcon.colcon_core.package_identification:_identify(src/xolobot_arm_server) by extensions ['colcon_meta']
[1.259s] Level 1:colcon.colcon_core.package_identification:_identify(src/xolobot_arm_server) by extension 'colcon_meta'
[1.259s] Level 1:colcon.colcon_core.package_identification:_identify(src/xolobot_arm_server) by extensions ['ros']
[1.259s] Level 1:colcon.colcon_core.package_identification:_identify(src/xolobot_arm_server) by extension 'ros'
[1.285s] DEBUG:colcon.colcon_core.package_identification:Package 'src/xolobot_arm_server' with type 'ros.ament_cmake' and name 'xolobot_arm_server'
[1.286s] Level 1:colcon.colcon_core.package_identification:_identify(src/xolobot_control) by extensions ['ignore', 'ignore_ament_install']
[1.286s] Level 1:colcon.colcon_core.package_identification:_identify(src/xolobot_control) by extension 'ignore'
[1.286s] Level 1:colcon.colcon_core.package_identification:_identify(src/xolobot_control) by extension 'ignore_ament_install'
[1.286s] Level 1:colcon.colcon_core.package_identification:_identify(src/xolobot_control) by extensions ['colcon_pkg']
[1.287s] Level 1:colcon.colcon_core.package_identification:_identify(src/xolobot_control) by extension 'colcon_pkg'
[1.287s] Level 1:colcon.colcon_core.package_identification:_identify(src/xolobot_control) by extensions ['colcon_meta']
[1.287s] Level 1:colcon.colcon_core.package_identification:_identify(src/xolobot_control) by extension 'colcon_meta'
[1.287s] Level 1:colcon.colcon_core.package_identification:_identify(src/xolobot_control) by extensions ['ros']
[1.287s] Level 1:colcon.colcon_core.package_identification:_identify(src/xolobot_control) by extension 'ros'
[1.290s] DEBUG:colcon.colcon_core.package_identification:Package 'src/xolobot_control' with type 'ros.ament_cmake' and name 'xolobot_control'
[1.290s] Level 1:colcon.colcon_core.package_discovery:discover_packages(recursive) using defaults
[1.290s] Level 1:colcon.colcon_core.package_discovery:discover_packages(ignore) discover
[1.290s] Level 1:colcon.colcon_core.package_discovery:discover_packages(ignore) using defaults
[1.290s] Level 1:colcon.colcon_core.package_discovery:discover_packages(path) discover
[1.290s] Level 1:colcon.colcon_core.package_discovery:discover_packages(path) using defaults
[1.350s] Level 1:colcon.colcon_core.package_discovery:discover_packages(prefix_path) check parameters
[1.350s] Level 1:colcon.colcon_core.package_discovery:discover_packages(prefix_path) discover
[1.357s] DEBUG:colcon.colcon_installed_package_information.package_discovery:Found 3 installed packages in /home/monica/ros2_ws/install
[1.366s] DEBUG:colcon.colcon_installed_package_information.package_discovery:Found 355 installed packages in /opt/ros/iron
[1.371s] Level 1:colcon.colcon_core.package_discovery:discover_packages(prefix_path) using defaults
[1.641s] Level 5:colcon.colcon_core.verb:set package 'xolobot_arm' build argument 'cmake_args' from command line to 'None'
[1.641s] Level 5:colcon.colcon_core.verb:set package 'xolobot_arm' build argument 'cmake_target' from command line to 'None'
[1.641s] Level 5:colcon.colcon_core.verb:set package 'xolobot_arm' build argument 'cmake_target_skip_unavailable' from command line to 'False'
[1.641s] Level 5:colcon.colcon_core.verb:set package 'xolobot_arm' build argument 'cmake_clean_cache' from command line to 'False'
[1.641s] Level 5:colcon.colcon_core.verb:set package 'xolobot_arm' build argument 'cmake_clean_first' from command line to 'False'
[1.641s] Level 5:colcon.colcon_core.verb:set package 'xolobot_arm' build argument 'cmake_force_configure' from command line to 'False'
[1.641s] Level 5:colcon.colcon_core.verb:set package 'xolobot_arm' build argument 'ament_cmake_args' from command line to 'None'
[1.641s] Level 5:colcon.colcon_core.verb:set package 'xolobot_arm' build argument 'catkin_cmake_args' from command line to 'None'
[1.641s] Level 5:colcon.colcon_core.verb:set package 'xolobot_arm' build argument 'catkin_skip_building_tests' from command line to 'False'
[1.641s] DEBUG:colcon.colcon_core.verb:Building package 'xolobot_arm' with the following arguments: {'ament_cmake_args': None, 'build_base': '/home/monica/ros2_ws/build/xolobot_arm', 'catkin_cmake_args': None, 'catkin_skip_building_tests': False, 'cmake_args': None, 'cmake_clean_cache': False, 'cmake_clean_first': False, 'cmake_force_configure': False, 'cmake_target': None, 'cmake_target_skip_unavailable': False, 'install_base': '/home/monica/ros2_ws/install/xolobot_arm', 'merge_install': False, 'path': '/home/monica/ros2_ws/src/xolobot_arm', 'symlink_install': False, 'test_result_base': None}
[1.642s] Level 5:colcon.colcon_core.verb:set package 'xolobot_arm_server' build argument 'cmake_args' from command line to 'None'
[1.642s] Level 5:colcon.colcon_core.verb:set package 'xolobot_arm_server' build argument 'cmake_target' from command line to 'None'
[1.642s] Level 5:colcon.colcon_core.verb:set package 'xolobot_arm_server' build argument 'cmake_target_skip_unavailable' from command line to 'False'
[1.643s] Level 5:colcon.colcon_core.verb:set package 'xolobot_arm_server' build argument 'cmake_clean_cache' from command line to 'False'
[1.643s] Level 5:colcon.colcon_core.verb:set package 'xolobot_arm_server' build argument 'cmake_clean_first' from command line to 'False'
[1.643s] Level 5:colcon.colcon_core.verb:set package 'xolobot_arm_server' build argument 'cmake_force_configure' from command line to 'False'
[1.643s] Level 5:colcon.colcon_core.verb:set package 'xolobot_arm_server' build argument 'ament_cmake_args' from command line to 'None'
[1.643s] Level 5:colcon.colcon_core.verb:set package 'xolobot_arm_server' build argument 'catkin_cmake_args' from command line to 'None'
[1.643s] Level 5:colcon.colcon_core.verb:set package 'xolobot_arm_server' build argument 'catkin_skip_building_tests' from command line to 'False'
[1.643s] DEBUG:colcon.colcon_core.verb:Building package 'xolobot_arm_server' with the following arguments: {'ament_cmake_args': None, 'build_base': '/home/monica/ros2_ws/build/xolobot_arm_server', 'catkin_cmake_args': None, 'catkin_skip_building_tests': False, 'cmake_args': None, 'cmake_clean_cache': False, 'cmake_clean_first': False, 'cmake_force_configure': False, 'cmake_target': None, 'cmake_target_skip_unavailable': False, 'install_base': '/home/monica/ros2_ws/install/xolobot_arm_server', 'merge_install': False, 'path': '/home/monica/ros2_ws/src/xolobot_arm_server', 'symlink_install': False, 'test_result_base': None}
[1.644s] Level 5:colcon.colcon_core.verb:set package 'xolobot_control' build argument 'cmake_args' from command line to 'None'
[1.644s] Level 5:colcon.colcon_core.verb:set package 'xolobot_control' build argument 'cmake_target' from command line to 'None'
[1.644s] Level 5:colcon.colcon_core.verb:set package 'xolobot_control' build argument 'cmake_target_skip_unavailable' from command line to 'False'
[1.644s] Level 5:colcon.colcon_core.verb:set package 'xolobot_control' build argument 'cmake_clean_cache' from command line to 'False'
[1.644s] Level 5:colcon.colcon_core.verb:set package 'xolobot_control' build argument 'cmake_clean_first' from command line to 'False'
[1.644s] Level 5:colcon.colcon_core.verb:set package 'xolobot_control' build argument 'cmake_force_configure' from command line to 'False'
[1.644s] Level 5:colcon.colcon_core.verb:set package 'xolobot_control' build argument 'ament_cmake_args' from command line to 'None'
[1.644s] Level 5:colcon.colcon_core.verb:set package 'xolobot_control' build argument 'catkin_cmake_args' from command line to 'None'
[1.644s] Level 5:colcon.colcon_core.verb:set package 'xolobot_control' build argument 'catkin_skip_building_tests' from command line to 'False'
[1.644s] DEBUG:colcon.colcon_core.verb:Building package 'xolobot_control' with the following arguments: {'ament_cmake_args': None, 'build_base': '/home/monica/ros2_ws/build/xolobot_control', 'catkin_cmake_args': None, 'catkin_skip_building_tests': False, 'cmake_args': None, 'cmake_clean_cache': False, 'cmake_clean_first': False, 'cmake_force_configure': False, 'cmake_target': None, 'cmake_target_skip_unavailable': False, 'install_base': '/home/monica/ros2_ws/install/xolobot_control', 'merge_install': False, 'path': '/home/monica/ros2_ws/src/xolobot_control', 'symlink_install': False, 'test_result_base': None}
[1.645s] INFO:colcon.colcon_core.executor:Executing jobs using 'parallel' executor
[1.647s] DEBUG:colcon.colcon_parallel_executor.executor.parallel:run_until_complete
[1.647s] INFO:colcon.colcon_ros.task.ament_cmake.build:Building ROS package in '/home/monica/ros2_ws/src/xolobot_arm' with build type 'ament_cmake'
[1.648s] INFO:colcon.colcon_cmake.task.cmake.build:Building CMake package in '/home/monica/ros2_ws/src/xolobot_arm'
[1.657s] INFO:colcon.colcon_core.plugin_system:Skipping extension 'colcon_core.shell.bat': Not used on non-Windows systems
[1.657s] INFO:colcon.colcon_core.shell:Skip shell extension 'powershell' for command environment: Not usable outside of PowerShell
[1.657s] DEBUG:colcon.colcon_core.shell:Skip shell extension 'dsv' for command environment
[1.669s] INFO:colcon.colcon_ros.task.ament_cmake.build:Building ROS package in '/home/monica/ros2_ws/src/xolobot_arm_server' with build type 'ament_cmake'
[1.670s] INFO:colcon.colcon_cmake.task.cmake.build:Building CMake package in '/home/monica/ros2_ws/src/xolobot_arm_server'
[1.671s] INFO:colcon.colcon_core.shell:Skip shell extension 'powershell' for command environment: Not usable outside of PowerShell
[1.671s] DEBUG:colcon.colcon_core.shell:Skip shell extension 'dsv' for command environment
[1.697s] DEBUG:colcon.colcon_core.event_handler.log_command:Invoking command in '/home/monica/ros2_ws/build/xolobot_arm': CMAKE_PREFIX_PATH=${CMAKE_PREFIX_PATH}:/opt/ros/iron /usr/bin/cmake --build /home/monica/ros2_ws/build/xolobot_arm -- -j2 -l2
[1.715s] DEBUG:colcon.colcon_core.event_handler.log_command:Invoking command in '/home/monica/ros2_ws/build/xolobot_arm_server': CMAKE_PREFIX_PATH=${CMAKE_PREFIX_PATH}:/opt/ros/iron /usr/bin/cmake --build /home/monica/ros2_ws/build/xolobot_arm_server -- -j2 -l2
[1.833s] DEBUG:colcon.colcon_core.event_handler.log_command:Invoked command in '/home/monica/ros2_ws/build/xolobot_arm' returned '0': CMAKE_PREFIX_PATH=${CMAKE_PREFIX_PATH}:/opt/ros/iron /usr/bin/cmake --build /home/monica/ros2_ws/build/xolobot_arm -- -j2 -l2
[1.864s] DEBUG:colcon.colcon_core.event_handler.log_command:Invoking command in '/home/monica/ros2_ws/build/xolobot_arm': CMAKE_PREFIX_PATH=${CMAKE_PREFIX_PATH}:/opt/ros/iron /usr/bin/cmake --install /home/monica/ros2_ws/build/xolobot_arm
[1.916s] Level 1:colcon.colcon_core.environment:create_environment_scripts_only(xolobot_arm)
[1.959s] Level 1:colcon.colcon_core.environment:checking '/home/monica/ros2_ws/install/xolobot_arm' for CMake module files
[1.963s] Level 1:colcon.colcon_core.environment:checking '/home/monica/ros2_ws/install/xolobot_arm' for CMake config files
[1.978s] Level 1:colcon.colcon_core.shell:create_environment_hook('xolobot_arm', 'cmake_prefix_path')
[1.979s] INFO:colcon.colcon_core.shell:Creating environment hook '/home/monica/ros2_ws/install/xolobot_arm/share/xolobot_arm/hook/cmake_prefix_path.ps1'
[1.980s] INFO:colcon.colcon_core.shell:Creating environment descriptor '/home/monica/ros2_ws/install/xolobot_arm/share/xolobot_arm/hook/cmake_prefix_path.dsv'
[1.988s] INFO:colcon.colcon_core.shell:Creating environment hook '/home/monica/ros2_ws/install/xolobot_arm/share/xolobot_arm/hook/cmake_prefix_path.sh'
[1.990s] Level 1:colcon.colcon_core.environment:checking '/home/monica/ros2_ws/install/xolobot_arm/bin'
[1.990s] Level 1:colcon.colcon_core.environment:checking '/home/monica/ros2_ws/install/xolobot_arm/lib/pkgconfig/xolobot_arm.pc'
[1.991s] Level 1:colcon.colcon_core.environment:checking '/home/monica/ros2_ws/install/xolobot_arm/lib/python3.10/site-packages'
[1.991s] Level 1:colcon.colcon_core.environment:checking '/home/monica/ros2_ws/install/xolobot_arm/bin'
[1.992s] DEBUG:colcon.colcon_core.event_handler.log_command:Invoked command in '/home/monica/ros2_ws/build/xolobot_arm' returned '0': CMAKE_PREFIX_PATH=${CMAKE_PREFIX_PATH}:/opt/ros/iron /usr/bin/cmake --install /home/monica/ros2_ws/build/xolobot_arm
[1.993s] INFO:colcon.colcon_core.shell:Creating package script '/home/monica/ros2_ws/install/xolobot_arm/share/xolobot_arm/package.ps1'
[1.997s] INFO:colcon.colcon_core.shell:Creating package descriptor '/home/monica/ros2_ws/install/xolobot_arm/share/xolobot_arm/package.dsv'
[1.999s] INFO:colcon.colcon_core.shell:Creating package script '/home/monica/ros2_ws/install/xolobot_arm/share/xolobot_arm/package.sh'
[2.005s] INFO:colcon.colcon_core.shell:Creating package script '/home/monica/ros2_ws/install/xolobot_arm/share/xolobot_arm/package.bash'
[2.010s] INFO:colcon.colcon_core.shell:Creating package script '/home/monica/ros2_ws/install/xolobot_arm/share/xolobot_arm/package.zsh'
[2.014s] Level 1:colcon.colcon_core.environment:create_file_with_runtime_dependencies(/home/monica/ros2_ws/install/xolobot_arm/share/colcon-core/packages/xolobot_arm)
[2.016s] Level 1:colcon.colcon_core.environment:create_environment_scripts_only(xolobot_arm)
[2.017s] Level 1:colcon.colcon_core.environment:checking '/home/monica/ros2_ws/install/xolobot_arm' for CMake module files
[2.021s] Level 1:colcon.colcon_core.environment:checking '/home/monica/ros2_ws/install/xolobot_arm' for CMake config files
[2.022s] Level 1:colcon.colcon_core.shell:create_environment_hook('xolobot_arm', 'cmake_prefix_path')
[2.022s] INFO:colcon.colcon_core.shell:Creating environment hook '/home/monica/ros2_ws/install/xolobot_arm/share/xolobot_arm/hook/cmake_prefix_path.ps1'
[2.026s] INFO:colcon.colcon_core.shell:Creating environment descriptor '/home/monica/ros2_ws/install/xolobot_arm/share/xolobot_arm/hook/cmake_prefix_path.dsv'
[2.027s] INFO:colcon.colcon_core.shell:Creating environment hook '/home/monica/ros2_ws/install/xolobot_arm/share/xolobot_arm/hook/cmake_prefix_path.sh'
[2.028s] Level 1:colcon.colcon_core.environment:checking '/home/monica/ros2_ws/install/xolobot_arm/bin'
[2.028s] Level 1:colcon.colcon_core.environment:checking '/home/monica/ros2_ws/install/xolobot_arm/lib/pkgconfig/xolobot_arm.pc'
[2.029s] Level 1:colcon.colcon_core.environment:checking '/home/monica/ros2_ws/install/xolobot_arm/lib/python3.10/site-packages'
[2.029s] Level 1:colcon.colcon_core.environment:checking '/home/monica/ros2_ws/install/xolobot_arm/bin'
[2.032s] INFO:colcon.colcon_core.shell:Creating package script '/home/monica/ros2_ws/install/xolobot_arm/share/xolobot_arm/package.ps1'
[2.034s] INFO:colcon.colcon_core.shell:Creating package descriptor '/home/monica/ros2_ws/install/xolobot_arm/share/xolobot_arm/package.dsv'
[2.037s] INFO:colcon.colcon_core.shell:Creating package script '/home/monica/ros2_ws/install/xolobot_arm/share/xolobot_arm/package.sh'
[2.038s] INFO:colcon.colcon_core.shell:Creating package script '/home/monica/ros2_ws/install/xolobot_arm/share/xolobot_arm/package.bash'
[2.040s] INFO:colcon.colcon_core.shell:Creating package script '/home/monica/ros2_ws/install/xolobot_arm/share/xolobot_arm/package.zsh'
[2.041s] Level 1:colcon.colcon_core.environment:create_file_with_runtime_dependencies(/home/monica/ros2_ws/install/xolobot_arm/share/colcon-core/packages/xolobot_arm)
[2.044s] INFO:colcon.colcon_ros.task.ament_cmake.build:Building ROS package in '/home/monica/ros2_ws/src/xolobot_control' with build type 'ament_cmake'
[2.045s] INFO:colcon.colcon_cmake.task.cmake.build:Building CMake package in '/home/monica/ros2_ws/src/xolobot_control'
[2.047s] INFO:colcon.colcon_core.shell:Skip shell extension 'powershell' for command environment: Not usable outside of PowerShell
[2.047s] DEBUG:colcon.colcon_core.shell:Skip shell extension 'dsv' for command environment
[2.096s] DEBUG:colcon.colcon_core.event_handler.log_command:Invoking command in '/home/monica/ros2_ws/build/xolobot_control': CMAKE_PREFIX_PATH=${CMAKE_PREFIX_PATH}:/opt/ros/iron /usr/bin/cmake --build /home/monica/ros2_ws/build/xolobot_control -- -j2 -l2
[2.241s] DEBUG:colcon.colcon_core.event_handler.log_command:Invoked command in '/home/monica/ros2_ws/build/xolobot_arm_server' returned '0': CMAKE_PREFIX_PATH=${CMAKE_PREFIX_PATH}:/opt/ros/iron /usr/bin/cmake --build /home/monica/ros2_ws/build/xolobot_arm_server -- -j2 -l2
[2.245s] DEBUG:colcon.colcon_core.event_handler.log_command:Invoking command in '/home/monica/ros2_ws/build/xolobot_arm_server': CMAKE_PREFIX_PATH=${CMAKE_PREFIX_PATH}:/opt/ros/iron /usr/bin/cmake --install /home/monica/ros2_ws/build/xolobot_arm_server
[2.248s] DEBUG:colcon.colcon_core.event_handler.log_command:Invoked command in '/home/monica/ros2_ws/build/xolobot_control' returned '0': CMAKE_PREFIX_PATH=${CMAKE_PREFIX_PATH}:/opt/ros/iron /usr/bin/cmake --build /home/monica/ros2_ws/build/xolobot_control -- -j2 -l2
[2.253s] DEBUG:colcon.colcon_core.event_handler.log_command:Invoking command in '/home/monica/ros2_ws/build/xolobot_control': CMAKE_PREFIX_PATH=${CMAKE_PREFIX_PATH}:/opt/ros/iron /usr/bin/cmake --install /home/monica/ros2_ws/build/xolobot_control
[2.289s] Level 1:colcon.colcon_core.environment:create_environment_scripts_only(xolobot_arm_server)
[2.290s] Level 1:colcon.colcon_core.environment:checking '/home/monica/ros2_ws/install/xolobot_arm_server' for CMake module files
[2.294s] DEBUG:colcon.colcon_core.event_handler.log_command:Invoked command in '/home/monica/ros2_ws/build/xolobot_arm_server' returned '0': CMAKE_PREFIX_PATH=${CMAKE_PREFIX_PATH}:/opt/ros/iron /usr/bin/cmake --install /home/monica/ros2_ws/build/xolobot_arm_server
[2.297s] Level 1:colcon.colcon_core.environment:checking '/home/monica/ros2_ws/install/xolobot_arm_server' for CMake config files
[2.298s] Level 1:colcon.colcon_core.shell:create_environment_hook('xolobot_arm_server', 'cmake_prefix_path')
[2.299s] INFO:colcon.colcon_core.shell:Creating environment hook '/home/monica/ros2_ws/install/xolobot_arm_server/share/xolobot_arm_server/hook/cmake_prefix_path.ps1'
[2.300s] INFO:colcon.colcon_core.shell:Creating environment descriptor '/home/monica/ros2_ws/install/xolobot_arm_server/share/xolobot_arm_server/hook/cmake_prefix_path.dsv'
[2.300s] INFO:colcon.colcon_core.shell:Creating environment hook '/home/monica/ros2_ws/install/xolobot_arm_server/share/xolobot_arm_server/hook/cmake_prefix_path.sh'
[2.302s] Level 1:colcon.colcon_core.environment:checking '/home/monica/ros2_ws/install/xolobot_arm_server/lib'
[2.302s] Level 1:colcon.colcon_core.environment:checking '/home/monica/ros2_ws/install/xolobot_arm_server/bin'
[2.302s] Level 1:colcon.colcon_core.environment:checking '/home/monica/ros2_ws/install/xolobot_arm_server/lib/pkgconfig/xolobot_arm_server.pc'
[2.303s] Level 1:colcon.colcon_core.environment:checking '/home/monica/ros2_ws/install/xolobot_arm_server/lib/python3.10/site-packages'
[2.303s] Level 1:colcon.colcon_core.environment:checking '/home/monica/ros2_ws/install/xolobot_arm_server/bin'
[2.304s] INFO:colcon.colcon_core.shell:Creating package script '/home/monica/ros2_ws/install/xolobot_arm_server/share/xolobot_arm_server/package.ps1'
[2.305s] INFO:colcon.colcon_core.shell:Creating package descriptor '/home/monica/ros2_ws/install/xolobot_arm_server/share/xolobot_arm_server/package.dsv'
[2.306s] INFO:colcon.colcon_core.shell:Creating package script '/home/monica/ros2_ws/install/xolobot_arm_server/share/xolobot_arm_server/package.sh'
[2.306s] INFO:colcon.colcon_core.shell:Creating package script '/home/monica/ros2_ws/install/xolobot_arm_server/share/xolobot_arm_server/package.bash'
[2.307s] INFO:colcon.colcon_core.shell:Creating package script '/home/monica/ros2_ws/install/xolobot_arm_server/share/xolobot_arm_server/package.zsh'
[2.308s] Level 1:colcon.colcon_core.environment:create_file_with_runtime_dependencies(/home/monica/ros2_ws/install/xolobot_arm_server/share/colcon-core/packages/xolobot_arm_server)
[2.309s] Level 1:colcon.colcon_core.environment:create_environment_scripts_only(xolobot_arm_server)
[2.310s] Level 1:colcon.colcon_core.environment:checking '/home/monica/ros2_ws/install/xolobot_arm_server' for CMake module files
[2.311s] Level 1:colcon.colcon_core.environment:checking '/home/monica/ros2_ws/install/xolobot_arm_server' for CMake config files
[2.312s] Level 1:colcon.colcon_core.shell:create_environment_hook('xolobot_arm_server', 'cmake_prefix_path')
[2.312s] INFO:colcon.colcon_core.shell:Creating environment hook '/home/monica/ros2_ws/install/xolobot_arm_server/share/xolobot_arm_server/hook/cmake_prefix_path.ps1'
[2.313s] INFO:colcon.colcon_core.shell:Creating environment descriptor '/home/monica/ros2_ws/install/xolobot_arm_server/share/xolobot_arm_server/hook/cmake_prefix_path.dsv'
[2.314s] INFO:colcon.colcon_core.shell:Creating environment hook '/home/monica/ros2_ws/install/xolobot_arm_server/share/xolobot_arm_server/hook/cmake_prefix_path.sh'
[2.315s] Level 1:colcon.colcon_core.environment:checking '/home/monica/ros2_ws/install/xolobot_arm_server/lib'
[2.315s] Level 1:colcon.colcon_core.environment:checking '/home/monica/ros2_ws/install/xolobot_arm_server/bin'
[2.315s] Level 1:colcon.colcon_core.environment:checking '/home/monica/ros2_ws/install/xolobot_arm_server/lib/pkgconfig/xolobot_arm_server.pc'
[2.316s] Level 1:colcon.colcon_core.environment:checking '/home/monica/ros2_ws/install/xolobot_arm_server/lib/python3.10/site-packages'
[2.316s] Level 1:colcon.colcon_core.environment:checking '/home/monica/ros2_ws/install/xolobot_arm_server/bin'
[2.317s] INFO:colcon.colcon_core.shell:Creating package script '/home/monica/ros2_ws/install/xolobot_arm_server/share/xolobot_arm_server/package.ps1'
[2.318s] INFO:colcon.colcon_core.shell:Creating package descriptor '/home/monica/ros2_ws/install/xolobot_arm_server/share/xolobot_arm_server/package.dsv'
[2.319s] INFO:colcon.colcon_core.shell:Creating package script '/home/monica/ros2_ws/install/xolobot_arm_server/share/xolobot_arm_server/package.sh'
[2.320s] INFO:colcon.colcon_core.shell:Creating package script '/home/monica/ros2_ws/install/xolobot_arm_server/share/xolobot_arm_server/package.bash'
[2.321s] INFO:colcon.colcon_core.shell:Creating package script '/home/monica/ros2_ws/install/xolobot_arm_server/share/xolobot_arm_server/package.zsh'
[2.322s] Level 1:colcon.colcon_core.environment:create_file_with_runtime_dependencies(/home/monica/ros2_ws/install/xolobot_arm_server/share/colcon-core/packages/xolobot_arm_server)
[2.324s] Level 1:colcon.colcon_core.environment:create_environment_scripts_only(xolobot_control)
[2.325s] Level 1:colcon.colcon_core.environment:checking '/home/monica/ros2_ws/install/xolobot_control' for CMake module files
[2.327s] DEBUG:colcon.colcon_core.event_handler.log_command:Invoked command in '/home/monica/ros2_ws/build/xolobot_control' returned '0': CMAKE_PREFIX_PATH=${CMAKE_PREFIX_PATH}:/opt/ros/iron /usr/bin/cmake --install /home/monica/ros2_ws/build/xolobot_control
[2.327s] Level 1:colcon.colcon_core.environment:checking '/home/monica/ros2_ws/install/xolobot_control' for CMake config files
[2.327s] Level 1:colcon.colcon_core.shell:create_environment_hook('xolobot_control', 'cmake_prefix_path')
[2.328s] INFO:colcon.colcon_core.shell:Creating environment hook '/home/monica/ros2_ws/install/xolobot_control/share/xolobot_control/hook/cmake_prefix_path.ps1'
[2.329s] INFO:colcon.colcon_core.shell:Creating environment descriptor '/home/monica/ros2_ws/install/xolobot_control/share/xolobot_control/hook/cmake_prefix_path.dsv'
[2.329s] INFO:colcon.colcon_core.shell:Creating environment hook '/home/monica/ros2_ws/install/xolobot_control/share/xolobot_control/hook/cmake_prefix_path.sh'
[2.330s] Level 1:colcon.colcon_core.environment:checking '/home/monica/ros2_ws/install/xolobot_control/bin'
[2.331s] Level 1:colcon.colcon_core.environment:checking '/home/monica/ros2_ws/install/xolobot_control/lib/pkgconfig/xolobot_control.pc'
[2.331s] Level 1:colcon.colcon_core.environment:checking '/home/monica/ros2_ws/install/xolobot_control/lib/python3.10/site-packages'
[2.331s] Level 1:colcon.colcon_core.environment:checking '/home/monica/ros2_ws/install/xolobot_control/bin'
[2.332s] INFO:colcon.colcon_core.shell:Creating package script '/home/monica/ros2_ws/install/xolobot_control/share/xolobot_control/package.ps1'
[2.333s] INFO:colcon.colcon_core.shell:Creating package descriptor '/home/monica/ros2_ws/install/xolobot_control/share/xolobot_control/package.dsv'
[2.334s] INFO:colcon.colcon_core.shell:Creating package script '/home/monica/ros2_ws/install/xolobot_control/share/xolobot_control/package.sh'
[2.335s] INFO:colcon.colcon_core.shell:Creating package script '/home/monica/ros2_ws/install/xolobot_control/share/xolobot_control/package.bash'
[2.338s] INFO:colcon.colcon_core.shell:Creating package script '/home/monica/ros2_ws/install/xolobot_control/share/xolobot_control/package.zsh'
[2.339s] Level 1:colcon.colcon_core.environment:create_file_with_runtime_dependencies(/home/monica/ros2_ws/install/xolobot_control/share/colcon-core/packages/xolobot_control)
[2.341s] Level 1:colcon.colcon_core.environment:create_environment_scripts_only(xolobot_control)
[2.342s] Level 1:colcon.colcon_core.environment:checking '/home/monica/ros2_ws/install/xolobot_control' for CMake module files
[2.343s] Level 1:colcon.colcon_core.environment:checking '/home/monica/ros2_ws/install/xolobot_control' for CMake config files
[2.344s] Level 1:colcon.colcon_core.shell:create_environment_hook('xolobot_control', 'cmake_prefix_path')
[2.344s] INFO:colcon.colcon_core.shell:Creating environment hook '/home/monica/ros2_ws/install/xolobot_control/share/xolobot_control/hook/cmake_prefix_path.ps1'
[2.346s] INFO:colcon.colcon_core.shell:Creating environment descriptor '/home/monica/ros2_ws/install/xolobot_control/share/xolobot_control/hook/cmake_prefix_path.dsv'
[2.347s] INFO:colcon.colcon_core.shell:Creating environment hook '/home/monica/ros2_ws/install/xolobot_control/share/xolobot_control/hook/cmake_prefix_path.sh'
[2.349s] Level 1:colcon.colcon_core.environment:checking '/home/monica/ros2_ws/install/xolobot_control/bin'
[2.349s] Level 1:colcon.colcon_core.environment:checking '/home/monica/ros2_ws/install/xolobot_control/lib/pkgconfig/xolobot_control.pc'
[2.350s] Level 1:colcon.colcon_core.environment:checking '/home/monica/ros2_ws/install/xolobot_control/lib/python3.10/site-packages'
[2.350s] Level 1:colcon.colcon_core.environment:checking '/home/monica/ros2_ws/install/xolobot_control/bin'
[2.351s] INFO:colcon.colcon_core.shell:Creating package script '/home/monica/ros2_ws/install/xolobot_control/share/xolobot_control/package.ps1'
[2.353s] INFO:colcon.colcon_core.shell:Creating package descriptor '/home/monica/ros2_ws/install/xolobot_control/share/xolobot_control/package.dsv'
[2.354s] INFO:colcon.colcon_core.shell:Creating package script '/home/monica/ros2_ws/install/xolobot_control/share/xolobot_control/package.sh'
[2.356s] INFO:colcon.colcon_core.shell:Creating package script '/home/monica/ros2_ws/install/xolobot_control/share/xolobot_control/package.bash'
[2.358s] INFO:colcon.colcon_core.shell:Creating package script '/home/monica/ros2_ws/install/xolobot_control/share/xolobot_control/package.zsh'
[2.359s] Level 1:colcon.colcon_core.environment:create_file_with_runtime_dependencies(/home/monica/ros2_ws/install/xolobot_control/share/colcon-core/packages/xolobot_control)
[2.360s] DEBUG:colcon.colcon_parallel_executor.executor.parallel:closing loop
[2.361s] DEBUG:colcon.colcon_parallel_executor.executor.parallel:loop closed
[2.361s] DEBUG:colcon.colcon_parallel_executor.executor.parallel:run_until_complete finished with '0'
[2.362s] DEBUG:colcon.colcon_core.event_reactor:joining thread
[2.388s] INFO:colcon.colcon_core.plugin_system:Skipping extension 'colcon_notification.desktop_notification.terminal_notifier': Not used on non-Darwin systems
[2.389s] INFO:colcon.colcon_core.plugin_system:Skipping extension 'colcon_notification.desktop_notification.win32': Not used on non-Windows systems
[2.389s] INFO:colcon.colcon_notification.desktop_notification:Sending desktop notification using 'notify2'
[2.415s] DEBUG:colcon.colcon_core.event_reactor:joined thread
[2.416s] INFO:colcon.colcon_core.shell:Creating prefix script '/home/monica/ros2_ws/install/local_setup.ps1'
[2.420s] INFO:colcon.colcon_core.shell:Creating prefix util module '/home/monica/ros2_ws/install/_local_setup_util_ps1.py'
[2.426s] INFO:colcon.colcon_core.shell:Creating prefix chain script '/home/monica/ros2_ws/install/setup.ps1'
[2.430s] INFO:colcon.colcon_core.shell:Creating prefix script '/home/monica/ros2_ws/install/local_setup.sh'
[2.431s] INFO:colcon.colcon_core.shell:Creating prefix util module '/home/monica/ros2_ws/install/_local_setup_util_sh.py'
[2.433s] INFO:colcon.colcon_core.shell:Creating prefix chain script '/home/monica/ros2_ws/install/setup.sh'
[2.435s] INFO:colcon.colcon_core.shell:Creating prefix script '/home/monica/ros2_ws/install/local_setup.bash'
[2.437s] INFO:colcon.colcon_core.shell:Creating prefix chain script '/home/monica/ros2_ws/install/setup.bash'
[2.439s] INFO:colcon.colcon_core.shell:Creating prefix script '/home/monica/ros2_ws/install/local_setup.zsh'
[2.441s] INFO:colcon.colcon_core.shell:Creating prefix chain script '/home/monica/ros2_ws/install/setup.zsh'
