[0.025s] Invoking command in '/home/monica/ros2_ws/build/xolobot_control': CMAKE_PREFIX_PATH=${CMAKE_PREFIX_PATH}:/opt/ros/iron /usr/bin/cmake /home/monica/ros2_ws/src/xolobot_control -DCMAKE_INSTALL_PREFIX=/home/monica/ros2_ws/install/xolobot_control
[0.211s] -- The C compiler identification is GNU 11.4.0
[0.413s] -- The CXX compiler identification is GNU 11.4.0
[0.450s] -- Detecting C compiler ABI info
[0.877s] -- Detecting C compiler ABI info - done
[0.928s] -- Check for working C compiler: /usr/bin/cc - skipped
[0.929s] -- Detecting C compile features
[0.935s] -- Detecting C compile features - done
[0.956s] -- Detecting CXX compiler ABI info
[1.912s] -- Detecting CXX compiler ABI info - done
[1.979s] -- Check for working CXX compiler: /usr/bin/c++ - skipped
[1.980s] -- Detecting CXX compile features
[1.985s] -- Detecting CXX compile features - done
[1.999s] -- Found rclcpp: 21.0.8 (/opt/ros/iron/share/rclcpp/cmake)
[3.789s] -- Found Python3: /usr/bin/python3.10 (found version "3.10.12") found components: Interpreter 
[4.905s] -- Found rosidl_generator_c: 4.0.1 (/opt/ros/iron/share/rosidl_generator_c/cmake)
[5.020s] -- Found rosidl_generator_cpp: 4.0.1 (/opt/ros/iron/share/rosidl_generator_cpp/cmake)
[5.158s] -- Using all available rosidl_typesupport_c: rosidl_typesupport_fastrtps_c;rosidl_typesupport_introspection_c
[5.243s] -- Using all available rosidl_typesupport_cpp: rosidl_typesupport_fastrtps_cpp;rosidl_typesupport_introspection_cpp
[6.014s] -- Found rmw_implementation_cmake: 7.1.0 (/opt/ros/iron/share/rmw_implementation_cmake/cmake)
[6.023s] -- Found rmw_fastrtps_cpp: 7.1.4 (/opt/ros/iron/share/rmw_fastrtps_cpp/cmake)
[6.398s] -- Found OpenSSL: /usr/lib/x86_64-linux-gnu/libcrypto.so (found version "3.0.2")  
[6.538s] -- Found FastRTPS: /opt/ros/iron/include  
[6.857s] -- Using RMW implementation 'rmw_fastrtps_cpp' as default
[8.325s] -- Found controller_manager: 3.30.0 (/opt/ros/iron/share/controller_manager/cmake)
[18.848s] -- Found joint_state_broadcaster: 3.28.0 (/opt/ros/iron/share/joint_state_broadcaster/cmake)
[18.966s] -- Found parameter_traits: 0.3.9 (/opt/ros/iron/share/parameter_traits/cmake)
[19.317s] -- Found robot_state_publisher: 3.2.1 (/opt/ros/iron/share/robot_state_publisher/cmake)
[19.426s] -- Found eigen3_cmake_module: 0.2.2 (/opt/ros/iron/share/eigen3_cmake_module/cmake)
[19.438s] -- Found Eigen3: TRUE (found version "3.4.0") 
[19.439s] -- Ensuring Eigen3 include directory is part of orocos-kdl CMake target
[21.727s] -- Configuring done
[21.766s] -- Generating done
[21.799s] -- Build files have been written to: /home/monica/ros2_ws/build/xolobot_control
[21.917s] Invoked command in '/home/monica/ros2_ws/build/xolobot_control' returned '0': CMAKE_PREFIX_PATH=${CMAKE_PREFIX_PATH}:/opt/ros/iron /usr/bin/cmake /home/monica/ros2_ws/src/xolobot_control -DCMAKE_INSTALL_PREFIX=/home/monica/ros2_ws/install/xolobot_control
[21.919s] Invoking command in '/home/monica/ros2_ws/build/xolobot_control': CMAKE_PREFIX_PATH=${CMAKE_PREFIX_PATH}:/opt/ros/iron /usr/bin/cmake --build /home/monica/ros2_ws/build/xolobot_control -- -j2 -l2
[22.084s] Invoked command in '/home/monica/ros2_ws/build/xolobot_control' returned '0': CMAKE_PREFIX_PATH=${CMAKE_PREFIX_PATH}:/opt/ros/iron /usr/bin/cmake --build /home/monica/ros2_ws/build/xolobot_control -- -j2 -l2
[22.091s] Invoking command in '/home/monica/ros2_ws/build/xolobot_control': CMAKE_PREFIX_PATH=${CMAKE_PREFIX_PATH}:/opt/ros/iron /usr/bin/cmake --install /home/monica/ros2_ws/build/xolobot_control
[22.152s] -- Install configuration: ""
[22.153s] -- Installing: /home/monica/ros2_ws/install/xolobot_control/share/ament_index/resource_index/package_run_dependencies/xolobot_control
[22.153s] -- Installing: /home/monica/ros2_ws/install/xolobot_control/share/ament_index/resource_index/parent_prefix_path/xolobot_control
[22.159s] -- Installing: /home/monica/ros2_ws/install/xolobot_control/share/xolobot_control/environment/ament_prefix_path.sh
[22.162s] -- Installing: /home/monica/ros2_ws/install/xolobot_control/share/xolobot_control/environment/ament_prefix_path.dsv
[22.164s] -- Installing: /home/monica/ros2_ws/install/xolobot_control/share/xolobot_control/environment/path.sh
[22.164s] -- Installing: /home/monica/ros2_ws/install/xolobot_control/share/xolobot_control/environment/path.dsv
[22.165s] -- Installing: /home/monica/ros2_ws/install/xolobot_control/share/xolobot_control/local_setup.bash
[22.165s] -- Installing: /home/monica/ros2_ws/install/xolobot_control/share/xolobot_control/local_setup.sh
[22.165s] -- Installing: /home/monica/ros2_ws/install/xolobot_control/share/xolobot_control/local_setup.zsh
[22.166s] -- Installing: /home/monica/ros2_ws/install/xolobot_control/share/xolobot_control/local_setup.dsv
[22.169s] -- Installing: /home/monica/ros2_ws/install/xolobot_control/share/xolobot_control/package.dsv
[22.171s] -- Installing: /home/monica/ros2_ws/install/xolobot_control/share/ament_index/resource_index/packages/xolobot_control
[22.172s] -- Installing: /home/monica/ros2_ws/install/xolobot_control/share/xolobot_control/cmake/xolobot_controlConfig.cmake
[22.177s] -- Installing: /home/monica/ros2_ws/install/xolobot_control/share/xolobot_control/cmake/xolobot_controlConfig-version.cmake
[22.178s] -- Installing: /home/monica/ros2_ws/install/xolobot_control/share/xolobot_control/package.xml
[22.186s] Invoked command in '/home/monica/ros2_ws/build/xolobot_control' returned '0': CMAKE_PREFIX_PATH=${CMAKE_PREFIX_PATH}:/opt/ros/iron /usr/bin/cmake --install /home/monica/ros2_ws/build/xolobot_control
