[0.110s] Invoking command in '/home/monica/ros2_ws/build/xolobot_arm_server': CMAKE_PREFIX_PATH=${CMAKE_PREFIX_PATH}:/opt/ros/iron /usr/bin/cmake --build /home/monica/ros2_ws/build/xolobot_arm_server -- -j2 -l2
[1.010s] [35m[1mConsolidate compiler generated dependencies of target xolobot_arm_server[0m
[1.655s] [ 33%] [32mBuilding CXX object CMakeFiles/xolobot_arm_server.dir/src/SimulationController.cpp.o[0m
[30.332s] [ 66%] [32m[1mLinking CXX executable xolobot_arm_server[0m
[62.220s] [100%] Built target xolobot_arm_server
[62.266s] Invoked command in '/home/monica/ros2_ws/build/xolobot_arm_server' returned '0': CMAKE_PREFIX_PATH=${CMAKE_PREFIX_PATH}:/opt/ros/iron /usr/bin/cmake --build /home/monica/ros2_ws/build/xolobot_arm_server -- -j2 -l2
[62.267s] Invoking command in '/home/monica/ros2_ws/build/xolobot_arm_server': CMAKE_PREFIX_PATH=${CMAKE_PREFIX_PATH}:/opt/ros/iron /usr/bin/cmake --install /home/monica/ros2_ws/build/xolobot_arm_server
[62.299s] -- Install configuration: ""
[62.302s] -- Installing: /home/monica/ros2_ws/install/xolobot_arm_server/lib/xolobot_arm_server/xolobot_arm_server
[62.332s] -- Set runtime path of "/home/monica/ros2_ws/install/xolobot_arm_server/lib/xolobot_arm_server/xolobot_arm_server" to ""
[62.334s] -- Up-to-date: /home/monica/ros2_ws/install/xolobot_arm_server/share/ament_index/resource_index/package_run_dependencies/xolobot_arm_server
[62.335s] -- Up-to-date: /home/monica/ros2_ws/install/xolobot_arm_server/share/ament_index/resource_index/parent_prefix_path/xolobot_arm_server
[62.335s] -- Up-to-date: /home/monica/ros2_ws/install/xolobot_arm_server/share/xolobot_arm_server/environment/ament_prefix_path.sh
[62.335s] -- Up-to-date: /home/monica/ros2_ws/install/xolobot_arm_server/share/xolobot_arm_server/environment/ament_prefix_path.dsv
[62.336s] -- Up-to-date: /home/monica/ros2_ws/install/xolobot_arm_server/share/xolobot_arm_server/environment/path.sh
[62.336s] -- Up-to-date: /home/monica/ros2_ws/install/xolobot_arm_server/share/xolobot_arm_server/environment/path.dsv
[62.336s] -- Up-to-date: /home/monica/ros2_ws/install/xolobot_arm_server/share/xolobot_arm_server/local_setup.bash
[62.337s] -- Up-to-date: /home/monica/ros2_ws/install/xolobot_arm_server/share/xolobot_arm_server/local_setup.sh
[62.337s] -- Up-to-date: /home/monica/ros2_ws/install/xolobot_arm_server/share/xolobot_arm_server/local_setup.zsh
[62.338s] -- Up-to-date: /home/monica/ros2_ws/install/xolobot_arm_server/share/xolobot_arm_server/local_setup.dsv
[62.338s] -- Installing: /home/monica/ros2_ws/install/xolobot_arm_server/share/xolobot_arm_server/package.dsv
[62.338s] -- Up-to-date: /home/monica/ros2_ws/install/xolobot_arm_server/share/ament_index/resource_index/packages/xolobot_arm_server
[62.338s] -- Up-to-date: /home/monica/ros2_ws/install/xolobot_arm_server/share/xolobot_arm_server/cmake/xolobot_arm_serverConfig.cmake
[62.339s] -- Up-to-date: /home/monica/ros2_ws/install/xolobot_arm_server/share/xolobot_arm_server/cmake/xolobot_arm_serverConfig-version.cmake
[62.339s] -- Up-to-date: /home/monica/ros2_ws/install/xolobot_arm_server/share/xolobot_arm_server/package.xml
[62.344s] Invoked command in '/home/monica/ros2_ws/build/xolobot_arm_server' returned '0': CMAKE_PREFIX_PATH=${CMAKE_PREFIX_PATH}:/opt/ros/iron /usr/bin/cmake --install /home/monica/ros2_ws/build/xolobot_arm_server
