[0.120s] Invoking command in '/home/monica/ros2_ws/build/xolobot_arm': CMAKE_PREFIX_PATH=${CMAKE_PREFIX_PATH}:/opt/ros/iron /usr/bin/cmake --build /home/monica/ros2_ws/build/xolobot_arm -- -j2 -l2
[0.547s] Invoked command in '/home/monica/ros2_ws/build/xolobot_arm' returned '0': CMAKE_PREFIX_PATH=${CMAKE_PREFIX_PATH}:/opt/ros/iron /usr/bin/cmake --build /home/monica/ros2_ws/build/xolobot_arm -- -j2 -l2
[0.616s] Invoking command in '/home/monica/ros2_ws/build/xolobot_arm': CMAKE_PREFIX_PATH=${CMAKE_PREFIX_PATH}:/opt/ros/iron /usr/bin/cmake --install /home/monica/ros2_ws/build/xolobot_arm
[0.671s] -- Install configuration: ""
[0.675s] -- Up-to-date: /home/monica/ros2_ws/install/xolobot_arm/share/xolobot_arm/launch
[0.676s] -- Installing: /home/monica/ros2_ws/install/xolobot_arm/share/xolobot_arm/launch/xolobot_arm_control.launch.py
[0.680s] -- Up-to-date: /home/monica/ros2_ws/install/xolobot_arm/share/xolobot_arm/worlds
[0.680s] -- Up-to-date: /home/monica/ros2_ws/install/xolobot_arm/share/xolobot_arm/worlds/coca_levitando.world
[0.681s] -- Up-to-date: /home/monica/ros2_ws/install/xolobot_arm/share/xolobot_arm/models
[0.681s] -- Up-to-date: /home/monica/ros2_ws/install/xolobot_arm/share/xolobot_arm/models/xolobot.urdf
[0.681s] -- Up-to-date: /home/monica/ros2_ws/install/xolobot_arm/share/xolobot_arm/models/model.config
[0.681s] -- Up-to-date: /home/monica/ros2_ws/install/xolobot_arm/share/xolobot_arm/models/utileria
[0.692s] -- Up-to-date: /home/monica/ros2_ws/install/xolobot_arm/share/xolobot_arm/models/utileria/objeto.sdf
[0.692s] -- Up-to-date: /home/monica/ros2_ws/install/xolobot_arm/share/xolobot_arm/models/utileria/model.config
[0.692s] -- Up-to-date: /home/monica/ros2_ws/install/xolobot_arm/share/xolobot_arm/models/utileria/objeto2.sdf
[0.696s] -- Up-to-date: /home/monica/ros2_ws/install/xolobot_arm/share/xolobot_arm/models/utileria/soporte.sdf
[0.703s] -- Up-to-date: /home/monica/ros2_ws/install/xolobot_arm/share/xolobot_arm/models/utileria/soporte2.sdf
[0.703s] -- Up-to-date: /home/monica/ros2_ws/install/xolobot_arm/share/xolobot_arm/models/textures
[0.703s] -- Up-to-date: /home/monica/ros2_ws/install/xolobot_arm/share/xolobot_arm/models/textures/metal.material
[0.704s] -- Up-to-date: /home/monica/ros2_ws/install/xolobot_arm/share/xolobot_arm/models/textures/images
[0.704s] -- Up-to-date: /home/monica/ros2_ws/install/xolobot_arm/share/xolobot_arm/models/textures/images/metal-rosa.jpg
[0.704s] -- Up-to-date: /home/monica/ros2_ws/install/xolobot_arm/share/xolobot_arm/models/textures/images/metal-hoyos.jpg
[0.712s] -- Up-to-date: /home/monica/ros2_ws/install/xolobot_arm/share/xolobot_arm/models/textures/images/blue-metal.jpg
[0.714s] -- Up-to-date: /home/monica/ros2_ws/install/xolobot_arm/share/xolobot_arm/models/textures/images/rose-gold.jpg
[0.716s] -- Up-to-date: /home/monica/ros2_ws/install/xolobot_arm/share/xolobot_arm/models/textures/images/piso-metal-barras.jpg
[0.716s] -- Up-to-date: /home/monica/ros2_ws/install/xolobot_arm/share/xolobot_arm/models/textures/images/piso-metal-blanco.jpg
[0.719s] -- Up-to-date: /home/monica/ros2_ws/install/xolobot_arm/share/xolobot_arm/models/textures/model.config
[0.719s] -- Up-to-date: /home/monica/ros2_ws/install/xolobot_arm/share/xolobot_arm/models/textures/xolobot.material
[0.719s] -- Up-to-date: /home/monica/ros2_ws/install/xolobot_arm/share/xolobot_arm/models/xolobot_arm.sdf
[0.720s] -- Up-to-date: /home/monica/ros2_ws/install/xolobot_arm/share/xolobot_arm/models/meshes
[0.720s] -- Up-to-date: /home/monica/ros2_ws/install/xolobot_arm/share/xolobot_arm/models/meshes/pulgar_2.dae
[0.720s] -- Up-to-date: /home/monica/ros2_ws/install/xolobot_arm/share/xolobot_arm/models/meshes/antebrazo_mano_izq_2.dae
[0.725s] -- Up-to-date: /home/monica/ros2_ws/install/xolobot_arm/share/xolobot_arm/models/meshes/biceps_juntos.dae
[0.727s] -- Up-to-date: /home/monica/ros2_ws/install/xolobot_arm/share/xolobot_arm/models/meshes/biceps_der.dae
[0.727s] -- Up-to-date: /home/monica/ros2_ws/install/xolobot_arm/share/xolobot_arm/models/meshes/biceps_izq.dae
[0.727s] -- Up-to-date: /home/monica/ros2_ws/install/xolobot_arm/share/xolobot_arm/models/meshes/banda.blend
[0.728s] -- Up-to-date: /home/monica/ros2_ws/install/xolobot_arm/share/xolobot_arm/models/meshes/biceps_juntos_nuevo.dae
[0.730s] -- Up-to-date: /home/monica/ros2_ws/install/xolobot_arm/share/xolobot_arm/models/meshes/antebrazo_mano_izqprueba.dae
[0.730s] -- Up-to-date: /home/monica/ros2_ws/install/xolobot_arm/share/xolobot_arm/models/meshes/antebrazo_mano_izq_bak.dae
[0.730s] -- Up-to-date: /home/monica/ros2_ws/install/xolobot_arm/share/xolobot_arm/models/meshes/mono.dae
[0.730s] -- Up-to-date: /home/monica/ros2_ws/install/xolobot_arm/share/xolobot_arm/models/meshes/hombro_alto.dae
[0.731s] -- Up-to-date: /home/monica/ros2_ws/install/xolobot_arm/share/xolobot_arm/models/meshes/codo_izq_colision.dae
[0.731s] -- Up-to-date: /home/monica/ros2_ws/install/xolobot_arm/share/xolobot_arm/models/meshes/hombro_alto_colision.dae
[0.731s] -- Up-to-date: /home/monica/ros2_ws/install/xolobot_arm/share/xolobot_arm/models/meshes/model.config
[0.739s] -- Up-to-date: /home/monica/ros2_ws/install/xolobot_arm/share/xolobot_arm/models/meshes/antebrazo_mano_izq.dae
[0.739s] -- Up-to-date: /home/monica/ros2_ws/install/xolobot_arm/share/xolobot_arm/models/meshes/codo_izq.dae
[0.740s] -- Up-to-date: /home/monica/ros2_ws/install/xolobot_arm/share/xolobot_arm/models/meshes/biceps_izq_colision.dae
[0.740s] -- Up-to-date: /home/monica/ros2_ws/install/xolobot_arm/share/xolobot_arm/models/meshes/backup
[0.740s] -- Up-to-date: /home/monica/ros2_ws/install/xolobot_arm/share/xolobot_arm/models/meshes/backup/pulgar_2.dae
[0.750s] -- Up-to-date: /home/monica/ros2_ws/install/xolobot_arm/share/xolobot_arm/models/meshes/backup/biceps_juntos.dae
[0.750s] -- Up-to-date: /home/monica/ros2_ws/install/xolobot_arm/share/xolobot_arm/models/meshes/backup/biceps_der.dae
[0.750s] -- Up-to-date: /home/monica/ros2_ws/install/xolobot_arm/share/xolobot_arm/models/meshes/backup/biceps_izq.dae
[0.751s] -- Up-to-date: /home/monica/ros2_ws/install/xolobot_arm/share/xolobot_arm/models/meshes/backup/biceps_juntos_nuevo.dae
[0.751s] -- Up-to-date: /home/monica/ros2_ws/install/xolobot_arm/share/xolobot_arm/models/meshes/backup/hombro_alto.dae
[0.751s] -- Up-to-date: /home/monica/ros2_ws/install/xolobot_arm/share/xolobot_arm/models/meshes/backup/antebrazo_mano_izq.dae
[0.755s] -- Up-to-date: /home/monica/ros2_ws/install/xolobot_arm/share/xolobot_arm/models/meshes/backup/codo_izq.dae
[0.756s] -- Up-to-date: /home/monica/ros2_ws/install/xolobot_arm/share/xolobot_arm/models/meshes/backup/hombro_bajo.dae
[0.756s] -- Up-to-date: /home/monica/ros2_ws/install/xolobot_arm/share/xolobot_arm/models/meshes/backup/dedos
[0.756s] -- Up-to-date: /home/monica/ros2_ws/install/xolobot_arm/share/xolobot_arm/models/meshes/backup/dedos/dedo_indice.blend1
[0.760s] -- Up-to-date: /home/monica/ros2_ws/install/xolobot_arm/share/xolobot_arm/models/meshes/backup/dedos/dedo_cordial_1.dae
[0.760s] -- Up-to-date: /home/monica/ros2_ws/install/xolobot_arm/share/xolobot_arm/models/meshes/backup/dedos/dedo_menique_1.blend
[0.762s] -- Up-to-date: /home/monica/ros2_ws/install/xolobot_arm/share/xolobot_arm/models/meshes/backup/dedos/dedo_indice_2.dae
[0.762s] -- Up-to-date: /home/monica/ros2_ws/install/xolobot_arm/share/xolobot_arm/models/meshes/backup/dedos/dedo_cordial.blend
[0.762s] -- Up-to-date: /home/monica/ros2_ws/install/xolobot_arm/share/xolobot_arm/models/meshes/backup/dedos/dedo_menique_2.blend1
[0.766s] -- Up-to-date: /home/monica/ros2_ws/install/xolobot_arm/share/xolobot_arm/models/meshes/backup/dedos/dedo_cordial_2.dae
[0.766s] -- Up-to-date: /home/monica/ros2_ws/install/xolobot_arm/share/xolobot_arm/models/meshes/backup/dedos/dedo_indice_1.dae
[0.766s] -- Up-to-date: /home/monica/ros2_ws/install/xolobot_arm/share/xolobot_arm/models/meshes/backup/dedos/dedo_menique.blend
[0.769s] -- Up-to-date: /home/monica/ros2_ws/install/xolobot_arm/share/xolobot_arm/models/meshes/backup/dedos/dedo_menique_1.blend1
[0.769s] -- Up-to-date: /home/monica/ros2_ws/install/xolobot_arm/share/xolobot_arm/models/meshes/backup/dedos/dedo_menique_2.dae
[0.769s] -- Up-to-date: /home/monica/ros2_ws/install/xolobot_arm/share/xolobot_arm/models/meshes/backup/dedos/dedo_anular_1.dae
[0.769s] -- Up-to-date: /home/monica/ros2_ws/install/xolobot_arm/share/xolobot_arm/models/meshes/backup/dedos/dedo_menique_3.dae
[0.770s] -- Up-to-date: /home/monica/ros2_ws/install/xolobot_arm/share/xolobot_arm/models/meshes/backup/dedos/dedo_cordial_3.dae
[0.770s] -- Up-to-date: /home/monica/ros2_ws/install/xolobot_arm/share/xolobot_arm/models/meshes/backup/dedos/mano_completa.blend
[0.770s] -- Up-to-date: /home/monica/ros2_ws/install/xolobot_arm/share/xolobot_arm/models/meshes/backup/dedos/dedo_menique.blend1
[0.773s] -- Up-to-date: /home/monica/ros2_ws/install/xolobot_arm/share/xolobot_arm/models/meshes/backup/dedos/dedo_menique_2.blend
[0.773s] -- Up-to-date: /home/monica/ros2_ws/install/xolobot_arm/share/xolobot_arm/models/meshes/backup/dedos/dedo_anular.blend1
[0.773s] -- Up-to-date: /home/monica/ros2_ws/install/xolobot_arm/share/xolobot_arm/models/meshes/backup/dedos/dedo_menique_3.blend1
[0.774s] -- Up-to-date: /home/monica/ros2_ws/install/xolobot_arm/share/xolobot_arm/models/meshes/backup/dedos/dedo_menique_3.blend
[0.774s] -- Up-to-date: /home/monica/ros2_ws/install/xolobot_arm/share/xolobot_arm/models/meshes/backup/dedos/dedo_menique_1.dae
[0.774s] -- Up-to-date: /home/monica/ros2_ws/install/xolobot_arm/share/xolobot_arm/models/meshes/backup/dedos/dedo_anular.blend
[0.779s] -- Up-to-date: /home/monica/ros2_ws/install/xolobot_arm/share/xolobot_arm/models/meshes/backup/dedos/dedo_indice.blend
[0.779s] -- Up-to-date: /home/monica/ros2_ws/install/xolobot_arm/share/xolobot_arm/models/meshes/backup/dedos/mano_completa.blend1
[0.779s] -- Up-to-date: /home/monica/ros2_ws/install/xolobot_arm/share/xolobot_arm/models/meshes/backup/dedos/dedo_anular_3.dae
[0.780s] -- Up-to-date: /home/monica/ros2_ws/install/xolobot_arm/share/xolobot_arm/models/meshes/backup/dedos/dedo_anular_2.dae
[0.780s] -- Up-to-date: /home/monica/ros2_ws/install/xolobot_arm/share/xolobot_arm/models/meshes/backup/dedos/dedo_cordial.blend1
[0.780s] -- Up-to-date: /home/monica/ros2_ws/install/xolobot_arm/share/xolobot_arm/models/meshes/backup/dedos/dedo_indice_3.dae
[0.780s] -- Up-to-date: /home/monica/ros2_ws/install/xolobot_arm/share/xolobot_arm/models/meshes/backup/pulgar_1_izq.dae
[0.784s] -- Up-to-date: /home/monica/ros2_ws/install/xolobot_arm/share/xolobot_arm/models/meshes/backup/pulgar_3.dae
[0.784s] -- Up-to-date: /home/monica/ros2_ws/install/xolobot_arm/share/xolobot_arm/models/meshes/hombro_bajo.dae
[0.784s] -- Up-to-date: /home/monica/ros2_ws/install/xolobot_arm/share/xolobot_arm/models/meshes/dedos
[0.784s] -- Up-to-date: /home/monica/ros2_ws/install/xolobot_arm/share/xolobot_arm/models/meshes/dedos/pulgar_2.dae
[0.785s] -- Up-to-date: /home/monica/ros2_ws/install/xolobot_arm/share/xolobot_arm/models/meshes/dedos/pulgar_1_izq_colision.dae
[0.785s] -- Up-to-date: /home/monica/ros2_ws/install/xolobot_arm/share/xolobot_arm/models/meshes/dedos/dedo_menique_3_colision.dae
[0.785s] -- Up-to-date: /home/monica/ros2_ws/install/xolobot_arm/share/xolobot_arm/models/meshes/dedos/dedo_indice.blend1
[0.787s] -- Up-to-date: /home/monica/ros2_ws/install/xolobot_arm/share/xolobot_arm/models/meshes/dedos/dedo_cordial_3_colision.dae
[0.788s] -- Up-to-date: /home/monica/ros2_ws/install/xolobot_arm/share/xolobot_arm/models/meshes/dedos/pulgar_3_colision.dae
[0.789s] -- Up-to-date: /home/monica/ros2_ws/install/xolobot_arm/share/xolobot_arm/models/meshes/dedos/dedo_cordial_1.dae
[0.790s] -- Up-to-date: /home/monica/ros2_ws/install/xolobot_arm/share/xolobot_arm/models/meshes/dedos/dedo_menique_2_colision.dae
[0.796s] -- Up-to-date: /home/monica/ros2_ws/install/xolobot_arm/share/xolobot_arm/models/meshes/dedos/dedo_menique_1.blend
[0.796s] -- Up-to-date: /home/monica/ros2_ws/install/xolobot_arm/share/xolobot_arm/models/meshes/dedos/dedo_indice_2.dae
[0.796s] -- Up-to-date: /home/monica/ros2_ws/install/xolobot_arm/share/xolobot_arm/models/meshes/dedos/dedo_indice_3_colision.dae
[0.796s] -- Up-to-date: /home/monica/ros2_ws/install/xolobot_arm/share/xolobot_arm/models/meshes/dedos/dedo_cordial.blend
[0.797s] -- Up-to-date: /home/monica/ros2_ws/install/xolobot_arm/share/xolobot_arm/models/meshes/dedos/dedo_menique_2.blend1
[0.797s] -- Up-to-date: /home/monica/ros2_ws/install/xolobot_arm/share/xolobot_arm/models/meshes/dedos/dedo_cordial_2.dae
[0.797s] -- Up-to-date: /home/monica/ros2_ws/install/xolobot_arm/share/xolobot_arm/models/meshes/dedos/dedo_indice_1.dae
[0.800s] -- Up-to-date: /home/monica/ros2_ws/install/xolobot_arm/share/xolobot_arm/models/meshes/dedos/dedo_menique.blend
[0.800s] -- Up-to-date: /home/monica/ros2_ws/install/xolobot_arm/share/xolobot_arm/models/meshes/dedos/dedo_anular_1_colision.dae
[0.800s] -- Up-to-date: /home/monica/ros2_ws/install/xolobot_arm/share/xolobot_arm/models/meshes/dedos/dedo_menique_1.blend1
[0.800s] -- Up-to-date: /home/monica/ros2_ws/install/xolobot_arm/share/xolobot_arm/models/meshes/dedos/dedo_menique_2.dae
[0.801s] -- Up-to-date: /home/monica/ros2_ws/install/xolobot_arm/share/xolobot_arm/models/meshes/dedos/dedo_anular_1.dae
[0.801s] -- Up-to-date: /home/monica/ros2_ws/install/xolobot_arm/share/xolobot_arm/models/meshes/dedos/dedo_indice_1_colision.dae
[0.801s] -- Up-to-date: /home/monica/ros2_ws/install/xolobot_arm/share/xolobot_arm/models/meshes/dedos/dedo_menique_1_colision.dae
[0.803s] -- Up-to-date: /home/monica/ros2_ws/install/xolobot_arm/share/xolobot_arm/models/meshes/dedos/dedo_menique_3.dae
[0.809s] -- Up-to-date: /home/monica/ros2_ws/install/xolobot_arm/share/xolobot_arm/models/meshes/dedos/dedo_anular_3_colision.dae
[0.809s] -- Up-to-date: /home/monica/ros2_ws/install/xolobot_arm/share/xolobot_arm/models/meshes/dedos/dedo_cordial_1_colision.dae
[0.809s] -- Up-to-date: /home/monica/ros2_ws/install/xolobot_arm/share/xolobot_arm/models/meshes/dedos/dedo_cordial_3.dae
[0.809s] -- Up-to-date: /home/monica/ros2_ws/install/xolobot_arm/share/xolobot_arm/models/meshes/dedos/pulgar_1_izq.dae
[0.810s] -- Up-to-date: /home/monica/ros2_ws/install/xolobot_arm/share/xolobot_arm/models/meshes/dedos/mano_completa.blend
[0.810s] -- Up-to-date: /home/monica/ros2_ws/install/xolobot_arm/share/xolobot_arm/models/meshes/dedos/dedo_menique.blend1
[0.810s] -- Up-to-date: /home/monica/ros2_ws/install/xolobot_arm/share/xolobot_arm/models/meshes/dedos/dedo_menique_2.blend
[0.813s] -- Up-to-date: /home/monica/ros2_ws/install/xolobot_arm/share/xolobot_arm/models/meshes/dedos/dedo_indice_2_colision.dae
[0.813s] -- Up-to-date: /home/monica/ros2_ws/install/xolobot_arm/share/xolobot_arm/models/meshes/dedos/dedo_anular.blend1
[0.813s] -- Up-to-date: /home/monica/ros2_ws/install/xolobot_arm/share/xolobot_arm/models/meshes/dedos/dedo_cordial_2_colision.dae
[0.813s] -- Up-to-date: /home/monica/ros2_ws/install/xolobot_arm/share/xolobot_arm/models/meshes/dedos/dedo_menique_3.blend1
[0.814s] -- Up-to-date: /home/monica/ros2_ws/install/xolobot_arm/share/xolobot_arm/models/meshes/dedos/pulgar_3.dae
[0.814s] -- Up-to-date: /home/monica/ros2_ws/install/xolobot_arm/share/xolobot_arm/models/meshes/dedos/dedo_menique_3.blend
[0.814s] -- Up-to-date: /home/monica/ros2_ws/install/xolobot_arm/share/xolobot_arm/models/meshes/dedos/dedo_menique_1.dae
[0.819s] -- Up-to-date: /home/monica/ros2_ws/install/xolobot_arm/share/xolobot_arm/models/meshes/dedos/dedo_anular.blend
[0.820s] -- Up-to-date: /home/monica/ros2_ws/install/xolobot_arm/share/xolobot_arm/models/meshes/dedos/dedo_indice.blend
[0.821s] -- Up-to-date: /home/monica/ros2_ws/install/xolobot_arm/share/xolobot_arm/models/meshes/dedos/mano_completa.blend1
[0.821s] -- Up-to-date: /home/monica/ros2_ws/install/xolobot_arm/share/xolobot_arm/models/meshes/dedos/dedo_anular_3.dae
[0.821s] -- Up-to-date: /home/monica/ros2_ws/install/xolobot_arm/share/xolobot_arm/models/meshes/dedos/dedo_anular_2.dae
[0.821s] -- Up-to-date: /home/monica/ros2_ws/install/xolobot_arm/share/xolobot_arm/models/meshes/dedos/dedo_cordial.blend1
[0.824s] -- Up-to-date: /home/monica/ros2_ws/install/xolobot_arm/share/xolobot_arm/models/meshes/dedos/pulgar_2_colision.dae
[0.824s] -- Up-to-date: /home/monica/ros2_ws/install/xolobot_arm/share/xolobot_arm/models/meshes/dedos/dedo_anular_2_colision.dae
[0.824s] -- Up-to-date: /home/monica/ros2_ws/install/xolobot_arm/share/xolobot_arm/models/meshes/dedos/dedo_indice_3.dae
[0.824s] -- Up-to-date: /home/monica/ros2_ws/install/xolobot_arm/share/xolobot_arm/models/meshes/pulgar_1_izq.dae
[0.825s] -- Up-to-date: /home/monica/ros2_ws/install/xolobot_arm/share/xolobot_arm/models/meshes/codo_izq_tuercas.dae
[0.825s] -- Up-to-date: /home/monica/ros2_ws/install/xolobot_arm/share/xolobot_arm/models/meshes/hombro_bajo_colision.dae
[0.825s] -- Up-to-date: /home/monica/ros2_ws/install/xolobot_arm/share/xolobot_arm/models/meshes/pulgar_3.dae
[0.828s] -- Up-to-date: /home/monica/ros2_ws/install/xolobot_arm/share/xolobot_arm/models/meshes/banda_terminada.blend
[0.828s] -- Up-to-date: /home/monica/ros2_ws/install/xolobot_arm/share/xolobot_arm/models/meshes/palma.dae
[0.828s] -- Up-to-date: /home/monica/ros2_ws/install/xolobot_arm/share/ament_index/resource_index/package_run_dependencies/xolobot_arm
[0.828s] -- Up-to-date: /home/monica/ros2_ws/install/xolobot_arm/share/ament_index/resource_index/parent_prefix_path/xolobot_arm
[0.829s] -- Up-to-date: /home/monica/ros2_ws/install/xolobot_arm/share/xolobot_arm/environment/ament_prefix_path.sh
[0.829s] -- Up-to-date: /home/monica/ros2_ws/install/xolobot_arm/share/xolobot_arm/environment/ament_prefix_path.dsv
[0.829s] -- Up-to-date: /home/monica/ros2_ws/install/xolobot_arm/share/xolobot_arm/environment/path.sh
[0.829s] -- Up-to-date: /home/monica/ros2_ws/install/xolobot_arm/share/xolobot_arm/environment/path.dsv
[0.836s] -- Up-to-date: /home/monica/ros2_ws/install/xolobot_arm/share/xolobot_arm/local_setup.bash
[0.837s] -- Up-to-date: /home/monica/ros2_ws/install/xolobot_arm/share/xolobot_arm/local_setup.sh
[0.837s] -- Up-to-date: /home/monica/ros2_ws/install/xolobot_arm/share/xolobot_arm/local_setup.zsh
[0.837s] -- Up-to-date: /home/monica/ros2_ws/install/xolobot_arm/share/xolobot_arm/local_setup.dsv
[0.837s] -- Installing: /home/monica/ros2_ws/install/xolobot_arm/share/xolobot_arm/package.dsv
[0.839s] -- Up-to-date: /home/monica/ros2_ws/install/xolobot_arm/share/ament_index/resource_index/packages/xolobot_arm
[0.839s] -- Up-to-date: /home/monica/ros2_ws/install/xolobot_arm/share/xolobot_arm/cmake/xolobot_armConfig.cmake
[0.839s] -- Up-to-date: /home/monica/ros2_ws/install/xolobot_arm/share/xolobot_arm/cmake/xolobot_armConfig-version.cmake
[0.848s] -- Up-to-date: /home/monica/ros2_ws/install/xolobot_arm/share/xolobot_arm/package.xml
[0.848s] Invoked command in '/home/monica/ros2_ws/build/xolobot_arm' returned '0': CMAKE_PREFIX_PATH=${CMAKE_PREFIX_PATH}:/opt/ros/iron /usr/bin/cmake --install /home/monica/ros2_ws/build/xolobot_arm
