[0.038s] Invoking command in '/home/monica/ros2_ws/build/xolobot_arm_server': CMAKE_PREFIX_PATH=${CMAKE_PREFIX_PATH}:/opt/ros/iron /usr/bin/cmake /home/monica/ros2_ws/src/xolobot_arm_server -DCMAKE_INSTALL_PREFIX=/home/monica/ros2_ws/install/xolobot_arm_server
[0.067s] -- Found ament_cmake: 2.0.6 (/opt/ros/iron/share/ament_cmake/cmake)
[0.475s] -- Found rclcpp: 21.0.7 (/opt/ros/iron/share/rclcpp/cmake)
[0.547s] -- Found rosidl_generator_c: 4.0.1 (/opt/ros/iron/share/rosidl_generator_c/cmake)
[0.571s] -- Found rosidl_generator_cpp: 4.0.1 (/opt/ros/iron/share/rosidl_generator_cpp/cmake)
[0.607s] -- Using all available rosidl_typesupport_c: rosidl_typesupport_fastrtps_c;rosidl_typesupport_introspection_c
[0.654s] -- Using all available rosidl_typesupport_cpp: rosidl_typesupport_fastrtps_cpp;rosidl_typesupport_introspection_cpp
[1.143s] -- Found rmw_implementation_cmake: 7.1.0 (/opt/ros/iron/share/rmw_implementation_cmake/cmake)
[1.146s] -- Found rmw_fastrtps_cpp: 7.1.4 (/opt/ros/iron/share/rmw_fastrtps_cpp/cmake)
[1.444s] -- Using RMW implementation 'rmw_fastrtps_cpp' as default
[1.963s] -- Found std_msgs: 5.0.1 (/opt/ros/iron/share/std_msgs/cmake)
[2.264s] -- Configuring done
[2.273s] [31mCMake Error at CMakeLists.txt:16 (add_executable):
[2.274s]   Target "xolobot_arm_server" links to target "fmt::fmt" but the target was
[2.274s]   not found.  Perhaps a find_package() call is missing for an IMPORTED
[2.274s]   target, or an ALIAS target is missing?
[2.274s] 
[2.275s] [0m
[2.293s] -- Generating done
[2.299s] [0mCMake Generate step failed.  Build files cannot be regenerated correctly.[0m
