[0.451s] DEBUG:colcon:Command line arguments: ['/usr/bin/colcon', 'build']
[0.451s] DEBUG:colcon:Parsed command line arguments: Namespace(log_base=None, log_level=None, verb_name='build', build_base='build', install_base='install', merge_install=False, symlink_install=False, test_result_base=None, continue_on_error=False, executor='parallel', parallel_workers=2, event_handlers=None, ignore_user_meta=False, metas=['./colcon.meta'], base_paths=['.'], packages_ignore=None, packages_ignore_regex=None, paths=None, packages_up_to=None, packages_up_to_regex=None, packages_above=None, packages_above_and_dependencies=None, packages_above_depth=None, packages_select_by_dep=None, packages_skip_by_dep=None, packages_skip_up_to=None, packages_select_build_failed=False, packages_skip_build_finished=False, packages_select_test_failures=False, packages_skip_test_passed=False, packages_select=None, packages_skip=None, packages_select_regex=None, packages_skip_regex=None, packages_start=None, packages_end=None, allow_overriding=[], cmake_args=None, cmake_target=None, cmake_target_skip_unavailable=False, cmake_clean_cache=False, cmake_clean_first=False, cmake_force_configure=False, ament_cmake_args=None, catkin_cmake_args=None, catkin_skip_building_tests=False, mixin_files=None, mixin=None, verb_parser=<colcon_mixin.mixin.mixin_argument.MixinArgumentDecorator object at 0x7ab3686628c0>, verb_extension=<colcon_core.verb.build.BuildVerb object at 0x7ab3686623e0>, main=<bound method BuildVerb.main of <colcon_core.verb.build.BuildVerb object at 0x7ab3686623e0>>, mixin_verb=('build',))
[1.169s] Level 1:colcon.colcon_core.package_discovery:discover_packages(colcon_meta) check parameters
[1.169s] Level 1:colcon.colcon_core.package_discovery:discover_packages(recursive) check parameters
[1.170s] Level 1:colcon.colcon_core.package_discovery:discover_packages(ignore) check parameters
[1.170s] Level 1:colcon.colcon_core.package_discovery:discover_packages(path) check parameters
[1.170s] Level 1:colcon.colcon_core.package_discovery:discover_packages(colcon_meta) discover
[1.170s] Level 1:colcon.colcon_core.package_discovery:discover_packages(recursive) discover
[1.170s] INFO:colcon.colcon_core.package_discovery:Crawling recursively for packages in '/home/monica/ros2_ws'
[1.170s] Level 1:colcon.colcon_core.package_identification:_identify(.) by extensions ['ignore', 'ignore_ament_install']
[1.170s] Level 1:colcon.colcon_core.package_identification:_identify(.) by extension 'ignore'
[1.170s] Level 1:colcon.colcon_core.package_identification:_identify(.) by extension 'ignore_ament_install'
[1.171s] Level 1:colcon.colcon_core.package_identification:_identify(.) by extensions ['colcon_pkg']
[1.171s] Level 1:colcon.colcon_core.package_identification:_identify(.) by extension 'colcon_pkg'
[1.171s] Level 1:colcon.colcon_core.package_identification:_identify(.) by extensions ['colcon_meta']
[1.171s] Level 1:colcon.colcon_core.package_identification:_identify(.) by extension 'colcon_meta'
[1.171s] Level 1:colcon.colcon_core.package_identification:_identify(.) by extensions ['ros']
[1.171s] Level 1:colcon.colcon_core.package_identification:_identify(.) by extension 'ros'
[1.204s] Level 1:colcon.colcon_core.package_identification:_identify(.) by extensions ['cmake', 'python']
[1.204s] Level 1:colcon.colcon_core.package_identification:_identify(.) by extension 'cmake'
[1.204s] Level 1:colcon.colcon_core.package_identification:_identify(.) by extension 'python'
[1.204s] Level 1:colcon.colcon_core.package_identification:_identify(.) by extensions ['python_setup_py']
[1.204s] Level 1:colcon.colcon_core.package_identification:_identify(.) by extension 'python_setup_py'
[1.205s] Level 1:colcon.colcon_core.package_identification:_identify(build) by extensions ['ignore', 'ignore_ament_install']
[1.205s] Level 1:colcon.colcon_core.package_identification:_identify(build) by extension 'ignore'
[1.205s] Level 1:colcon.colcon_core.package_identification:_identify(build) ignored
[1.205s] Level 1:colcon.colcon_core.package_identification:_identify(install) by extensions ['ignore', 'ignore_ament_install']
[1.205s] Level 1:colcon.colcon_core.package_identification:_identify(install) by extension 'ignore'
[1.206s] Level 1:colcon.colcon_core.package_identification:_identify(install) ignored
[1.206s] Level 1:colcon.colcon_core.package_identification:_identify(log) by extensions ['ignore', 'ignore_ament_install']
[1.206s] Level 1:colcon.colcon_core.package_identification:_identify(log) by extension 'ignore'
[1.206s] Level 1:colcon.colcon_core.package_identification:_identify(log) ignored
[1.206s] Level 1:colcon.colcon_core.package_identification:_identify(src) by extensions ['ignore', 'ignore_ament_install']
[1.206s] Level 1:colcon.colcon_core.package_identification:_identify(src) by extension 'ignore'
[1.207s] Level 1:colcon.colcon_core.package_identification:_identify(src) by extension 'ignore_ament_install'
[1.207s] Level 1:colcon.colcon_core.package_identification:_identify(src) by extensions ['colcon_pkg']
[1.207s] Level 1:colcon.colcon_core.package_identification:_identify(src) by extension 'colcon_pkg'
[1.207s] Level 1:colcon.colcon_core.package_identification:_identify(src) by extensions ['colcon_meta']
[1.207s] Level 1:colcon.colcon_core.package_identification:_identify(src) by extension 'colcon_meta'
[1.207s] Level 1:colcon.colcon_core.package_identification:_identify(src) by extensions ['ros']
[1.207s] Level 1:colcon.colcon_core.package_identification:_identify(src) by extension 'ros'
[1.207s] Level 1:colcon.colcon_core.package_identification:_identify(src) by extensions ['cmake', 'python']
[1.207s] Level 1:colcon.colcon_core.package_identification:_identify(src) by extension 'cmake'
[1.208s] Level 1:colcon.colcon_core.package_identification:_identify(src) by extension 'python'
[1.208s] Level 1:colcon.colcon_core.package_identification:_identify(src) by extensions ['python_setup_py']
[1.208s] Level 1:colcon.colcon_core.package_identification:_identify(src) by extension 'python_setup_py'
[1.208s] Level 1:colcon.colcon_core.package_identification:_identify(src/xolobot_arm) by extensions ['ignore', 'ignore_ament_install']
[1.208s] Level 1:colcon.colcon_core.package_identification:_identify(src/xolobot_arm) by extension 'ignore'
[1.208s] Level 1:colcon.colcon_core.package_identification:_identify(src/xolobot_arm) by extension 'ignore_ament_install'
[1.208s] Level 1:colcon.colcon_core.package_identification:_identify(src/xolobot_arm) by extensions ['colcon_pkg']
[1.209s] Level 1:colcon.colcon_core.package_identification:_identify(src/xolobot_arm) by extension 'colcon_pkg'
[1.209s] Level 1:colcon.colcon_core.package_identification:_identify(src/xolobot_arm) by extensions ['colcon_meta']
[1.209s] Level 1:colcon.colcon_core.package_identification:_identify(src/xolobot_arm) by extension 'colcon_meta'
[1.209s] Level 1:colcon.colcon_core.package_identification:_identify(src/xolobot_arm) by extensions ['ros']
[1.209s] Level 1:colcon.colcon_core.package_identification:_identify(src/xolobot_arm) by extension 'ros'
[1.222s] DEBUG:colcon.colcon_core.package_identification:Package 'src/xolobot_arm' with type 'ros.ament_cmake' and name 'xolobot_arm'
[1.222s] Level 1:colcon.colcon_core.package_identification:_identify(src/xolobot_arm_server) by extensions ['ignore', 'ignore_ament_install']
[1.222s] Level 1:colcon.colcon_core.package_identification:_identify(src/xolobot_arm_server) by extension 'ignore'
[1.222s] Level 1:colcon.colcon_core.package_identification:_identify(src/xolobot_arm_server) by extension 'ignore_ament_install'
[1.222s] Level 1:colcon.colcon_core.package_identification:_identify(src/xolobot_arm_server) by extensions ['colcon_pkg']
[1.222s] Level 1:colcon.colcon_core.package_identification:_identify(src/xolobot_arm_server) by extension 'colcon_pkg'
[1.223s] Level 1:colcon.colcon_core.package_identification:_identify(src/xolobot_arm_server) by extensions ['colcon_meta']
[1.223s] Level 1:colcon.colcon_core.package_identification:_identify(src/xolobot_arm_server) by extension 'colcon_meta'
[1.223s] Level 1:colcon.colcon_core.package_identification:_identify(src/xolobot_arm_server) by extensions ['ros']
[1.223s] Level 1:colcon.colcon_core.package_identification:_identify(src/xolobot_arm_server) by extension 'ros'
[1.249s] DEBUG:colcon.colcon_core.package_identification:Package 'src/xolobot_arm_server' with type 'ros.ament_cmake' and name 'xolobot_arm_server'
[1.249s] Level 1:colcon.colcon_core.package_identification:_identify(src/xolobot_control) by extensions ['ignore', 'ignore_ament_install']
[1.249s] Level 1:colcon.colcon_core.package_identification:_identify(src/xolobot_control) by extension 'ignore'
[1.250s] Level 1:colcon.colcon_core.package_identification:_identify(src/xolobot_control) by extension 'ignore_ament_install'
[1.250s] Level 1:colcon.colcon_core.package_identification:_identify(src/xolobot_control) by extensions ['colcon_pkg']
[1.250s] Level 1:colcon.colcon_core.package_identification:_identify(src/xolobot_control) by extension 'colcon_pkg'
[1.250s] Level 1:colcon.colcon_core.package_identification:_identify(src/xolobot_control) by extensions ['colcon_meta']
[1.250s] Level 1:colcon.colcon_core.package_identification:_identify(src/xolobot_control) by extension 'colcon_meta'
[1.250s] Level 1:colcon.colcon_core.package_identification:_identify(src/xolobot_control) by extensions ['ros']
[1.250s] Level 1:colcon.colcon_core.package_identification:_identify(src/xolobot_control) by extension 'ros'
[1.253s] DEBUG:colcon.colcon_core.package_identification:Package 'src/xolobot_control' with type 'ros.ament_cmake' and name 'xolobot_control'
[1.253s] Level 1:colcon.colcon_core.package_discovery:discover_packages(recursive) using defaults
[1.253s] Level 1:colcon.colcon_core.package_discovery:discover_packages(ignore) discover
[1.253s] Level 1:colcon.colcon_core.package_discovery:discover_packages(ignore) using defaults
[1.253s] Level 1:colcon.colcon_core.package_discovery:discover_packages(path) discover
[1.253s] Level 1:colcon.colcon_core.package_discovery:discover_packages(path) using defaults
[1.318s] Level 1:colcon.colcon_core.package_discovery:discover_packages(prefix_path) check parameters
[1.318s] Level 1:colcon.colcon_core.package_discovery:discover_packages(prefix_path) discover
[1.328s] DEBUG:colcon.colcon_installed_package_information.package_discovery:Found 3 installed packages in /home/monica/ros2_ws/install
[1.333s] DEBUG:colcon.colcon_installed_package_information.package_discovery:Found 355 installed packages in /opt/ros/iron
[1.338s] Level 1:colcon.colcon_core.package_discovery:discover_packages(prefix_path) using defaults
[1.469s] Level 5:colcon.colcon_core.verb:set package 'xolobot_arm' build argument 'cmake_args' from command line to 'None'
[1.470s] Level 5:colcon.colcon_core.verb:set package 'xolobot_arm' build argument 'cmake_target' from command line to 'None'
[1.470s] Level 5:colcon.colcon_core.verb:set package 'xolobot_arm' build argument 'cmake_target_skip_unavailable' from command line to 'False'
[1.470s] Level 5:colcon.colcon_core.verb:set package 'xolobot_arm' build argument 'cmake_clean_cache' from command line to 'False'
[1.470s] Level 5:colcon.colcon_core.verb:set package 'xolobot_arm' build argument 'cmake_clean_first' from command line to 'False'
[1.470s] Level 5:colcon.colcon_core.verb:set package 'xolobot_arm' build argument 'cmake_force_configure' from command line to 'False'
[1.470s] Level 5:colcon.colcon_core.verb:set package 'xolobot_arm' build argument 'ament_cmake_args' from command line to 'None'
[1.470s] Level 5:colcon.colcon_core.verb:set package 'xolobot_arm' build argument 'catkin_cmake_args' from command line to 'None'
[1.470s] Level 5:colcon.colcon_core.verb:set package 'xolobot_arm' build argument 'catkin_skip_building_tests' from command line to 'False'
[1.470s] DEBUG:colcon.colcon_core.verb:Building package 'xolobot_arm' with the following arguments: {'ament_cmake_args': None, 'build_base': '/home/monica/ros2_ws/build/xolobot_arm', 'catkin_cmake_args': None, 'catkin_skip_building_tests': False, 'cmake_args': None, 'cmake_clean_cache': False, 'cmake_clean_first': False, 'cmake_force_configure': False, 'cmake_target': None, 'cmake_target_skip_unavailable': False, 'install_base': '/home/monica/ros2_ws/install/xolobot_arm', 'merge_install': False, 'path': '/home/monica/ros2_ws/src/xolobot_arm', 'symlink_install': False, 'test_result_base': None}
[1.471s] Level 5:colcon.colcon_core.verb:set package 'xolobot_arm_server' build argument 'cmake_args' from command line to 'None'
[1.471s] Level 5:colcon.colcon_core.verb:set package 'xolobot_arm_server' build argument 'cmake_target' from command line to 'None'
[1.471s] Level 5:colcon.colcon_core.verb:set package 'xolobot_arm_server' build argument 'cmake_target_skip_unavailable' from command line to 'False'
[1.471s] Level 5:colcon.colcon_core.verb:set package 'xolobot_arm_server' build argument 'cmake_clean_cache' from command line to 'False'
[1.471s] Level 5:colcon.colcon_core.verb:set package 'xolobot_arm_server' build argument 'cmake_clean_first' from command line to 'False'
[1.471s] Level 5:colcon.colcon_core.verb:set package 'xolobot_arm_server' build argument 'cmake_force_configure' from command line to 'False'
[1.471s] Level 5:colcon.colcon_core.verb:set package 'xolobot_arm_server' build argument 'ament_cmake_args' from command line to 'None'
[1.471s] Level 5:colcon.colcon_core.verb:set package 'xolobot_arm_server' build argument 'catkin_cmake_args' from command line to 'None'
[1.472s] Level 5:colcon.colcon_core.verb:set package 'xolobot_arm_server' build argument 'catkin_skip_building_tests' from command line to 'False'
[1.472s] DEBUG:colcon.colcon_core.verb:Building package 'xolobot_arm_server' with the following arguments: {'ament_cmake_args': None, 'build_base': '/home/monica/ros2_ws/build/xolobot_arm_server', 'catkin_cmake_args': None, 'catkin_skip_building_tests': False, 'cmake_args': None, 'cmake_clean_cache': False, 'cmake_clean_first': False, 'cmake_force_configure': False, 'cmake_target': None, 'cmake_target_skip_unavailable': False, 'install_base': '/home/monica/ros2_ws/install/xolobot_arm_server', 'merge_install': False, 'path': '/home/monica/ros2_ws/src/xolobot_arm_server', 'symlink_install': False, 'test_result_base': None}
[1.472s] Level 5:colcon.colcon_core.verb:set package 'xolobot_control' build argument 'cmake_args' from command line to 'None'
[1.472s] Level 5:colcon.colcon_core.verb:set package 'xolobot_control' build argument 'cmake_target' from command line to 'None'
[1.473s] Level 5:colcon.colcon_core.verb:set package 'xolobot_control' build argument 'cmake_target_skip_unavailable' from command line to 'False'
[1.473s] Level 5:colcon.colcon_core.verb:set package 'xolobot_control' build argument 'cmake_clean_cache' from command line to 'False'
[1.473s] Level 5:colcon.colcon_core.verb:set package 'xolobot_control' build argument 'cmake_clean_first' from command line to 'False'
[1.473s] Level 5:colcon.colcon_core.verb:set package 'xolobot_control' build argument 'cmake_force_configure' from command line to 'False'
[1.473s] Level 5:colcon.colcon_core.verb:set package 'xolobot_control' build argument 'ament_cmake_args' from command line to 'None'
[1.473s] Level 5:colcon.colcon_core.verb:set package 'xolobot_control' build argument 'catkin_cmake_args' from command line to 'None'
[1.473s] Level 5:colcon.colcon_core.verb:set package 'xolobot_control' build argument 'catkin_skip_building_tests' from command line to 'False'
[1.473s] DEBUG:colcon.colcon_core.verb:Building package 'xolobot_control' with the following arguments: {'ament_cmake_args': None, 'build_base': '/home/monica/ros2_ws/build/xolobot_control', 'catkin_cmake_args': None, 'catkin_skip_building_tests': False, 'cmake_args': None, 'cmake_clean_cache': False, 'cmake_clean_first': False, 'cmake_force_configure': False, 'cmake_target': None, 'cmake_target_skip_unavailable': False, 'install_base': '/home/monica/ros2_ws/install/xolobot_control', 'merge_install': False, 'path': '/home/monica/ros2_ws/src/xolobot_control', 'symlink_install': False, 'test_result_base': None}
[1.473s] INFO:colcon.colcon_core.executor:Executing jobs using 'parallel' executor
[1.475s] DEBUG:colcon.colcon_parallel_executor.executor.parallel:run_until_complete
[1.476s] INFO:colcon.colcon_ros.task.ament_cmake.build:Building ROS package in '/home/monica/ros2_ws/src/xolobot_arm' with build type 'ament_cmake'
[1.476s] INFO:colcon.colcon_cmake.task.cmake.build:Building CMake package in '/home/monica/ros2_ws/src/xolobot_arm'
[1.496s] INFO:colcon.colcon_core.plugin_system:Skipping extension 'colcon_core.shell.bat': Not used on non-Windows systems
[1.497s] INFO:colcon.colcon_core.shell:Skip shell extension 'powershell' for command environment: Not usable outside of PowerShell
[1.497s] DEBUG:colcon.colcon_core.shell:Skip shell extension 'dsv' for command environment
[1.509s] INFO:colcon.colcon_ros.task.ament_cmake.build:Building ROS package in '/home/monica/ros2_ws/src/xolobot_arm_server' with build type 'ament_cmake'
[1.509s] INFO:colcon.colcon_cmake.task.cmake.build:Building CMake package in '/home/monica/ros2_ws/src/xolobot_arm_server'
[1.510s] INFO:colcon.colcon_core.shell:Skip shell extension 'powershell' for command environment: Not usable outside of PowerShell
[1.510s] DEBUG:colcon.colcon_core.shell:Skip shell extension 'dsv' for command environment
[1.531s] DEBUG:colcon.colcon_core.event_handler.log_command:Invoking command in '/home/monica/ros2_ws/build/xolobot_arm': CMAKE_PREFIX_PATH=${CMAKE_PREFIX_PATH}:/opt/ros/iron /usr/bin/cmake --build /home/monica/ros2_ws/build/xolobot_arm -- -j2 -l2
[1.544s] DEBUG:colcon.colcon_core.event_handler.log_command:Invoking command in '/home/monica/ros2_ws/build/xolobot_arm_server': CMAKE_PREFIX_PATH=${CMAKE_PREFIX_PATH}:/opt/ros/iron /usr/bin/cmake --build /home/monica/ros2_ws/build/xolobot_arm_server -- -j2 -l2
[1.655s] DEBUG:colcon.colcon_core.event_handler.log_command:Invoked command in '/home/monica/ros2_ws/build/xolobot_arm' returned '0': CMAKE_PREFIX_PATH=${CMAKE_PREFIX_PATH}:/opt/ros/iron /usr/bin/cmake --build /home/monica/ros2_ws/build/xolobot_arm -- -j2 -l2
[1.680s] DEBUG:colcon.colcon_core.event_handler.log_command:Invoking command in '/home/monica/ros2_ws/build/xolobot_arm': CMAKE_PREFIX_PATH=${CMAKE_PREFIX_PATH}:/opt/ros/iron /usr/bin/cmake --install /home/monica/ros2_ws/build/xolobot_arm
[1.731s] Level 1:colcon.colcon_core.environment:create_environment_scripts_only(xolobot_arm)
[1.747s] Level 1:colcon.colcon_core.environment:checking '/home/monica/ros2_ws/install/xolobot_arm' for CMake module files
[1.748s] Level 1:colcon.colcon_core.environment:checking '/home/monica/ros2_ws/install/xolobot_arm' for CMake config files
[1.751s] Level 1:colcon.colcon_core.shell:create_environment_hook('xolobot_arm', 'cmake_prefix_path')
[1.751s] INFO:colcon.colcon_core.shell:Creating environment hook '/home/monica/ros2_ws/install/xolobot_arm/share/xolobot_arm/hook/cmake_prefix_path.ps1'
[1.754s] DEBUG:colcon.colcon_core.event_handler.log_command:Invoked command in '/home/monica/ros2_ws/build/xolobot_arm' returned '0': CMAKE_PREFIX_PATH=${CMAKE_PREFIX_PATH}:/opt/ros/iron /usr/bin/cmake --install /home/monica/ros2_ws/build/xolobot_arm
[1.755s] INFO:colcon.colcon_core.shell:Creating environment descriptor '/home/monica/ros2_ws/install/xolobot_arm/share/xolobot_arm/hook/cmake_prefix_path.dsv'
[1.755s] INFO:colcon.colcon_core.shell:Creating environment hook '/home/monica/ros2_ws/install/xolobot_arm/share/xolobot_arm/hook/cmake_prefix_path.sh'
[1.757s] Level 1:colcon.colcon_core.environment:checking '/home/monica/ros2_ws/install/xolobot_arm/bin'
[1.757s] Level 1:colcon.colcon_core.environment:checking '/home/monica/ros2_ws/install/xolobot_arm/lib/pkgconfig/xolobot_arm.pc'
[1.758s] Level 1:colcon.colcon_core.environment:checking '/home/monica/ros2_ws/install/xolobot_arm/lib/python3.10/site-packages'
[1.758s] Level 1:colcon.colcon_core.environment:checking '/home/monica/ros2_ws/install/xolobot_arm/bin'
[1.759s] INFO:colcon.colcon_core.shell:Creating package script '/home/monica/ros2_ws/install/xolobot_arm/share/xolobot_arm/package.ps1'
[1.760s] INFO:colcon.colcon_core.shell:Creating package descriptor '/home/monica/ros2_ws/install/xolobot_arm/share/xolobot_arm/package.dsv'
[1.761s] INFO:colcon.colcon_core.shell:Creating package script '/home/monica/ros2_ws/install/xolobot_arm/share/xolobot_arm/package.sh'
[1.763s] INFO:colcon.colcon_core.shell:Creating package script '/home/monica/ros2_ws/install/xolobot_arm/share/xolobot_arm/package.bash'
[1.764s] INFO:colcon.colcon_core.shell:Creating package script '/home/monica/ros2_ws/install/xolobot_arm/share/xolobot_arm/package.zsh'
[1.766s] Level 1:colcon.colcon_core.environment:create_file_with_runtime_dependencies(/home/monica/ros2_ws/install/xolobot_arm/share/colcon-core/packages/xolobot_arm)
[1.767s] Level 1:colcon.colcon_core.environment:create_environment_scripts_only(xolobot_arm)
[1.768s] Level 1:colcon.colcon_core.environment:checking '/home/monica/ros2_ws/install/xolobot_arm' for CMake module files
[1.769s] Level 1:colcon.colcon_core.environment:checking '/home/monica/ros2_ws/install/xolobot_arm' for CMake config files
[1.770s] Level 1:colcon.colcon_core.shell:create_environment_hook('xolobot_arm', 'cmake_prefix_path')
[1.770s] INFO:colcon.colcon_core.shell:Creating environment hook '/home/monica/ros2_ws/install/xolobot_arm/share/xolobot_arm/hook/cmake_prefix_path.ps1'
[1.771s] INFO:colcon.colcon_core.shell:Creating environment descriptor '/home/monica/ros2_ws/install/xolobot_arm/share/xolobot_arm/hook/cmake_prefix_path.dsv'
[1.772s] INFO:colcon.colcon_core.shell:Creating environment hook '/home/monica/ros2_ws/install/xolobot_arm/share/xolobot_arm/hook/cmake_prefix_path.sh'
[1.773s] Level 1:colcon.colcon_core.environment:checking '/home/monica/ros2_ws/install/xolobot_arm/bin'
[1.773s] Level 1:colcon.colcon_core.environment:checking '/home/monica/ros2_ws/install/xolobot_arm/lib/pkgconfig/xolobot_arm.pc'
[1.773s] Level 1:colcon.colcon_core.environment:checking '/home/monica/ros2_ws/install/xolobot_arm/lib/python3.10/site-packages'
[1.774s] Level 1:colcon.colcon_core.environment:checking '/home/monica/ros2_ws/install/xolobot_arm/bin'
[1.774s] INFO:colcon.colcon_core.shell:Creating package script '/home/monica/ros2_ws/install/xolobot_arm/share/xolobot_arm/package.ps1'
[1.776s] INFO:colcon.colcon_core.shell:Creating package descriptor '/home/monica/ros2_ws/install/xolobot_arm/share/xolobot_arm/package.dsv'
[1.777s] INFO:colcon.colcon_core.shell:Creating package script '/home/monica/ros2_ws/install/xolobot_arm/share/xolobot_arm/package.sh'
[1.778s] INFO:colcon.colcon_core.shell:Creating package script '/home/monica/ros2_ws/install/xolobot_arm/share/xolobot_arm/package.bash'
[1.779s] INFO:colcon.colcon_core.shell:Creating package script '/home/monica/ros2_ws/install/xolobot_arm/share/xolobot_arm/package.zsh'
[1.780s] Level 1:colcon.colcon_core.environment:create_file_with_runtime_dependencies(/home/monica/ros2_ws/install/xolobot_arm/share/colcon-core/packages/xolobot_arm)
[1.782s] INFO:colcon.colcon_ros.task.ament_cmake.build:Building ROS package in '/home/monica/ros2_ws/src/xolobot_control' with build type 'ament_cmake'
[1.782s] INFO:colcon.colcon_cmake.task.cmake.build:Building CMake package in '/home/monica/ros2_ws/src/xolobot_control'
[1.782s] INFO:colcon.colcon_core.shell:Skip shell extension 'powershell' for command environment: Not usable outside of PowerShell
[1.782s] DEBUG:colcon.colcon_core.shell:Skip shell extension 'dsv' for command environment
[1.813s] DEBUG:colcon.colcon_core.event_handler.log_command:Invoking command in '/home/monica/ros2_ws/build/xolobot_control': CMAKE_PREFIX_PATH=${CMAKE_PREFIX_PATH}:/opt/ros/iron /usr/bin/cmake --build /home/monica/ros2_ws/build/xolobot_control -- -j2 -l2
[1.842s] DEBUG:colcon.colcon_core.event_handler.log_command:Invoked command in '/home/monica/ros2_ws/build/xolobot_arm_server' returned '0': CMAKE_PREFIX_PATH=${CMAKE_PREFIX_PATH}:/opt/ros/iron /usr/bin/cmake --build /home/monica/ros2_ws/build/xolobot_arm_server -- -j2 -l2
[1.847s] DEBUG:colcon.colcon_core.event_handler.log_command:Invoking command in '/home/monica/ros2_ws/build/xolobot_arm_server': CMAKE_PREFIX_PATH=${CMAKE_PREFIX_PATH}:/opt/ros/iron /usr/bin/cmake --install /home/monica/ros2_ws/build/xolobot_arm_server
[1.874s] Level 1:colcon.colcon_core.environment:create_environment_scripts_only(xolobot_arm_server)
[1.875s] Level 1:colcon.colcon_core.environment:checking '/home/monica/ros2_ws/install/xolobot_arm_server' for CMake module files
[1.875s] DEBUG:colcon.colcon_core.event_handler.log_command:Invoked command in '/home/monica/ros2_ws/build/xolobot_arm_server' returned '0': CMAKE_PREFIX_PATH=${CMAKE_PREFIX_PATH}:/opt/ros/iron /usr/bin/cmake --install /home/monica/ros2_ws/build/xolobot_arm_server
[1.877s] Level 1:colcon.colcon_core.environment:checking '/home/monica/ros2_ws/install/xolobot_arm_server' for CMake config files
[1.878s] Level 1:colcon.colcon_core.shell:create_environment_hook('xolobot_arm_server', 'cmake_prefix_path')
[1.878s] INFO:colcon.colcon_core.shell:Creating environment hook '/home/monica/ros2_ws/install/xolobot_arm_server/share/xolobot_arm_server/hook/cmake_prefix_path.ps1'
[1.879s] INFO:colcon.colcon_core.shell:Creating environment descriptor '/home/monica/ros2_ws/install/xolobot_arm_server/share/xolobot_arm_server/hook/cmake_prefix_path.dsv'
[1.880s] INFO:colcon.colcon_core.shell:Creating environment hook '/home/monica/ros2_ws/install/xolobot_arm_server/share/xolobot_arm_server/hook/cmake_prefix_path.sh'
[1.881s] Level 1:colcon.colcon_core.environment:checking '/home/monica/ros2_ws/install/xolobot_arm_server/lib'
[1.882s] Level 1:colcon.colcon_core.environment:checking '/home/monica/ros2_ws/install/xolobot_arm_server/bin'
[1.882s] Level 1:colcon.colcon_core.environment:checking '/home/monica/ros2_ws/install/xolobot_arm_server/lib/pkgconfig/xolobot_arm_server.pc'
[1.882s] Level 1:colcon.colcon_core.environment:checking '/home/monica/ros2_ws/install/xolobot_arm_server/lib/python3.10/site-packages'
[1.883s] Level 1:colcon.colcon_core.environment:checking '/home/monica/ros2_ws/install/xolobot_arm_server/bin'
[1.884s] INFO:colcon.colcon_core.shell:Creating package script '/home/monica/ros2_ws/install/xolobot_arm_server/share/xolobot_arm_server/package.ps1'
[1.885s] INFO:colcon.colcon_core.shell:Creating package descriptor '/home/monica/ros2_ws/install/xolobot_arm_server/share/xolobot_arm_server/package.dsv'
[1.885s] INFO:colcon.colcon_core.shell:Creating package script '/home/monica/ros2_ws/install/xolobot_arm_server/share/xolobot_arm_server/package.sh'
[1.886s] INFO:colcon.colcon_core.shell:Creating package script '/home/monica/ros2_ws/install/xolobot_arm_server/share/xolobot_arm_server/package.bash'
[1.887s] INFO:colcon.colcon_core.shell:Creating package script '/home/monica/ros2_ws/install/xolobot_arm_server/share/xolobot_arm_server/package.zsh'
[1.888s] Level 1:colcon.colcon_core.environment:create_file_with_runtime_dependencies(/home/monica/ros2_ws/install/xolobot_arm_server/share/colcon-core/packages/xolobot_arm_server)
[1.889s] Level 1:colcon.colcon_core.environment:create_environment_scripts_only(xolobot_arm_server)
[1.889s] Level 1:colcon.colcon_core.environment:checking '/home/monica/ros2_ws/install/xolobot_arm_server' for CMake module files
[1.891s] Level 1:colcon.colcon_core.environment:checking '/home/monica/ros2_ws/install/xolobot_arm_server' for CMake config files
[1.892s] Level 1:colcon.colcon_core.shell:create_environment_hook('xolobot_arm_server', 'cmake_prefix_path')
[1.892s] INFO:colcon.colcon_core.shell:Creating environment hook '/home/monica/ros2_ws/install/xolobot_arm_server/share/xolobot_arm_server/hook/cmake_prefix_path.ps1'
[1.893s] INFO:colcon.colcon_core.shell:Creating environment descriptor '/home/monica/ros2_ws/install/xolobot_arm_server/share/xolobot_arm_server/hook/cmake_prefix_path.dsv'
[1.895s] INFO:colcon.colcon_core.shell:Creating environment hook '/home/monica/ros2_ws/install/xolobot_arm_server/share/xolobot_arm_server/hook/cmake_prefix_path.sh'
[1.896s] Level 1:colcon.colcon_core.environment:checking '/home/monica/ros2_ws/install/xolobot_arm_server/lib'
[1.896s] Level 1:colcon.colcon_core.environment:checking '/home/monica/ros2_ws/install/xolobot_arm_server/bin'
[1.896s] Level 1:colcon.colcon_core.environment:checking '/home/monica/ros2_ws/install/xolobot_arm_server/lib/pkgconfig/xolobot_arm_server.pc'
[1.897s] Level 1:colcon.colcon_core.environment:checking '/home/monica/ros2_ws/install/xolobot_arm_server/lib/python3.10/site-packages'
[1.897s] Level 1:colcon.colcon_core.environment:checking '/home/monica/ros2_ws/install/xolobot_arm_server/bin'
[1.898s] INFO:colcon.colcon_core.shell:Creating package script '/home/monica/ros2_ws/install/xolobot_arm_server/share/xolobot_arm_server/package.ps1'
[1.899s] INFO:colcon.colcon_core.shell:Creating package descriptor '/home/monica/ros2_ws/install/xolobot_arm_server/share/xolobot_arm_server/package.dsv'
[1.900s] INFO:colcon.colcon_core.shell:Creating package script '/home/monica/ros2_ws/install/xolobot_arm_server/share/xolobot_arm_server/package.sh'
[1.901s] INFO:colcon.colcon_core.shell:Creating package script '/home/monica/ros2_ws/install/xolobot_arm_server/share/xolobot_arm_server/package.bash'
[1.902s] INFO:colcon.colcon_core.shell:Creating package script '/home/monica/ros2_ws/install/xolobot_arm_server/share/xolobot_arm_server/package.zsh'
[1.903s] Level 1:colcon.colcon_core.environment:create_file_with_runtime_dependencies(/home/monica/ros2_ws/install/xolobot_arm_server/share/colcon-core/packages/xolobot_arm_server)
[1.919s] DEBUG:colcon.colcon_core.event_handler.log_command:Invoked command in '/home/monica/ros2_ws/build/xolobot_control' returned '0': CMAKE_PREFIX_PATH=${CMAKE_PREFIX_PATH}:/opt/ros/iron /usr/bin/cmake --build /home/monica/ros2_ws/build/xolobot_control -- -j2 -l2
[1.922s] DEBUG:colcon.colcon_core.event_handler.log_command:Invoking command in '/home/monica/ros2_ws/build/xolobot_control': CMAKE_PREFIX_PATH=${CMAKE_PREFIX_PATH}:/opt/ros/iron /usr/bin/cmake --install /home/monica/ros2_ws/build/xolobot_control
[1.948s] Level 1:colcon.colcon_core.environment:create_environment_scripts_only(xolobot_control)
[1.949s] Level 1:colcon.colcon_core.environment:checking '/home/monica/ros2_ws/install/xolobot_control' for CMake module files
[1.950s] DEBUG:colcon.colcon_core.event_handler.log_command:Invoked command in '/home/monica/ros2_ws/build/xolobot_control' returned '0': CMAKE_PREFIX_PATH=${CMAKE_PREFIX_PATH}:/opt/ros/iron /usr/bin/cmake --install /home/monica/ros2_ws/build/xolobot_control
[1.951s] Level 1:colcon.colcon_core.environment:checking '/home/monica/ros2_ws/install/xolobot_control' for CMake config files
[1.951s] Level 1:colcon.colcon_core.shell:create_environment_hook('xolobot_control', 'cmake_prefix_path')
[1.952s] INFO:colcon.colcon_core.shell:Creating environment hook '/home/monica/ros2_ws/install/xolobot_control/share/xolobot_control/hook/cmake_prefix_path.ps1'
[1.953s] INFO:colcon.colcon_core.shell:Creating environment descriptor '/home/monica/ros2_ws/install/xolobot_control/share/xolobot_control/hook/cmake_prefix_path.dsv'
[1.954s] INFO:colcon.colcon_core.shell:Creating environment hook '/home/monica/ros2_ws/install/xolobot_control/share/xolobot_control/hook/cmake_prefix_path.sh'
[1.955s] Level 1:colcon.colcon_core.environment:checking '/home/monica/ros2_ws/install/xolobot_control/bin'
[1.955s] Level 1:colcon.colcon_core.environment:checking '/home/monica/ros2_ws/install/xolobot_control/lib/pkgconfig/xolobot_control.pc'
[1.956s] Level 1:colcon.colcon_core.environment:checking '/home/monica/ros2_ws/install/xolobot_control/lib/python3.10/site-packages'
[1.956s] Level 1:colcon.colcon_core.environment:checking '/home/monica/ros2_ws/install/xolobot_control/bin'
[1.957s] INFO:colcon.colcon_core.shell:Creating package script '/home/monica/ros2_ws/install/xolobot_control/share/xolobot_control/package.ps1'
[1.958s] INFO:colcon.colcon_core.shell:Creating package descriptor '/home/monica/ros2_ws/install/xolobot_control/share/xolobot_control/package.dsv'
[1.958s] INFO:colcon.colcon_core.shell:Creating package script '/home/monica/ros2_ws/install/xolobot_control/share/xolobot_control/package.sh'
[1.959s] INFO:colcon.colcon_core.shell:Creating package script '/home/monica/ros2_ws/install/xolobot_control/share/xolobot_control/package.bash'
[1.960s] INFO:colcon.colcon_core.shell:Creating package script '/home/monica/ros2_ws/install/xolobot_control/share/xolobot_control/package.zsh'
[1.961s] Level 1:colcon.colcon_core.environment:create_file_with_runtime_dependencies(/home/monica/ros2_ws/install/xolobot_control/share/colcon-core/packages/xolobot_control)
[1.962s] Level 1:colcon.colcon_core.environment:create_environment_scripts_only(xolobot_control)
[1.962s] Level 1:colcon.colcon_core.environment:checking '/home/monica/ros2_ws/install/xolobot_control' for CMake module files
[1.964s] Level 1:colcon.colcon_core.environment:checking '/home/monica/ros2_ws/install/xolobot_control' for CMake config files
[1.964s] Level 1:colcon.colcon_core.shell:create_environment_hook('xolobot_control', 'cmake_prefix_path')
[1.964s] INFO:colcon.colcon_core.shell:Creating environment hook '/home/monica/ros2_ws/install/xolobot_control/share/xolobot_control/hook/cmake_prefix_path.ps1'
[1.965s] INFO:colcon.colcon_core.shell:Creating environment descriptor '/home/monica/ros2_ws/install/xolobot_control/share/xolobot_control/hook/cmake_prefix_path.dsv'
[1.966s] INFO:colcon.colcon_core.shell:Creating environment hook '/home/monica/ros2_ws/install/xolobot_control/share/xolobot_control/hook/cmake_prefix_path.sh'
[1.967s] Level 1:colcon.colcon_core.environment:checking '/home/monica/ros2_ws/install/xolobot_control/bin'
[1.967s] Level 1:colcon.colcon_core.environment:checking '/home/monica/ros2_ws/install/xolobot_control/lib/pkgconfig/xolobot_control.pc'
[1.968s] Level 1:colcon.colcon_core.environment:checking '/home/monica/ros2_ws/install/xolobot_control/lib/python3.10/site-packages'
[1.968s] Level 1:colcon.colcon_core.environment:checking '/home/monica/ros2_ws/install/xolobot_control/bin'
[1.969s] INFO:colcon.colcon_core.shell:Creating package script '/home/monica/ros2_ws/install/xolobot_control/share/xolobot_control/package.ps1'
[1.970s] INFO:colcon.colcon_core.shell:Creating package descriptor '/home/monica/ros2_ws/install/xolobot_control/share/xolobot_control/package.dsv'
[1.971s] INFO:colcon.colcon_core.shell:Creating package script '/home/monica/ros2_ws/install/xolobot_control/share/xolobot_control/package.sh'
[1.971s] INFO:colcon.colcon_core.shell:Creating package script '/home/monica/ros2_ws/install/xolobot_control/share/xolobot_control/package.bash'
[1.972s] INFO:colcon.colcon_core.shell:Creating package script '/home/monica/ros2_ws/install/xolobot_control/share/xolobot_control/package.zsh'
[1.974s] Level 1:colcon.colcon_core.environment:create_file_with_runtime_dependencies(/home/monica/ros2_ws/install/xolobot_control/share/colcon-core/packages/xolobot_control)
[1.974s] DEBUG:colcon.colcon_parallel_executor.executor.parallel:closing loop
[1.975s] DEBUG:colcon.colcon_parallel_executor.executor.parallel:loop closed
[1.975s] DEBUG:colcon.colcon_parallel_executor.executor.parallel:run_until_complete finished with '0'
[1.975s] DEBUG:colcon.colcon_core.event_reactor:joining thread
[1.999s] INFO:colcon.colcon_core.plugin_system:Skipping extension 'colcon_notification.desktop_notification.terminal_notifier': Not used on non-Darwin systems
[1.999s] INFO:colcon.colcon_core.plugin_system:Skipping extension 'colcon_notification.desktop_notification.win32': Not used on non-Windows systems
[1.999s] INFO:colcon.colcon_notification.desktop_notification:Sending desktop notification using 'notify2'
[2.031s] DEBUG:colcon.colcon_core.event_reactor:joined thread
[2.032s] INFO:colcon.colcon_core.shell:Creating prefix script '/home/monica/ros2_ws/install/local_setup.ps1'
[2.037s] INFO:colcon.colcon_core.shell:Creating prefix util module '/home/monica/ros2_ws/install/_local_setup_util_ps1.py'
[2.041s] INFO:colcon.colcon_core.shell:Creating prefix chain script '/home/monica/ros2_ws/install/setup.ps1'
[2.044s] INFO:colcon.colcon_core.shell:Creating prefix script '/home/monica/ros2_ws/install/local_setup.sh'
[2.046s] INFO:colcon.colcon_core.shell:Creating prefix util module '/home/monica/ros2_ws/install/_local_setup_util_sh.py'
[2.047s] INFO:colcon.colcon_core.shell:Creating prefix chain script '/home/monica/ros2_ws/install/setup.sh'
[2.050s] INFO:colcon.colcon_core.shell:Creating prefix script '/home/monica/ros2_ws/install/local_setup.bash'
[2.052s] INFO:colcon.colcon_core.shell:Creating prefix chain script '/home/monica/ros2_ws/install/setup.bash'
[2.055s] INFO:colcon.colcon_core.shell:Creating prefix script '/home/monica/ros2_ws/install/local_setup.zsh'
[2.057s] INFO:colcon.colcon_core.shell:Creating prefix chain script '/home/monica/ros2_ws/install/setup.zsh'
