[0.144s] Invoking command in '/home/monica/ros2_ws/build/xolobot_arm': CMAKE_PREFIX_PATH=${CMAKE_PREFIX_PATH}:/opt/ros/iron /usr/bin/cmake --build /home/monica/ros2_ws/build/xolobot_arm -- -j2 -l2
[0.649s] Invoked command in '/home/monica/ros2_ws/build/xolobot_arm' returned '0': CMAKE_PREFIX_PATH=${CMAKE_PREFIX_PATH}:/opt/ros/iron /usr/bin/cmake --build /home/monica/ros2_ws/build/xolobot_arm -- -j2 -l2
[0.756s] Invoking command in '/home/monica/ros2_ws/build/xolobot_arm': CMAKE_PREFIX_PATH=${CMAKE_PREFIX_PATH}:/opt/ros/iron /usr/bin/cmake --install /home/monica/ros2_ws/build/xolobot_arm
[0.855s] -- Install configuration: ""
[0.856s] -- Up-to-date: /home/monica/ros2_ws/install/xolobot_arm/share/xolobot_arm/launch
[0.867s] -- Up-to-date: /home/monica/ros2_ws/install/xolobot_arm/share/xolobot_arm/launch/xolobot_arm_control.launch.py
[0.868s] -- Up-to-date: /home/monica/ros2_ws/install/xolobot_arm/share/xolobot_arm/worlds
[0.871s] -- Up-to-date: /home/monica/ros2_ws/install/xolobot_arm/share/xolobot_arm/worlds/coca_levitando.world
[0.871s] -- Up-to-date: /home/monica/ros2_ws/install/xolobot_arm/share/xolobot_arm/models
[0.872s] -- Up-to-date: /home/monica/ros2_ws/install/xolobot_arm/share/xolobot_arm/models/xolobot.urdf
[0.879s] -- Up-to-date: /home/monica/ros2_ws/install/xolobot_arm/share/xolobot_arm/models/model.config
[0.879s] -- Up-to-date: /home/monica/ros2_ws/install/xolobot_arm/share/xolobot_arm/models/utileria
[0.880s] -- Up-to-date: /home/monica/ros2_ws/install/xolobot_arm/share/xolobot_arm/models/utileria/objeto.sdf
[0.880s] -- Up-to-date: /home/monica/ros2_ws/install/xolobot_arm/share/xolobot_arm/models/utileria/model.config
[0.880s] -- Up-to-date: /home/monica/ros2_ws/install/xolobot_arm/share/xolobot_arm/models/utileria/objeto2.sdf
[0.881s] -- Up-to-date: /home/monica/ros2_ws/install/xolobot_arm/share/xolobot_arm/models/utileria/soporte.sdf
[0.899s] -- Up-to-date: /home/monica/ros2_ws/install/xolobot_arm/share/xolobot_arm/models/utileria/soporte2.sdf
[0.901s] -- Up-to-date: /home/monica/ros2_ws/install/xolobot_arm/share/xolobot_arm/models/textures
[0.902s] -- Up-to-date: /home/monica/ros2_ws/install/xolobot_arm/share/xolobot_arm/models/textures/metal.material
[0.902s] -- Up-to-date: /home/monica/ros2_ws/install/xolobot_arm/share/xolobot_arm/models/textures/images
[0.903s] -- Up-to-date: /home/monica/ros2_ws/install/xolobot_arm/share/xolobot_arm/models/textures/images/metal-rosa.jpg
[0.903s] -- Up-to-date: /home/monica/ros2_ws/install/xolobot_arm/share/xolobot_arm/models/textures/images/metal-hoyos.jpg
[0.904s] -- Up-to-date: /home/monica/ros2_ws/install/xolobot_arm/share/xolobot_arm/models/textures/images/blue-metal.jpg
[0.910s] -- Up-to-date: /home/monica/ros2_ws/install/xolobot_arm/share/xolobot_arm/models/textures/images/rose-gold.jpg
[0.915s] -- Up-to-date: /home/monica/ros2_ws/install/xolobot_arm/share/xolobot_arm/models/textures/images/piso-metal-barras.jpg
[0.915s] -- Up-to-date: /home/monica/ros2_ws/install/xolobot_arm/share/xolobot_arm/models/textures/images/piso-metal-blanco.jpg
[0.920s] -- Up-to-date: /home/monica/ros2_ws/install/xolobot_arm/share/xolobot_arm/models/textures/model.config
[0.920s] -- Up-to-date: /home/monica/ros2_ws/install/xolobot_arm/share/xolobot_arm/models/textures/xolobot.material
[0.930s] -- Up-to-date: /home/monica/ros2_ws/install/xolobot_arm/share/xolobot_arm/models/xolobot_arm.sdf
[0.931s] -- Up-to-date: /home/monica/ros2_ws/install/xolobot_arm/share/xolobot_arm/models/meshes
[0.932s] -- Up-to-date: /home/monica/ros2_ws/install/xolobot_arm/share/xolobot_arm/models/meshes/pulgar_2.dae
[0.932s] -- Up-to-date: /home/monica/ros2_ws/install/xolobot_arm/share/xolobot_arm/models/meshes/antebrazo_mano_izq_2.dae
[0.932s] -- Up-to-date: /home/monica/ros2_ws/install/xolobot_arm/share/xolobot_arm/models/meshes/biceps_juntos.dae
[0.932s] -- Up-to-date: /home/monica/ros2_ws/install/xolobot_arm/share/xolobot_arm/models/meshes/biceps_der.dae
[0.933s] -- Up-to-date: /home/monica/ros2_ws/install/xolobot_arm/share/xolobot_arm/models/meshes/biceps_izq.dae
[0.946s] -- Up-to-date: /home/monica/ros2_ws/install/xolobot_arm/share/xolobot_arm/models/meshes/banda.blend
[0.947s] -- Up-to-date: /home/monica/ros2_ws/install/xolobot_arm/share/xolobot_arm/models/meshes/biceps_juntos_nuevo.dae
[0.952s] -- Up-to-date: /home/monica/ros2_ws/install/xolobot_arm/share/xolobot_arm/models/meshes/antebrazo_mano_izqprueba.dae
[0.952s] -- Up-to-date: /home/monica/ros2_ws/install/xolobot_arm/share/xolobot_arm/models/meshes/antebrazo_mano_izq_bak.dae
[0.958s] -- Up-to-date: /home/monica/ros2_ws/install/xolobot_arm/share/xolobot_arm/models/meshes/mono.dae
[0.958s] -- Up-to-date: /home/monica/ros2_ws/install/xolobot_arm/share/xolobot_arm/models/meshes/hombro_alto.dae
[0.959s] -- Up-to-date: /home/monica/ros2_ws/install/xolobot_arm/share/xolobot_arm/models/meshes/codo_izq_colision.dae
[0.962s] -- Up-to-date: /home/monica/ros2_ws/install/xolobot_arm/share/xolobot_arm/models/meshes/hombro_alto_colision.dae
[0.963s] -- Up-to-date: /home/monica/ros2_ws/install/xolobot_arm/share/xolobot_arm/models/meshes/model.config
[0.967s] -- Up-to-date: /home/monica/ros2_ws/install/xolobot_arm/share/xolobot_arm/models/meshes/antebrazo_mano_izq.dae
[0.968s] -- Up-to-date: /home/monica/ros2_ws/install/xolobot_arm/share/xolobot_arm/models/meshes/codo_izq.dae
[0.968s] -- Up-to-date: /home/monica/ros2_ws/install/xolobot_arm/share/xolobot_arm/models/meshes/biceps_izq_colision.dae
[0.968s] -- Up-to-date: /home/monica/ros2_ws/install/xolobot_arm/share/xolobot_arm/models/meshes/backup
[0.976s] -- Up-to-date: /home/monica/ros2_ws/install/xolobot_arm/share/xolobot_arm/models/meshes/backup/pulgar_2.dae
[0.976s] -- Up-to-date: /home/monica/ros2_ws/install/xolobot_arm/share/xolobot_arm/models/meshes/backup/biceps_juntos.dae
[0.977s] -- Up-to-date: /home/monica/ros2_ws/install/xolobot_arm/share/xolobot_arm/models/meshes/backup/biceps_der.dae
[0.980s] -- Up-to-date: /home/monica/ros2_ws/install/xolobot_arm/share/xolobot_arm/models/meshes/backup/biceps_izq.dae
[0.980s] -- Up-to-date: /home/monica/ros2_ws/install/xolobot_arm/share/xolobot_arm/models/meshes/backup/biceps_juntos_nuevo.dae
[0.980s] -- Up-to-date: /home/monica/ros2_ws/install/xolobot_arm/share/xolobot_arm/models/meshes/backup/hombro_alto.dae
[0.981s] -- Up-to-date: /home/monica/ros2_ws/install/xolobot_arm/share/xolobot_arm/models/meshes/backup/antebrazo_mano_izq.dae
[0.981s] -- Up-to-date: /home/monica/ros2_ws/install/xolobot_arm/share/xolobot_arm/models/meshes/backup/codo_izq.dae
[0.983s] -- Up-to-date: /home/monica/ros2_ws/install/xolobot_arm/share/xolobot_arm/models/meshes/backup/hombro_bajo.dae
[0.983s] -- Up-to-date: /home/monica/ros2_ws/install/xolobot_arm/share/xolobot_arm/models/meshes/backup/dedos
[0.983s] -- Up-to-date: /home/monica/ros2_ws/install/xolobot_arm/share/xolobot_arm/models/meshes/backup/dedos/dedo_indice.blend1
[0.984s] -- Up-to-date: /home/monica/ros2_ws/install/xolobot_arm/share/xolobot_arm/models/meshes/backup/dedos/dedo_cordial_1.dae
[0.984s] -- Up-to-date: /home/monica/ros2_ws/install/xolobot_arm/share/xolobot_arm/models/meshes/backup/dedos/dedo_menique_1.blend
[0.994s] -- Up-to-date: /home/monica/ros2_ws/install/xolobot_arm/share/xolobot_arm/models/meshes/backup/dedos/dedo_indice_2.dae
[0.995s] -- Up-to-date: /home/monica/ros2_ws/install/xolobot_arm/share/xolobot_arm/models/meshes/backup/dedos/dedo_cordial.blend
[0.996s] -- Up-to-date: /home/monica/ros2_ws/install/xolobot_arm/share/xolobot_arm/models/meshes/backup/dedos/dedo_menique_2.blend1
[0.996s] -- Up-to-date: /home/monica/ros2_ws/install/xolobot_arm/share/xolobot_arm/models/meshes/backup/dedos/dedo_cordial_2.dae
[0.997s] -- Up-to-date: /home/monica/ros2_ws/install/xolobot_arm/share/xolobot_arm/models/meshes/backup/dedos/dedo_indice_1.dae
[0.997s] -- Up-to-date: /home/monica/ros2_ws/install/xolobot_arm/share/xolobot_arm/models/meshes/backup/dedos/dedo_menique.blend
[1.001s] -- Up-to-date: /home/monica/ros2_ws/install/xolobot_arm/share/xolobot_arm/models/meshes/backup/dedos/dedo_menique_1.blend1
[1.001s] -- Up-to-date: /home/monica/ros2_ws/install/xolobot_arm/share/xolobot_arm/models/meshes/backup/dedos/dedo_menique_2.dae
[1.004s] -- Up-to-date: /home/monica/ros2_ws/install/xolobot_arm/share/xolobot_arm/models/meshes/backup/dedos/dedo_anular_1.dae
[1.004s] -- Up-to-date: /home/monica/ros2_ws/install/xolobot_arm/share/xolobot_arm/models/meshes/backup/dedos/dedo_menique_3.dae
[1.004s] -- Up-to-date: /home/monica/ros2_ws/install/xolobot_arm/share/xolobot_arm/models/meshes/backup/dedos/dedo_cordial_3.dae
[1.005s] -- Up-to-date: /home/monica/ros2_ws/install/xolobot_arm/share/xolobot_arm/models/meshes/backup/dedos/mano_completa.blend
[1.005s] -- Up-to-date: /home/monica/ros2_ws/install/xolobot_arm/share/xolobot_arm/models/meshes/backup/dedos/dedo_menique.blend1
[1.020s] -- Up-to-date: /home/monica/ros2_ws/install/xolobot_arm/share/xolobot_arm/models/meshes/backup/dedos/dedo_menique_2.blend
[1.021s] -- Up-to-date: /home/monica/ros2_ws/install/xolobot_arm/share/xolobot_arm/models/meshes/backup/dedos/dedo_anular.blend1
[1.023s] -- Up-to-date: /home/monica/ros2_ws/install/xolobot_arm/share/xolobot_arm/models/meshes/backup/dedos/dedo_menique_3.blend1
[1.023s] -- Up-to-date: /home/monica/ros2_ws/install/xolobot_arm/share/xolobot_arm/models/meshes/backup/dedos/dedo_menique_3.blend
[1.024s] -- Up-to-date: /home/monica/ros2_ws/install/xolobot_arm/share/xolobot_arm/models/meshes/backup/dedos/dedo_menique_1.dae
[1.029s] -- Up-to-date: /home/monica/ros2_ws/install/xolobot_arm/share/xolobot_arm/models/meshes/backup/dedos/dedo_anular.blend
[1.029s] -- Up-to-date: /home/monica/ros2_ws/install/xolobot_arm/share/xolobot_arm/models/meshes/backup/dedos/dedo_indice.blend
[1.030s] -- Up-to-date: /home/monica/ros2_ws/install/xolobot_arm/share/xolobot_arm/models/meshes/backup/dedos/mano_completa.blend1
[1.030s] -- Up-to-date: /home/monica/ros2_ws/install/xolobot_arm/share/xolobot_arm/models/meshes/backup/dedos/dedo_anular_3.dae
[1.030s] -- Up-to-date: /home/monica/ros2_ws/install/xolobot_arm/share/xolobot_arm/models/meshes/backup/dedos/dedo_anular_2.dae
[1.031s] -- Up-to-date: /home/monica/ros2_ws/install/xolobot_arm/share/xolobot_arm/models/meshes/backup/dedos/dedo_cordial.blend1
[1.035s] -- Up-to-date: /home/monica/ros2_ws/install/xolobot_arm/share/xolobot_arm/models/meshes/backup/dedos/dedo_indice_3.dae
[1.036s] -- Up-to-date: /home/monica/ros2_ws/install/xolobot_arm/share/xolobot_arm/models/meshes/backup/pulgar_1_izq.dae
[1.036s] -- Up-to-date: /home/monica/ros2_ws/install/xolobot_arm/share/xolobot_arm/models/meshes/backup/pulgar_3.dae
[1.036s] -- Up-to-date: /home/monica/ros2_ws/install/xolobot_arm/share/xolobot_arm/models/meshes/hombro_bajo.dae
[1.036s] -- Up-to-date: /home/monica/ros2_ws/install/xolobot_arm/share/xolobot_arm/models/meshes/dedos
[1.037s] -- Up-to-date: /home/monica/ros2_ws/install/xolobot_arm/share/xolobot_arm/models/meshes/dedos/pulgar_2.dae
[1.056s] -- Up-to-date: /home/monica/ros2_ws/install/xolobot_arm/share/xolobot_arm/models/meshes/dedos/pulgar_1_izq_colision.dae
[1.057s] -- Up-to-date: /home/monica/ros2_ws/install/xolobot_arm/share/xolobot_arm/models/meshes/dedos/dedo_menique_3_colision.dae
[1.057s] -- Up-to-date: /home/monica/ros2_ws/install/xolobot_arm/share/xolobot_arm/models/meshes/dedos/dedo_indice.blend1
[1.057s] -- Up-to-date: /home/monica/ros2_ws/install/xolobot_arm/share/xolobot_arm/models/meshes/dedos/dedo_cordial_3_colision.dae
[1.058s] -- Up-to-date: /home/monica/ros2_ws/install/xolobot_arm/share/xolobot_arm/models/meshes/dedos/pulgar_3_colision.dae
[1.058s] -- Up-to-date: /home/monica/ros2_ws/install/xolobot_arm/share/xolobot_arm/models/meshes/dedos/dedo_cordial_1.dae
[1.071s] -- Up-to-date: /home/monica/ros2_ws/install/xolobot_arm/share/xolobot_arm/models/meshes/dedos/dedo_menique_2_colision.dae
[1.072s] -- Up-to-date: /home/monica/ros2_ws/install/xolobot_arm/share/xolobot_arm/models/meshes/dedos/dedo_menique_1.blend
[1.072s] -- Up-to-date: /home/monica/ros2_ws/install/xolobot_arm/share/xolobot_arm/models/meshes/dedos/dedo_indice_2.dae
[1.072s] -- Up-to-date: /home/monica/ros2_ws/install/xolobot_arm/share/xolobot_arm/models/meshes/dedos/dedo_indice_3_colision.dae
[1.072s] -- Up-to-date: /home/monica/ros2_ws/install/xolobot_arm/share/xolobot_arm/models/meshes/dedos/dedo_cordial.blend
[1.073s] -- Up-to-date: /home/monica/ros2_ws/install/xolobot_arm/share/xolobot_arm/models/meshes/dedos/dedo_menique_2.blend1
[1.077s] -- Up-to-date: /home/monica/ros2_ws/install/xolobot_arm/share/xolobot_arm/models/meshes/dedos/dedo_cordial_2.dae
[1.086s] -- Up-to-date: /home/monica/ros2_ws/install/xolobot_arm/share/xolobot_arm/models/meshes/dedos/dedo_indice_1.dae
[1.087s] -- Up-to-date: /home/monica/ros2_ws/install/xolobot_arm/share/xolobot_arm/models/meshes/dedos/dedo_menique.blend
[1.087s] -- Up-to-date: /home/monica/ros2_ws/install/xolobot_arm/share/xolobot_arm/models/meshes/dedos/dedo_anular_1_colision.dae
[1.090s] -- Up-to-date: /home/monica/ros2_ws/install/xolobot_arm/share/xolobot_arm/models/meshes/dedos/dedo_menique_1.blend1
[1.091s] -- Up-to-date: /home/monica/ros2_ws/install/xolobot_arm/share/xolobot_arm/models/meshes/dedos/dedo_menique_2.dae
[1.095s] -- Up-to-date: /home/monica/ros2_ws/install/xolobot_arm/share/xolobot_arm/models/meshes/dedos/dedo_anular_1.dae
[1.095s] -- Up-to-date: /home/monica/ros2_ws/install/xolobot_arm/share/xolobot_arm/models/meshes/dedos/dedo_indice_1_colision.dae
[1.099s] -- Up-to-date: /home/monica/ros2_ws/install/xolobot_arm/share/xolobot_arm/models/meshes/dedos/dedo_menique_1_colision.dae
[1.099s] -- Up-to-date: /home/monica/ros2_ws/install/xolobot_arm/share/xolobot_arm/models/meshes/dedos/dedo_menique_3.dae
[1.100s] -- Up-to-date: /home/monica/ros2_ws/install/xolobot_arm/share/xolobot_arm/models/meshes/dedos/dedo_anular_3_colision.dae
[1.104s] -- Up-to-date: /home/monica/ros2_ws/install/xolobot_arm/share/xolobot_arm/models/meshes/dedos/dedo_cordial_1_colision.dae
[1.104s] -- Up-to-date: /home/monica/ros2_ws/install/xolobot_arm/share/xolobot_arm/models/meshes/dedos/dedo_cordial_3.dae
[1.105s] -- Up-to-date: /home/monica/ros2_ws/install/xolobot_arm/share/xolobot_arm/models/meshes/dedos/pulgar_1_izq.dae
[1.105s] -- Up-to-date: /home/monica/ros2_ws/install/xolobot_arm/share/xolobot_arm/models/meshes/dedos/mano_completa.blend
[1.105s] -- Up-to-date: /home/monica/ros2_ws/install/xolobot_arm/share/xolobot_arm/models/meshes/dedos/dedo_menique.blend1
[1.107s] -- Up-to-date: /home/monica/ros2_ws/install/xolobot_arm/share/xolobot_arm/models/meshes/dedos/dedo_menique_2.blend
[1.114s] -- Up-to-date: /home/monica/ros2_ws/install/xolobot_arm/share/xolobot_arm/models/meshes/dedos/dedo_indice_2_colision.dae
[1.119s] -- Up-to-date: /home/monica/ros2_ws/install/xolobot_arm/share/xolobot_arm/models/meshes/dedos/dedo_anular.blend1
[1.120s] -- Up-to-date: /home/monica/ros2_ws/install/xolobot_arm/share/xolobot_arm/models/meshes/dedos/dedo_cordial_2_colision.dae
[1.120s] -- Up-to-date: /home/monica/ros2_ws/install/xolobot_arm/share/xolobot_arm/models/meshes/dedos/dedo_menique_3.blend1
[1.120s] -- Up-to-date: /home/monica/ros2_ws/install/xolobot_arm/share/xolobot_arm/models/meshes/dedos/pulgar_3.dae
[1.120s] -- Up-to-date: /home/monica/ros2_ws/install/xolobot_arm/share/xolobot_arm/models/meshes/dedos/dedo_menique_3.blend
[1.121s] -- Up-to-date: /home/monica/ros2_ws/install/xolobot_arm/share/xolobot_arm/models/meshes/dedos/dedo_menique_1.dae
[1.127s] -- Up-to-date: /home/monica/ros2_ws/install/xolobot_arm/share/xolobot_arm/models/meshes/dedos/dedo_anular.blend
[1.127s] -- Up-to-date: /home/monica/ros2_ws/install/xolobot_arm/share/xolobot_arm/models/meshes/dedos/dedo_indice.blend
[1.128s] -- Up-to-date: /home/monica/ros2_ws/install/xolobot_arm/share/xolobot_arm/models/meshes/dedos/mano_completa.blend1
[1.133s] -- Up-to-date: /home/monica/ros2_ws/install/xolobot_arm/share/xolobot_arm/models/meshes/dedos/dedo_anular_3.dae
[1.133s] -- Up-to-date: /home/monica/ros2_ws/install/xolobot_arm/share/xolobot_arm/models/meshes/dedos/dedo_anular_2.dae
[1.134s] -- Up-to-date: /home/monica/ros2_ws/install/xolobot_arm/share/xolobot_arm/models/meshes/dedos/dedo_cordial.blend1
[1.134s] -- Up-to-date: /home/monica/ros2_ws/install/xolobot_arm/share/xolobot_arm/models/meshes/dedos/pulgar_2_colision.dae
[1.138s] -- Up-to-date: /home/monica/ros2_ws/install/xolobot_arm/share/xolobot_arm/models/meshes/dedos/dedo_anular_2_colision.dae
[1.138s] -- Up-to-date: /home/monica/ros2_ws/install/xolobot_arm/share/xolobot_arm/models/meshes/dedos/dedo_indice_3.dae
[1.139s] -- Up-to-date: /home/monica/ros2_ws/install/xolobot_arm/share/xolobot_arm/models/meshes/pulgar_1_izq.dae
[1.139s] -- Up-to-date: /home/monica/ros2_ws/install/xolobot_arm/share/xolobot_arm/models/meshes/codo_izq_tuercas.dae
[1.144s] -- Up-to-date: /home/monica/ros2_ws/install/xolobot_arm/share/xolobot_arm/models/meshes/hombro_bajo_colision.dae
[1.145s] -- Up-to-date: /home/monica/ros2_ws/install/xolobot_arm/share/xolobot_arm/models/meshes/pulgar_3.dae
[1.148s] -- Up-to-date: /home/monica/ros2_ws/install/xolobot_arm/share/xolobot_arm/models/meshes/banda_terminada.blend
[1.148s] -- Up-to-date: /home/monica/ros2_ws/install/xolobot_arm/share/xolobot_arm/models/meshes/palma.dae
[1.149s] -- Up-to-date: /home/monica/ros2_ws/install/xolobot_arm/share/ament_index/resource_index/package_run_dependencies/xolobot_arm
[1.156s] -- Up-to-date: /home/monica/ros2_ws/install/xolobot_arm/share/ament_index/resource_index/parent_prefix_path/xolobot_arm
[1.156s] -- Up-to-date: /home/monica/ros2_ws/install/xolobot_arm/share/xolobot_arm/environment/ament_prefix_path.sh
[1.157s] -- Up-to-date: /home/monica/ros2_ws/install/xolobot_arm/share/xolobot_arm/environment/ament_prefix_path.dsv
[1.159s] -- Up-to-date: /home/monica/ros2_ws/install/xolobot_arm/share/xolobot_arm/environment/path.sh
[1.159s] -- Up-to-date: /home/monica/ros2_ws/install/xolobot_arm/share/xolobot_arm/environment/path.dsv
[1.160s] -- Up-to-date: /home/monica/ros2_ws/install/xolobot_arm/share/xolobot_arm/local_setup.bash
[1.160s] -- Up-to-date: /home/monica/ros2_ws/install/xolobot_arm/share/xolobot_arm/local_setup.sh
[1.167s] -- Up-to-date: /home/monica/ros2_ws/install/xolobot_arm/share/xolobot_arm/local_setup.zsh
[1.168s] -- Up-to-date: /home/monica/ros2_ws/install/xolobot_arm/share/xolobot_arm/local_setup.dsv
[1.169s] -- Installing: /home/monica/ros2_ws/install/xolobot_arm/share/xolobot_arm/package.dsv
[1.170s] -- Up-to-date: /home/monica/ros2_ws/install/xolobot_arm/share/ament_index/resource_index/packages/xolobot_arm
[1.173s] -- Up-to-date: /home/monica/ros2_ws/install/xolobot_arm/share/xolobot_arm/cmake/xolobot_armConfig.cmake
[1.173s] -- Up-to-date: /home/monica/ros2_ws/install/xolobot_arm/share/xolobot_arm/cmake/xolobot_armConfig-version.cmake
[1.173s] -- Up-to-date: /home/monica/ros2_ws/install/xolobot_arm/share/xolobot_arm/package.xml
[1.178s] Invoked command in '/home/monica/ros2_ws/build/xolobot_arm' returned '0': CMAKE_PREFIX_PATH=${CMAKE_PREFIX_PATH}:/opt/ros/iron /usr/bin/cmake --install /home/monica/ros2_ws/build/xolobot_arm
