[0.153s] Invoking command in '/home/monica/ros2_ws/build/xolobot_control': CMAKE_PREFIX_PATH=${CMAKE_PREFIX_PATH}:/opt/ros/iron /usr/bin/cmake --build /home/monica/ros2_ws/build/xolobot_control -- -j2 -l2
[0.507s] Invoked command in '/home/monica/ros2_ws/build/xolobot_control' returned '0': CMAKE_PREFIX_PATH=${CMAKE_PREFIX_PATH}:/opt/ros/iron /usr/bin/cmake --build /home/monica/ros2_ws/build/xolobot_control -- -j2 -l2
[0.514s] Invoking command in '/home/monica/ros2_ws/build/xolobot_control': CMAKE_PREFIX_PATH=${CMAKE_PREFIX_PATH}:/opt/ros/iron /usr/bin/cmake --install /home/monica/ros2_ws/build/xolobot_control
[0.590s] -- Install configuration: ""
[0.595s] -- Execute custom install script
[0.596s] -- Up-to-date symlink: /home/monica/ros2_ws/install/xolobot_control/share/xolobot_control/config/rrobot_control.yaml
[0.598s] -- Up-to-date symlink: /home/monica/ros2_ws/install/xolobot_control/share/xolobot_control/config/xolobot_control.yaml
[0.598s] -- Up-to-date symlink: /home/monica/ros2_ws/install/xolobot_control/share/ament_index/resource_index/package_run_dependencies/xolobot_control
[0.600s] -- Up-to-date symlink: /home/monica/ros2_ws/install/xolobot_control/share/ament_index/resource_index/parent_prefix_path/xolobot_control
[0.602s] -- Up-to-date symlink: /home/monica/ros2_ws/install/xolobot_control/share/xolobot_control/environment/ament_prefix_path.sh
[0.602s] -- Up-to-date symlink: /home/monica/ros2_ws/install/xolobot_control/share/xolobot_control/environment/ament_prefix_path.dsv
[0.605s] -- Up-to-date symlink: /home/monica/ros2_ws/install/xolobot_control/share/xolobot_control/environment/path.sh
[0.606s] -- Up-to-date symlink: /home/monica/ros2_ws/install/xolobot_control/share/xolobot_control/environment/path.dsv
[0.606s] -- Up-to-date symlink: /home/monica/ros2_ws/install/xolobot_control/share/xolobot_control/local_setup.bash
[0.608s] -- Up-to-date symlink: /home/monica/ros2_ws/install/xolobot_control/share/xolobot_control/local_setup.sh
[0.609s] -- Up-to-date symlink: /home/monica/ros2_ws/install/xolobot_control/share/xolobot_control/local_setup.zsh
[0.611s] -- Up-to-date symlink: /home/monica/ros2_ws/install/xolobot_control/share/xolobot_control/local_setup.dsv
[0.611s] -- Symlinking: /home/monica/ros2_ws/install/xolobot_control/share/xolobot_control/package.dsv
[0.679s] -- Up-to-date symlink: /home/monica/ros2_ws/install/xolobot_control/share/ament_index/resource_index/packages/xolobot_control
[0.680s] -- Up-to-date symlink: /home/monica/ros2_ws/install/xolobot_control/share/xolobot_control/cmake/xolobot_controlConfig.cmake
[0.685s] -- Up-to-date symlink: /home/monica/ros2_ws/install/xolobot_control/share/xolobot_control/cmake/xolobot_controlConfig-version.cmake
[0.685s] -- Up-to-date symlink: /home/monica/ros2_ws/install/xolobot_control/share/xolobot_control/package.xml
[0.691s] Invoked command in '/home/monica/ros2_ws/build/xolobot_control' returned '0': CMAKE_PREFIX_PATH=${CMAKE_PREFIX_PATH}:/opt/ros/iron /usr/bin/cmake --install /home/monica/ros2_ws/build/xolobot_control
