[0.366s] DEBUG:colcon:Command line arguments: ['/usr/bin/colcon', 'build']
[0.367s] DEBUG:colcon:Parsed command line arguments: Namespace(log_base=None, log_level=None, verb_name='build', build_base='build', install_base='install', merge_install=False, symlink_install=False, test_result_base=None, continue_on_error=False, executor='parallel', parallel_workers=2, event_handlers=None, ignore_user_meta=False, metas=['./colcon.meta'], base_paths=['.'], packages_ignore=None, packages_ignore_regex=None, paths=None, packages_up_to=None, packages_up_to_regex=None, packages_above=None, packages_above_and_dependencies=None, packages_above_depth=None, packages_select_by_dep=None, packages_skip_by_dep=None, packages_skip_up_to=None, packages_select_build_failed=False, packages_skip_build_finished=False, packages_select_test_failures=False, packages_skip_test_passed=False, packages_select=None, packages_skip=None, packages_select_regex=None, packages_skip_regex=None, packages_start=None, packages_end=None, allow_overriding=[], cmake_args=None, cmake_target=None, cmake_target_skip_unavailable=False, cmake_clean_cache=False, cmake_clean_first=False, cmake_force_configure=False, ament_cmake_args=None, catkin_cmake_args=None, catkin_skip_building_tests=False, mixin_files=None, mixin=None, verb_parser=<colcon_mixin.mixin.mixin_argument.MixinArgumentDecorator object at 0x717a5885a8c0>, verb_extension=<colcon_core.verb.build.BuildVerb object at 0x717a5885a3e0>, main=<bound method BuildVerb.main of <colcon_core.verb.build.BuildVerb object at 0x717a5885a3e0>>, mixin_verb=('build',))
[1.118s] Level 1:colcon.colcon_core.package_discovery:discover_packages(colcon_meta) check parameters
[1.119s] Level 1:colcon.colcon_core.package_discovery:discover_packages(recursive) check parameters
[1.119s] Level 1:colcon.colcon_core.package_discovery:discover_packages(ignore) check parameters
[1.119s] Level 1:colcon.colcon_core.package_discovery:discover_packages(path) check parameters
[1.119s] Level 1:colcon.colcon_core.package_discovery:discover_packages(colcon_meta) discover
[1.119s] Level 1:colcon.colcon_core.package_discovery:discover_packages(recursive) discover
[1.120s] INFO:colcon.colcon_core.package_discovery:Crawling recursively for packages in '/home/monica/ros2_ws'
[1.120s] Level 1:colcon.colcon_core.package_identification:_identify(.) by extensions ['ignore', 'ignore_ament_install']
[1.120s] Level 1:colcon.colcon_core.package_identification:_identify(.) by extension 'ignore'
[1.120s] Level 1:colcon.colcon_core.package_identification:_identify(.) by extension 'ignore_ament_install'
[1.121s] Level 1:colcon.colcon_core.package_identification:_identify(.) by extensions ['colcon_pkg']
[1.121s] Level 1:colcon.colcon_core.package_identification:_identify(.) by extension 'colcon_pkg'
[1.121s] Level 1:colcon.colcon_core.package_identification:_identify(.) by extensions ['colcon_meta']
[1.121s] Level 1:colcon.colcon_core.package_identification:_identify(.) by extension 'colcon_meta'
[1.121s] Level 1:colcon.colcon_core.package_identification:_identify(.) by extensions ['ros']
[1.121s] Level 1:colcon.colcon_core.package_identification:_identify(.) by extension 'ros'
[1.165s] Level 1:colcon.colcon_core.package_identification:_identify(.) by extensions ['cmake', 'python']
[1.165s] Level 1:colcon.colcon_core.package_identification:_identify(.) by extension 'cmake'
[1.165s] Level 1:colcon.colcon_core.package_identification:_identify(.) by extension 'python'
[1.165s] Level 1:colcon.colcon_core.package_identification:_identify(.) by extensions ['python_setup_py']
[1.165s] Level 1:colcon.colcon_core.package_identification:_identify(.) by extension 'python_setup_py'
[1.166s] Level 1:colcon.colcon_core.package_identification:_identify(build) by extensions ['ignore', 'ignore_ament_install']
[1.166s] Level 1:colcon.colcon_core.package_identification:_identify(build) by extension 'ignore'
[1.166s] Level 1:colcon.colcon_core.package_identification:_identify(build) ignored
[1.166s] Level 1:colcon.colcon_core.package_identification:_identify(install) by extensions ['ignore', 'ignore_ament_install']
[1.167s] Level 1:colcon.colcon_core.package_identification:_identify(install) by extension 'ignore'
[1.167s] Level 1:colcon.colcon_core.package_identification:_identify(install) ignored
[1.167s] Level 1:colcon.colcon_core.package_identification:_identify(log) by extensions ['ignore', 'ignore_ament_install']
[1.167s] Level 1:colcon.colcon_core.package_identification:_identify(log) by extension 'ignore'
[1.168s] Level 1:colcon.colcon_core.package_identification:_identify(log) ignored
[1.168s] Level 1:colcon.colcon_core.package_identification:_identify(src) by extensions ['ignore', 'ignore_ament_install']
[1.168s] Level 1:colcon.colcon_core.package_identification:_identify(src) by extension 'ignore'
[1.168s] Level 1:colcon.colcon_core.package_identification:_identify(src) by extension 'ignore_ament_install'
[1.168s] Level 1:colcon.colcon_core.package_identification:_identify(src) by extensions ['colcon_pkg']
[1.168s] Level 1:colcon.colcon_core.package_identification:_identify(src) by extension 'colcon_pkg'
[1.169s] Level 1:colcon.colcon_core.package_identification:_identify(src) by extensions ['colcon_meta']
[1.169s] Level 1:colcon.colcon_core.package_identification:_identify(src) by extension 'colcon_meta'
[1.169s] Level 1:colcon.colcon_core.package_identification:_identify(src) by extensions ['ros']
[1.169s] Level 1:colcon.colcon_core.package_identification:_identify(src) by extension 'ros'
[1.169s] Level 1:colcon.colcon_core.package_identification:_identify(src) by extensions ['cmake', 'python']
[1.169s] Level 1:colcon.colcon_core.package_identification:_identify(src) by extension 'cmake'
[1.169s] Level 1:colcon.colcon_core.package_identification:_identify(src) by extension 'python'
[1.169s] Level 1:colcon.colcon_core.package_identification:_identify(src) by extensions ['python_setup_py']
[1.169s] Level 1:colcon.colcon_core.package_identification:_identify(src) by extension 'python_setup_py'
[1.170s] Level 1:colcon.colcon_core.package_identification:_identify(src/xolobot_arm) by extensions ['ignore', 'ignore_ament_install']
[1.170s] Level 1:colcon.colcon_core.package_identification:_identify(src/xolobot_arm) by extension 'ignore'
[1.170s] Level 1:colcon.colcon_core.package_identification:_identify(src/xolobot_arm) by extension 'ignore_ament_install'
[1.170s] Level 1:colcon.colcon_core.package_identification:_identify(src/xolobot_arm) by extensions ['colcon_pkg']
[1.170s] Level 1:colcon.colcon_core.package_identification:_identify(src/xolobot_arm) by extension 'colcon_pkg'
[1.170s] Level 1:colcon.colcon_core.package_identification:_identify(src/xolobot_arm) by extensions ['colcon_meta']
[1.170s] Level 1:colcon.colcon_core.package_identification:_identify(src/xolobot_arm) by extension 'colcon_meta'
[1.171s] Level 1:colcon.colcon_core.package_identification:_identify(src/xolobot_arm) by extensions ['ros']
[1.171s] Level 1:colcon.colcon_core.package_identification:_identify(src/xolobot_arm) by extension 'ros'
[1.178s] DEBUG:colcon.colcon_core.package_identification:Package 'src/xolobot_arm' with type 'ros.ament_cmake' and name 'xolobot_arm'
[1.179s] Level 1:colcon.colcon_core.package_identification:_identify(src/xolobot_arm_server) by extensions ['ignore', 'ignore_ament_install']
[1.179s] Level 1:colcon.colcon_core.package_identification:_identify(src/xolobot_arm_server) by extension 'ignore'
[1.179s] Level 1:colcon.colcon_core.package_identification:_identify(src/xolobot_arm_server) by extension 'ignore_ament_install'
[1.180s] Level 1:colcon.colcon_core.package_identification:_identify(src/xolobot_arm_server) by extensions ['colcon_pkg']
[1.180s] Level 1:colcon.colcon_core.package_identification:_identify(src/xolobot_arm_server) by extension 'colcon_pkg'
[1.180s] Level 1:colcon.colcon_core.package_identification:_identify(src/xolobot_arm_server) by extensions ['colcon_meta']
[1.180s] Level 1:colcon.colcon_core.package_identification:_identify(src/xolobot_arm_server) by extension 'colcon_meta'
[1.180s] Level 1:colcon.colcon_core.package_identification:_identify(src/xolobot_arm_server) by extensions ['ros']
[1.180s] Level 1:colcon.colcon_core.package_identification:_identify(src/xolobot_arm_server) by extension 'ros'
[1.208s] DEBUG:colcon.colcon_core.package_identification:Package 'src/xolobot_arm_server' with type 'ros.ament_cmake' and name 'xolobot_arm_server'
[1.208s] Level 1:colcon.colcon_core.package_identification:_identify(src/xolobot_control) by extensions ['ignore', 'ignore_ament_install']
[1.208s] Level 1:colcon.colcon_core.package_identification:_identify(src/xolobot_control) by extension 'ignore'
[1.208s] Level 1:colcon.colcon_core.package_identification:_identify(src/xolobot_control) by extension 'ignore_ament_install'
[1.209s] Level 1:colcon.colcon_core.package_identification:_identify(src/xolobot_control) by extensions ['colcon_pkg']
[1.209s] Level 1:colcon.colcon_core.package_identification:_identify(src/xolobot_control) by extension 'colcon_pkg'
[1.209s] Level 1:colcon.colcon_core.package_identification:_identify(src/xolobot_control) by extensions ['colcon_meta']
[1.209s] Level 1:colcon.colcon_core.package_identification:_identify(src/xolobot_control) by extension 'colcon_meta'
[1.209s] Level 1:colcon.colcon_core.package_identification:_identify(src/xolobot_control) by extensions ['ros']
[1.209s] Level 1:colcon.colcon_core.package_identification:_identify(src/xolobot_control) by extension 'ros'
[1.213s] DEBUG:colcon.colcon_core.package_identification:Package 'src/xolobot_control' with type 'ros.ament_cmake' and name 'xolobot_control'
[1.214s] Level 1:colcon.colcon_core.package_discovery:discover_packages(recursive) using defaults
[1.214s] Level 1:colcon.colcon_core.package_discovery:discover_packages(ignore) discover
[1.214s] Level 1:colcon.colcon_core.package_discovery:discover_packages(ignore) using defaults
[1.214s] Level 1:colcon.colcon_core.package_discovery:discover_packages(path) discover
[1.214s] Level 1:colcon.colcon_core.package_discovery:discover_packages(path) using defaults
[1.268s] Level 1:colcon.colcon_core.package_discovery:discover_packages(prefix_path) check parameters
[1.268s] Level 1:colcon.colcon_core.package_discovery:discover_packages(prefix_path) discover
[1.276s] DEBUG:colcon.colcon_installed_package_information.package_discovery:Found 3 installed packages in /home/monica/ros2_ws/install
[1.282s] DEBUG:colcon.colcon_installed_package_information.package_discovery:Found 355 installed packages in /opt/ros/iron
[1.287s] Level 1:colcon.colcon_core.package_discovery:discover_packages(prefix_path) using defaults
[1.826s] Level 5:colcon.colcon_core.verb:set package 'xolobot_arm' build argument 'cmake_args' from command line to 'None'
[1.827s] Level 5:colcon.colcon_core.verb:set package 'xolobot_arm' build argument 'cmake_target' from command line to 'None'
[1.827s] Level 5:colcon.colcon_core.verb:set package 'xolobot_arm' build argument 'cmake_target_skip_unavailable' from command line to 'False'
[1.827s] Level 5:colcon.colcon_core.verb:set package 'xolobot_arm' build argument 'cmake_clean_cache' from command line to 'False'
[1.827s] Level 5:colcon.colcon_core.verb:set package 'xolobot_arm' build argument 'cmake_clean_first' from command line to 'False'
[1.827s] Level 5:colcon.colcon_core.verb:set package 'xolobot_arm' build argument 'cmake_force_configure' from command line to 'False'
[1.827s] Level 5:colcon.colcon_core.verb:set package 'xolobot_arm' build argument 'ament_cmake_args' from command line to 'None'
[1.827s] Level 5:colcon.colcon_core.verb:set package 'xolobot_arm' build argument 'catkin_cmake_args' from command line to 'None'
[1.827s] Level 5:colcon.colcon_core.verb:set package 'xolobot_arm' build argument 'catkin_skip_building_tests' from command line to 'False'
[1.827s] DEBUG:colcon.colcon_core.verb:Building package 'xolobot_arm' with the following arguments: {'ament_cmake_args': None, 'build_base': '/home/monica/ros2_ws/build/xolobot_arm', 'catkin_cmake_args': None, 'catkin_skip_building_tests': False, 'cmake_args': None, 'cmake_clean_cache': False, 'cmake_clean_first': False, 'cmake_force_configure': False, 'cmake_target': None, 'cmake_target_skip_unavailable': False, 'install_base': '/home/monica/ros2_ws/install/xolobot_arm', 'merge_install': False, 'path': '/home/monica/ros2_ws/src/xolobot_arm', 'symlink_install': False, 'test_result_base': None}
[1.829s] Level 5:colcon.colcon_core.verb:set package 'xolobot_arm_server' build argument 'cmake_args' from command line to 'None'
[1.829s] Level 5:colcon.colcon_core.verb:set package 'xolobot_arm_server' build argument 'cmake_target' from command line to 'None'
[1.829s] Level 5:colcon.colcon_core.verb:set package 'xolobot_arm_server' build argument 'cmake_target_skip_unavailable' from command line to 'False'
[1.829s] Level 5:colcon.colcon_core.verb:set package 'xolobot_arm_server' build argument 'cmake_clean_cache' from command line to 'False'
[1.829s] Level 5:colcon.colcon_core.verb:set package 'xolobot_arm_server' build argument 'cmake_clean_first' from command line to 'False'
[1.829s] Level 5:colcon.colcon_core.verb:set package 'xolobot_arm_server' build argument 'cmake_force_configure' from command line to 'False'
[1.829s] Level 5:colcon.colcon_core.verb:set package 'xolobot_arm_server' build argument 'ament_cmake_args' from command line to 'None'
[1.829s] Level 5:colcon.colcon_core.verb:set package 'xolobot_arm_server' build argument 'catkin_cmake_args' from command line to 'None'
[1.829s] Level 5:colcon.colcon_core.verb:set package 'xolobot_arm_server' build argument 'catkin_skip_building_tests' from command line to 'False'
[1.829s] DEBUG:colcon.colcon_core.verb:Building package 'xolobot_arm_server' with the following arguments: {'ament_cmake_args': None, 'build_base': '/home/monica/ros2_ws/build/xolobot_arm_server', 'catkin_cmake_args': None, 'catkin_skip_building_tests': False, 'cmake_args': None, 'cmake_clean_cache': False, 'cmake_clean_first': False, 'cmake_force_configure': False, 'cmake_target': None, 'cmake_target_skip_unavailable': False, 'install_base': '/home/monica/ros2_ws/install/xolobot_arm_server', 'merge_install': False, 'path': '/home/monica/ros2_ws/src/xolobot_arm_server', 'symlink_install': False, 'test_result_base': None}
[1.830s] Level 5:colcon.colcon_core.verb:set package 'xolobot_control' build argument 'cmake_args' from command line to 'None'
[1.830s] Level 5:colcon.colcon_core.verb:set package 'xolobot_control' build argument 'cmake_target' from command line to 'None'
[1.830s] Level 5:colcon.colcon_core.verb:set package 'xolobot_control' build argument 'cmake_target_skip_unavailable' from command line to 'False'
[1.830s] Level 5:colcon.colcon_core.verb:set package 'xolobot_control' build argument 'cmake_clean_cache' from command line to 'False'
[1.830s] Level 5:colcon.colcon_core.verb:set package 'xolobot_control' build argument 'cmake_clean_first' from command line to 'False'
[1.830s] Level 5:colcon.colcon_core.verb:set package 'xolobot_control' build argument 'cmake_force_configure' from command line to 'False'
[1.831s] Level 5:colcon.colcon_core.verb:set package 'xolobot_control' build argument 'ament_cmake_args' from command line to 'None'
[1.831s] Level 5:colcon.colcon_core.verb:set package 'xolobot_control' build argument 'catkin_cmake_args' from command line to 'None'
[1.831s] Level 5:colcon.colcon_core.verb:set package 'xolobot_control' build argument 'catkin_skip_building_tests' from command line to 'False'
[1.831s] DEBUG:colcon.colcon_core.verb:Building package 'xolobot_control' with the following arguments: {'ament_cmake_args': None, 'build_base': '/home/monica/ros2_ws/build/xolobot_control', 'catkin_cmake_args': None, 'catkin_skip_building_tests': False, 'cmake_args': None, 'cmake_clean_cache': False, 'cmake_clean_first': False, 'cmake_force_configure': False, 'cmake_target': None, 'cmake_target_skip_unavailable': False, 'install_base': '/home/monica/ros2_ws/install/xolobot_control', 'merge_install': False, 'path': '/home/monica/ros2_ws/src/xolobot_control', 'symlink_install': False, 'test_result_base': None}
[1.831s] INFO:colcon.colcon_core.executor:Executing jobs using 'parallel' executor
[1.834s] DEBUG:colcon.colcon_parallel_executor.executor.parallel:run_until_complete
[1.834s] INFO:colcon.colcon_ros.task.ament_cmake.build:Building ROS package in '/home/monica/ros2_ws/src/xolobot_arm' with build type 'ament_cmake'
[1.834s] INFO:colcon.colcon_cmake.task.cmake.build:Building CMake package in '/home/monica/ros2_ws/src/xolobot_arm'
[1.851s] INFO:colcon.colcon_core.plugin_system:Skipping extension 'colcon_core.shell.bat': Not used on non-Windows systems
[1.852s] INFO:colcon.colcon_core.shell:Skip shell extension 'powershell' for command environment: Not usable outside of PowerShell
[1.852s] DEBUG:colcon.colcon_core.shell:Skip shell extension 'dsv' for command environment
[1.866s] INFO:colcon.colcon_ros.task.ament_cmake.build:Building ROS package in '/home/monica/ros2_ws/src/xolobot_arm_server' with build type 'ament_cmake'
[1.866s] INFO:colcon.colcon_cmake.task.cmake.build:Building CMake package in '/home/monica/ros2_ws/src/xolobot_arm_server'
[1.867s] INFO:colcon.colcon_core.shell:Skip shell extension 'powershell' for command environment: Not usable outside of PowerShell
[1.867s] DEBUG:colcon.colcon_core.shell:Skip shell extension 'dsv' for command environment
[1.891s] DEBUG:colcon.colcon_core.event_handler.log_command:Invoking command in '/home/monica/ros2_ws/build/xolobot_arm': CMAKE_PREFIX_PATH=${CMAKE_PREFIX_PATH}:/opt/ros/iron /usr/bin/cmake --build /home/monica/ros2_ws/build/xolobot_arm -- -j2 -l2
[1.916s] DEBUG:colcon.colcon_core.event_handler.log_command:Invoking command in '/home/monica/ros2_ws/build/xolobot_arm_server': CMAKE_PREFIX_PATH=${CMAKE_PREFIX_PATH}:/opt/ros/iron /usr/bin/cmake --build /home/monica/ros2_ws/build/xolobot_arm_server -- -j2 -l2
[2.300s] DEBUG:colcon.colcon_core.event_handler.log_command:Invoked command in '/home/monica/ros2_ws/build/xolobot_arm' returned '0': CMAKE_PREFIX_PATH=${CMAKE_PREFIX_PATH}:/opt/ros/iron /usr/bin/cmake --build /home/monica/ros2_ws/build/xolobot_arm -- -j2 -l2
[2.360s] DEBUG:colcon.colcon_core.event_handler.log_command:Invoking command in '/home/monica/ros2_ws/build/xolobot_arm': CMAKE_PREFIX_PATH=${CMAKE_PREFIX_PATH}:/opt/ros/iron /usr/bin/cmake --install /home/monica/ros2_ws/build/xolobot_arm
[2.478s] Level 1:colcon.colcon_core.environment:create_environment_scripts_only(xolobot_arm)
[2.517s] Level 1:colcon.colcon_core.environment:checking '/home/monica/ros2_ws/install/xolobot_arm' for CMake module files
[2.523s] Level 1:colcon.colcon_core.environment:checking '/home/monica/ros2_ws/install/xolobot_arm' for CMake config files
[2.524s] Level 1:colcon.colcon_core.shell:create_environment_hook('xolobot_arm', 'cmake_prefix_path')
[2.527s] INFO:colcon.colcon_core.shell:Creating environment hook '/home/monica/ros2_ws/install/xolobot_arm/share/xolobot_arm/hook/cmake_prefix_path.ps1'
[2.535s] INFO:colcon.colcon_core.shell:Creating environment descriptor '/home/monica/ros2_ws/install/xolobot_arm/share/xolobot_arm/hook/cmake_prefix_path.dsv'
[2.538s] INFO:colcon.colcon_core.shell:Creating environment hook '/home/monica/ros2_ws/install/xolobot_arm/share/xolobot_arm/hook/cmake_prefix_path.sh'
[2.540s] DEBUG:colcon.colcon_core.event_handler.log_command:Invoked command in '/home/monica/ros2_ws/build/xolobot_arm' returned '0': CMAKE_PREFIX_PATH=${CMAKE_PREFIX_PATH}:/opt/ros/iron /usr/bin/cmake --install /home/monica/ros2_ws/build/xolobot_arm
[2.546s] Level 1:colcon.colcon_core.environment:checking '/home/monica/ros2_ws/install/xolobot_arm/bin'
[2.546s] Level 1:colcon.colcon_core.environment:checking '/home/monica/ros2_ws/install/xolobot_arm/lib/pkgconfig/xolobot_arm.pc'
[2.548s] Level 1:colcon.colcon_core.environment:checking '/home/monica/ros2_ws/install/xolobot_arm/lib/python3.10/site-packages'
[2.550s] Level 1:colcon.colcon_core.environment:checking '/home/monica/ros2_ws/install/xolobot_arm/bin'
[2.551s] INFO:colcon.colcon_core.shell:Creating package script '/home/monica/ros2_ws/install/xolobot_arm/share/xolobot_arm/package.ps1'
[2.554s] INFO:colcon.colcon_core.shell:Creating package descriptor '/home/monica/ros2_ws/install/xolobot_arm/share/xolobot_arm/package.dsv'
[2.558s] INFO:colcon.colcon_core.shell:Creating package script '/home/monica/ros2_ws/install/xolobot_arm/share/xolobot_arm/package.sh'
[2.562s] INFO:colcon.colcon_core.shell:Creating package script '/home/monica/ros2_ws/install/xolobot_arm/share/xolobot_arm/package.bash'
[2.566s] INFO:colcon.colcon_core.shell:Creating package script '/home/monica/ros2_ws/install/xolobot_arm/share/xolobot_arm/package.zsh'
[2.571s] Level 1:colcon.colcon_core.environment:create_file_with_runtime_dependencies(/home/monica/ros2_ws/install/xolobot_arm/share/colcon-core/packages/xolobot_arm)
[2.576s] Level 1:colcon.colcon_core.environment:create_environment_scripts_only(xolobot_arm)
[2.577s] Level 1:colcon.colcon_core.environment:checking '/home/monica/ros2_ws/install/xolobot_arm' for CMake module files
[2.580s] Level 1:colcon.colcon_core.environment:checking '/home/monica/ros2_ws/install/xolobot_arm' for CMake config files
[2.582s] Level 1:colcon.colcon_core.shell:create_environment_hook('xolobot_arm', 'cmake_prefix_path')
[2.583s] INFO:colcon.colcon_core.shell:Creating environment hook '/home/monica/ros2_ws/install/xolobot_arm/share/xolobot_arm/hook/cmake_prefix_path.ps1'
[2.586s] INFO:colcon.colcon_core.shell:Creating environment descriptor '/home/monica/ros2_ws/install/xolobot_arm/share/xolobot_arm/hook/cmake_prefix_path.dsv'
[2.588s] INFO:colcon.colcon_core.shell:Creating environment hook '/home/monica/ros2_ws/install/xolobot_arm/share/xolobot_arm/hook/cmake_prefix_path.sh'
[2.591s] Level 1:colcon.colcon_core.environment:checking '/home/monica/ros2_ws/install/xolobot_arm/bin'
[2.591s] Level 1:colcon.colcon_core.environment:checking '/home/monica/ros2_ws/install/xolobot_arm/lib/pkgconfig/xolobot_arm.pc'
[2.592s] Level 1:colcon.colcon_core.environment:checking '/home/monica/ros2_ws/install/xolobot_arm/lib/python3.10/site-packages'
[2.592s] Level 1:colcon.colcon_core.environment:checking '/home/monica/ros2_ws/install/xolobot_arm/bin'
[2.593s] INFO:colcon.colcon_core.shell:Creating package script '/home/monica/ros2_ws/install/xolobot_arm/share/xolobot_arm/package.ps1'
[2.596s] INFO:colcon.colcon_core.shell:Creating package descriptor '/home/monica/ros2_ws/install/xolobot_arm/share/xolobot_arm/package.dsv'
[2.600s] INFO:colcon.colcon_core.shell:Creating package script '/home/monica/ros2_ws/install/xolobot_arm/share/xolobot_arm/package.sh'
[2.604s] INFO:colcon.colcon_core.shell:Creating package script '/home/monica/ros2_ws/install/xolobot_arm/share/xolobot_arm/package.bash'
[2.605s] INFO:colcon.colcon_core.shell:Creating package script '/home/monica/ros2_ws/install/xolobot_arm/share/xolobot_arm/package.zsh'
[2.606s] Level 1:colcon.colcon_core.environment:create_file_with_runtime_dependencies(/home/monica/ros2_ws/install/xolobot_arm/share/colcon-core/packages/xolobot_arm)
[2.610s] INFO:colcon.colcon_ros.task.ament_cmake.build:Building ROS package in '/home/monica/ros2_ws/src/xolobot_control' with build type 'ament_cmake'
[2.611s] INFO:colcon.colcon_cmake.task.cmake.build:Building CMake package in '/home/monica/ros2_ws/src/xolobot_control'
[2.611s] INFO:colcon.colcon_core.shell:Skip shell extension 'powershell' for command environment: Not usable outside of PowerShell
[2.611s] DEBUG:colcon.colcon_core.shell:Skip shell extension 'dsv' for command environment
[2.690s] DEBUG:colcon.colcon_core.event_handler.log_command:Invoking command in '/home/monica/ros2_ws/build/xolobot_control': CMAKE_PREFIX_PATH=${CMAKE_PREFIX_PATH}:/opt/ros/iron /usr/bin/cmake --build /home/monica/ros2_ws/build/xolobot_control -- -j2 -l2
[2.763s] DEBUG:colcon.colcon_core.event_handler.log_command:Invoked command in '/home/monica/ros2_ws/build/xolobot_arm_server' returned '0': CMAKE_PREFIX_PATH=${CMAKE_PREFIX_PATH}:/opt/ros/iron /usr/bin/cmake --build /home/monica/ros2_ws/build/xolobot_arm_server -- -j2 -l2
[2.771s] DEBUG:colcon.colcon_core.event_handler.log_command:Invoking command in '/home/monica/ros2_ws/build/xolobot_arm_server': CMAKE_PREFIX_PATH=${CMAKE_PREFIX_PATH}:/opt/ros/iron /usr/bin/cmake --install /home/monica/ros2_ws/build/xolobot_arm_server
[2.832s] Level 1:colcon.colcon_core.environment:create_environment_scripts_only(xolobot_arm_server)
[2.833s] Level 1:colcon.colcon_core.environment:checking '/home/monica/ros2_ws/install/xolobot_arm_server' for CMake module files
[2.835s] DEBUG:colcon.colcon_core.event_handler.log_command:Invoked command in '/home/monica/ros2_ws/build/xolobot_arm_server' returned '0': CMAKE_PREFIX_PATH=${CMAKE_PREFIX_PATH}:/opt/ros/iron /usr/bin/cmake --install /home/monica/ros2_ws/build/xolobot_arm_server
[2.837s] Level 1:colcon.colcon_core.environment:checking '/home/monica/ros2_ws/install/xolobot_arm_server' for CMake config files
[2.837s] Level 1:colcon.colcon_core.shell:create_environment_hook('xolobot_arm_server', 'cmake_prefix_path')
[2.838s] INFO:colcon.colcon_core.shell:Creating environment hook '/home/monica/ros2_ws/install/xolobot_arm_server/share/xolobot_arm_server/hook/cmake_prefix_path.ps1'
[2.839s] INFO:colcon.colcon_core.shell:Creating environment descriptor '/home/monica/ros2_ws/install/xolobot_arm_server/share/xolobot_arm_server/hook/cmake_prefix_path.dsv'
[2.840s] INFO:colcon.colcon_core.shell:Creating environment hook '/home/monica/ros2_ws/install/xolobot_arm_server/share/xolobot_arm_server/hook/cmake_prefix_path.sh'
[2.841s] Level 1:colcon.colcon_core.environment:checking '/home/monica/ros2_ws/install/xolobot_arm_server/lib'
[2.841s] Level 1:colcon.colcon_core.environment:checking '/home/monica/ros2_ws/install/xolobot_arm_server/bin'
[2.841s] Level 1:colcon.colcon_core.environment:checking '/home/monica/ros2_ws/install/xolobot_arm_server/lib/pkgconfig/xolobot_arm_server.pc'
[2.842s] Level 1:colcon.colcon_core.environment:checking '/home/monica/ros2_ws/install/xolobot_arm_server/lib/python3.10/site-packages'
[2.842s] Level 1:colcon.colcon_core.environment:checking '/home/monica/ros2_ws/install/xolobot_arm_server/bin'
[2.843s] INFO:colcon.colcon_core.shell:Creating package script '/home/monica/ros2_ws/install/xolobot_arm_server/share/xolobot_arm_server/package.ps1'
[2.844s] INFO:colcon.colcon_core.shell:Creating package descriptor '/home/monica/ros2_ws/install/xolobot_arm_server/share/xolobot_arm_server/package.dsv'
[2.845s] INFO:colcon.colcon_core.shell:Creating package script '/home/monica/ros2_ws/install/xolobot_arm_server/share/xolobot_arm_server/package.sh'
[2.846s] INFO:colcon.colcon_core.shell:Creating package script '/home/monica/ros2_ws/install/xolobot_arm_server/share/xolobot_arm_server/package.bash'
[2.847s] INFO:colcon.colcon_core.shell:Creating package script '/home/monica/ros2_ws/install/xolobot_arm_server/share/xolobot_arm_server/package.zsh'
[2.847s] Level 1:colcon.colcon_core.environment:create_file_with_runtime_dependencies(/home/monica/ros2_ws/install/xolobot_arm_server/share/colcon-core/packages/xolobot_arm_server)
[2.849s] Level 1:colcon.colcon_core.environment:create_environment_scripts_only(xolobot_arm_server)
[2.849s] Level 1:colcon.colcon_core.environment:checking '/home/monica/ros2_ws/install/xolobot_arm_server' for CMake module files
[2.851s] Level 1:colcon.colcon_core.environment:checking '/home/monica/ros2_ws/install/xolobot_arm_server' for CMake config files
[2.852s] Level 1:colcon.colcon_core.shell:create_environment_hook('xolobot_arm_server', 'cmake_prefix_path')
[2.852s] INFO:colcon.colcon_core.shell:Creating environment hook '/home/monica/ros2_ws/install/xolobot_arm_server/share/xolobot_arm_server/hook/cmake_prefix_path.ps1'
[2.854s] INFO:colcon.colcon_core.shell:Creating environment descriptor '/home/monica/ros2_ws/install/xolobot_arm_server/share/xolobot_arm_server/hook/cmake_prefix_path.dsv'
[2.855s] INFO:colcon.colcon_core.shell:Creating environment hook '/home/monica/ros2_ws/install/xolobot_arm_server/share/xolobot_arm_server/hook/cmake_prefix_path.sh'
[2.856s] Level 1:colcon.colcon_core.environment:checking '/home/monica/ros2_ws/install/xolobot_arm_server/lib'
[2.856s] Level 1:colcon.colcon_core.environment:checking '/home/monica/ros2_ws/install/xolobot_arm_server/bin'
[2.856s] Level 1:colcon.colcon_core.environment:checking '/home/monica/ros2_ws/install/xolobot_arm_server/lib/pkgconfig/xolobot_arm_server.pc'
[2.857s] Level 1:colcon.colcon_core.environment:checking '/home/monica/ros2_ws/install/xolobot_arm_server/lib/python3.10/site-packages'
[2.857s] Level 1:colcon.colcon_core.environment:checking '/home/monica/ros2_ws/install/xolobot_arm_server/bin'
[2.858s] INFO:colcon.colcon_core.shell:Creating package script '/home/monica/ros2_ws/install/xolobot_arm_server/share/xolobot_arm_server/package.ps1'
[2.859s] INFO:colcon.colcon_core.shell:Creating package descriptor '/home/monica/ros2_ws/install/xolobot_arm_server/share/xolobot_arm_server/package.dsv'
[2.863s] INFO:colcon.colcon_core.shell:Creating package script '/home/monica/ros2_ws/install/xolobot_arm_server/share/xolobot_arm_server/package.sh'
[2.864s] INFO:colcon.colcon_core.shell:Creating package script '/home/monica/ros2_ws/install/xolobot_arm_server/share/xolobot_arm_server/package.bash'
[2.866s] INFO:colcon.colcon_core.shell:Creating package script '/home/monica/ros2_ws/install/xolobot_arm_server/share/xolobot_arm_server/package.zsh'
[2.867s] Level 1:colcon.colcon_core.environment:create_file_with_runtime_dependencies(/home/monica/ros2_ws/install/xolobot_arm_server/share/colcon-core/packages/xolobot_arm_server)
[2.899s] DEBUG:colcon.colcon_core.event_handler.log_command:Invoked command in '/home/monica/ros2_ws/build/xolobot_control' returned '0': CMAKE_PREFIX_PATH=${CMAKE_PREFIX_PATH}:/opt/ros/iron /usr/bin/cmake --build /home/monica/ros2_ws/build/xolobot_control -- -j2 -l2
[2.903s] DEBUG:colcon.colcon_core.event_handler.log_command:Invoking command in '/home/monica/ros2_ws/build/xolobot_control': CMAKE_PREFIX_PATH=${CMAKE_PREFIX_PATH}:/opt/ros/iron /usr/bin/cmake --install /home/monica/ros2_ws/build/xolobot_control
[2.940s] Level 1:colcon.colcon_core.environment:create_environment_scripts_only(xolobot_control)
[2.942s] Level 1:colcon.colcon_core.environment:checking '/home/monica/ros2_ws/install/xolobot_control' for CMake module files
[2.941s] DEBUG:colcon.colcon_core.event_handler.log_command:Invoked command in '/home/monica/ros2_ws/build/xolobot_control' returned '0': CMAKE_PREFIX_PATH=${CMAKE_PREFIX_PATH}:/opt/ros/iron /usr/bin/cmake --install /home/monica/ros2_ws/build/xolobot_control
[2.944s] Level 1:colcon.colcon_core.environment:checking '/home/monica/ros2_ws/install/xolobot_control' for CMake config files
[2.945s] Level 1:colcon.colcon_core.shell:create_environment_hook('xolobot_control', 'cmake_prefix_path')
[2.945s] INFO:colcon.colcon_core.shell:Creating environment hook '/home/monica/ros2_ws/install/xolobot_control/share/xolobot_control/hook/cmake_prefix_path.ps1'
[2.946s] INFO:colcon.colcon_core.shell:Creating environment descriptor '/home/monica/ros2_ws/install/xolobot_control/share/xolobot_control/hook/cmake_prefix_path.dsv'
[2.947s] INFO:colcon.colcon_core.shell:Creating environment hook '/home/monica/ros2_ws/install/xolobot_control/share/xolobot_control/hook/cmake_prefix_path.sh'
[2.948s] Level 1:colcon.colcon_core.environment:checking '/home/monica/ros2_ws/install/xolobot_control/bin'
[2.949s] Level 1:colcon.colcon_core.environment:checking '/home/monica/ros2_ws/install/xolobot_control/lib/pkgconfig/xolobot_control.pc'
[2.949s] Level 1:colcon.colcon_core.environment:checking '/home/monica/ros2_ws/install/xolobot_control/lib/python3.10/site-packages'
[2.950s] Level 1:colcon.colcon_core.environment:checking '/home/monica/ros2_ws/install/xolobot_control/bin'
[2.950s] INFO:colcon.colcon_core.shell:Creating package script '/home/monica/ros2_ws/install/xolobot_control/share/xolobot_control/package.ps1'
[2.951s] INFO:colcon.colcon_core.shell:Creating package descriptor '/home/monica/ros2_ws/install/xolobot_control/share/xolobot_control/package.dsv'
[2.952s] INFO:colcon.colcon_core.shell:Creating package script '/home/monica/ros2_ws/install/xolobot_control/share/xolobot_control/package.sh'
[2.953s] INFO:colcon.colcon_core.shell:Creating package script '/home/monica/ros2_ws/install/xolobot_control/share/xolobot_control/package.bash'
[2.954s] INFO:colcon.colcon_core.shell:Creating package script '/home/monica/ros2_ws/install/xolobot_control/share/xolobot_control/package.zsh'
[2.955s] Level 1:colcon.colcon_core.environment:create_file_with_runtime_dependencies(/home/monica/ros2_ws/install/xolobot_control/share/colcon-core/packages/xolobot_control)
[2.956s] Level 1:colcon.colcon_core.environment:create_environment_scripts_only(xolobot_control)
[2.957s] Level 1:colcon.colcon_core.environment:checking '/home/monica/ros2_ws/install/xolobot_control' for CMake module files
[2.958s] Level 1:colcon.colcon_core.environment:checking '/home/monica/ros2_ws/install/xolobot_control' for CMake config files
[2.958s] Level 1:colcon.colcon_core.shell:create_environment_hook('xolobot_control', 'cmake_prefix_path')
[2.959s] INFO:colcon.colcon_core.shell:Creating environment hook '/home/monica/ros2_ws/install/xolobot_control/share/xolobot_control/hook/cmake_prefix_path.ps1'
[2.960s] INFO:colcon.colcon_core.shell:Creating environment descriptor '/home/monica/ros2_ws/install/xolobot_control/share/xolobot_control/hook/cmake_prefix_path.dsv'
[2.960s] INFO:colcon.colcon_core.shell:Creating environment hook '/home/monica/ros2_ws/install/xolobot_control/share/xolobot_control/hook/cmake_prefix_path.sh'
[2.961s] Level 1:colcon.colcon_core.environment:checking '/home/monica/ros2_ws/install/xolobot_control/bin'
[2.962s] Level 1:colcon.colcon_core.environment:checking '/home/monica/ros2_ws/install/xolobot_control/lib/pkgconfig/xolobot_control.pc'
[2.962s] Level 1:colcon.colcon_core.environment:checking '/home/monica/ros2_ws/install/xolobot_control/lib/python3.10/site-packages'
[2.963s] Level 1:colcon.colcon_core.environment:checking '/home/monica/ros2_ws/install/xolobot_control/bin'
[2.963s] INFO:colcon.colcon_core.shell:Creating package script '/home/monica/ros2_ws/install/xolobot_control/share/xolobot_control/package.ps1'
[2.965s] INFO:colcon.colcon_core.shell:Creating package descriptor '/home/monica/ros2_ws/install/xolobot_control/share/xolobot_control/package.dsv'
[2.966s] INFO:colcon.colcon_core.shell:Creating package script '/home/monica/ros2_ws/install/xolobot_control/share/xolobot_control/package.sh'
[2.967s] INFO:colcon.colcon_core.shell:Creating package script '/home/monica/ros2_ws/install/xolobot_control/share/xolobot_control/package.bash'
[2.968s] INFO:colcon.colcon_core.shell:Creating package script '/home/monica/ros2_ws/install/xolobot_control/share/xolobot_control/package.zsh'
[2.969s] Level 1:colcon.colcon_core.environment:create_file_with_runtime_dependencies(/home/monica/ros2_ws/install/xolobot_control/share/colcon-core/packages/xolobot_control)
[2.971s] DEBUG:colcon.colcon_parallel_executor.executor.parallel:closing loop
[2.971s] DEBUG:colcon.colcon_parallel_executor.executor.parallel:loop closed
[2.972s] DEBUG:colcon.colcon_parallel_executor.executor.parallel:run_until_complete finished with '0'
[2.972s] DEBUG:colcon.colcon_core.event_reactor:joining thread
[2.995s] INFO:colcon.colcon_core.plugin_system:Skipping extension 'colcon_notification.desktop_notification.terminal_notifier': Not used on non-Darwin systems
[2.995s] INFO:colcon.colcon_core.plugin_system:Skipping extension 'colcon_notification.desktop_notification.win32': Not used on non-Windows systems
[2.995s] INFO:colcon.colcon_notification.desktop_notification:Sending desktop notification using 'notify2'
[3.019s] DEBUG:colcon.colcon_core.event_reactor:joined thread
[3.020s] INFO:colcon.colcon_core.shell:Creating prefix script '/home/monica/ros2_ws/install/local_setup.ps1'
[3.023s] INFO:colcon.colcon_core.shell:Creating prefix util module '/home/monica/ros2_ws/install/_local_setup_util_ps1.py'
[3.029s] INFO:colcon.colcon_core.shell:Creating prefix chain script '/home/monica/ros2_ws/install/setup.ps1'
[3.037s] INFO:colcon.colcon_core.shell:Creating prefix script '/home/monica/ros2_ws/install/local_setup.sh'
[3.040s] INFO:colcon.colcon_core.shell:Creating prefix util module '/home/monica/ros2_ws/install/_local_setup_util_sh.py'
[3.042s] INFO:colcon.colcon_core.shell:Creating prefix chain script '/home/monica/ros2_ws/install/setup.sh'
[3.048s] INFO:colcon.colcon_core.shell:Creating prefix script '/home/monica/ros2_ws/install/local_setup.bash'
[3.054s] INFO:colcon.colcon_core.shell:Creating prefix chain script '/home/monica/ros2_ws/install/setup.bash'
[3.061s] INFO:colcon.colcon_core.shell:Creating prefix script '/home/monica/ros2_ws/install/local_setup.zsh'
[3.065s] INFO:colcon.colcon_core.shell:Creating prefix chain script '/home/monica/ros2_ws/install/setup.zsh'
