[0.026s] Invoking command in '/home/monica/ros2_ws/build/xolobot_control': CMAKE_PREFIX_PATH=${CMAKE_PREFIX_PATH}:/opt/ros/iron /usr/bin/cmake /home/monica/ros2_ws/src/xolobot_control -DCMAKE_INSTALL_PREFIX=/home/monica/ros2_ws/install/xolobot_control
[0.066s] -- Found rclcpp: 21.0.7 (/opt/ros/iron/share/rclcpp/cmake)
[0.524s] -- Found rosidl_generator_c: 4.0.1 (/opt/ros/iron/share/rosidl_generator_c/cmake)
[0.548s] -- Found rosidl_generator_cpp: 4.0.1 (/opt/ros/iron/share/rosidl_generator_cpp/cmake)
[0.586s] -- Using all available rosidl_typesupport_c: rosidl_typesupport_fastrtps_c;rosidl_typesupport_introspection_c
[0.627s] -- Using all available rosidl_typesupport_cpp: rosidl_typesupport_fastrtps_cpp;rosidl_typesupport_introspection_cpp
[1.099s] -- Found rmw_implementation_cmake: 7.1.0 (/opt/ros/iron/share/rmw_implementation_cmake/cmake)
[1.104s] -- Found rmw_fastrtps_cpp: 7.1.4 (/opt/ros/iron/share/rmw_fastrtps_cpp/cmake)
[1.404s] -- Using RMW implementation 'rmw_fastrtps_cpp' as default
[1.980s] [31mCMake Error at CMakeLists.txt:10 (find_package):
[1.980s]   By not providing "Findcontroller_manager.cmake" in CMAKE_MODULE_PATH this
[1.980s]   project has asked CMake to find a package configuration file provided by
[1.980s]   "controller_manager", but CMake did not find one.
[1.980s] 
[1.980s]   Could not find a package configuration file provided by
[1.981s]   "controller_manager" with any of the following names:
[1.981s] 
[1.981s]     controller_managerConfig.cmake
[1.983s]     controller_manager-config.cmake
[1.983s] 
[1.983s]   Add the installation prefix of "controller_manager" to CMAKE_PREFIX_PATH or
[1.983s]   set "controller_manager_DIR" to a directory containing one of the above
[1.983s]   files.  If "controller_manager" provides a separate development package or
[1.984s]   SDK, be sure it has been installed.
[1.984s] 
[1.984s] [0m
[1.984s] -- Configuring incomplete, errors occurred!
[1.985s] See also "/home/monica/ros2_ws/build/xolobot_control/CMakeFiles/CMakeOutput.log".
[2.005s] Invoked command in '/home/monica/ros2_ws/build/xolobot_control' returned '1': CMAKE_PREFIX_PATH=${CMAKE_PREFIX_PATH}:/opt/ros/iron /usr/bin/cmake /home/monica/ros2_ws/src/xolobot_control -DCMAKE_INSTALL_PREFIX=/home/monica/ros2_ws/install/xolobot_control
