[0.047s] Invoking command in '/home/monica/ros2_ws/build/xolobot_arm_server': CMAKE_PREFIX_PATH=${CMAKE_PREFIX_PATH}:/opt/ros/iron /usr/bin/cmake --build /home/monica/ros2_ws/build/xolobot_arm_server -- -j2 -l2
[0.479s] [35m[1mConsolidate compiler generated dependencies of target xolobot_arm_server[0m
[0.743s] [ 33%] [32mBuilding CXX object CMakeFiles/xolobot_arm_server.dir/src/SimulationController.cpp.o[0m
[13.476s] [01m[K/home/monica/ros2_ws/src/xolobot_arm_server/src/SimulationController.cpp:7:43:[m[K [01;31m[Kerror: [m[K‘[01m[KContactsState[m[K’ in namespace ‘[01m[Kgazebo_msgs[m[K’ does not name a type
[13.476s]     7 | void deteccionColision(const gazebo_msgs::[01;31m[KContactsState[m[K::ConstPtr &msg){
[13.477s]       |                                           [01;31m[K^~~~~~~~~~~~~[m[K
[13.477s] [01m[K/home/monica/ros2_ws/src/xolobot_arm_server/src/SimulationController.cpp:7:67:[m[K [01;31m[Kerror: [m[Kexpected unqualified-id before ‘[01m[K&[m[K’ token
[13.477s]     7 | oid deteccionColision(const gazebo_msgs::ContactsState::ConstPtr [01;31m[K&[m[Kmsg){
[13.478s]       |                                                                  [01;31m[K^[m[K
[13.479s] 
[13.482s] [01m[K/home/monica/ros2_ws/src/xolobot_arm_server/src/SimulationController.cpp:7:66:[m[K [01;31m[Kerror: [m[Kexpected ‘[01m[K)[m[K’ before ‘[01m[K&[m[K’ token
[13.482s]     7 | oid deteccionColision[34m[K([m[Kconst gazebo_msgs::ContactsState::ConstPtr[01;31m[K [m[K[32m[K&[m[Kmsg){
[13.482s]       |                      [34m[K~[m[K                                          [01;31m[K^[m[K[32m[K~[m[K
[13.486s]       |                                                                 [32m[K)[m[K
[13.486s] [01m[K/home/monica/ros2_ws/src/xolobot_arm_server/src/SimulationController.cpp:7:68:[m[K [01;31m[Kerror: [m[Kexpected initializer before ‘[01m[Kmsg[m[K’
[13.487s]     7 | oid deteccionColision(const gazebo_msgs::ContactsState::ConstPtr &[01;31m[Kmsg[m[K){
[13.487s]       |                                                                   [01;31m[K^~~[m[K
[13.487s] 
[13.493s] [01m[K/home/monica/ros2_ws/src/xolobot_arm_server/src/SimulationController.cpp:[m[K In constructor ‘[01m[KSimulationController::SimulationController()[m[K’:
[13.493s] [01m[K/home/monica/ros2_ws/src/xolobot_arm_server/src/SimulationController.cpp:14:44:[m[K [01;31m[Kerror: [m[Kno matching function for call to ‘[01m[Krclcpp::Node::Node()[m[K’
[13.493s]    14 | SimulationController::SimulationController([01;31m[K)[m[K{
[13.493s]       |                                            [01;31m[K^[m[K
[13.497s] In file included from [01m[K/opt/ros/iron/include/rclcpp/rclcpp/executors/single_threaded_executor.hpp:28[m[K,
[13.497s]                  from [01m[K/opt/ros/iron/include/rclcpp/rclcpp/executors.hpp:22[m[K,
[13.498s]                  from [01m[K/opt/ros/iron/include/rclcpp/rclcpp/rclcpp.hpp:167[m[K,
[13.498s]                  from [01m[K/home/monica/ros2_ws/src/xolobot_arm_server/src/SimulationController.h:4[m[K,
[13.498s]                  from [01m[K/home/monica/ros2_ws/src/xolobot_arm_server/src/SimulationController.cpp:1[m[K:
[13.498s] [01m[K/opt/ros/iron/include/rclcpp/rclcpp/node.hpp:1579:3:[m[K [01;36m[Knote: [m[Kcandidate: ‘[01m[Krclcpp::Node::Node(const rclcpp::Node&, const string&)[m[K’
[13.503s]  1579 |   [01;36m[KNode[m[K(
[13.503s]       |   [01;36m[K^~~~[m[K
[13.504s] [01m[K/opt/ros/iron/include/rclcpp/rclcpp/node.hpp:1579:3:[m[K [01;36m[Knote: [m[K  candidate expects 2 arguments, 0 provided
[13.504s] [01m[K/opt/ros/iron/include/rclcpp/rclcpp/node.hpp:102:12:[m[K [01;36m[Knote: [m[Kcandidate: ‘[01m[Krclcpp::Node::Node(const string&, const string&, const rclcpp::NodeOptions&)[m[K’
[13.504s]   102 |   explicit [01;36m[KNode[m[K(
[13.508s]       |            [01;36m[K^~~~[m[K
[13.508s] [01m[K/opt/ros/iron/include/rclcpp/rclcpp/node.hpp:102:12:[m[K [01;36m[Knote: [m[K  candidate expects 3 arguments, 0 provided
[13.509s] [01m[K/opt/ros/iron/include/rclcpp/rclcpp/node.hpp:90:12:[m[K [01;36m[Knote: [m[Kcandidate: ‘[01m[Krclcpp::Node::Node(const string&, const rclcpp::NodeOptions&)[m[K’
[13.510s]    90 |   explicit [01;36m[KNode[m[K(
[13.510s]       |            [01;36m[K^~~~[m[K
[13.512s] [01m[K/opt/ros/iron/include/rclcpp/rclcpp/node.hpp:90:12:[m[K [01;36m[Knote: [m[K  candidate expects 2 arguments, 0 provided
[13.541s] [01m[K/home/monica/ros2_ws/src/xolobot_arm_server/src/SimulationController.cpp:29:26:[m[K [01;31m[Kerror: [m[K‘[01m[Kclass rclcpp::Node[m[K’ has no member named ‘[01m[Kadvertise[m[K’
[13.543s]    29 |         jointPub[i] = nh.[01;31m[Kadvertise[m[K<std_msgs::Float64>(topicCmd, 5);
[13.546s]       |                          [01;31m[K^~~~~~~~~[m[K
[13.550s] [01m[K/home/monica/ros2_ws/src/xolobot_arm_server/src/SimulationController.cpp:29:46:[m[K [01;31m[Kerror: [m[K‘[01m[KFloat64[m[K’ is not a member of ‘[01m[Kstd_msgs[m[K’; did you mean ‘[01m[Kstd_msgs::msg::Float64[m[K’?
[13.551s]    29 |         jointPub[i] = nh.advertise<std_msgs::[01;31m[KFloat64[m[K>(topicCmd, 5);
[13.551s]       |                                              [01;31m[K^~~~~~~[m[K
[13.551s] In file included from [01m[K/opt/ros/iron/include/std_msgs/std_msgs/msg/float64.hpp:7[m[K,
[13.555s]                  from [01m[K/home/monica/ros2_ws/src/xolobot_arm_server/src/SimulationController.h:5[m[K,
[13.556s]                  from [01m[K/home/monica/ros2_ws/src/xolobot_arm_server/src/SimulationController.cpp:1[m[K:
[13.556s] [01m[K/opt/ros/iron/include/std_msgs/std_msgs/msg/detail/float64__struct.hpp:122:7:[m[K [01;36m[Knote: [m[K‘[01m[Kstd_msgs::msg::Float64[m[K’ declared here
[13.557s]   122 | using [01;36m[KFloat64[m[K =
[13.557s]       |       [01;36m[K^~~~~~~[m[K
[13.557s] In file included from [01m[K/opt/ros/iron/include/rclcpp/rclcpp/client.hpp:43[m[K,
[13.557s]                  from [01m[K/opt/ros/iron/include/rclcpp/rclcpp/callback_group.hpp:24[m[K,
[13.560s]                  from [01m[K/opt/ros/iron/include/rclcpp/rclcpp/any_executable.hpp:20[m[K,
[13.560s]                  from [01m[K/opt/ros/iron/include/rclcpp/rclcpp/memory_strategy.hpp:25[m[K,
[13.560s]                  from [01m[K/opt/ros/iron/include/rclcpp/rclcpp/memory_strategies.hpp:18[m[K,
[13.561s]                  from [01m[K/opt/ros/iron/include/rclcpp/rclcpp/executor_options.hpp:20[m[K,
[13.561s]                  from [01m[K/opt/ros/iron/include/rclcpp/rclcpp/executor.hpp:37[m[K,
[13.561s]                  from [01m[K/opt/ros/iron/include/rclcpp/rclcpp/executors/multi_threaded_executor.hpp:25[m[K,
[13.561s]                  from [01m[K/opt/ros/iron/include/rclcpp/rclcpp/executors.hpp:21[m[K,
[13.566s]                  from [01m[K/opt/ros/iron/include/rclcpp/rclcpp/rclcpp.hpp:167[m[K,
[13.567s]                  from [01m[K/home/monica/ros2_ws/src/xolobot_arm_server/src/SimulationController.h:4[m[K,
[13.567s]                  from [01m[K/home/monica/ros2_ws/src/xolobot_arm_server/src/SimulationController.cpp:1[m[K:
[13.567s] [01m[K/home/monica/ros2_ws/src/xolobot_arm_server/src/SimulationController.cpp:[m[K In member function ‘[01m[Kvoid SimulationController::startTrajectory()[m[K’:
[13.569s] [01m[K/home/monica/ros2_ws/src/xolobot_arm_server/src/SimulationController.cpp:35:5:[m[K [01;31m[Kerror: [m[Kstatic assertion failed: First argument to logging macros must be an rclcpp::Logger
[13.571s]    35 |     [01;31m[KRCLCPP_INFO[m[K("Iniciando simulacion");
[13.573s]       |     [01;31m[K^~~~~~~~~~~[m[K
[13.573s] In file included from [01m[K/opt/ros/iron/include/rclcpp/rclcpp/logging.hpp:24[m[K,
[13.573s]                  from [01m[K/opt/ros/iron/include/rclcpp/rclcpp/client.hpp:43[m[K,
[13.574s]                  from [01m[K/opt/ros/iron/include/rclcpp/rclcpp/callback_group.hpp:24[m[K,
[13.574s]                  from [01m[K/opt/ros/iron/include/rclcpp/rclcpp/any_executable.hpp:20[m[K,
[13.574s]                  from [01m[K/opt/ros/iron/include/rclcpp/rclcpp/memory_strategy.hpp:25[m[K,
[13.575s]                  from [01m[K/opt/ros/iron/include/rclcpp/rclcpp/memory_strategies.hpp:18[m[K,
[13.579s]                  from [01m[K/opt/ros/iron/include/rclcpp/rclcpp/executor_options.hpp:20[m[K,
[13.579s]                  from [01m[K/opt/ros/iron/include/rclcpp/rclcpp/executor.hpp:37[m[K,
[13.580s]                  from [01m[K/opt/ros/iron/include/rclcpp/rclcpp/executors/multi_threaded_executor.hpp:25[m[K,
[13.581s]                  from [01m[K/opt/ros/iron/include/rclcpp/rclcpp/executors.hpp:21[m[K,
[13.582s]                  from [01m[K/opt/ros/iron/include/rclcpp/rclcpp/rclcpp.hpp:167[m[K,
[13.583s]                  from [01m[K/home/monica/ros2_ws/src/xolobot_arm_server/src/SimulationController.h:4[m[K,
[13.584s]                  from [01m[K/home/monica/ros2_ws/src/xolobot_arm_server/src/SimulationController.cpp:1[m[K:
[13.588s] [01m[K/home/monica/ros2_ws/src/xolobot_arm_server/src/SimulationController.cpp:35:5:[m[K [01;31m[Kerror: [m[Krequest for member ‘[01m[Kget_name[m[K’ in ‘[01m[K("Iniciando simulacion")[m[K’, which is of non-class type ‘[01m[Kconst char [21][m[K’
[13.588s]    35 |     [01;31m[KRCLCPP_INFO[m[K("Iniciando simulacion");
[13.591s]       |     [01;31m[K^~~~~~~~~~~[m[K
[13.591s] [01m[K/home/monica/ros2_ws/src/xolobot_arm_server/src/SimulationController.cpp:35:5:[m[K [01;31m[Kerror: [m[Krequest for member ‘[01m[Kget_name[m[K’ in ‘[01m[K("Iniciando simulacion")[m[K’, which is of non-class type ‘[01m[Kconst char [21][m[K’
[13.591s]    35 |     [01;31m[KRCLCPP_INFO[m[K("Iniciando simulacion");
[13.592s]       |     [01;31m[K^~~~~~~~~~~[m[K
[13.592s] [01m[K/home/monica/ros2_ws/src/xolobot_arm_server/src/SimulationController.cpp:35:5:[m[K [01;31m[Kerror: [m[Kexpected primary-expression before ‘[01m[K)[m[K’ token
[13.592s]    35 |     [01;31m[KRCLCPP_INFO[m[K("Iniciando simulacion");
[13.592s]       |     [01;31m[K^~~~~~~~~~~[m[K
[13.596s] [01m[K/home/monica/ros2_ws/src/xolobot_arm_server/src/SimulationController.cpp:[m[K In member function ‘[01m[Kvoid SimulationController::generaAleatorios()[m[K’:
[13.597s] [01m[K/home/monica/ros2_ws/src/xolobot_arm_server/src/SimulationController.cpp:54:19:[m[K [01;31m[Kerror: [m[K‘[01m[KFloat64[m[K’ is not a member of ‘[01m[Kstd_msgs[m[K’; did you mean ‘[01m[Kstd_msgs::msg::Float64[m[K’?
[13.597s]    54 |         std_msgs::[01;31m[KFloat64[m[K msg;
[13.597s]       |                   [01;31m[K^~~~~~~[m[K
[13.598s] In file included from [01m[K/opt/ros/iron/include/std_msgs/std_msgs/msg/float64.hpp:7[m[K,
[13.598s]                  from [01m[K/home/monica/ros2_ws/src/xolobot_arm_server/src/SimulationController.h:5[m[K,
[13.598s]                  from [01m[K/home/monica/ros2_ws/src/xolobot_arm_server/src/SimulationController.cpp:1[m[K:
[13.598s] [01m[K/opt/ros/iron/include/std_msgs/std_msgs/msg/detail/float64__struct.hpp:122:7:[m[K [01;36m[Knote: [m[K‘[01m[Kstd_msgs::msg::Float64[m[K’ declared here
[13.601s]   122 | using [01;36m[KFloat64[m[K =
[13.601s]       |       [01;36m[K^~~~~~~[m[K
[13.601s] [01m[K/home/monica/ros2_ws/src/xolobot_arm_server/src/SimulationController.cpp:57:13:[m[K [01;31m[Kerror: [m[K‘[01m[Kmsg[m[K’ was not declared in this scope
[13.606s]    57 |             [01;31m[Kmsg[m[K.data = 1.5708;
[13.611s]       |             [01;31m[K^~~[m[K
[13.612s] [01m[K/home/monica/ros2_ws/src/xolobot_arm_server/src/SimulationController.cpp:57:13:[m[K [01;36m[Knote: [m[Ksuggested alternatives:
[13.612s] In file included from [01m[K/opt/ros/iron/include/builtin_interfaces/builtin_interfaces/msg/time.hpp:7[m[K,
[13.612s]                  from [01m[K/opt/ros/iron/include/rclcpp/rclcpp/time.hpp:18[m[K,
[13.612s]                  from [01m[K/opt/ros/iron/include/rclcpp/rclcpp/clock.hpp:24[m[K,
[13.613s]                  from [01m[K/opt/ros/iron/include/rclcpp/rclcpp/client.hpp:38[m[K,
[13.614s]                  from [01m[K/opt/ros/iron/include/rclcpp/rclcpp/callback_group.hpp:24[m[K,
[13.614s]                  from [01m[K/opt/ros/iron/include/rclcpp/rclcpp/any_executable.hpp:20[m[K,
[13.614s]                  from [01m[K/opt/ros/iron/include/rclcpp/rclcpp/memory_strategy.hpp:25[m[K,
[13.614s]                  from [01m[K/opt/ros/iron/include/rclcpp/rclcpp/memory_strategies.hpp:18[m[K,
[13.617s]                  from [01m[K/opt/ros/iron/include/rclcpp/rclcpp/executor_options.hpp:20[m[K,
[13.620s]                  from [01m[K/opt/ros/iron/include/rclcpp/rclcpp/executor.hpp:37[m[K,
[13.620s]                  from [01m[K/opt/ros/iron/include/rclcpp/rclcpp/executors/multi_threaded_executor.hpp:25[m[K,
[13.622s]                  from [01m[K/opt/ros/iron/include/rclcpp/rclcpp/executors.hpp:21[m[K,
[13.623s]                  from [01m[K/opt/ros/iron/include/rclcpp/rclcpp/rclcpp.hpp:167[m[K,
[13.624s]                  from [01m[K/home/monica/ros2_ws/src/xolobot_arm_server/src/SimulationController.h:4[m[K,
[13.625s]                  from [01m[K/home/monica/ros2_ws/src/xolobot_arm_server/src/SimulationController.cpp:1[m[K:
[13.626s] [01m[K/opt/ros/iron/include/builtin_interfaces/builtin_interfaces/msg/detail/time__struct.hpp:27:11:[m[K [01;36m[Knote: [m[K  ‘[01m[Kbuiltin_interfaces::msg[m[K’
[13.626s]    27 | namespace [01;36m[Kmsg[m[K
[13.626s]       |           [01;36m[K^~~[m[K
[13.626s] In file included from [01m[K/opt/ros/iron/include/rcl_interfaces/rcl_interfaces/msg/set_parameters_result.hpp:7[m[K,
[13.630s]                  from [01m[K/opt/ros/iron/include/rclcpp/rclcpp/qos_overriding_options.hpp:28[m[K,
[13.633s]                  from [01m[K/opt/ros/iron/include/rclcpp/rclcpp/subscription_options.hpp:30[m[K,
[13.634s]                  from [01m[K/opt/ros/iron/include/rclcpp/rclcpp/subscription.hpp:45[m[K,
[13.634s]                  from [01m[K/opt/ros/iron/include/rclcpp/rclcpp/any_executable.hpp:25[m[K,
[13.634s]                  from [01m[K/opt/ros/iron/include/rclcpp/rclcpp/memory_strategy.hpp:25[m[K,
[13.634s]                  from [01m[K/opt/ros/iron/include/rclcpp/rclcpp/memory_strategies.hpp:18[m[K,
[13.638s]                  from [01m[K/opt/ros/iron/include/rclcpp/rclcpp/executor_options.hpp:20[m[K,
[13.639s]                  from [01m[K/opt/ros/iron/include/rclcpp/rclcpp/executor.hpp:37[m[K,
[13.639s]                  from [01m[K/opt/ros/iron/include/rclcpp/rclcpp/executors/multi_threaded_executor.hpp:25[m[K,
[13.640s]                  from [01m[K/opt/ros/iron/include/rclcpp/rclcpp/executors.hpp:21[m[K,
[13.640s]                  from [01m[K/opt/ros/iron/include/rclcpp/rclcpp/rclcpp.hpp:167[m[K,
[13.640s]                  from [01m[K/home/monica/ros2_ws/src/xolobot_arm_server/src/SimulationController.h:4[m[K,
[13.640s]                  from [01m[K/home/monica/ros2_ws/src/xolobot_arm_server/src/SimulationController.cpp:1[m[K:
[13.645s] [01m[K/opt/ros/iron/include/rcl_interfaces/rcl_interfaces/msg/detail/set_parameters_result__struct.hpp:27:11:[m[K [01;36m[Knote: [m[K  ‘[01m[Krcl_interfaces::msg[m[K’
[13.646s]    27 | namespace [01;36m[Kmsg[m[K
[13.650s]       |           [01;36m[K^~~[m[K
[13.650s] In file included from [01m[K/opt/ros/iron/include/statistics_msgs/statistics_msgs/msg/detail/metrics_message__struct.hpp:23[m[K,
[13.651s]                  from [01m[K/opt/ros/iron/include/statistics_msgs/statistics_msgs/msg/metrics_message.hpp:7[m[K,
[13.651s]                  from [01m[K/opt/ros/iron/include/libstatistics_collector/libstatistics_collector/collector/generate_statistics_message.hpp:21[m[K,
[13.651s]                  from [01m[K/opt/ros/iron/include/rclcpp/rclcpp/topic_statistics/subscription_topic_statistics.hpp:23[m[K,
[13.651s]                  from [01m[K/opt/ros/iron/include/rclcpp/rclcpp/subscription.hpp:50[m[K,
[13.653s]                  from [01m[K/opt/ros/iron/include/rclcpp/rclcpp/any_executable.hpp:25[m[K,
[13.654s]                  from [01m[K/opt/ros/iron/include/rclcpp/rclcpp/memory_strategy.hpp:25[m[K,
[13.654s]                  from [01m[K/opt/ros/iron/include/rclcpp/rclcpp/memory_strategies.hpp:18[m[K,
[13.654s]                  from [01m[K/opt/ros/iron/include/rclcpp/rclcpp/executor_options.hpp:20[m[K,
[13.664s]                  from [01m[K/opt/ros/iron/include/rclcpp/rclcpp/executor.hpp:37[m[K,
[13.665s]                  from [01m[K/opt/ros/iron/include/rclcpp/rclcpp/executors/multi_threaded_executor.hpp:25[m[K,
[13.665s]                  from [01m[K/opt/ros/iron/include/rclcpp/rclcpp/executors.hpp:21[m[K,
[13.669s]                  from [01m[K/opt/ros/iron/include/rclcpp/rclcpp/rclcpp.hpp:167[m[K,
[13.669s]                  from [01m[K/home/monica/ros2_ws/src/xolobot_arm_server/src/SimulationController.h:4[m[K,
[13.669s]                  from [01m[K/home/monica/ros2_ws/src/xolobot_arm_server/src/SimulationController.cpp:1[m[K:
[13.670s] [01m[K/opt/ros/iron/include/statistics_msgs/statistics_msgs/msg/detail/statistic_data_point__struct.hpp:27:11:[m[K [01;36m[Knote: [m[K  ‘[01m[Kstatistics_msgs::msg[m[K’
[13.670s]    27 | namespace [01;36m[Kmsg[m[K
[13.670s]       |           [01;36m[K^~~[m[K
[13.674s] In file included from [01m[K/opt/ros/iron/include/rcl_interfaces/rcl_interfaces/srv/detail/describe_parameters__struct.hpp:236[m[K,
[13.674s]                  from [01m[K/opt/ros/iron/include/rcl_interfaces/rcl_interfaces/srv/describe_parameters.hpp:7[m[K,
[13.675s]                  from [01m[K/opt/ros/iron/include/rclcpp/rclcpp/parameter_client.hpp:28[m[K,
[13.675s]                  from [01m[K/opt/ros/iron/include/rclcpp/rclcpp/rclcpp.hpp:171[m[K,
[13.675s]                  from [01m[K/home/monica/ros2_ws/src/xolobot_arm_server/src/SimulationController.h:4[m[K,
[13.676s]                  from [01m[K/home/monica/ros2_ws/src/xolobot_arm_server/src/SimulationController.cpp:1[m[K:
[13.679s] [01m[K/opt/ros/iron/include/service_msgs/service_msgs/msg/detail/service_event_info__struct.hpp:31:11:[m[K [01;36m[Knote: [m[K  ‘[01m[Kservice_msgs::msg[m[K’
[13.679s]    31 | namespace [01;36m[Kmsg[m[K
[13.679s]       |           [01;36m[K^~~[m[K
[13.681s] In file included from [01m[K/opt/ros/iron/include/std_msgs/std_msgs/msg/float64.hpp:7[m[K,
[13.681s]                  from [01m[K/home/monica/ros2_ws/src/xolobot_arm_server/src/SimulationController.h:5[m[K,
[13.682s]                  from [01m[K/home/monica/ros2_ws/src/xolobot_arm_server/src/SimulationController.cpp:1[m[K:
[13.682s] [01m[K/opt/ros/iron/include/std_msgs/std_msgs/msg/detail/float64__struct.hpp:27:11:[m[K [01;36m[Knote: [m[K  ‘[01m[Kstd_msgs::msg[m[K’
[13.682s]    27 | namespace [01;36m[Kmsg[m[K
[13.683s]       |           [01;36m[K^~~[m[K
[13.686s] In file included from [01m[K/opt/ros/iron/include/geometry_msgs/geometry_msgs/msg/detail/wrench__struct.hpp:21[m[K,
[13.689s]                  from [01m[K/opt/ros/iron/include/gazebo_msgs/gazebo_msgs/msg/detail/contact_state__struct.hpp:21[m[K,
[13.689s]                  from [01m[K/opt/ros/iron/include/gazebo_msgs/gazebo_msgs/msg/detail/contacts_state__struct.hpp:22[m[K,
[13.689s]                  from [01m[K/opt/ros/iron/include/gazebo_msgs/gazebo_msgs/msg/contacts_state.hpp:7[m[K,
[13.690s]                  from [01m[K/home/monica/ros2_ws/src/xolobot_arm_server/src/SimulationController.cpp:4[m[K:
[13.690s] [01m[K/opt/ros/iron/include/geometry_msgs/geometry_msgs/msg/detail/vector3__struct.hpp:27:11:[m[K [01;36m[Knote: [m[K  ‘[01m[Kgeometry_msgs::msg[m[K’
[13.690s]    27 | namespace [01;36m[Kmsg[m[K
[13.690s]       |           [01;36m[K^~~[m[K
[13.691s] In file included from [01m[K/opt/ros/iron/include/gazebo_msgs/gazebo_msgs/msg/detail/contacts_state__struct.hpp:22[m[K,
[13.694s]                  from [01m[K/opt/ros/iron/include/gazebo_msgs/gazebo_msgs/msg/contacts_state.hpp:7[m[K,
[13.694s]                  from [01m[K/home/monica/ros2_ws/src/xolobot_arm_server/src/SimulationController.cpp:4[m[K:
[13.694s] [01m[K/opt/ros/iron/include/gazebo_msgs/gazebo_msgs/msg/detail/contact_state__struct.hpp:35:11:[m[K [01;36m[Knote: [m[K  ‘[01m[Kgazebo_msgs::msg[m[K’
[13.695s]    35 | namespace [01;36m[Kmsg[m[K
[13.700s]       |           [01;36m[K^~~[m[K
[13.700s] In file included from [01m[K/opt/ros/iron/include/rclcpp/rclcpp/client.hpp:43[m[K,
[13.700s]                  from [01m[K/opt/ros/iron/include/rclcpp/rclcpp/callback_group.hpp:24[m[K,
[13.701s]                  from [01m[K/opt/ros/iron/include/rclcpp/rclcpp/any_executable.hpp:20[m[K,
[13.701s]                  from [01m[K/opt/ros/iron/include/rclcpp/rclcpp/memory_strategy.hpp:25[m[K,
[13.701s]                  from [01m[K/opt/ros/iron/include/rclcpp/rclcpp/memory_strategies.hpp:18[m[K,
[13.701s]                  from [01m[K/opt/ros/iron/include/rclcpp/rclcpp/executor_options.hpp:20[m[K,
[13.702s]                  from [01m[K/opt/ros/iron/include/rclcpp/rclcpp/executor.hpp:37[m[K,
[13.702s]                  from [01m[K/opt/ros/iron/include/rclcpp/rclcpp/executors/multi_threaded_executor.hpp:25[m[K,
[13.702s]                  from [01m[K/opt/ros/iron/include/rclcpp/rclcpp/executors.hpp:21[m[K,
[13.702s]                  from [01m[K/opt/ros/iron/include/rclcpp/rclcpp/rclcpp.hpp:167[m[K,
[13.707s]                  from [01m[K/home/monica/ros2_ws/src/xolobot_arm_server/src/SimulationController.h:4[m[K,
[13.708s]                  from [01m[K/home/monica/ros2_ws/src/xolobot_arm_server/src/SimulationController.cpp:1[m[K:
[13.708s] [01m[K/home/monica/ros2_ws/src/xolobot_arm_server/src/SimulationController.cpp:58:13:[m[K [01;31m[Kerror: [m[Kstatic assertion failed: First argument to logging macros must be an rclcpp::Logger
[13.708s]    58 |             [01;31m[KRCLCPP_INFO[m[K("Articulacion %lu .Valor Fijo:%f", i+1, msg.data);
[13.708s]       |             [01;31m[K^~~~~~~~~~~[m[K
[13.709s] In file included from [01m[K/opt/ros/iron/include/rclcpp/rclcpp/logging.hpp:24[m[K,
[13.709s]                  from [01m[K/opt/ros/iron/include/rclcpp/rclcpp/client.hpp:43[m[K,
[13.709s]                  from [01m[K/opt/ros/iron/include/rclcpp/rclcpp/callback_group.hpp:24[m[K,
[13.709s]                  from [01m[K/opt/ros/iron/include/rclcpp/rclcpp/any_executable.hpp:20[m[K,
[13.712s]                  from [01m[K/opt/ros/iron/include/rclcpp/rclcpp/memory_strategy.hpp:25[m[K,
[13.712s]                  from [01m[K/opt/ros/iron/include/rclcpp/rclcpp/memory_strategies.hpp:18[m[K,
[13.715s]                  from [01m[K/opt/ros/iron/include/rclcpp/rclcpp/executor_options.hpp:20[m[K,
[13.715s]                  from [01m[K/opt/ros/iron/include/rclcpp/rclcpp/executor.hpp:37[m[K,
[13.716s]                  from [01m[K/opt/ros/iron/include/rclcpp/rclcpp/executors/multi_threaded_executor.hpp:25[m[K,
[13.716s]                  from [01m[K/opt/ros/iron/include/rclcpp/rclcpp/executors.hpp:21[m[K,
[13.716s]                  from [01m[K/opt/ros/iron/include/rclcpp/rclcpp/rclcpp.hpp:167[m[K,
[13.716s]                  from [01m[K/home/monica/ros2_ws/src/xolobot_arm_server/src/SimulationController.h:4[m[K,
[13.717s]                  from [01m[K/home/monica/ros2_ws/src/xolobot_arm_server/src/SimulationController.cpp:1[m[K:
[13.717s] [01m[K/home/monica/ros2_ws/src/xolobot_arm_server/src/SimulationController.cpp:58:13:[m[K [01;31m[Kerror: [m[Krequest for member ‘[01m[Kget_name[m[K’ in ‘[01m[K("Articulacion %lu .Valor Fijo:%f")[m[K’, which is of non-class type ‘[01m[Kconst char [32][m[K’
[13.717s]    58 |             [01;31m[KRCLCPP_INFO[m[K("Articulacion %lu .Valor Fijo:%f", i+1, msg.data);
[13.717s]       |             [01;31m[K^~~~~~~~~~~[m[K
[13.718s] [01m[K/home/monica/ros2_ws/src/xolobot_arm_server/src/SimulationController.cpp:58:13:[m[K [01;31m[Kerror: [m[Krequest for member ‘[01m[Kget_name[m[K’ in ‘[01m[K("Articulacion %lu .Valor Fijo:%f")[m[K’, which is of non-class type ‘[01m[Kconst char [32][m[K’
[13.722s]    58 |             [01;31m[KRCLCPP_INFO[m[K("Articulacion %lu .Valor Fijo:%f", i+1, msg.data);
[13.723s]       |             [01;31m[K^~~~~~~~~~~[m[K
[13.723s] [01m[K/home/monica/ros2_ws/src/xolobot_arm_server/src/SimulationController.cpp:62:13:[m[K [01;31m[Kerror: [m[K‘[01m[Kmsg[m[K’ was not declared in this scope
[13.723s]    62 |             [01;31m[Kmsg[m[K.data = -1.5708;
[13.724s]       |             [01;31m[K^~~[m[K
[13.724s] [01m[K/home/monica/ros2_ws/src/xolobot_arm_server/src/SimulationController.cpp:62:13:[m[K [01;36m[Knote: [m[Ksuggested alternatives:
[13.724s] In file included from [01m[K/opt/ros/iron/include/builtin_interfaces/builtin_interfaces/msg/time.hpp:7[m[K,
[13.725s]                  from [01m[K/opt/ros/iron/include/rclcpp/rclcpp/time.hpp:18[m[K,
[13.725s]                  from [01m[K/opt/ros/iron/include/rclcpp/rclcpp/clock.hpp:24[m[K,
[13.725s]                  from [01m[K/opt/ros/iron/include/rclcpp/rclcpp/client.hpp:38[m[K,
[13.725s]                  from [01m[K/opt/ros/iron/include/rclcpp/rclcpp/callback_group.hpp:24[m[K,
[13.728s]                  from [01m[K/opt/ros/iron/include/rclcpp/rclcpp/any_executable.hpp:20[m[K,
[13.731s]                  from [01m[K/opt/ros/iron/include/rclcpp/rclcpp/memory_strategy.hpp:25[m[K,
[13.731s]                  from [01m[K/opt/ros/iron/include/rclcpp/rclcpp/memory_strategies.hpp:18[m[K,
[13.731s]                  from [01m[K/opt/ros/iron/include/rclcpp/rclcpp/executor_options.hpp:20[m[K,
[13.732s]                  from [01m[K/opt/ros/iron/include/rclcpp/rclcpp/executor.hpp:37[m[K,
[13.732s]                  from [01m[K/opt/ros/iron/include/rclcpp/rclcpp/executors/multi_threaded_executor.hpp:25[m[K,
[13.732s]                  from [01m[K/opt/ros/iron/include/rclcpp/rclcpp/executors.hpp:21[m[K,
[13.733s]                  from [01m[K/opt/ros/iron/include/rclcpp/rclcpp/rclcpp.hpp:167[m[K,
[13.733s]                  from [01m[K/home/monica/ros2_ws/src/xolobot_arm_server/src/SimulationController.h:4[m[K,
[13.734s]                  from [01m[K/home/monica/ros2_ws/src/xolobot_arm_server/src/SimulationController.cpp:1[m[K:
[13.734s] [01m[K/opt/ros/iron/include/builtin_interfaces/builtin_interfaces/msg/detail/time__struct.hpp:27:11:[m[K [01;36m[Knote: [m[K  ‘[01m[Kbuiltin_interfaces::msg[m[K’
[13.734s]    27 | namespace [01;36m[Kmsg[m[K
[13.734s]       |           [01;36m[K^~~[m[K
[13.737s] In file included from [01m[K/opt/ros/iron/include/rcl_interfaces/rcl_interfaces/msg/set_parameters_result.hpp:7[m[K,
[13.737s]                  from [01m[K/opt/ros/iron/include/rclcpp/rclcpp/qos_overriding_options.hpp:28[m[K,
[13.737s]                  from [01m[K/opt/ros/iron/include/rclcpp/rclcpp/subscription_options.hpp:30[m[K,
[13.738s]                  from [01m[K/opt/ros/iron/include/rclcpp/rclcpp/subscription.hpp:45[m[K,
[13.738s]                  from [01m[K/opt/ros/iron/include/rclcpp/rclcpp/any_executable.hpp:25[m[K,
[13.738s]                  from [01m[K/opt/ros/iron/include/rclcpp/rclcpp/memory_strategy.hpp:25[m[K,
[13.738s]                  from [01m[K/opt/ros/iron/include/rclcpp/rclcpp/memory_strategies.hpp:18[m[K,
[13.741s]                  from [01m[K/opt/ros/iron/include/rclcpp/rclcpp/executor_options.hpp:20[m[K,
[13.742s]                  from [01m[K/opt/ros/iron/include/rclcpp/rclcpp/executor.hpp:37[m[K,
[13.742s]                  from [01m[K/opt/ros/iron/include/rclcpp/rclcpp/executors/multi_threaded_executor.hpp:25[m[K,
[13.742s]                  from [01m[K/opt/ros/iron/include/rclcpp/rclcpp/executors.hpp:21[m[K,
[13.743s]                  from [01m[K/opt/ros/iron/include/rclcpp/rclcpp/rclcpp.hpp:167[m[K,
[13.746s]                  from [01m[K/home/monica/ros2_ws/src/xolobot_arm_server/src/SimulationController.h:4[m[K,
[13.746s]                  from [01m[K/home/monica/ros2_ws/src/xolobot_arm_server/src/SimulationController.cpp:1[m[K:
[13.746s] [01m[K/opt/ros/iron/include/rcl_interfaces/rcl_interfaces/msg/detail/set_parameters_result__struct.hpp:27:11:[m[K [01;36m[Knote: [m[K  ‘[01m[Krcl_interfaces::msg[m[K’
[13.746s]    27 | namespace [01;36m[Kmsg[m[K
[13.748s]       |           [01;36m[K^~~[m[K
[13.750s] In file included from [01m[K/opt/ros/iron/include/statistics_msgs/statistics_msgs/msg/detail/metrics_message__struct.hpp:23[m[K,
[13.751s]                  from [01m[K/opt/ros/iron/include/statistics_msgs/statistics_msgs/msg/metrics_message.hpp:7[m[K,
[13.751s]                  from [01m[K/opt/ros/iron/include/libstatistics_collector/libstatistics_collector/collector/generate_statistics_message.hpp:21[m[K,
[13.751s]                  from [01m[K/opt/ros/iron/include/rclcpp/rclcpp/topic_statistics/subscription_topic_statistics.hpp:23[m[K,
[13.751s]                  from [01m[K/opt/ros/iron/include/rclcpp/rclcpp/subscription.hpp:50[m[K,
[13.755s]                  from [01m[K/opt/ros/iron/include/rclcpp/rclcpp/any_executable.hpp:25[m[K,
[13.755s]                  from [01m[K/opt/ros/iron/include/rclcpp/rclcpp/memory_strategy.hpp:25[m[K,
[13.756s]                  from [01m[K/opt/ros/iron/include/rclcpp/rclcpp/memory_strategies.hpp:18[m[K,
[13.756s]                  from [01m[K/opt/ros/iron/include/rclcpp/rclcpp/executor_options.hpp:20[m[K,
[13.757s]                  from [01m[K/opt/ros/iron/include/rclcpp/rclcpp/executor.hpp:37[m[K,
[13.757s]                  from [01m[K/opt/ros/iron/include/rclcpp/rclcpp/executors/multi_threaded_executor.hpp:25[m[K,
[13.757s]                  from [01m[K/opt/ros/iron/include/rclcpp/rclcpp/executors.hpp:21[m[K,
[13.757s]                  from [01m[K/opt/ros/iron/include/rclcpp/rclcpp/rclcpp.hpp:167[m[K,
[13.760s]                  from [01m[K/home/monica/ros2_ws/src/xolobot_arm_server/src/SimulationController.h:4[m[K,
[13.761s]                  from [01m[K/home/monica/ros2_ws/src/xolobot_arm_server/src/SimulationController.cpp:1[m[K:
[13.764s] [01m[K/opt/ros/iron/include/statistics_msgs/statistics_msgs/msg/detail/statistic_data_point__struct.hpp:27:11:[m[K [01;36m[Knote: [m[K  ‘[01m[Kstatistics_msgs::msg[m[K’
[13.765s]    27 | namespace [01;36m[Kmsg[m[K
[13.765s]       |           [01;36m[K^~~[m[K
[13.765s] In file included from [01m[K/opt/ros/iron/include/rcl_interfaces/rcl_interfaces/srv/detail/describe_parameters__struct.hpp:236[m[K,
[13.765s]                  from [01m[K/opt/ros/iron/include/rcl_interfaces/rcl_interfaces/srv/describe_parameters.hpp:7[m[K,
[13.770s]                  from [01m[K/opt/ros/iron/include/rclcpp/rclcpp/parameter_client.hpp:28[m[K,
[13.770s]                  from [01m[K/opt/ros/iron/include/rclcpp/rclcpp/rclcpp.hpp:171[m[K,
[13.771s]                  from [01m[K/home/monica/ros2_ws/src/xolobot_arm_server/src/SimulationController.h:4[m[K,
[13.771s]                  from [01m[K/home/monica/ros2_ws/src/xolobot_arm_server/src/SimulationController.cpp:1[m[K:
[13.772s] [01m[K/opt/ros/iron/include/service_msgs/service_msgs/msg/detail/service_event_info__struct.hpp:31:11:[m[K [01;36m[Knote: [m[K  ‘[01m[Kservice_msgs::msg[m[K’
[13.775s]    31 | namespace [01;36m[Kmsg[m[K
[13.775s]       |           [01;36m[K^~~[m[K
[13.775s] In file included from [01m[K/opt/ros/iron/include/std_msgs/std_msgs/msg/float64.hpp:7[m[K,
[13.776s]                  from [01m[K/home/monica/ros2_ws/src/xolobot_arm_server/src/SimulationController.h:5[m[K,
[13.778s]                  from [01m[K/home/monica/ros2_ws/src/xolobot_arm_server/src/SimulationController.cpp:1[m[K:
[13.779s] [01m[K/opt/ros/iron/include/std_msgs/std_msgs/msg/detail/float64__struct.hpp:27:11:[m[K [01;36m[Knote: [m[K  ‘[01m[Kstd_msgs::msg[m[K’
[13.779s]    27 | namespace [01;36m[Kmsg[m[K
[13.779s]       |           [01;36m[K^~~[m[K
[13.779s] In file included from [01m[K/opt/ros/iron/include/geometry_msgs/geometry_msgs/msg/detail/wrench__struct.hpp:21[m[K,
[13.784s]                  from [01m[K/opt/ros/iron/include/gazebo_msgs/gazebo_msgs/msg/detail/contact_state__struct.hpp:21[m[K,
[13.784s]                  from [01m[K/opt/ros/iron/include/gazebo_msgs/gazebo_msgs/msg/detail/contacts_state__struct.hpp:22[m[K,
[13.784s]                  from [01m[K/opt/ros/iron/include/gazebo_msgs/gazebo_msgs/msg/contacts_state.hpp:7[m[K,
[13.787s]                  from [01m[K/home/monica/ros2_ws/src/xolobot_arm_server/src/SimulationController.cpp:4[m[K:
[13.788s] [01m[K/opt/ros/iron/include/geometry_msgs/geometry_msgs/msg/detail/vector3__struct.hpp:27:11:[m[K [01;36m[Knote: [m[K  ‘[01m[Kgeometry_msgs::msg[m[K’
[13.788s]    27 | namespace [01;36m[Kmsg[m[K
[13.789s]       |           [01;36m[K^~~[m[K
[13.789s] In file included from [01m[K/opt/ros/iron/include/gazebo_msgs/gazebo_msgs/msg/detail/contacts_state__struct.hpp:22[m[K,
[13.789s]                  from [01m[K/opt/ros/iron/include/gazebo_msgs/gazebo_msgs/msg/contacts_state.hpp:7[m[K,
[13.789s]                  from [01m[K/home/monica/ros2_ws/src/xolobot_arm_server/src/SimulationController.cpp:4[m[K:
[13.792s] [01m[K/opt/ros/iron/include/gazebo_msgs/gazebo_msgs/msg/detail/contact_state__struct.hpp:35:11:[m[K [01;36m[Knote: [m[K  ‘[01m[Kgazebo_msgs::msg[m[K’
[13.792s]    35 | namespace [01;36m[Kmsg[m[K
[13.792s]       |           [01;36m[K^~~[m[K
[13.796s] In file included from [01m[K/opt/ros/iron/include/rclcpp/rclcpp/client.hpp:43[m[K,
[13.797s]                  from [01m[K/opt/ros/iron/include/rclcpp/rclcpp/callback_group.hpp:24[m[K,
[13.797s]                  from [01m[K/opt/ros/iron/include/rclcpp/rclcpp/any_executable.hpp:20[m[K,
[13.797s]                  from [01m[K/opt/ros/iron/include/rclcpp/rclcpp/memory_strategy.hpp:25[m[K,
[13.797s]                  from [01m[K/opt/ros/iron/include/rclcpp/rclcpp/memory_strategies.hpp:18[m[K,
[13.801s]                  from [01m[K/opt/ros/iron/include/rclcpp/rclcpp/executor_options.hpp:20[m[K,
[13.801s]                  from [01m[K/opt/ros/iron/include/rclcpp/rclcpp/executor.hpp:37[m[K,
[13.802s]                  from [01m[K/opt/ros/iron/include/rclcpp/rclcpp/executors/multi_threaded_executor.hpp:25[m[K,
[13.802s]                  from [01m[K/opt/ros/iron/include/rclcpp/rclcpp/executors.hpp:21[m[K,
[13.802s]                  from [01m[K/opt/ros/iron/include/rclcpp/rclcpp/rclcpp.hpp:167[m[K,
[13.802s]                  from [01m[K/home/monica/ros2_ws/src/xolobot_arm_server/src/SimulationController.h:4[m[K,
[13.803s]                  from [01m[K/home/monica/ros2_ws/src/xolobot_arm_server/src/SimulationController.cpp:1[m[K:
[13.803s] [01m[K/home/monica/ros2_ws/src/xolobot_arm_server/src/SimulationController.cpp:68:13:[m[K [01;31m[Kerror: [m[Kstatic assertion failed: First argument to logging macros must be an rclcpp::Logger
[13.803s]    68 |             [01;31m[KRCLCPP_INFO[m[K("Articulacion %lu. Valor Fijo: %f",i+1, msg.data);
[13.803s]       |             [01;31m[K^~~~~~~~~~~[m[K
[13.804s] In file included from [01m[K/opt/ros/iron/include/rclcpp/rclcpp/logging.hpp:24[m[K,
[13.808s]                  from [01m[K/opt/ros/iron/include/rclcpp/rclcpp/client.hpp:43[m[K,
[13.809s]                  from [01m[K/opt/ros/iron/include/rclcpp/rclcpp/callback_group.hpp:24[m[K,
[13.809s]                  from [01m[K/opt/ros/iron/include/rclcpp/rclcpp/any_executable.hpp:20[m[K,
[13.809s]                  from [01m[K/opt/ros/iron/include/rclcpp/rclcpp/memory_strategy.hpp:25[m[K,
[13.812s]                  from [01m[K/opt/ros/iron/include/rclcpp/rclcpp/memory_strategies.hpp:18[m[K,
[13.812s]                  from [01m[K/opt/ros/iron/include/rclcpp/rclcpp/executor_options.hpp:20[m[K,
[13.813s]                  from [01m[K/opt/ros/iron/include/rclcpp/rclcpp/executor.hpp:37[m[K,
[13.813s]                  from [01m[K/opt/ros/iron/include/rclcpp/rclcpp/executors/multi_threaded_executor.hpp:25[m[K,
[13.813s]                  from [01m[K/opt/ros/iron/include/rclcpp/rclcpp/executors.hpp:21[m[K,
[13.814s]                  from [01m[K/opt/ros/iron/include/rclcpp/rclcpp/rclcpp.hpp:167[m[K,
[13.817s]                  from [01m[K/home/monica/ros2_ws/src/xolobot_arm_server/src/SimulationController.h:4[m[K,
[13.818s]                  from [01m[K/home/monica/ros2_ws/src/xolobot_arm_server/src/SimulationController.cpp:1[m[K:
[13.818s] [01m[K/home/monica/ros2_ws/src/xolobot_arm_server/src/SimulationController.cpp:68:13:[m[K [01;31m[Kerror: [m[Krequest for member ‘[01m[Kget_name[m[K’ in ‘[01m[K("Articulacion %lu. Valor Fijo: %f")[m[K’, which is of non-class type ‘[01m[Kconst char [33][m[K’
[13.818s]    68 |             [01;31m[KRCLCPP_INFO[m[K("Articulacion %lu. Valor Fijo: %f",i+1, msg.data);
[13.819s]       |             [01;31m[K^~~~~~~~~~~[m[K
[13.821s] [01m[K/home/monica/ros2_ws/src/xolobot_arm_server/src/SimulationController.cpp:68:13:[m[K [01;31m[Kerror: [m[Krequest for member ‘[01m[Kget_name[m[K’ in ‘[01m[K("Articulacion %lu. Valor Fijo: %f")[m[K’, which is of non-class type ‘[01m[Kconst char [33][m[K’
[13.821s]    68 |             [01;31m[KRCLCPP_INFO[m[K("Articulacion %lu. Valor Fijo: %f",i+1, msg.data);
[13.822s]       |             [01;31m[K^~~~~~~~~~~[m[K
[13.822s] [01m[K/home/monica/ros2_ws/src/xolobot_arm_server/src/SimulationController.cpp:72:19:[m[K [01;31m[Kerror: [m[Kexpected primary-expression before ‘[01m[K)[m[K’ token
[13.822s]    72 |             while([01;31m[K)[m[K{
[13.822s]       |                   [01;31m[K^[m[K
[13.823s] In file included from [01m[K/opt/ros/iron/include/rclcpp/rclcpp/client.hpp:43[m[K,
[13.826s]                  from [01m[K/opt/ros/iron/include/rclcpp/rclcpp/callback_group.hpp:24[m[K,
[13.826s]                  from [01m[K/opt/ros/iron/include/rclcpp/rclcpp/any_executable.hpp:20[m[K,
[13.827s]                  from [01m[K/opt/ros/iron/include/rclcpp/rclcpp/memory_strategy.hpp:25[m[K,
[13.827s]                  from [01m[K/opt/ros/iron/include/rclcpp/rclcpp/memory_strategies.hpp:18[m[K,
[13.830s]                  from [01m[K/opt/ros/iron/include/rclcpp/rclcpp/executor_options.hpp:20[m[K,
[13.830s]                  from [01m[K/opt/ros/iron/include/rclcpp/rclcpp/executor.hpp:37[m[K,
[13.830s]                  from [01m[K/opt/ros/iron/include/rclcpp/rclcpp/executors/multi_threaded_executor.hpp:25[m[K,
[13.831s]                  from [01m[K/opt/ros/iron/include/rclcpp/rclcpp/executors.hpp:21[m[K,
[13.831s]                  from [01m[K/opt/ros/iron/include/rclcpp/rclcpp/rclcpp.hpp:167[m[K,
[13.831s]                  from [01m[K/home/monica/ros2_ws/src/xolobot_arm_server/src/SimulationController.h:4[m[K,
[13.833s]                  from [01m[K/home/monica/ros2_ws/src/xolobot_arm_server/src/SimulationController.cpp:1[m[K:
[13.833s] [01m[K/home/monica/ros2_ws/src/xolobot_arm_server/src/SimulationController.cpp:75:13:[m[K [01;31m[Kerror: [m[Kstatic assertion failed: First argument to logging macros must be an rclcpp::Logger
[13.833s]    75 |             [01;31m[KRCLCPP_INFO[m[K("Articulacion %lu  Moviendose:%f",i+1, msg.data);
[13.834s]       |             [01;31m[K^~~~~~~~~~~[m[K
[13.834s] In file included from [01m[K/opt/ros/iron/include/rclcpp/rclcpp/logging.hpp:24[m[K,
[13.834s]                  from [01m[K/opt/ros/iron/include/rclcpp/rclcpp/client.hpp:43[m[K,
[13.834s]                  from [01m[K/opt/ros/iron/include/rclcpp/rclcpp/callback_group.hpp:24[m[K,
[13.838s]                  from [01m[K/opt/ros/iron/include/rclcpp/rclcpp/any_executable.hpp:20[m[K,
[13.838s]                  from [01m[K/opt/ros/iron/include/rclcpp/rclcpp/memory_strategy.hpp:25[m[K,
[13.839s]                  from [01m[K/opt/ros/iron/include/rclcpp/rclcpp/memory_strategies.hpp:18[m[K,
[13.842s]                  from [01m[K/opt/ros/iron/include/rclcpp/rclcpp/executor_options.hpp:20[m[K,
[13.842s]                  from [01m[K/opt/ros/iron/include/rclcpp/rclcpp/executor.hpp:37[m[K,
[13.842s]                  from [01m[K/opt/ros/iron/include/rclcpp/rclcpp/executors/multi_threaded_executor.hpp:25[m[K,
[13.844s]                  from [01m[K/opt/ros/iron/include/rclcpp/rclcpp/executors.hpp:21[m[K,
[13.844s]                  from [01m[K/opt/ros/iron/include/rclcpp/rclcpp/rclcpp.hpp:167[m[K,
[13.844s]                  from [01m[K/home/monica/ros2_ws/src/xolobot_arm_server/src/SimulationController.h:4[m[K,
[13.844s]                  from [01m[K/home/monica/ros2_ws/src/xolobot_arm_server/src/SimulationController.cpp:1[m[K:
[13.845s] [01m[K/home/monica/ros2_ws/src/xolobot_arm_server/src/SimulationController.cpp:75:13:[m[K [01;31m[Kerror: [m[Krequest for member ‘[01m[Kget_name[m[K’ in ‘[01m[K("Articulacion %lu  Moviendose:%f")[m[K’, which is of non-class type ‘[01m[Kconst char [32][m[K’
[13.845s]    75 |             [01;31m[KRCLCPP_INFO[m[K("Articulacion %lu  Moviendose:%f",i+1, msg.data);
[13.845s]       |             [01;31m[K^~~~~~~~~~~[m[K
[13.845s] [01m[K/home/monica/ros2_ws/src/xolobot_arm_server/src/SimulationController.cpp:75:13:[m[K [01;31m[Kerror: [m[Krequest for member ‘[01m[Kget_name[m[K’ in ‘[01m[K("Articulacion %lu  Moviendose:%f")[m[K’, which is of non-class type ‘[01m[Kconst char [32][m[K’
[13.850s]    75 |             [01;31m[KRCLCPP_INFO[m[K("Articulacion %lu  Moviendose:%f",i+1, msg.data);
[13.850s]       |             [01;31m[K^~~~~~~~~~~[m[K
[13.851s] [01m[K/home/monica/ros2_ws/src/xolobot_arm_server/src/SimulationController.cpp:75:64:[m[K [01;31m[Kerror: [m[K‘[01m[Kmsg[m[K’ was not declared in this scope
[13.851s]    75 |           RCLCPP_INFO("Articulacion %lu  Moviendose:%f",i+1, [01;31m[Kmsg[m[K.data);
[13.851s]       |                                                              [01;31m[K^~~[m[K
[13.851s] 
[13.853s] [01m[K/home/monica/ros2_ws/src/xolobot_arm_server/src/SimulationController.cpp:75:64:[m[K [01;36m[Knote: [m[Ksuggested alternatives:
[13.853s] In file included from [01m[K/opt/ros/iron/include/builtin_interfaces/builtin_interfaces/msg/time.hpp:7[m[K,
[13.853s]                  from [01m[K/opt/ros/iron/include/rclcpp/rclcpp/time.hpp:18[m[K,
[13.854s]                  from [01m[K/opt/ros/iron/include/rclcpp/rclcpp/clock.hpp:24[m[K,
[13.854s]                  from [01m[K/opt/ros/iron/include/rclcpp/rclcpp/client.hpp:38[m[K,
[13.854s]                  from [01m[K/opt/ros/iron/include/rclcpp/rclcpp/callback_group.hpp:24[m[K,
[13.854s]                  from [01m[K/opt/ros/iron/include/rclcpp/rclcpp/any_executable.hpp:20[m[K,
[13.857s]                  from [01m[K/opt/ros/iron/include/rclcpp/rclcpp/memory_strategy.hpp:25[m[K,
[13.857s]                  from [01m[K/opt/ros/iron/include/rclcpp/rclcpp/memory_strategies.hpp:18[m[K,
[13.857s]                  from [01m[K/opt/ros/iron/include/rclcpp/rclcpp/executor_options.hpp:20[m[K,
[13.860s]                  from [01m[K/opt/ros/iron/include/rclcpp/rclcpp/executor.hpp:37[m[K,
[13.861s]                  from [01m[K/opt/ros/iron/include/rclcpp/rclcpp/executors/multi_threaded_executor.hpp:25[m[K,
[13.861s]                  from [01m[K/opt/ros/iron/include/rclcpp/rclcpp/executors.hpp:21[m[K,
[13.861s]                  from [01m[K/opt/ros/iron/include/rclcpp/rclcpp/rclcpp.hpp:167[m[K,
[13.861s]                  from [01m[K/home/monica/ros2_ws/src/xolobot_arm_server/src/SimulationController.h:4[m[K,
[13.862s]                  from [01m[K/home/monica/ros2_ws/src/xolobot_arm_server/src/SimulationController.cpp:1[m[K:
[13.862s] [01m[K/opt/ros/iron/include/builtin_interfaces/builtin_interfaces/msg/detail/time__struct.hpp:27:11:[m[K [01;36m[Knote: [m[K  ‘[01m[Kbuiltin_interfaces::msg[m[K’
[13.865s]    27 | namespace [01;36m[Kmsg[m[K
[13.865s]       |           [01;36m[K^~~[m[K
[13.865s] In file included from [01m[K/opt/ros/iron/include/rcl_interfaces/rcl_interfaces/msg/set_parameters_result.hpp:7[m[K,
[13.868s]                  from [01m[K/opt/ros/iron/include/rclcpp/rclcpp/qos_overriding_options.hpp:28[m[K,
[13.868s]                  from [01m[K/opt/ros/iron/include/rclcpp/rclcpp/subscription_options.hpp:30[m[K,
[13.868s]                  from [01m[K/opt/ros/iron/include/rclcpp/rclcpp/subscription.hpp:45[m[K,
[13.870s]                  from [01m[K/opt/ros/iron/include/rclcpp/rclcpp/any_executable.hpp:25[m[K,
[13.870s]                  from [01m[K/opt/ros/iron/include/rclcpp/rclcpp/memory_strategy.hpp:25[m[K,
[13.870s]                  from [01m[K/opt/ros/iron/include/rclcpp/rclcpp/memory_strategies.hpp:18[m[K,
[13.873s]                  from [01m[K/opt/ros/iron/include/rclcpp/rclcpp/executor_options.hpp:20[m[K,
[13.874s]                  from [01m[K/opt/ros/iron/include/rclcpp/rclcpp/executor.hpp:37[m[K,
[13.875s]                  from [01m[K/opt/ros/iron/include/rclcpp/rclcpp/executors/multi_threaded_executor.hpp:25[m[K,
[13.875s]                  from [01m[K/opt/ros/iron/include/rclcpp/rclcpp/executors.hpp:21[m[K,
[13.875s]                  from [01m[K/opt/ros/iron/include/rclcpp/rclcpp/rclcpp.hpp:167[m[K,
[13.876s]                  from [01m[K/home/monica/ros2_ws/src/xolobot_arm_server/src/SimulationController.h:4[m[K,
[13.876s]                  from [01m[K/home/monica/ros2_ws/src/xolobot_arm_server/src/SimulationController.cpp:1[m[K:
[13.876s] [01m[K/opt/ros/iron/include/rcl_interfaces/rcl_interfaces/msg/detail/set_parameters_result__struct.hpp:27:11:[m[K [01;36m[Knote: [m[K  ‘[01m[Krcl_interfaces::msg[m[K’
[13.876s]    27 | namespace [01;36m[Kmsg[m[K
[13.881s]       |           [01;36m[K^~~[m[K
[13.881s] In file included from [01m[K/opt/ros/iron/include/statistics_msgs/statistics_msgs/msg/detail/metrics_message__struct.hpp:23[m[K,
[13.883s]                  from [01m[K/opt/ros/iron/include/statistics_msgs/statistics_msgs/msg/metrics_message.hpp:7[m[K,
[13.883s]                  from [01m[K/opt/ros/iron/include/libstatistics_collector/libstatistics_collector/collector/generate_statistics_message.hpp:21[m[K,
[13.883s]                  from [01m[K/opt/ros/iron/include/rclcpp/rclcpp/topic_statistics/subscription_topic_statistics.hpp:23[m[K,
[13.883s]                  from [01m[K/opt/ros/iron/include/rclcpp/rclcpp/subscription.hpp:50[m[K,
[13.886s]                  from [01m[K/opt/ros/iron/include/rclcpp/rclcpp/any_executable.hpp:25[m[K,
[13.888s]                  from [01m[K/opt/ros/iron/include/rclcpp/rclcpp/memory_strategy.hpp:25[m[K,
[13.889s]                  from [01m[K/opt/ros/iron/include/rclcpp/rclcpp/memory_strategies.hpp:18[m[K,
[13.889s]                  from [01m[K/opt/ros/iron/include/rclcpp/rclcpp/executor_options.hpp:20[m[K,
[13.893s]                  from [01m[K/opt/ros/iron/include/rclcpp/rclcpp/executor.hpp:37[m[K,
[13.893s]                  from [01m[K/opt/ros/iron/include/rclcpp/rclcpp/executors/multi_threaded_executor.hpp:25[m[K,
[13.894s]                  from [01m[K/opt/ros/iron/include/rclcpp/rclcpp/executors.hpp:21[m[K,
[13.894s]                  from [01m[K/opt/ros/iron/include/rclcpp/rclcpp/rclcpp.hpp:167[m[K,
[13.894s]                  from [01m[K/home/monica/ros2_ws/src/xolobot_arm_server/src/SimulationController.h:4[m[K,
[13.894s]                  from [01m[K/home/monica/ros2_ws/src/xolobot_arm_server/src/SimulationController.cpp:1[m[K:
[13.898s] [01m[K/opt/ros/iron/include/statistics_msgs/statistics_msgs/msg/detail/statistic_data_point__struct.hpp:27:11:[m[K [01;36m[Knote: [m[K  ‘[01m[Kstatistics_msgs::msg[m[K’
[13.899s]    27 | namespace [01;36m[Kmsg[m[K
[13.899s]       |           [01;36m[K^~~[m[K
[13.900s] In file included from [01m[K/opt/ros/iron/include/rcl_interfaces/rcl_interfaces/srv/detail/describe_parameters__struct.hpp:236[m[K,
[13.902s]                  from [01m[K/opt/ros/iron/include/rcl_interfaces/rcl_interfaces/srv/describe_parameters.hpp:7[m[K,
[13.902s]                  from [01m[K/opt/ros/iron/include/rclcpp/rclcpp/parameter_client.hpp:28[m[K,
[13.902s]                  from [01m[K/opt/ros/iron/include/rclcpp/rclcpp/rclcpp.hpp:171[m[K,
[13.904s]                  from [01m[K/home/monica/ros2_ws/src/xolobot_arm_server/src/SimulationController.h:4[m[K,
[13.904s]                  from [01m[K/home/monica/ros2_ws/src/xolobot_arm_server/src/SimulationController.cpp:1[m[K:
[13.904s] [01m[K/opt/ros/iron/include/service_msgs/service_msgs/msg/detail/service_event_info__struct.hpp:31:11:[m[K [01;36m[Knote: [m[K  ‘[01m[Kservice_msgs::msg[m[K’
[13.905s]    31 | namespace [01;36m[Kmsg[m[K
[13.905s]       |           [01;36m[K^~~[m[K
[13.905s] In file included from [01m[K/opt/ros/iron/include/std_msgs/std_msgs/msg/float64.hpp:7[m[K,
[13.905s]                  from [01m[K/home/monica/ros2_ws/src/xolobot_arm_server/src/SimulationController.h:5[m[K,
[13.906s]                  from [01m[K/home/monica/ros2_ws/src/xolobot_arm_server/src/SimulationController.cpp:1[m[K:
[13.910s] [01m[K/opt/ros/iron/include/std_msgs/std_msgs/msg/detail/float64__struct.hpp:27:11:[m[K [01;36m[Knote: [m[K  ‘[01m[Kstd_msgs::msg[m[K’
[13.914s]    27 | namespace [01;36m[Kmsg[m[K
[13.915s]       |           [01;36m[K^~~[m[K
[13.918s] In file included from [01m[K/opt/ros/iron/include/geometry_msgs/geometry_msgs/msg/detail/wrench__struct.hpp:21[m[K,
[13.918s]                  from [01m[K/opt/ros/iron/include/gazebo_msgs/gazebo_msgs/msg/detail/contact_state__struct.hpp:21[m[K,
[13.919s]                  from [01m[K/opt/ros/iron/include/gazebo_msgs/gazebo_msgs/msg/detail/contacts_state__struct.hpp:22[m[K,
[13.919s]                  from [01m[K/opt/ros/iron/include/gazebo_msgs/gazebo_msgs/msg/contacts_state.hpp:7[m[K,
[13.919s]                  from [01m[K/home/monica/ros2_ws/src/xolobot_arm_server/src/SimulationController.cpp:4[m[K:
[13.919s] [01m[K/opt/ros/iron/include/geometry_msgs/geometry_msgs/msg/detail/vector3__struct.hpp:27:11:[m[K [01;36m[Knote: [m[K  ‘[01m[Kgeometry_msgs::msg[m[K’
[13.921s]    27 | namespace [01;36m[Kmsg[m[K
[13.921s]       |           [01;36m[K^~~[m[K
[13.922s] In file included from [01m[K/opt/ros/iron/include/gazebo_msgs/gazebo_msgs/msg/detail/contacts_state__struct.hpp:22[m[K,
[13.923s]                  from [01m[K/opt/ros/iron/include/gazebo_msgs/gazebo_msgs/msg/contacts_state.hpp:7[m[K,
[13.924s]                  from [01m[K/home/monica/ros2_ws/src/xolobot_arm_server/src/SimulationController.cpp:4[m[K:
[13.927s] [01m[K/opt/ros/iron/include/gazebo_msgs/gazebo_msgs/msg/detail/contact_state__struct.hpp:35:11:[m[K [01;36m[Knote: [m[K  ‘[01m[Kgazebo_msgs::msg[m[K’
[13.927s]    35 | namespace [01;36m[Kmsg[m[K
[13.927s]       |           [01;36m[K^~~[m[K
[13.929s] [01m[K/home/monica/ros2_ws/src/xolobot_arm_server/src/SimulationController.cpp:77:21:[m[K [01;31m[Kerror: [m[K‘[01m[Kusing SharedPtr = class std::shared_ptr<rclcpp::Publisher<std_msgs::msg::Float64_<std::allocator<void> > > >[m[K’ {aka ‘[01m[Kclass std::shared_ptr<rclcpp::Publisher<std_msgs::msg::Float64_<std::allocator<void> > > >[m[K’} has no member named ‘[01m[Kpublish[m[K’
[13.929s]    77 |         jointPub[i].[01;31m[Kpublish[m[K(msg);
[13.930s]       |                     [01;31m[K^~~~~~~[m[K
[13.930s] [01m[K/home/monica/ros2_ws/src/xolobot_arm_server/src/SimulationController.cpp:77:29:[m[K [01;31m[Kerror: [m[K‘[01m[Kmsg[m[K’ was not declared in this scope
[13.930s]    77 |         jointPub[i].publish([01;31m[Kmsg[m[K);
[13.930s]       |                             [01;31m[K^~~[m[K
[13.934s] [01m[K/home/monica/ros2_ws/src/xolobot_arm_server/src/SimulationController.cpp:77:29:[m[K [01;36m[Knote: [m[Ksuggested alternatives:
[13.934s] In file included from [01m[K/opt/ros/iron/include/builtin_interfaces/builtin_interfaces/msg/time.hpp:7[m[K,
[13.934s]                  from [01m[K/opt/ros/iron/include/rclcpp/rclcpp/time.hpp:18[m[K,
[13.935s]                  from [01m[K/opt/ros/iron/include/rclcpp/rclcpp/clock.hpp:24[m[K,
[13.935s]                  from [01m[K/opt/ros/iron/include/rclcpp/rclcpp/client.hpp:38[m[K,
[13.935s]                  from [01m[K/opt/ros/iron/include/rclcpp/rclcpp/callback_group.hpp:24[m[K,
[13.935s]                  from [01m[K/opt/ros/iron/include/rclcpp/rclcpp/any_executable.hpp:20[m[K,
[13.940s]                  from [01m[K/opt/ros/iron/include/rclcpp/rclcpp/memory_strategy.hpp:25[m[K,
[13.940s]                  from [01m[K/opt/ros/iron/include/rclcpp/rclcpp/memory_strategies.hpp:18[m[K,
[13.943s]                  from [01m[K/opt/ros/iron/include/rclcpp/rclcpp/executor_options.hpp:20[m[K,
[13.944s]                  from [01m[K/opt/ros/iron/include/rclcpp/rclcpp/executor.hpp:37[m[K,
[13.945s]                  from [01m[K/opt/ros/iron/include/rclcpp/rclcpp/executors/multi_threaded_executor.hpp:25[m[K,
[13.945s]                  from [01m[K/opt/ros/iron/include/rclcpp/rclcpp/executors.hpp:21[m[K,
[13.946s]                  from [01m[K/opt/ros/iron/include/rclcpp/rclcpp/rclcpp.hpp:167[m[K,
[13.950s]                  from [01m[K/home/monica/ros2_ws/src/xolobot_arm_server/src/SimulationController.h:4[m[K,
[13.950s]                  from [01m[K/home/monica/ros2_ws/src/xolobot_arm_server/src/SimulationController.cpp:1[m[K:
[13.952s] [01m[K/opt/ros/iron/include/builtin_interfaces/builtin_interfaces/msg/detail/time__struct.hpp:27:11:[m[K [01;36m[Knote: [m[K  ‘[01m[Kbuiltin_interfaces::msg[m[K’
[13.952s]    27 | namespace [01;36m[Kmsg[m[K
[13.952s]       |           [01;36m[K^~~[m[K
[13.953s] In file included from [01m[K/opt/ros/iron/include/rcl_interfaces/rcl_interfaces/msg/set_parameters_result.hpp:7[m[K,
[13.953s]                  from [01m[K/opt/ros/iron/include/rclcpp/rclcpp/qos_overriding_options.hpp:28[m[K,
[13.953s]                  from [01m[K/opt/ros/iron/include/rclcpp/rclcpp/subscription_options.hpp:30[m[K,
[13.956s]                  from [01m[K/opt/ros/iron/include/rclcpp/rclcpp/subscription.hpp:45[m[K,
[13.957s]                  from [01m[K/opt/ros/iron/include/rclcpp/rclcpp/any_executable.hpp:25[m[K,
[13.957s]                  from [01m[K/opt/ros/iron/include/rclcpp/rclcpp/memory_strategy.hpp:25[m[K,
[13.957s]                  from [01m[K/opt/ros/iron/include/rclcpp/rclcpp/memory_strategies.hpp:18[m[K,
[13.958s]                  from [01m[K/opt/ros/iron/include/rclcpp/rclcpp/executor_options.hpp:20[m[K,
[13.964s]                  from [01m[K/opt/ros/iron/include/rclcpp/rclcpp/executor.hpp:37[m[K,
[13.964s]                  from [01m[K/opt/ros/iron/include/rclcpp/rclcpp/executors/multi_threaded_executor.hpp:25[m[K,
[13.964s]                  from [01m[K/opt/ros/iron/include/rclcpp/rclcpp/executors.hpp:21[m[K,
[13.965s]                  from [01m[K/opt/ros/iron/include/rclcpp/rclcpp/rclcpp.hpp:167[m[K,
[13.965s]                  from [01m[K/home/monica/ros2_ws/src/xolobot_arm_server/src/SimulationController.h:4[m[K,
[13.965s]                  from [01m[K/home/monica/ros2_ws/src/xolobot_arm_server/src/SimulationController.cpp:1[m[K:
[13.965s] [01m[K/opt/ros/iron/include/rcl_interfaces/rcl_interfaces/msg/detail/set_parameters_result__struct.hpp:27:11:[m[K [01;36m[Knote: [m[K  ‘[01m[Krcl_interfaces::msg[m[K’
[13.968s]    27 | namespace [01;36m[Kmsg[m[K
[13.968s]       |           [01;36m[K^~~[m[K
[13.972s] In file included from [01m[K/opt/ros/iron/include/statistics_msgs/statistics_msgs/msg/detail/metrics_message__struct.hpp:23[m[K,
[13.972s]                  from [01m[K/opt/ros/iron/include/statistics_msgs/statistics_msgs/msg/metrics_message.hpp:7[m[K,
[13.972s]                  from [01m[K/opt/ros/iron/include/libstatistics_collector/libstatistics_collector/collector/generate_statistics_message.hpp:21[m[K,
[13.973s]                  from [01m[K/opt/ros/iron/include/rclcpp/rclcpp/topic_statistics/subscription_topic_statistics.hpp:23[m[K,
[13.973s]                  from [01m[K/opt/ros/iron/include/rclcpp/rclcpp/subscription.hpp:50[m[K,
[13.973s]                  from [01m[K/opt/ros/iron/include/rclcpp/rclcpp/any_executable.hpp:25[m[K,
[13.973s]                  from [01m[K/opt/ros/iron/include/rclcpp/rclcpp/memory_strategy.hpp:25[m[K,
[13.977s]                  from [01m[K/opt/ros/iron/include/rclcpp/rclcpp/memory_strategies.hpp:18[m[K,
[13.977s]                  from [01m[K/opt/ros/iron/include/rclcpp/rclcpp/executor_options.hpp:20[m[K,
[13.978s]                  from [01m[K/opt/ros/iron/include/rclcpp/rclcpp/executor.hpp:37[m[K,
[13.980s]                  from [01m[K/opt/ros/iron/include/rclcpp/rclcpp/executors/multi_threaded_executor.hpp:25[m[K,
[13.980s]                  from [01m[K/opt/ros/iron/include/rclcpp/rclcpp/executors.hpp:21[m[K,
[13.980s]                  from [01m[K/opt/ros/iron/include/rclcpp/rclcpp/rclcpp.hpp:167[m[K,
[13.981s]                  from [01m[K/home/monica/ros2_ws/src/xolobot_arm_server/src/SimulationController.h:4[m[K,
[13.981s]                  from [01m[K/home/monica/ros2_ws/src/xolobot_arm_server/src/SimulationController.cpp:1[m[K:
[13.986s] [01m[K/opt/ros/iron/include/statistics_msgs/statistics_msgs/msg/detail/statistic_data_point__struct.hpp:27:11:[m[K [01;36m[Knote: [m[K  ‘[01m[Kstatistics_msgs::msg[m[K’
[13.986s]    27 | namespace [01;36m[Kmsg[m[K
[13.989s]       |           [01;36m[K^~~[m[K
[13.989s] In file included from [01m[K/opt/ros/iron/include/rcl_interfaces/rcl_interfaces/srv/detail/describe_parameters__struct.hpp:236[m[K,
[13.989s]                  from [01m[K/opt/ros/iron/include/rcl_interfaces/rcl_interfaces/srv/describe_parameters.hpp:7[m[K,
[13.990s]                  from [01m[K/opt/ros/iron/include/rclcpp/rclcpp/parameter_client.hpp:28[m[K,
[13.991s]                  from [01m[K/opt/ros/iron/include/rclcpp/rclcpp/rclcpp.hpp:171[m[K,
[13.991s]                  from [01m[K/home/monica/ros2_ws/src/xolobot_arm_server/src/SimulationController.h:4[m[K,
[13.991s]                  from [01m[K/home/monica/ros2_ws/src/xolobot_arm_server/src/SimulationController.cpp:1[m[K:
[13.993s] [01m[K/opt/ros/iron/include/service_msgs/service_msgs/msg/detail/service_event_info__struct.hpp:31:11:[m[K [01;36m[Knote: [m[K  ‘[01m[Kservice_msgs::msg[m[K’
[13.993s]    31 | namespace [01;36m[Kmsg[m[K
[13.993s]       |           [01;36m[K^~~[m[K
[13.997s] In file included from [01m[K/opt/ros/iron/include/std_msgs/std_msgs/msg/float64.hpp:7[m[K,
[13.998s]                  from [01m[K/home/monica/ros2_ws/src/xolobot_arm_server/src/SimulationController.h:5[m[K,
[13.998s]                  from [01m[K/home/monica/ros2_ws/src/xolobot_arm_server/src/SimulationController.cpp:1[m[K:
[13.998s] [01m[K/opt/ros/iron/include/std_msgs/std_msgs/msg/detail/float64__struct.hpp:27:11:[m[K [01;36m[Knote: [m[K  ‘[01m[Kstd_msgs::msg[m[K’
[13.999s]    27 | namespace [01;36m[Kmsg[m[K
[14.001s]       |           [01;36m[K^~~[m[K
[14.001s] In file included from [01m[K/opt/ros/iron/include/geometry_msgs/geometry_msgs/msg/detail/wrench__struct.hpp:21[m[K,
[14.001s]                  from [01m[K/opt/ros/iron/include/gazebo_msgs/gazebo_msgs/msg/detail/contact_state__struct.hpp:21[m[K,
[14.003s]                  from [01m[K/opt/ros/iron/include/gazebo_msgs/gazebo_msgs/msg/detail/contacts_state__struct.hpp:22[m[K,
[14.003s]                  from [01m[K/opt/ros/iron/include/gazebo_msgs/gazebo_msgs/msg/contacts_state.hpp:7[m[K,
[14.003s]                  from [01m[K/home/monica/ros2_ws/src/xolobot_arm_server/src/SimulationController.cpp:4[m[K:
[14.004s] [01m[K/opt/ros/iron/include/geometry_msgs/geometry_msgs/msg/detail/vector3__struct.hpp:27:11:[m[K [01;36m[Knote: [m[K  ‘[01m[Kgeometry_msgs::msg[m[K’
[14.004s]    27 | namespace [01;36m[Kmsg[m[K
[14.004s]       |           [01;36m[K^~~[m[K
[14.004s] In file included from [01m[K/opt/ros/iron/include/gazebo_msgs/gazebo_msgs/msg/detail/contacts_state__struct.hpp:22[m[K,
[14.005s]                  from [01m[K/opt/ros/iron/include/gazebo_msgs/gazebo_msgs/msg/contacts_state.hpp:7[m[K,
[14.008s]                  from [01m[K/home/monica/ros2_ws/src/xolobot_arm_server/src/SimulationController.cpp:4[m[K:
[14.008s] [01m[K/opt/ros/iron/include/gazebo_msgs/gazebo_msgs/msg/detail/contact_state__struct.hpp:35:11:[m[K [01;36m[Knote: [m[K  ‘[01m[Kgazebo_msgs::msg[m[K’
[14.009s]    35 | namespace [01;36m[Kmsg[m[K
[14.009s]       |           [01;36m[K^~~[m[K
[17.363s] gmake[2]: *** [CMakeFiles/xolobot_arm_server.dir/build.make:90: CMakeFiles/xolobot_arm_server.dir/src/SimulationController.cpp.o] Error 1
[17.363s] gmake[1]: *** [CMakeFiles/Makefile2:137: CMakeFiles/xolobot_arm_server.dir/all] Error 2
[17.363s] gmake: *** [Makefile:146: all] Error 2
[17.382s] Invoked command in '/home/monica/ros2_ws/build/xolobot_arm_server' returned '2': CMAKE_PREFIX_PATH=${CMAKE_PREFIX_PATH}:/opt/ros/iron /usr/bin/cmake --build /home/monica/ros2_ws/build/xolobot_arm_server -- -j2 -l2
