[01m[K/home/monica/ros2_ws/src/xolobot_arm_server/src/SimulationController.cpp:7:6:[m[K [01;31m[Kerror: [m[Kno declaration matches ‘[01m[Kvoid SimulationController::deteccionColision(gazebo_msgs::msg::ContactsState_<std::allocator<void> >::SharedPtr)[m[K’
    7 | void [01;31m[KSimulationController[m[K::deteccionColision(gazebo_msgs::msg::ContactsState::SharedPtr msg) {
      |      [01;31m[K^~~~~~~~~~~~~~~~~~~~[m[K
[01m[K/home/monica/ros2_ws/src/xolobot_arm_server/src/SimulationController.cpp:7:6:[m[K [01;36m[Knote: [m[Kno functions named ‘[01m[Kvoid SimulationController::deteccionColision(gazebo_msgs::msg::ContactsState_<std::allocator<void> >::SharedPtr)[m[K’
In file included from [01m[K/home/monica/ros2_ws/src/xolobot_arm_server/src/SimulationController.cpp:1[m[K:
[01m[K/home/monica/ros2_ws/src/xolobot_arm_server/src/SimulationController.h:18:7:[m[K [01;36m[Knote: [m[K‘[01m[Kclass SimulationController[m[K’ defined here
   18 | class [01;36m[KSimulationController[m[K{
      |       [01;36m[K^~~~~~~~~~~~~~~~~~~~[m[K
[01m[K/home/monica/ros2_ws/src/xolobot_arm_server/src/SimulationController.cpp:[m[K In constructor ‘[01m[KSimulationController::SimulationController()[m[K’:
[01m[K/home/monica/ros2_ws/src/xolobot_arm_server/src/SimulationController.cpp:12:44:[m[K [01;31m[Kerror: [m[Kno matching function for call to ‘[01m[Krclcpp::Node::Node()[m[K’
   12 | SimulationController::SimulationController([01;31m[K)[m[K{
      |                                            [01;31m[K^[m[K
In file included from [01m[K/opt/ros/iron/include/rclcpp/rclcpp/executors/single_threaded_executor.hpp:28[m[K,
                 from [01m[K/opt/ros/iron/include/rclcpp/rclcpp/executors.hpp:22[m[K,
                 from [01m[K/opt/ros/iron/include/rclcpp/rclcpp/rclcpp.hpp:167[m[K,
                 from [01m[K/home/monica/ros2_ws/src/xolobot_arm_server/src/SimulationController.h:4[m[K,
                 from [01m[K/home/monica/ros2_ws/src/xolobot_arm_server/src/SimulationController.cpp:1[m[K:
[01m[K/opt/ros/iron/include/rclcpp/rclcpp/node.hpp:1579:3:[m[K [01;36m[Knote: [m[Kcandidate: ‘[01m[Krclcpp::Node::Node(const rclcpp::Node&, const string&)[m[K’
 1579 |   [01;36m[KNode[m[K(
      |   [01;36m[K^~~~[m[K
[01m[K/opt/ros/iron/include/rclcpp/rclcpp/node.hpp:1579:3:[m[K [01;36m[Knote: [m[K  candidate expects 2 arguments, 0 provided
[01m[K/opt/ros/iron/include/rclcpp/rclcpp/node.hpp:102:12:[m[K [01;36m[Knote: [m[Kcandidate: ‘[01m[Krclcpp::Node::Node(const string&, const string&, const rclcpp::NodeOptions&)[m[K’
  102 |   explicit [01;36m[KNode[m[K(
      |            [01;36m[K^~~~[m[K
[01m[K/opt/ros/iron/include/rclcpp/rclcpp/node.hpp:102:12:[m[K [01;36m[Knote: [m[K  candidate expects 3 arguments, 0 provided
[01m[K/opt/ros/iron/include/rclcpp/rclcpp/node.hpp:90:12:[m[K [01;36m[Knote: [m[Kcandidate: ‘[01m[Krclcpp::Node::Node(const string&, const rclcpp::NodeOptions&)[m[K’
   90 |   explicit [01;36m[KNode[m[K(
      |            [01;36m[K^~~~[m[K
[01m[K/opt/ros/iron/include/rclcpp/rclcpp/node.hpp:90:12:[m[K [01;36m[Knote: [m[K  candidate expects 2 arguments, 0 provided
[01m[K/home/monica/ros2_ws/src/xolobot_arm_server/src/SimulationController.cpp:27:29:[m[K [01;31m[Kerror: [m[K‘[01m[Kclass SimulationController[m[K’ has no member named ‘[01m[Kcreate_publisher[m[K’
   27 |         jointPub[i] = this->[01;31m[Kcreate_publisher[m[K<std_msgs::msg::Float64>(topicCmd, 5);
      |                             [01;31m[K^~~~~~~~~~~~~~~~[m[K
[01m[K/home/monica/ros2_ws/src/xolobot_arm_server/src/SimulationController.cpp:27:68:[m[K [01;31m[Kerror: [m[Kexpected primary-expression before ‘[01m[K>[m[K’ token
   27 |         jointPub[i] = this->create_publisher<std_msgs::msg::Float64[01;31m[K>[m[K(topicCmd, 5);
      |                                                                    [01;31m[K^[m[K
In file included from [01m[K/opt/ros/iron/include/rclcpp/rclcpp/client.hpp:43[m[K,
                 from [01m[K/opt/ros/iron/include/rclcpp/rclcpp/callback_group.hpp:24[m[K,
                 from [01m[K/opt/ros/iron/include/rclcpp/rclcpp/any_executable.hpp:20[m[K,
                 from [01m[K/opt/ros/iron/include/rclcpp/rclcpp/memory_strategy.hpp:25[m[K,
                 from [01m[K/opt/ros/iron/include/rclcpp/rclcpp/memory_strategies.hpp:18[m[K,
                 from [01m[K/opt/ros/iron/include/rclcpp/rclcpp/executor_options.hpp:20[m[K,
                 from [01m[K/opt/ros/iron/include/rclcpp/rclcpp/executor.hpp:37[m[K,
                 from [01m[K/opt/ros/iron/include/rclcpp/rclcpp/executors/multi_threaded_executor.hpp:25[m[K,
                 from [01m[K/opt/ros/iron/include/rclcpp/rclcpp/executors.hpp:21[m[K,
                 from [01m[K/opt/ros/iron/include/rclcpp/rclcpp/rclcpp.hpp:167[m[K,
                 from [01m[K/home/monica/ros2_ws/src/xolobot_arm_server/src/SimulationController.h:4[m[K,
                 from [01m[K/home/monica/ros2_ws/src/xolobot_arm_server/src/SimulationController.cpp:1[m[K:
[01m[K/home/monica/ros2_ws/src/xolobot_arm_server/src/SimulationController.cpp:[m[K In member function ‘[01m[Kvoid SimulationController::startTrajectory()[m[K’:
[01m[K/home/monica/ros2_ws/src/xolobot_arm_server/src/SimulationController.cpp:34:23:[m[K [01;31m[Kerror: [m[K‘[01m[Kclass SimulationController[m[K’ has no member named ‘[01m[Kget_logger[m[K’
   34 |     RCLCPP_INFO(this->[01;31m[Kget_logger[m[K(), "Iniciando simulacion");
      |                       [01;31m[K^~~~~~~~~~[m[K
[01m[K/home/monica/ros2_ws/src/xolobot_arm_server/src/SimulationController.cpp:34:23:[m[K [01;31m[Kerror: [m[K‘[01m[Kclass SimulationController[m[K’ has no member named ‘[01m[Kget_logger[m[K’
[01m[K/home/monica/ros2_ws/src/xolobot_arm_server/src/SimulationController.cpp:34:5:[m[K [01;31m[Kerror: [m[Ktemplate argument 1 is invalid
   34 |     [01;31m[KRCLCPP_INFO[m[K(this->get_logger(), "Iniciando simulacion");
      |     [01;31m[K^~~~~~~~~~~[m[K
[01m[K/home/monica/ros2_ws/src/xolobot_arm_server/src/SimulationController.cpp:34:5:[m[K [01;31m[Kerror: [m[Ktemplate argument 1 is invalid
   34 |     [01;31m[KRCLCPP_INFO[m[K(this->get_logger(), "Iniciando simulacion");
      |     [01;31m[K^~~~~~~~~~~[m[K
[01m[K/home/monica/ros2_ws/src/xolobot_arm_server/src/SimulationController.cpp:34:5:[m[K [01;31m[Kerror: [m[Ktemplate argument 1 is invalid
   34 |     [01;31m[KRCLCPP_INFO[m[K(this->get_logger(), "Iniciando simulacion");
      |     [01;31m[K^~~~~~~~~~~[m[K
In file included from [01m[K/opt/ros/iron/include/rclcpp/rclcpp/logging.hpp:24[m[K,
                 from [01m[K/opt/ros/iron/include/rclcpp/rclcpp/client.hpp:43[m[K,
                 from [01m[K/opt/ros/iron/include/rclcpp/rclcpp/callback_group.hpp:24[m[K,
                 from [01m[K/opt/ros/iron/include/rclcpp/rclcpp/any_executable.hpp:20[m[K,
                 from [01m[K/opt/ros/iron/include/rclcpp/rclcpp/memory_strategy.hpp:25[m[K,
                 from [01m[K/opt/ros/iron/include/rclcpp/rclcpp/memory_strategies.hpp:18[m[K,
                 from [01m[K/opt/ros/iron/include/rclcpp/rclcpp/executor_options.hpp:20[m[K,
                 from [01m[K/opt/ros/iron/include/rclcpp/rclcpp/executor.hpp:37[m[K,
                 from [01m[K/opt/ros/iron/include/rclcpp/rclcpp/executors/multi_threaded_executor.hpp:25[m[K,
                 from [01m[K/opt/ros/iron/include/rclcpp/rclcpp/executors.hpp:21[m[K,
                 from [01m[K/opt/ros/iron/include/rclcpp/rclcpp/rclcpp.hpp:167[m[K,
                 from [01m[K/home/monica/ros2_ws/src/xolobot_arm_server/src/SimulationController.h:4[m[K,
                 from [01m[K/home/monica/ros2_ws/src/xolobot_arm_server/src/SimulationController.cpp:1[m[K:
[01m[K/home/monica/ros2_ws/src/xolobot_arm_server/src/SimulationController.cpp:34:23:[m[K [01;31m[Kerror: [m[K‘[01m[Kclass SimulationController[m[K’ has no member named ‘[01m[Kget_logger[m[K’
   34 |     RCLCPP_INFO(this->[01;31m[Kget_logger[m[K(), "Iniciando simulacion");
      |                       [01;31m[K^~~~~~~~~~[m[K
[01m[K/home/monica/ros2_ws/src/xolobot_arm_server/src/SimulationController.cpp:34:23:[m[K [01;31m[Kerror: [m[K‘[01m[Kclass SimulationController[m[K’ has no member named ‘[01m[Kget_logger[m[K’
   34 |     RCLCPP_INFO(this->[01;31m[Kget_logger[m[K(), "Iniciando simulacion");
      |                       [01;31m[K^~~~~~~~~~[m[K
In file included from [01m[K/opt/ros/iron/include/rclcpp/rclcpp/client.hpp:43[m[K,
                 from [01m[K/opt/ros/iron/include/rclcpp/rclcpp/callback_group.hpp:24[m[K,
                 from [01m[K/opt/ros/iron/include/rclcpp/rclcpp/any_executable.hpp:20[m[K,
                 from [01m[K/opt/ros/iron/include/rclcpp/rclcpp/memory_strategy.hpp:25[m[K,
                 from [01m[K/opt/ros/iron/include/rclcpp/rclcpp/memory_strategies.hpp:18[m[K,
                 from [01m[K/opt/ros/iron/include/rclcpp/rclcpp/executor_options.hpp:20[m[K,
                 from [01m[K/opt/ros/iron/include/rclcpp/rclcpp/executor.hpp:37[m[K,
                 from [01m[K/opt/ros/iron/include/rclcpp/rclcpp/executors/multi_threaded_executor.hpp:25[m[K,
                 from [01m[K/opt/ros/iron/include/rclcpp/rclcpp/executors.hpp:21[m[K,
                 from [01m[K/opt/ros/iron/include/rclcpp/rclcpp/rclcpp.hpp:167[m[K,
                 from [01m[K/home/monica/ros2_ws/src/xolobot_arm_server/src/SimulationController.h:4[m[K,
                 from [01m[K/home/monica/ros2_ws/src/xolobot_arm_server/src/SimulationController.cpp:1[m[K:
[01m[K/home/monica/ros2_ws/src/xolobot_arm_server/src/SimulationController.cpp:[m[K In member function ‘[01m[Kvoid SimulationController::generaAleatorios()[m[K’:
[01m[K/home/monica/ros2_ws/src/xolobot_arm_server/src/SimulationController.cpp:57:31:[m[K [01;31m[Kerror: [m[K‘[01m[Kclass SimulationController[m[K’ has no member named ‘[01m[Kget_logger[m[K’
   57 |             RCLCPP_INFO(this->[01;31m[Kget_logger[m[K(), "Articulacion %lu .Valor Fijo:%f", i+1, msg.data);
      |                               [01;31m[K^~~~~~~~~~[m[K
[01m[K/home/monica/ros2_ws/src/xolobot_arm_server/src/SimulationController.cpp:57:31:[m[K [01;31m[Kerror: [m[K‘[01m[Kclass SimulationController[m[K’ has no member named ‘[01m[Kget_logger[m[K’
[01m[K/home/monica/ros2_ws/src/xolobot_arm_server/src/SimulationController.cpp:57:13:[m[K [01;31m[Kerror: [m[Ktemplate argument 1 is invalid
   57 |             [01;31m[KRCLCPP_INFO[m[K(this->get_logger(), "Articulacion %lu .Valor Fijo:%f", i+1, msg.data);
      |             [01;31m[K^~~~~~~~~~~[m[K
[01m[K/home/monica/ros2_ws/src/xolobot_arm_server/src/SimulationController.cpp:57:13:[m[K [01;31m[Kerror: [m[Ktemplate argument 1 is invalid
   57 |             [01;31m[KRCLCPP_INFO[m[K(this->get_logger(), "Articulacion %lu .Valor Fijo:%f", i+1, msg.data);
      |             [01;31m[K^~~~~~~~~~~[m[K
[01m[K/home/monica/ros2_ws/src/xolobot_arm_server/src/SimulationController.cpp:57:13:[m[K [01;31m[Kerror: [m[Ktemplate argument 1 is invalid
   57 |             [01;31m[KRCLCPP_INFO[m[K(this->get_logger(), "Articulacion %lu .Valor Fijo:%f", i+1, msg.data);
      |             [01;31m[K^~~~~~~~~~~[m[K
In file included from [01m[K/opt/ros/iron/include/rclcpp/rclcpp/logging.hpp:24[m[K,
                 from [01m[K/opt/ros/iron/include/rclcpp/rclcpp/client.hpp:43[m[K,
                 from [01m[K/opt/ros/iron/include/rclcpp/rclcpp/callback_group.hpp:24[m[K,
                 from [01m[K/opt/ros/iron/include/rclcpp/rclcpp/any_executable.hpp:20[m[K,
                 from [01m[K/opt/ros/iron/include/rclcpp/rclcpp/memory_strategy.hpp:25[m[K,
                 from [01m[K/opt/ros/iron/include/rclcpp/rclcpp/memory_strategies.hpp:18[m[K,
                 from [01m[K/opt/ros/iron/include/rclcpp/rclcpp/executor_options.hpp:20[m[K,
                 from [01m[K/opt/ros/iron/include/rclcpp/rclcpp/executor.hpp:37[m[K,
                 from [01m[K/opt/ros/iron/include/rclcpp/rclcpp/executors/multi_threaded_executor.hpp:25[m[K,
                 from [01m[K/opt/ros/iron/include/rclcpp/rclcpp/executors.hpp:21[m[K,
                 from [01m[K/opt/ros/iron/include/rclcpp/rclcpp/rclcpp.hpp:167[m[K,
                 from [01m[K/home/monica/ros2_ws/src/xolobot_arm_server/src/SimulationController.h:4[m[K,
                 from [01m[K/home/monica/ros2_ws/src/xolobot_arm_server/src/SimulationController.cpp:1[m[K:
[01m[K/home/monica/ros2_ws/src/xolobot_arm_server/src/SimulationController.cpp:57:31:[m[K [01;31m[Kerror: [m[K‘[01m[Kclass SimulationController[m[K’ has no member named ‘[01m[Kget_logger[m[K’
   57 |             RCLCPP_INFO(this->[01;31m[Kget_logger[m[K(), "Articulacion %lu .Valor Fijo:%f", i+1, msg.data);
      |                               [01;31m[K^~~~~~~~~~[m[K
[01m[K/home/monica/ros2_ws/src/xolobot_arm_server/src/SimulationController.cpp:57:31:[m[K [01;31m[Kerror: [m[K‘[01m[Kclass SimulationController[m[K’ has no member named ‘[01m[Kget_logger[m[K’
   57 |             RCLCPP_INFO(this->[01;31m[Kget_logger[m[K(), "Articulacion %lu .Valor Fijo:%f", i+1, msg.data);
      |                               [01;31m[K^~~~~~~~~~[m[K
In file included from [01m[K/opt/ros/iron/include/rclcpp/rclcpp/client.hpp:43[m[K,
                 from [01m[K/opt/ros/iron/include/rclcpp/rclcpp/callback_group.hpp:24[m[K,
                 from [01m[K/opt/ros/iron/include/rclcpp/rclcpp/any_executable.hpp:20[m[K,
                 from [01m[K/opt/ros/iron/include/rclcpp/rclcpp/memory_strategy.hpp:25[m[K,
                 from [01m[K/opt/ros/iron/include/rclcpp/rclcpp/memory_strategies.hpp:18[m[K,
                 from [01m[K/opt/ros/iron/include/rclcpp/rclcpp/executor_options.hpp:20[m[K,
                 from [01m[K/opt/ros/iron/include/rclcpp/rclcpp/executor.hpp:37[m[K,
                 from [01m[K/opt/ros/iron/include/rclcpp/rclcpp/executors/multi_threaded_executor.hpp:25[m[K,
                 from [01m[K/opt/ros/iron/include/rclcpp/rclcpp/executors.hpp:21[m[K,
                 from [01m[K/opt/ros/iron/include/rclcpp/rclcpp/rclcpp.hpp:167[m[K,
                 from [01m[K/home/monica/ros2_ws/src/xolobot_arm_server/src/SimulationController.h:4[m[K,
                 from [01m[K/home/monica/ros2_ws/src/xolobot_arm_server/src/SimulationController.cpp:1[m[K:
[01m[K/home/monica/ros2_ws/src/xolobot_arm_server/src/SimulationController.cpp:67:31:[m[K [01;31m[Kerror: [m[K‘[01m[Kclass SimulationController[m[K’ has no member named ‘[01m[Kget_logger[m[K’
   67 |             RCLCPP_INFO(this->[01;31m[Kget_logger[m[K(), "Articulacion %lu. Valor Fijo: %f",i+1, msg.data);
      |                               [01;31m[K^~~~~~~~~~[m[K
[01m[K/home/monica/ros2_ws/src/xolobot_arm_server/src/SimulationController.cpp:67:31:[m[K [01;31m[Kerror: [m[K‘[01m[Kclass SimulationController[m[K’ has no member named ‘[01m[Kget_logger[m[K’
[01m[K/home/monica/ros2_ws/src/xolobot_arm_server/src/SimulationController.cpp:67:13:[m[K [01;31m[Kerror: [m[Ktemplate argument 1 is invalid
   67 |             [01;31m[KRCLCPP_INFO[m[K(this->get_logger(), "Articulacion %lu. Valor Fijo: %f",i+1, msg.data);
      |             [01;31m[K^~~~~~~~~~~[m[K
[01m[K/home/monica/ros2_ws/src/xolobot_arm_server/src/SimulationController.cpp:67:13:[m[K [01;31m[Kerror: [m[Ktemplate argument 1 is invalid
   67 |             [01;31m[KRCLCPP_INFO[m[K(this->get_logger(), "Articulacion %lu. Valor Fijo: %f",i+1, msg.data);
      |             [01;31m[K^~~~~~~~~~~[m[K
[01m[K/home/monica/ros2_ws/src/xolobot_arm_server/src/SimulationController.cpp:67:13:[m[K [01;31m[Kerror: [m[Ktemplate argument 1 is invalid
   67 |             [01;31m[KRCLCPP_INFO[m[K(this->get_logger(), "Articulacion %lu. Valor Fijo: %f",i+1, msg.data);
      |             [01;31m[K^~~~~~~~~~~[m[K
In file included from [01m[K/opt/ros/iron/include/rclcpp/rclcpp/logging.hpp:24[m[K,
                 from [01m[K/opt/ros/iron/include/rclcpp/rclcpp/client.hpp:43[m[K,
                 from [01m[K/opt/ros/iron/include/rclcpp/rclcpp/callback_group.hpp:24[m[K,
                 from [01m[K/opt/ros/iron/include/rclcpp/rclcpp/any_executable.hpp:20[m[K,
                 from [01m[K/opt/ros/iron/include/rclcpp/rclcpp/memory_strategy.hpp:25[m[K,
                 from [01m[K/opt/ros/iron/include/rclcpp/rclcpp/memory_strategies.hpp:18[m[K,
                 from [01m[K/opt/ros/iron/include/rclcpp/rclcpp/executor_options.hpp:20[m[K,
                 from [01m[K/opt/ros/iron/include/rclcpp/rclcpp/executor.hpp:37[m[K,
                 from [01m[K/opt/ros/iron/include/rclcpp/rclcpp/executors/multi_threaded_executor.hpp:25[m[K,
                 from [01m[K/opt/ros/iron/include/rclcpp/rclcpp/executors.hpp:21[m[K,
                 from [01m[K/opt/ros/iron/include/rclcpp/rclcpp/rclcpp.hpp:167[m[K,
                 from [01m[K/home/monica/ros2_ws/src/xolobot_arm_server/src/SimulationController.h:4[m[K,
                 from [01m[K/home/monica/ros2_ws/src/xolobot_arm_server/src/SimulationController.cpp:1[m[K:
[01m[K/home/monica/ros2_ws/src/xolobot_arm_server/src/SimulationController.cpp:67:31:[m[K [01;31m[Kerror: [m[K‘[01m[Kclass SimulationController[m[K’ has no member named ‘[01m[Kget_logger[m[K’
   67 |             RCLCPP_INFO(this->[01;31m[Kget_logger[m[K(), "Articulacion %lu. Valor Fijo: %f",i+1, msg.data);
      |                               [01;31m[K^~~~~~~~~~[m[K
[01m[K/home/monica/ros2_ws/src/xolobot_arm_server/src/SimulationController.cpp:67:31:[m[K [01;31m[Kerror: [m[K‘[01m[Kclass SimulationController[m[K’ has no member named ‘[01m[Kget_logger[m[K’
   67 |             RCLCPP_INFO(this->[01;31m[Kget_logger[m[K(), "Articulacion %lu. Valor Fijo: %f",i+1, msg.data);
      |                               [01;31m[K^~~~~~~~~~[m[K
[01m[K/home/monica/ros2_ws/src/xolobot_arm_server/src/SimulationController.cpp:71:19:[m[K [01;31m[Kerror: [m[Kexpected primary-expression before ‘[01m[K)[m[K’ token
   71 |             while([01;31m[K)[m[K{
      |                   [01;31m[K^[m[K
In file included from [01m[K/opt/ros/iron/include/rclcpp/rclcpp/client.hpp:43[m[K,
                 from [01m[K/opt/ros/iron/include/rclcpp/rclcpp/callback_group.hpp:24[m[K,
                 from [01m[K/opt/ros/iron/include/rclcpp/rclcpp/any_executable.hpp:20[m[K,
                 from [01m[K/opt/ros/iron/include/rclcpp/rclcpp/memory_strategy.hpp:25[m[K,
                 from [01m[K/opt/ros/iron/include/rclcpp/rclcpp/memory_strategies.hpp:18[m[K,
                 from [01m[K/opt/ros/iron/include/rclcpp/rclcpp/executor_options.hpp:20[m[K,
                 from [01m[K/opt/ros/iron/include/rclcpp/rclcpp/executor.hpp:37[m[K,
                 from [01m[K/opt/ros/iron/include/rclcpp/rclcpp/executors/multi_threaded_executor.hpp:25[m[K,
                 from [01m[K/opt/ros/iron/include/rclcpp/rclcpp/executors.hpp:21[m[K,
                 from [01m[K/opt/ros/iron/include/rclcpp/rclcpp/rclcpp.hpp:167[m[K,
                 from [01m[K/home/monica/ros2_ws/src/xolobot_arm_server/src/SimulationController.h:4[m[K,
                 from [01m[K/home/monica/ros2_ws/src/xolobot_arm_server/src/SimulationController.cpp:1[m[K:
[01m[K/home/monica/ros2_ws/src/xolobot_arm_server/src/SimulationController.cpp:74:31:[m[K [01;31m[Kerror: [m[K‘[01m[Kclass SimulationController[m[K’ has no member named ‘[01m[Kget_logger[m[K’
   74 |             RCLCPP_INFO(this->[01;31m[Kget_logger[m[K(), "Articulacion %lu  Moviendose:%f",i+1, msg.data);
      |                               [01;31m[K^~~~~~~~~~[m[K
[01m[K/home/monica/ros2_ws/src/xolobot_arm_server/src/SimulationController.cpp:74:31:[m[K [01;31m[Kerror: [m[K‘[01m[Kclass SimulationController[m[K’ has no member named ‘[01m[Kget_logger[m[K’
[01m[K/home/monica/ros2_ws/src/xolobot_arm_server/src/SimulationController.cpp:74:13:[m[K [01;31m[Kerror: [m[Ktemplate argument 1 is invalid
   74 |             [01;31m[KRCLCPP_INFO[m[K(this->get_logger(), "Articulacion %lu  Moviendose:%f",i+1, msg.data);
      |             [01;31m[K^~~~~~~~~~~[m[K
[01m[K/home/monica/ros2_ws/src/xolobot_arm_server/src/SimulationController.cpp:74:13:[m[K [01;31m[Kerror: [m[Ktemplate argument 1 is invalid
   74 |             [01;31m[KRCLCPP_INFO[m[K(this->get_logger(), "Articulacion %lu  Moviendose:%f",i+1, msg.data);
      |             [01;31m[K^~~~~~~~~~~[m[K
[01m[K/home/monica/ros2_ws/src/xolobot_arm_server/src/SimulationController.cpp:74:13:[m[K [01;31m[Kerror: [m[Ktemplate argument 1 is invalid
   74 |             [01;31m[KRCLCPP_INFO[m[K(this->get_logger(), "Articulacion %lu  Moviendose:%f",i+1, msg.data);
      |             [01;31m[K^~~~~~~~~~~[m[K
In file included from [01m[K/opt/ros/iron/include/rclcpp/rclcpp/logging.hpp:24[m[K,
                 from [01m[K/opt/ros/iron/include/rclcpp/rclcpp/client.hpp:43[m[K,
                 from [01m[K/opt/ros/iron/include/rclcpp/rclcpp/callback_group.hpp:24[m[K,
                 from [01m[K/opt/ros/iron/include/rclcpp/rclcpp/any_executable.hpp:20[m[K,
                 from [01m[K/opt/ros/iron/include/rclcpp/rclcpp/memory_strategy.hpp:25[m[K,
                 from [01m[K/opt/ros/iron/include/rclcpp/rclcpp/memory_strategies.hpp:18[m[K,
                 from [01m[K/opt/ros/iron/include/rclcpp/rclcpp/executor_options.hpp:20[m[K,
                 from [01m[K/opt/ros/iron/include/rclcpp/rclcpp/executor.hpp:37[m[K,
                 from [01m[K/opt/ros/iron/include/rclcpp/rclcpp/executors/multi_threaded_executor.hpp:25[m[K,
                 from [01m[K/opt/ros/iron/include/rclcpp/rclcpp/executors.hpp:21[m[K,
                 from [01m[K/opt/ros/iron/include/rclcpp/rclcpp/rclcpp.hpp:167[m[K,
                 from [01m[K/home/monica/ros2_ws/src/xolobot_arm_server/src/SimulationController.h:4[m[K,
                 from [01m[K/home/monica/ros2_ws/src/xolobot_arm_server/src/SimulationController.cpp:1[m[K:
[01m[K/home/monica/ros2_ws/src/xolobot_arm_server/src/SimulationController.cpp:74:31:[m[K [01;31m[Kerror: [m[K‘[01m[Kclass SimulationController[m[K’ has no member named ‘[01m[Kget_logger[m[K’
   74 |             RCLCPP_INFO(this->[01;31m[Kget_logger[m[K(), "Articulacion %lu  Moviendose:%f",i+1, msg.data);
      |                               [01;31m[K^~~~~~~~~~[m[K
[01m[K/home/monica/ros2_ws/src/xolobot_arm_server/src/SimulationController.cpp:74:31:[m[K [01;31m[Kerror: [m[K‘[01m[Kclass SimulationController[m[K’ has no member named ‘[01m[Kget_logger[m[K’
   74 |             RCLCPP_INFO(this->[01;31m[Kget_logger[m[K(), "Articulacion %lu  Moviendose:%f",i+1, msg.data);
      |                               [01;31m[K^~~~~~~~~~[m[K
[01m[K/home/monica/ros2_ws/src/xolobot_arm_server/src/SimulationController.cpp:76:21:[m[K [01;31m[Kerror: [m[K‘[01m[Kusing SharedPtr = class std::shared_ptr<rclcpp::Publisher<std_msgs::msg::Float64_<std::allocator<void> > > >[m[K’ {aka ‘[01m[Kclass std::shared_ptr<rclcpp::Publisher<std_msgs::msg::Float64_<std::allocator<void> > > >[m[K’} has no member named ‘[01m[Kpublish[m[K’
   76 |         jointPub[i].[01;31m[Kpublish[m[K(msg);
      |                     [01;31m[K^~~~~~~[m[K
gmake[2]: *** [CMakeFiles/xolobot_arm_server.dir/build.make:90: CMakeFiles/xolobot_arm_server.dir/src/SimulationController.cpp.o] Error 1
gmake[1]: *** [CMakeFiles/Makefile2:137: CMakeFiles/xolobot_arm_server.dir/all] Error 2
gmake: *** [Makefile:146: all] Error 2
