[1.720s] DEBUG:colcon:Command line arguments: ['/usr/bin/colcon', 'build']
[1.720s] DEBUG:colcon:Parsed command line arguments: Namespace(log_base=None, log_level=None, verb_name='build', build_base='build', install_base='install', merge_install=False, symlink_install=False, test_result_base=None, continue_on_error=False, executor='parallel', parallel_workers=2, event_handlers=None, ignore_user_meta=False, metas=['./colcon.meta'], base_paths=['.'], packages_ignore=None, packages_ignore_regex=None, paths=None, packages_up_to=None, packages_up_to_regex=None, packages_above=None, packages_above_and_dependencies=None, packages_above_depth=None, packages_select_by_dep=None, packages_skip_by_dep=None, packages_skip_up_to=None, packages_select_build_failed=False, packages_skip_build_finished=False, packages_select_test_failures=False, packages_skip_test_passed=False, packages_select=None, packages_skip=None, packages_select_regex=None, packages_skip_regex=None, packages_start=None, packages_end=None, allow_overriding=[], cmake_args=None, cmake_target=None, cmake_target_skip_unavailable=False, cmake_clean_cache=False, cmake_clean_first=False, cmake_force_configure=False, ament_cmake_args=None, catkin_cmake_args=None, catkin_skip_building_tests=False, mixin_files=None, mixin=None, verb_parser=<colcon_mixin.mixin.mixin_argument.MixinArgumentDecorator object at 0x7f333f1628c0>, verb_extension=<colcon_core.verb.build.BuildVerb object at 0x7f333f1623e0>, main=<bound method BuildVerb.main of <colcon_core.verb.build.BuildVerb object at 0x7f333f1623e0>>, mixin_verb=('build',))
[2.717s] Level 1:colcon.colcon_core.package_discovery:discover_packages(colcon_meta) check parameters
[2.717s] Level 1:colcon.colcon_core.package_discovery:discover_packages(recursive) check parameters
[2.717s] Level 1:colcon.colcon_core.package_discovery:discover_packages(ignore) check parameters
[2.717s] Level 1:colcon.colcon_core.package_discovery:discover_packages(path) check parameters
[2.717s] Level 1:colcon.colcon_core.package_discovery:discover_packages(colcon_meta) discover
[2.718s] Level 1:colcon.colcon_core.package_discovery:discover_packages(recursive) discover
[2.718s] INFO:colcon.colcon_core.package_discovery:Crawling recursively for packages in '/home/monica/ros2_ws'
[2.718s] Level 1:colcon.colcon_core.package_identification:_identify(.) by extensions ['ignore', 'ignore_ament_install']
[2.718s] Level 1:colcon.colcon_core.package_identification:_identify(.) by extension 'ignore'
[2.718s] Level 1:colcon.colcon_core.package_identification:_identify(.) by extension 'ignore_ament_install'
[2.718s] Level 1:colcon.colcon_core.package_identification:_identify(.) by extensions ['colcon_pkg']
[2.719s] Level 1:colcon.colcon_core.package_identification:_identify(.) by extension 'colcon_pkg'
[2.719s] Level 1:colcon.colcon_core.package_identification:_identify(.) by extensions ['colcon_meta']
[2.719s] Level 1:colcon.colcon_core.package_identification:_identify(.) by extension 'colcon_meta'
[2.719s] Level 1:colcon.colcon_core.package_identification:_identify(.) by extensions ['ros']
[2.719s] Level 1:colcon.colcon_core.package_identification:_identify(.) by extension 'ros'
[2.773s] Level 1:colcon.colcon_core.package_identification:_identify(.) by extensions ['cmake', 'python']
[2.774s] Level 1:colcon.colcon_core.package_identification:_identify(.) by extension 'cmake'
[2.774s] Level 1:colcon.colcon_core.package_identification:_identify(.) by extension 'python'
[2.774s] Level 1:colcon.colcon_core.package_identification:_identify(.) by extensions ['python_setup_py']
[2.774s] Level 1:colcon.colcon_core.package_identification:_identify(.) by extension 'python_setup_py'
[2.774s] Level 1:colcon.colcon_core.package_identification:_identify(build) by extensions ['ignore', 'ignore_ament_install']
[2.775s] Level 1:colcon.colcon_core.package_identification:_identify(build) by extension 'ignore'
[2.775s] Level 1:colcon.colcon_core.package_identification:_identify(build) ignored
[2.775s] Level 1:colcon.colcon_core.package_identification:_identify(install) by extensions ['ignore', 'ignore_ament_install']
[2.775s] Level 1:colcon.colcon_core.package_identification:_identify(install) by extension 'ignore'
[2.775s] Level 1:colcon.colcon_core.package_identification:_identify(install) ignored
[2.776s] Level 1:colcon.colcon_core.package_identification:_identify(log) by extensions ['ignore', 'ignore_ament_install']
[2.776s] Level 1:colcon.colcon_core.package_identification:_identify(log) by extension 'ignore'
[2.776s] Level 1:colcon.colcon_core.package_identification:_identify(log) ignored
[2.776s] Level 1:colcon.colcon_core.package_identification:_identify(src) by extensions ['ignore', 'ignore_ament_install']
[2.776s] Level 1:colcon.colcon_core.package_identification:_identify(src) by extension 'ignore'
[2.777s] Level 1:colcon.colcon_core.package_identification:_identify(src) by extension 'ignore_ament_install'
[2.777s] Level 1:colcon.colcon_core.package_identification:_identify(src) by extensions ['colcon_pkg']
[2.777s] Level 1:colcon.colcon_core.package_identification:_identify(src) by extension 'colcon_pkg'
[2.777s] Level 1:colcon.colcon_core.package_identification:_identify(src) by extensions ['colcon_meta']
[2.777s] Level 1:colcon.colcon_core.package_identification:_identify(src) by extension 'colcon_meta'
[2.777s] Level 1:colcon.colcon_core.package_identification:_identify(src) by extensions ['ros']
[2.777s] Level 1:colcon.colcon_core.package_identification:_identify(src) by extension 'ros'
[2.777s] Level 1:colcon.colcon_core.package_identification:_identify(src) by extensions ['cmake', 'python']
[2.778s] Level 1:colcon.colcon_core.package_identification:_identify(src) by extension 'cmake'
[2.778s] Level 1:colcon.colcon_core.package_identification:_identify(src) by extension 'python'
[2.778s] Level 1:colcon.colcon_core.package_identification:_identify(src) by extensions ['python_setup_py']
[2.778s] Level 1:colcon.colcon_core.package_identification:_identify(src) by extension 'python_setup_py'
[2.778s] Level 1:colcon.colcon_core.package_identification:_identify(src/xolobot_arm) by extensions ['ignore', 'ignore_ament_install']
[2.778s] Level 1:colcon.colcon_core.package_identification:_identify(src/xolobot_arm) by extension 'ignore'
[2.778s] Level 1:colcon.colcon_core.package_identification:_identify(src/xolobot_arm) by extension 'ignore_ament_install'
[2.779s] Level 1:colcon.colcon_core.package_identification:_identify(src/xolobot_arm) by extensions ['colcon_pkg']
[2.779s] Level 1:colcon.colcon_core.package_identification:_identify(src/xolobot_arm) by extension 'colcon_pkg'
[2.779s] Level 1:colcon.colcon_core.package_identification:_identify(src/xolobot_arm) by extensions ['colcon_meta']
[2.779s] Level 1:colcon.colcon_core.package_identification:_identify(src/xolobot_arm) by extension 'colcon_meta'
[2.779s] Level 1:colcon.colcon_core.package_identification:_identify(src/xolobot_arm) by extensions ['ros']
[2.779s] Level 1:colcon.colcon_core.package_identification:_identify(src/xolobot_arm) by extension 'ros'
[2.788s] DEBUG:colcon.colcon_core.package_identification:Package 'src/xolobot_arm' with type 'ros.ament_cmake' and name 'xolobot_arm'
[2.789s] Level 1:colcon.colcon_core.package_identification:_identify(src/xolobot_arm_server) by extensions ['ignore', 'ignore_ament_install']
[2.789s] Level 1:colcon.colcon_core.package_identification:_identify(src/xolobot_arm_server) by extension 'ignore'
[2.789s] Level 1:colcon.colcon_core.package_identification:_identify(src/xolobot_arm_server) by extension 'ignore_ament_install'
[2.789s] Level 1:colcon.colcon_core.package_identification:_identify(src/xolobot_arm_server) by extensions ['colcon_pkg']
[2.789s] Level 1:colcon.colcon_core.package_identification:_identify(src/xolobot_arm_server) by extension 'colcon_pkg'
[2.789s] Level 1:colcon.colcon_core.package_identification:_identify(src/xolobot_arm_server) by extensions ['colcon_meta']
[2.789s] Level 1:colcon.colcon_core.package_identification:_identify(src/xolobot_arm_server) by extension 'colcon_meta'
[2.790s] Level 1:colcon.colcon_core.package_identification:_identify(src/xolobot_arm_server) by extensions ['ros']
[2.790s] Level 1:colcon.colcon_core.package_identification:_identify(src/xolobot_arm_server) by extension 'ros'
[2.818s] DEBUG:colcon.colcon_core.package_identification:Package 'src/xolobot_arm_server' with type 'ros.ament_cmake' and name 'xolobot_arm_server'
[2.818s] Level 1:colcon.colcon_core.package_identification:_identify(src/xolobot_control) by extensions ['ignore', 'ignore_ament_install']
[2.819s] Level 1:colcon.colcon_core.package_identification:_identify(src/xolobot_control) by extension 'ignore'
[2.819s] Level 1:colcon.colcon_core.package_identification:_identify(src/xolobot_control) by extension 'ignore_ament_install'
[2.819s] Level 1:colcon.colcon_core.package_identification:_identify(src/xolobot_control) by extensions ['colcon_pkg']
[2.819s] Level 1:colcon.colcon_core.package_identification:_identify(src/xolobot_control) by extension 'colcon_pkg'
[2.819s] Level 1:colcon.colcon_core.package_identification:_identify(src/xolobot_control) by extensions ['colcon_meta']
[2.819s] Level 1:colcon.colcon_core.package_identification:_identify(src/xolobot_control) by extension 'colcon_meta'
[2.819s] Level 1:colcon.colcon_core.package_identification:_identify(src/xolobot_control) by extensions ['ros']
[2.820s] Level 1:colcon.colcon_core.package_identification:_identify(src/xolobot_control) by extension 'ros'
[2.822s] DEBUG:colcon.colcon_core.package_identification:Package 'src/xolobot_control' with type 'ros.ament_cmake' and name 'xolobot_control'
[2.822s] Level 1:colcon.colcon_core.package_discovery:discover_packages(recursive) using defaults
[2.822s] Level 1:colcon.colcon_core.package_discovery:discover_packages(ignore) discover
[2.822s] Level 1:colcon.colcon_core.package_discovery:discover_packages(ignore) using defaults
[2.822s] Level 1:colcon.colcon_core.package_discovery:discover_packages(path) discover
[2.822s] Level 1:colcon.colcon_core.package_discovery:discover_packages(path) using defaults
[2.955s] Level 1:colcon.colcon_core.package_discovery:discover_packages(prefix_path) check parameters
[2.955s] Level 1:colcon.colcon_core.package_discovery:discover_packages(prefix_path) discover
[2.979s] DEBUG:colcon.colcon_installed_package_information.package_discovery:Found 3 installed packages in /home/monica/ros2_ws/install
[2.989s] DEBUG:colcon.colcon_installed_package_information.package_discovery:Found 355 installed packages in /opt/ros/iron
[2.994s] Level 1:colcon.colcon_core.package_discovery:discover_packages(prefix_path) using defaults
[3.276s] Level 5:colcon.colcon_core.verb:set package 'xolobot_arm' build argument 'cmake_args' from command line to 'None'
[3.276s] Level 5:colcon.colcon_core.verb:set package 'xolobot_arm' build argument 'cmake_target' from command line to 'None'
[3.276s] Level 5:colcon.colcon_core.verb:set package 'xolobot_arm' build argument 'cmake_target_skip_unavailable' from command line to 'False'
[3.276s] Level 5:colcon.colcon_core.verb:set package 'xolobot_arm' build argument 'cmake_clean_cache' from command line to 'False'
[3.276s] Level 5:colcon.colcon_core.verb:set package 'xolobot_arm' build argument 'cmake_clean_first' from command line to 'False'
[3.276s] Level 5:colcon.colcon_core.verb:set package 'xolobot_arm' build argument 'cmake_force_configure' from command line to 'False'
[3.276s] Level 5:colcon.colcon_core.verb:set package 'xolobot_arm' build argument 'ament_cmake_args' from command line to 'None'
[3.276s] Level 5:colcon.colcon_core.verb:set package 'xolobot_arm' build argument 'catkin_cmake_args' from command line to 'None'
[3.277s] Level 5:colcon.colcon_core.verb:set package 'xolobot_arm' build argument 'catkin_skip_building_tests' from command line to 'False'
[3.277s] DEBUG:colcon.colcon_core.verb:Building package 'xolobot_arm' with the following arguments: {'ament_cmake_args': None, 'build_base': '/home/monica/ros2_ws/build/xolobot_arm', 'catkin_cmake_args': None, 'catkin_skip_building_tests': False, 'cmake_args': None, 'cmake_clean_cache': False, 'cmake_clean_first': False, 'cmake_force_configure': False, 'cmake_target': None, 'cmake_target_skip_unavailable': False, 'install_base': '/home/monica/ros2_ws/install/xolobot_arm', 'merge_install': False, 'path': '/home/monica/ros2_ws/src/xolobot_arm', 'symlink_install': False, 'test_result_base': None}
[3.278s] Level 5:colcon.colcon_core.verb:set package 'xolobot_arm_server' build argument 'cmake_args' from command line to 'None'
[3.278s] Level 5:colcon.colcon_core.verb:set package 'xolobot_arm_server' build argument 'cmake_target' from command line to 'None'
[3.278s] Level 5:colcon.colcon_core.verb:set package 'xolobot_arm_server' build argument 'cmake_target_skip_unavailable' from command line to 'False'
[3.278s] Level 5:colcon.colcon_core.verb:set package 'xolobot_arm_server' build argument 'cmake_clean_cache' from command line to 'False'
[3.278s] Level 5:colcon.colcon_core.verb:set package 'xolobot_arm_server' build argument 'cmake_clean_first' from command line to 'False'
[3.278s] Level 5:colcon.colcon_core.verb:set package 'xolobot_arm_server' build argument 'cmake_force_configure' from command line to 'False'
[3.278s] Level 5:colcon.colcon_core.verb:set package 'xolobot_arm_server' build argument 'ament_cmake_args' from command line to 'None'
[3.278s] Level 5:colcon.colcon_core.verb:set package 'xolobot_arm_server' build argument 'catkin_cmake_args' from command line to 'None'
[3.278s] Level 5:colcon.colcon_core.verb:set package 'xolobot_arm_server' build argument 'catkin_skip_building_tests' from command line to 'False'
[3.278s] DEBUG:colcon.colcon_core.verb:Building package 'xolobot_arm_server' with the following arguments: {'ament_cmake_args': None, 'build_base': '/home/monica/ros2_ws/build/xolobot_arm_server', 'catkin_cmake_args': None, 'catkin_skip_building_tests': False, 'cmake_args': None, 'cmake_clean_cache': False, 'cmake_clean_first': False, 'cmake_force_configure': False, 'cmake_target': None, 'cmake_target_skip_unavailable': False, 'install_base': '/home/monica/ros2_ws/install/xolobot_arm_server', 'merge_install': False, 'path': '/home/monica/ros2_ws/src/xolobot_arm_server', 'symlink_install': False, 'test_result_base': None}
[3.279s] Level 5:colcon.colcon_core.verb:set package 'xolobot_control' build argument 'cmake_args' from command line to 'None'
[3.279s] Level 5:colcon.colcon_core.verb:set package 'xolobot_control' build argument 'cmake_target' from command line to 'None'
[3.279s] Level 5:colcon.colcon_core.verb:set package 'xolobot_control' build argument 'cmake_target_skip_unavailable' from command line to 'False'
[3.279s] Level 5:colcon.colcon_core.verb:set package 'xolobot_control' build argument 'cmake_clean_cache' from command line to 'False'
[3.279s] Level 5:colcon.colcon_core.verb:set package 'xolobot_control' build argument 'cmake_clean_first' from command line to 'False'
[3.279s] Level 5:colcon.colcon_core.verb:set package 'xolobot_control' build argument 'cmake_force_configure' from command line to 'False'
[3.279s] Level 5:colcon.colcon_core.verb:set package 'xolobot_control' build argument 'ament_cmake_args' from command line to 'None'
[3.279s] Level 5:colcon.colcon_core.verb:set package 'xolobot_control' build argument 'catkin_cmake_args' from command line to 'None'
[3.280s] Level 5:colcon.colcon_core.verb:set package 'xolobot_control' build argument 'catkin_skip_building_tests' from command line to 'False'
[3.280s] DEBUG:colcon.colcon_core.verb:Building package 'xolobot_control' with the following arguments: {'ament_cmake_args': None, 'build_base': '/home/monica/ros2_ws/build/xolobot_control', 'catkin_cmake_args': None, 'catkin_skip_building_tests': False, 'cmake_args': None, 'cmake_clean_cache': False, 'cmake_clean_first': False, 'cmake_force_configure': False, 'cmake_target': None, 'cmake_target_skip_unavailable': False, 'install_base': '/home/monica/ros2_ws/install/xolobot_control', 'merge_install': False, 'path': '/home/monica/ros2_ws/src/xolobot_control', 'symlink_install': False, 'test_result_base': None}
[3.280s] INFO:colcon.colcon_core.executor:Executing jobs using 'parallel' executor
[3.282s] DEBUG:colcon.colcon_parallel_executor.executor.parallel:run_until_complete
[3.283s] INFO:colcon.colcon_ros.task.ament_cmake.build:Building ROS package in '/home/monica/ros2_ws/src/xolobot_arm' with build type 'ament_cmake'
[3.283s] INFO:colcon.colcon_cmake.task.cmake.build:Building CMake package in '/home/monica/ros2_ws/src/xolobot_arm'
[3.297s] INFO:colcon.colcon_core.plugin_system:Skipping extension 'colcon_core.shell.bat': Not used on non-Windows systems
[3.298s] INFO:colcon.colcon_core.shell:Skip shell extension 'powershell' for command environment: Not usable outside of PowerShell
[3.298s] DEBUG:colcon.colcon_core.shell:Skip shell extension 'dsv' for command environment
[3.310s] INFO:colcon.colcon_ros.task.ament_cmake.build:Building ROS package in '/home/monica/ros2_ws/src/xolobot_arm_server' with build type 'ament_cmake'
[3.310s] INFO:colcon.colcon_cmake.task.cmake.build:Building CMake package in '/home/monica/ros2_ws/src/xolobot_arm_server'
[3.311s] INFO:colcon.colcon_core.shell:Skip shell extension 'powershell' for command environment: Not usable outside of PowerShell
[3.311s] DEBUG:colcon.colcon_core.shell:Skip shell extension 'dsv' for command environment
[3.340s] DEBUG:colcon.colcon_core.event_handler.log_command:Invoking command in '/home/monica/ros2_ws/build/xolobot_arm': CMAKE_PREFIX_PATH=${CMAKE_PREFIX_PATH}:/opt/ros/iron /usr/bin/cmake --build /home/monica/ros2_ws/build/xolobot_arm -- -j2 -l2
[3.361s] DEBUG:colcon.colcon_core.event_handler.log_command:Invoking command in '/home/monica/ros2_ws/build/xolobot_arm_server': CMAKE_PREFIX_PATH=${CMAKE_PREFIX_PATH}:/opt/ros/iron /usr/bin/cmake --build /home/monica/ros2_ws/build/xolobot_arm_server -- -j2 -l2
[3.914s] DEBUG:colcon.colcon_core.event_handler.log_command:Invoked command in '/home/monica/ros2_ws/build/xolobot_arm' returned '0': CMAKE_PREFIX_PATH=${CMAKE_PREFIX_PATH}:/opt/ros/iron /usr/bin/cmake --build /home/monica/ros2_ws/build/xolobot_arm -- -j2 -l2
[3.940s] DEBUG:colcon.colcon_core.event_handler.log_command:Invoking command in '/home/monica/ros2_ws/build/xolobot_arm': CMAKE_PREFIX_PATH=${CMAKE_PREFIX_PATH}:/opt/ros/iron /usr/bin/cmake --install /home/monica/ros2_ws/build/xolobot_arm
[4.238s] DEBUG:colcon.colcon_core.event_handler.log_command:Invoked command in '/home/monica/ros2_ws/build/xolobot_arm_server' returned '0': CMAKE_PREFIX_PATH=${CMAKE_PREFIX_PATH}:/opt/ros/iron /usr/bin/cmake --build /home/monica/ros2_ws/build/xolobot_arm_server -- -j2 -l2
[4.242s] DEBUG:colcon.colcon_core.event_handler.log_command:Invoking command in '/home/monica/ros2_ws/build/xolobot_arm_server': CMAKE_PREFIX_PATH=${CMAKE_PREFIX_PATH}:/opt/ros/iron /usr/bin/cmake --install /home/monica/ros2_ws/build/xolobot_arm_server
[4.278s] Level 1:colcon.colcon_core.environment:create_environment_scripts_only(xolobot_arm_server)
[4.279s] DEBUG:colcon.colcon_core.event_handler.log_command:Invoked command in '/home/monica/ros2_ws/build/xolobot_arm_server' returned '0': CMAKE_PREFIX_PATH=${CMAKE_PREFIX_PATH}:/opt/ros/iron /usr/bin/cmake --install /home/monica/ros2_ws/build/xolobot_arm_server
[4.302s] Level 1:colcon.colcon_core.environment:checking '/home/monica/ros2_ws/install/xolobot_arm_server' for CMake module files
[4.303s] Level 1:colcon.colcon_core.environment:checking '/home/monica/ros2_ws/install/xolobot_arm_server' for CMake config files
[4.306s] Level 1:colcon.colcon_core.shell:create_environment_hook('xolobot_arm_server', 'cmake_prefix_path')
[4.307s] INFO:colcon.colcon_core.shell:Creating environment hook '/home/monica/ros2_ws/install/xolobot_arm_server/share/xolobot_arm_server/hook/cmake_prefix_path.ps1'
[4.312s] INFO:colcon.colcon_core.shell:Creating environment descriptor '/home/monica/ros2_ws/install/xolobot_arm_server/share/xolobot_arm_server/hook/cmake_prefix_path.dsv'
[4.314s] INFO:colcon.colcon_core.shell:Creating environment hook '/home/monica/ros2_ws/install/xolobot_arm_server/share/xolobot_arm_server/hook/cmake_prefix_path.sh'
[4.318s] Level 1:colcon.colcon_core.environment:checking '/home/monica/ros2_ws/install/xolobot_arm_server/lib'
[4.320s] Level 1:colcon.colcon_core.environment:checking '/home/monica/ros2_ws/install/xolobot_arm_server/bin'
[4.320s] Level 1:colcon.colcon_core.environment:checking '/home/monica/ros2_ws/install/xolobot_arm_server/lib/pkgconfig/xolobot_arm_server.pc'
[4.321s] Level 1:colcon.colcon_core.environment:checking '/home/monica/ros2_ws/install/xolobot_arm_server/lib/python3.10/site-packages'
[4.321s] Level 1:colcon.colcon_core.environment:checking '/home/monica/ros2_ws/install/xolobot_arm_server/bin'
[4.323s] INFO:colcon.colcon_core.shell:Creating package script '/home/monica/ros2_ws/install/xolobot_arm_server/share/xolobot_arm_server/package.ps1'
[4.327s] INFO:colcon.colcon_core.shell:Creating package descriptor '/home/monica/ros2_ws/install/xolobot_arm_server/share/xolobot_arm_server/package.dsv'
[4.330s] INFO:colcon.colcon_core.shell:Creating package script '/home/monica/ros2_ws/install/xolobot_arm_server/share/xolobot_arm_server/package.sh'
[4.333s] INFO:colcon.colcon_core.shell:Creating package script '/home/monica/ros2_ws/install/xolobot_arm_server/share/xolobot_arm_server/package.bash'
[4.339s] INFO:colcon.colcon_core.shell:Creating package script '/home/monica/ros2_ws/install/xolobot_arm_server/share/xolobot_arm_server/package.zsh'
[4.344s] Level 1:colcon.colcon_core.environment:create_file_with_runtime_dependencies(/home/monica/ros2_ws/install/xolobot_arm_server/share/colcon-core/packages/xolobot_arm_server)
[4.347s] Level 1:colcon.colcon_core.environment:create_environment_scripts_only(xolobot_arm_server)
[4.347s] Level 1:colcon.colcon_core.environment:checking '/home/monica/ros2_ws/install/xolobot_arm_server' for CMake module files
[4.349s] Level 1:colcon.colcon_core.environment:checking '/home/monica/ros2_ws/install/xolobot_arm_server' for CMake config files
[4.350s] Level 1:colcon.colcon_core.shell:create_environment_hook('xolobot_arm_server', 'cmake_prefix_path')
[4.350s] INFO:colcon.colcon_core.shell:Creating environment hook '/home/monica/ros2_ws/install/xolobot_arm_server/share/xolobot_arm_server/hook/cmake_prefix_path.ps1'
[4.351s] INFO:colcon.colcon_core.shell:Creating environment descriptor '/home/monica/ros2_ws/install/xolobot_arm_server/share/xolobot_arm_server/hook/cmake_prefix_path.dsv'
[4.352s] INFO:colcon.colcon_core.shell:Creating environment hook '/home/monica/ros2_ws/install/xolobot_arm_server/share/xolobot_arm_server/hook/cmake_prefix_path.sh'
[4.355s] Level 1:colcon.colcon_core.environment:checking '/home/monica/ros2_ws/install/xolobot_arm_server/lib'
[4.355s] Level 1:colcon.colcon_core.environment:checking '/home/monica/ros2_ws/install/xolobot_arm_server/bin'
[4.355s] Level 1:colcon.colcon_core.environment:checking '/home/monica/ros2_ws/install/xolobot_arm_server/lib/pkgconfig/xolobot_arm_server.pc'
[4.356s] Level 1:colcon.colcon_core.environment:checking '/home/monica/ros2_ws/install/xolobot_arm_server/lib/python3.10/site-packages'
[4.357s] Level 1:colcon.colcon_core.environment:checking '/home/monica/ros2_ws/install/xolobot_arm_server/bin'
[4.358s] INFO:colcon.colcon_core.shell:Creating package script '/home/monica/ros2_ws/install/xolobot_arm_server/share/xolobot_arm_server/package.ps1'
[4.362s] INFO:colcon.colcon_core.shell:Creating package descriptor '/home/monica/ros2_ws/install/xolobot_arm_server/share/xolobot_arm_server/package.dsv'
[4.366s] INFO:colcon.colcon_core.shell:Creating package script '/home/monica/ros2_ws/install/xolobot_arm_server/share/xolobot_arm_server/package.sh'
[4.368s] INFO:colcon.colcon_core.shell:Creating package script '/home/monica/ros2_ws/install/xolobot_arm_server/share/xolobot_arm_server/package.bash'
[4.371s] INFO:colcon.colcon_core.shell:Creating package script '/home/monica/ros2_ws/install/xolobot_arm_server/share/xolobot_arm_server/package.zsh'
[4.374s] Level 1:colcon.colcon_core.environment:create_file_with_runtime_dependencies(/home/monica/ros2_ws/install/xolobot_arm_server/share/colcon-core/packages/xolobot_arm_server)
[4.376s] INFO:colcon.colcon_ros.task.ament_cmake.build:Building ROS package in '/home/monica/ros2_ws/src/xolobot_control' with build type 'ament_cmake'
[4.377s] INFO:colcon.colcon_cmake.task.cmake.build:Building CMake package in '/home/monica/ros2_ws/src/xolobot_control'
[4.378s] INFO:colcon.colcon_core.shell:Skip shell extension 'powershell' for command environment: Not usable outside of PowerShell
[4.380s] DEBUG:colcon.colcon_core.shell:Skip shell extension 'dsv' for command environment
[4.418s] DEBUG:colcon.colcon_core.event_handler.log_command:Invoking command in '/home/monica/ros2_ws/build/xolobot_control': CMAKE_PREFIX_PATH=${CMAKE_PREFIX_PATH}:/opt/ros/iron /usr/bin/cmake --build /home/monica/ros2_ws/build/xolobot_control -- -j2 -l2
[4.541s] DEBUG:colcon.colcon_core.event_handler.log_command:Invoked command in '/home/monica/ros2_ws/build/xolobot_control' returned '0': CMAKE_PREFIX_PATH=${CMAKE_PREFIX_PATH}:/opt/ros/iron /usr/bin/cmake --build /home/monica/ros2_ws/build/xolobot_control -- -j2 -l2
[4.548s] DEBUG:colcon.colcon_core.event_handler.log_command:Invoking command in '/home/monica/ros2_ws/build/xolobot_control': CMAKE_PREFIX_PATH=${CMAKE_PREFIX_PATH}:/opt/ros/iron /usr/bin/cmake --install /home/monica/ros2_ws/build/xolobot_control
[4.575s] Level 1:colcon.colcon_core.environment:create_environment_scripts_only(xolobot_control)
[4.575s] Level 1:colcon.colcon_core.environment:checking '/home/monica/ros2_ws/install/xolobot_control' for CMake module files
[4.577s] Level 1:colcon.colcon_core.environment:checking '/home/monica/ros2_ws/install/xolobot_control' for CMake config files
[4.578s] Level 1:colcon.colcon_core.shell:create_environment_hook('xolobot_control', 'cmake_prefix_path')
[4.578s] INFO:colcon.colcon_core.shell:Creating environment hook '/home/monica/ros2_ws/install/xolobot_control/share/xolobot_control/hook/cmake_prefix_path.ps1'
[4.582s] DEBUG:colcon.colcon_core.event_handler.log_command:Invoked command in '/home/monica/ros2_ws/build/xolobot_control' returned '0': CMAKE_PREFIX_PATH=${CMAKE_PREFIX_PATH}:/opt/ros/iron /usr/bin/cmake --install /home/monica/ros2_ws/build/xolobot_control
[4.584s] INFO:colcon.colcon_core.shell:Creating environment descriptor '/home/monica/ros2_ws/install/xolobot_control/share/xolobot_control/hook/cmake_prefix_path.dsv'
[4.584s] INFO:colcon.colcon_core.shell:Creating environment hook '/home/monica/ros2_ws/install/xolobot_control/share/xolobot_control/hook/cmake_prefix_path.sh'
[4.587s] Level 1:colcon.colcon_core.environment:checking '/home/monica/ros2_ws/install/xolobot_control/bin'
[4.587s] Level 1:colcon.colcon_core.environment:checking '/home/monica/ros2_ws/install/xolobot_control/lib/pkgconfig/xolobot_control.pc'
[4.589s] Level 1:colcon.colcon_core.environment:checking '/home/monica/ros2_ws/install/xolobot_control/lib/python3.10/site-packages'
[4.589s] Level 1:colcon.colcon_core.environment:checking '/home/monica/ros2_ws/install/xolobot_control/bin'
[4.590s] INFO:colcon.colcon_core.shell:Creating package script '/home/monica/ros2_ws/install/xolobot_control/share/xolobot_control/package.ps1'
[4.592s] INFO:colcon.colcon_core.shell:Creating package descriptor '/home/monica/ros2_ws/install/xolobot_control/share/xolobot_control/package.dsv'
[4.594s] INFO:colcon.colcon_core.shell:Creating package script '/home/monica/ros2_ws/install/xolobot_control/share/xolobot_control/package.sh'
[4.599s] INFO:colcon.colcon_core.shell:Creating package script '/home/monica/ros2_ws/install/xolobot_control/share/xolobot_control/package.bash'
[4.600s] INFO:colcon.colcon_core.shell:Creating package script '/home/monica/ros2_ws/install/xolobot_control/share/xolobot_control/package.zsh'
[4.601s] Level 1:colcon.colcon_core.environment:create_file_with_runtime_dependencies(/home/monica/ros2_ws/install/xolobot_control/share/colcon-core/packages/xolobot_control)
[4.602s] Level 1:colcon.colcon_core.environment:create_environment_scripts_only(xolobot_control)
[4.602s] Level 1:colcon.colcon_core.environment:checking '/home/monica/ros2_ws/install/xolobot_control' for CMake module files
[4.604s] Level 1:colcon.colcon_core.environment:checking '/home/monica/ros2_ws/install/xolobot_control' for CMake config files
[4.604s] Level 1:colcon.colcon_core.shell:create_environment_hook('xolobot_control', 'cmake_prefix_path')
[4.605s] INFO:colcon.colcon_core.shell:Creating environment hook '/home/monica/ros2_ws/install/xolobot_control/share/xolobot_control/hook/cmake_prefix_path.ps1'
[4.605s] INFO:colcon.colcon_core.shell:Creating environment descriptor '/home/monica/ros2_ws/install/xolobot_control/share/xolobot_control/hook/cmake_prefix_path.dsv'
[4.606s] INFO:colcon.colcon_core.shell:Creating environment hook '/home/monica/ros2_ws/install/xolobot_control/share/xolobot_control/hook/cmake_prefix_path.sh'
[4.607s] Level 1:colcon.colcon_core.environment:checking '/home/monica/ros2_ws/install/xolobot_control/bin'
[4.607s] Level 1:colcon.colcon_core.environment:checking '/home/monica/ros2_ws/install/xolobot_control/lib/pkgconfig/xolobot_control.pc'
[4.608s] Level 1:colcon.colcon_core.environment:checking '/home/monica/ros2_ws/install/xolobot_control/lib/python3.10/site-packages'
[4.608s] Level 1:colcon.colcon_core.environment:checking '/home/monica/ros2_ws/install/xolobot_control/bin'
[4.609s] INFO:colcon.colcon_core.shell:Creating package script '/home/monica/ros2_ws/install/xolobot_control/share/xolobot_control/package.ps1'
[4.610s] INFO:colcon.colcon_core.shell:Creating package descriptor '/home/monica/ros2_ws/install/xolobot_control/share/xolobot_control/package.dsv'
[4.611s] INFO:colcon.colcon_core.shell:Creating package script '/home/monica/ros2_ws/install/xolobot_control/share/xolobot_control/package.sh'
[4.612s] INFO:colcon.colcon_core.shell:Creating package script '/home/monica/ros2_ws/install/xolobot_control/share/xolobot_control/package.bash'
[4.613s] INFO:colcon.colcon_core.shell:Creating package script '/home/monica/ros2_ws/install/xolobot_control/share/xolobot_control/package.zsh'
[4.613s] Level 1:colcon.colcon_core.environment:create_file_with_runtime_dependencies(/home/monica/ros2_ws/install/xolobot_control/share/colcon-core/packages/xolobot_control)
[6.218s] Level 1:colcon.colcon_core.environment:create_environment_scripts_only(xolobot_arm)
[6.219s] Level 1:colcon.colcon_core.environment:checking '/home/monica/ros2_ws/install/xolobot_arm' for CMake module files
[6.220s] DEBUG:colcon.colcon_core.event_handler.log_command:Invoked command in '/home/monica/ros2_ws/build/xolobot_arm' returned '0': CMAKE_PREFIX_PATH=${CMAKE_PREFIX_PATH}:/opt/ros/iron /usr/bin/cmake --install /home/monica/ros2_ws/build/xolobot_arm
[6.221s] Level 1:colcon.colcon_core.environment:checking '/home/monica/ros2_ws/install/xolobot_arm' for CMake config files
[6.221s] Level 1:colcon.colcon_core.shell:create_environment_hook('xolobot_arm', 'cmake_prefix_path')
[6.222s] INFO:colcon.colcon_core.shell:Creating environment hook '/home/monica/ros2_ws/install/xolobot_arm/share/xolobot_arm/hook/cmake_prefix_path.ps1'
[6.228s] INFO:colcon.colcon_core.shell:Creating environment descriptor '/home/monica/ros2_ws/install/xolobot_arm/share/xolobot_arm/hook/cmake_prefix_path.dsv'
[6.229s] INFO:colcon.colcon_core.shell:Creating environment hook '/home/monica/ros2_ws/install/xolobot_arm/share/xolobot_arm/hook/cmake_prefix_path.sh'
[6.230s] Level 1:colcon.colcon_core.environment:checking '/home/monica/ros2_ws/install/xolobot_arm/bin'
[6.230s] Level 1:colcon.colcon_core.environment:checking '/home/monica/ros2_ws/install/xolobot_arm/lib/pkgconfig/xolobot_arm.pc'
[6.231s] Level 1:colcon.colcon_core.environment:checking '/home/monica/ros2_ws/install/xolobot_arm/lib/python3.10/site-packages'
[6.231s] Level 1:colcon.colcon_core.environment:checking '/home/monica/ros2_ws/install/xolobot_arm/bin'
[6.232s] INFO:colcon.colcon_core.shell:Creating package script '/home/monica/ros2_ws/install/xolobot_arm/share/xolobot_arm/package.ps1'
[6.233s] INFO:colcon.colcon_core.shell:Creating package descriptor '/home/monica/ros2_ws/install/xolobot_arm/share/xolobot_arm/package.dsv'
[6.234s] INFO:colcon.colcon_core.shell:Creating package script '/home/monica/ros2_ws/install/xolobot_arm/share/xolobot_arm/package.sh'
[6.235s] INFO:colcon.colcon_core.shell:Creating package script '/home/monica/ros2_ws/install/xolobot_arm/share/xolobot_arm/package.bash'
[6.235s] INFO:colcon.colcon_core.shell:Creating package script '/home/monica/ros2_ws/install/xolobot_arm/share/xolobot_arm/package.zsh'
[6.236s] Level 1:colcon.colcon_core.environment:create_file_with_runtime_dependencies(/home/monica/ros2_ws/install/xolobot_arm/share/colcon-core/packages/xolobot_arm)
[6.237s] Level 1:colcon.colcon_core.environment:create_environment_scripts_only(xolobot_arm)
[6.238s] Level 1:colcon.colcon_core.environment:checking '/home/monica/ros2_ws/install/xolobot_arm' for CMake module files
[6.239s] Level 1:colcon.colcon_core.environment:checking '/home/monica/ros2_ws/install/xolobot_arm' for CMake config files
[6.240s] Level 1:colcon.colcon_core.shell:create_environment_hook('xolobot_arm', 'cmake_prefix_path')
[6.240s] INFO:colcon.colcon_core.shell:Creating environment hook '/home/monica/ros2_ws/install/xolobot_arm/share/xolobot_arm/hook/cmake_prefix_path.ps1'
[6.241s] INFO:colcon.colcon_core.shell:Creating environment descriptor '/home/monica/ros2_ws/install/xolobot_arm/share/xolobot_arm/hook/cmake_prefix_path.dsv'
[6.242s] INFO:colcon.colcon_core.shell:Creating environment hook '/home/monica/ros2_ws/install/xolobot_arm/share/xolobot_arm/hook/cmake_prefix_path.sh'
[6.243s] Level 1:colcon.colcon_core.environment:checking '/home/monica/ros2_ws/install/xolobot_arm/bin'
[6.243s] Level 1:colcon.colcon_core.environment:checking '/home/monica/ros2_ws/install/xolobot_arm/lib/pkgconfig/xolobot_arm.pc'
[6.243s] Level 1:colcon.colcon_core.environment:checking '/home/monica/ros2_ws/install/xolobot_arm/lib/python3.10/site-packages'
[6.244s] Level 1:colcon.colcon_core.environment:checking '/home/monica/ros2_ws/install/xolobot_arm/bin'
[6.245s] INFO:colcon.colcon_core.shell:Creating package script '/home/monica/ros2_ws/install/xolobot_arm/share/xolobot_arm/package.ps1'
[6.246s] INFO:colcon.colcon_core.shell:Creating package descriptor '/home/monica/ros2_ws/install/xolobot_arm/share/xolobot_arm/package.dsv'
[6.247s] INFO:colcon.colcon_core.shell:Creating package script '/home/monica/ros2_ws/install/xolobot_arm/share/xolobot_arm/package.sh'
[6.248s] INFO:colcon.colcon_core.shell:Creating package script '/home/monica/ros2_ws/install/xolobot_arm/share/xolobot_arm/package.bash'
[6.250s] INFO:colcon.colcon_core.shell:Creating package script '/home/monica/ros2_ws/install/xolobot_arm/share/xolobot_arm/package.zsh'
[6.250s] Level 1:colcon.colcon_core.environment:create_file_with_runtime_dependencies(/home/monica/ros2_ws/install/xolobot_arm/share/colcon-core/packages/xolobot_arm)
[6.252s] DEBUG:colcon.colcon_parallel_executor.executor.parallel:closing loop
[6.252s] DEBUG:colcon.colcon_parallel_executor.executor.parallel:loop closed
[6.252s] DEBUG:colcon.colcon_parallel_executor.executor.parallel:run_until_complete finished with '0'
[6.253s] DEBUG:colcon.colcon_core.event_reactor:joining thread
[6.286s] INFO:colcon.colcon_core.plugin_system:Skipping extension 'colcon_notification.desktop_notification.terminal_notifier': Not used on non-Darwin systems
[6.286s] INFO:colcon.colcon_core.plugin_system:Skipping extension 'colcon_notification.desktop_notification.win32': Not used on non-Windows systems
[6.286s] INFO:colcon.colcon_notification.desktop_notification:Sending desktop notification using 'notify2'
[6.459s] DEBUG:colcon.colcon_core.event_reactor:joined thread
[6.461s] INFO:colcon.colcon_core.shell:Creating prefix script '/home/monica/ros2_ws/install/local_setup.ps1'
[6.464s] INFO:colcon.colcon_core.shell:Creating prefix util module '/home/monica/ros2_ws/install/_local_setup_util_ps1.py'
[6.467s] INFO:colcon.colcon_core.shell:Creating prefix chain script '/home/monica/ros2_ws/install/setup.ps1'
[6.470s] INFO:colcon.colcon_core.shell:Creating prefix script '/home/monica/ros2_ws/install/local_setup.sh'
[6.472s] INFO:colcon.colcon_core.shell:Creating prefix util module '/home/monica/ros2_ws/install/_local_setup_util_sh.py'
[6.474s] INFO:colcon.colcon_core.shell:Creating prefix chain script '/home/monica/ros2_ws/install/setup.sh'
[6.478s] INFO:colcon.colcon_core.shell:Creating prefix script '/home/monica/ros2_ws/install/local_setup.bash'
[6.480s] INFO:colcon.colcon_core.shell:Creating prefix chain script '/home/monica/ros2_ws/install/setup.bash'
[6.483s] INFO:colcon.colcon_core.shell:Creating prefix script '/home/monica/ros2_ws/install/local_setup.zsh'
[6.484s] INFO:colcon.colcon_core.shell:Creating prefix chain script '/home/monica/ros2_ws/install/setup.zsh'
