[35m[1mConsolidate compiler generated dependencies of target xolobot_arm_server[0m
[ 33%] [32mBuilding CXX object CMakeFiles/xolobot_arm_server.dir/src/startServerNode.cpp.o[0m
[ 66%] [32mBuilding CXX object CMakeFiles/xolobot_arm_server.dir/src/SimulationController.cpp.o[0m
[01m[K/home/monica/ros2_ws/src/xolobot_arm_server/src/SimulationController.cpp:10:6:[m[K [01;31m[Kerror: [m[Kno declaration matches ‘[01m[Kvoid SimulationController::deteccionColision(gazebo_msgs::msg::ContactsState_<std::allocator<void> >::SharedPtr)[m[K’
   10 | void [01;31m[KSimulationController[m[K::deteccionColision(const gazebo_msgs::msg::ContactsState::SharedPtr msg) {
      |      [01;31m[K^~~~~~~~~~~~~~~~~~~~[m[K
[01m[K/home/monica/ros2_ws/src/xolobot_arm_server/src/SimulationController.cpp:10:6:[m[K [01;36m[Knote: [m[Kno functions named ‘[01m[Kvoid SimulationController::deteccionColision(gazebo_msgs::msg::ContactsState_<std::allocator<void> >::SharedPtr)[m[K’
In file included from [01m[K/home/monica/ros2_ws/src/xolobot_arm_server/src/SimulationController.cpp:1[m[K:
[01m[K/home/monica/ros2_ws/src/xolobot_arm_server/src/SimulationController.hpp:18:7:[m[K [01;36m[Knote: [m[K‘[01m[Kclass SimulationController[m[K’ defined here
   18 | class [01;36m[KSimulationController[m[K {
      |       [01;36m[K^~~~~~~~~~~~~~~~~~~~[m[K
[01m[K/home/monica/ros2_ws/src/xolobot_arm_server/src/SimulationController.cpp:[m[K In constructor ‘[01m[KSimulationController::SimulationController(rclcpp::Node::SharedPtr)[m[K’:
[01m[K/home/monica/ros2_ws/src/xolobot_arm_server/src/SimulationController.cpp:37:5:[m[K [01;31m[Kerror: [m[K‘[01m[KcolisionSub[m[K’ was not declared in this scope
   37 |     [01;31m[KcolisionSub[m[K = node_->create_subscription<gazebo_msgs::msg::ContactsState>(
      |     [01;31m[K^~~~~~~~~~~[m[K
[01m[K/home/monica/ros2_ws/src/xolobot_arm_server/src/SimulationController.cpp:38:66:[m[K [01;31m[Kerror: [m[K‘[01m[KdeteccionColision[m[K’ is not a member of ‘[01m[KSimulationController[m[K’
   38 |    "/collision_topic", 10, std::bind(&SimulationController::[01;31m[KdeteccionColision[m[K, this, std::placeholders::_1));
      |                                                             [01;31m[K^~~~~~~~~~~~~~~~~[m[K

gmake[2]: *** [CMakeFiles/xolobot_arm_server.dir/build.make:90: CMakeFiles/xolobot_arm_server.dir/src/SimulationController.cpp.o] Error 1
gmake[1]: *** [CMakeFiles/Makefile2:137: CMakeFiles/xolobot_arm_server.dir/all] Error 2
gmake: *** [Makefile:146: all] Error 2
