[0.120s] Invoking command in '/home/monica/ros2_ws/build/xolobot_arm_server': CMAKE_PREFIX_PATH=${CMAKE_PREFIX_PATH}:/opt/ros/iron /usr/bin/cmake --build /home/monica/ros2_ws/build/xolobot_arm_server -- -j2 -l2
[0.571s] [35m[1mConsolidate compiler generated dependencies of target xolobot_arm_server[0m
[1.042s] [ 33%] [32mBuilding CXX object CMakeFiles/xolobot_arm_server.dir/src/startServerNode.cpp.o[0m
[18.679s] [ 66%] [32mBuilding CXX object CMakeFiles/xolobot_arm_server.dir/src/SimulationController.cpp.o[0m
[29.365s] [01m[K/home/monica/ros2_ws/src/xolobot_arm_server/src/SimulationController.cpp:10:6:[m[K [01;31m[Kerror: [m[Kno declaration matches ‘[01m[Kvoid SimulationController::deteccionColision(gazebo_msgs::msg::ContactsState_<std::allocator<void> >::SharedPtr)[m[K’
[29.365s]    10 | void [01;31m[KSimulationController[m[K::deteccionColision(const gazebo_msgs::msg::ContactsState::SharedPtr msg) {
[29.365s]       |      [01;31m[K^~~~~~~~~~~~~~~~~~~~[m[K
[29.365s] [01m[K/home/monica/ros2_ws/src/xolobot_arm_server/src/SimulationController.cpp:10:6:[m[K [01;36m[Knote: [m[Kno functions named ‘[01m[Kvoid SimulationController::deteccionColision(gazebo_msgs::msg::ContactsState_<std::allocator<void> >::SharedPtr)[m[K’
[29.366s] In file included from [01m[K/home/monica/ros2_ws/src/xolobot_arm_server/src/SimulationController.cpp:1[m[K:
[29.366s] [01m[K/home/monica/ros2_ws/src/xolobot_arm_server/src/SimulationController.hpp:18:7:[m[K [01;36m[Knote: [m[K‘[01m[Kclass SimulationController[m[K’ defined here
[29.366s]    18 | class [01;36m[KSimulationController[m[K {
[29.372s]       |       [01;36m[K^~~~~~~~~~~~~~~~~~~~[m[K
[29.447s] [01m[K/home/monica/ros2_ws/src/xolobot_arm_server/src/SimulationController.cpp:[m[K In constructor ‘[01m[KSimulationController::SimulationController(rclcpp::Node::SharedPtr)[m[K’:
[29.447s] [01m[K/home/monica/ros2_ws/src/xolobot_arm_server/src/SimulationController.cpp:37:5:[m[K [01;31m[Kerror: [m[K‘[01m[KcolisionSub[m[K’ was not declared in this scope
[29.450s]    37 |     [01;31m[KcolisionSub[m[K = node_->create_subscription<gazebo_msgs::msg::ContactsState>(
[29.451s]       |     [01;31m[K^~~~~~~~~~~[m[K
[29.453s] [01m[K/home/monica/ros2_ws/src/xolobot_arm_server/src/SimulationController.cpp:38:66:[m[K [01;31m[Kerror: [m[K‘[01m[KdeteccionColision[m[K’ is not a member of ‘[01m[KSimulationController[m[K’
[29.453s]    38 |    "/collision_topic", 10, std::bind(&SimulationController::[01;31m[KdeteccionColision[m[K, this, std::placeholders::_1));
[29.453s]       |                                                             [01;31m[K^~~~~~~~~~~~~~~~~[m[K
[29.454s] 
[34.307s] gmake[2]: *** [CMakeFiles/xolobot_arm_server.dir/build.make:90: CMakeFiles/xolobot_arm_server.dir/src/SimulationController.cpp.o] Error 1
[34.314s] gmake[1]: *** [CMakeFiles/Makefile2:137: CMakeFiles/xolobot_arm_server.dir/all] Error 2
[34.314s] gmake: *** [Makefile:146: all] Error 2
[34.320s] Invoked command in '/home/monica/ros2_ws/build/xolobot_arm_server' returned '2': CMAKE_PREFIX_PATH=${CMAKE_PREFIX_PATH}:/opt/ros/iron /usr/bin/cmake --build /home/monica/ros2_ws/build/xolobot_arm_server -- -j2 -l2
