[0.257s] DEBUG:colcon:Command line arguments: ['/usr/bin/colcon', 'build', '--packages-select', 'xolobot_arm_server/src']
[0.257s] DEBUG:colcon:Parsed command line arguments: Namespace(log_base=None, log_level=None, verb_name='build', build_base='build', install_base='install', merge_install=False, symlink_install=False, test_result_base=None, continue_on_error=False, executor='parallel', parallel_workers=2, event_handlers=None, ignore_user_meta=False, metas=['./colcon.meta'], base_paths=['.'], packages_ignore=None, packages_ignore_regex=None, paths=None, packages_up_to=None, packages_up_to_regex=None, packages_above=None, packages_above_and_dependencies=None, packages_above_depth=None, packages_select_by_dep=None, packages_skip_by_dep=None, packages_skip_up_to=None, packages_select_build_failed=False, packages_skip_build_finished=False, packages_select_test_failures=False, packages_skip_test_passed=False, packages_select=['xolobot_arm_server/src'], packages_skip=None, packages_select_regex=None, packages_skip_regex=None, packages_start=None, packages_end=None, allow_overriding=[], cmake_args=None, cmake_target=None, cmake_target_skip_unavailable=False, cmake_clean_cache=False, cmake_clean_first=False, cmake_force_configure=False, ament_cmake_args=None, catkin_cmake_args=None, catkin_skip_building_tests=False, mixin_files=None, mixin=None, verb_parser=<colcon_mixin.mixin.mixin_argument.MixinArgumentDecorator object at 0x7b3ad0f628f0>, verb_extension=<colcon_core.verb.build.BuildVerb object at 0x7b3ad0f62410>, main=<bound method BuildVerb.main of <colcon_core.verb.build.BuildVerb object at 0x7b3ad0f62410>>, mixin_verb=('build',))
[0.763s] Level 1:colcon.colcon_core.package_discovery:discover_packages(colcon_meta) check parameters
[0.763s] Level 1:colcon.colcon_core.package_discovery:discover_packages(recursive) check parameters
[0.763s] Level 1:colcon.colcon_core.package_discovery:discover_packages(ignore) check parameters
[0.763s] Level 1:colcon.colcon_core.package_discovery:discover_packages(path) check parameters
[0.763s] Level 1:colcon.colcon_core.package_discovery:discover_packages(colcon_meta) discover
[0.763s] Level 1:colcon.colcon_core.package_discovery:discover_packages(recursive) discover
[0.763s] INFO:colcon.colcon_core.package_discovery:Crawling recursively for packages in '/home/monica/ros2_ws'
[0.764s] Level 1:colcon.colcon_core.package_identification:_identify(.) by extensions ['ignore', 'ignore_ament_install']
[0.764s] Level 1:colcon.colcon_core.package_identification:_identify(.) by extension 'ignore'
[0.765s] Level 1:colcon.colcon_core.package_identification:_identify(.) by extension 'ignore_ament_install'
[0.765s] Level 1:colcon.colcon_core.package_identification:_identify(.) by extensions ['colcon_pkg']
[0.765s] Level 1:colcon.colcon_core.package_identification:_identify(.) by extension 'colcon_pkg'
[0.765s] Level 1:colcon.colcon_core.package_identification:_identify(.) by extensions ['colcon_meta']
[0.765s] Level 1:colcon.colcon_core.package_identification:_identify(.) by extension 'colcon_meta'
[0.765s] Level 1:colcon.colcon_core.package_identification:_identify(.) by extensions ['ros']
[0.765s] Level 1:colcon.colcon_core.package_identification:_identify(.) by extension 'ros'
[0.800s] Level 1:colcon.colcon_core.package_identification:_identify(.) by extensions ['cmake', 'python']
[0.801s] Level 1:colcon.colcon_core.package_identification:_identify(.) by extension 'cmake'
[0.801s] Level 1:colcon.colcon_core.package_identification:_identify(.) by extension 'python'
[0.801s] Level 1:colcon.colcon_core.package_identification:_identify(.) by extensions ['python_setup_py']
[0.801s] Level 1:colcon.colcon_core.package_identification:_identify(.) by extension 'python_setup_py'
[0.801s] Level 1:colcon.colcon_core.package_identification:_identify(build) by extensions ['ignore', 'ignore_ament_install']
[0.802s] Level 1:colcon.colcon_core.package_identification:_identify(build) by extension 'ignore'
[0.802s] Level 1:colcon.colcon_core.package_identification:_identify(build) ignored
[0.802s] Level 1:colcon.colcon_core.package_identification:_identify(install) by extensions ['ignore', 'ignore_ament_install']
[0.802s] Level 1:colcon.colcon_core.package_identification:_identify(install) by extension 'ignore'
[0.802s] Level 1:colcon.colcon_core.package_identification:_identify(install) ignored
[0.803s] Level 1:colcon.colcon_core.package_identification:_identify(log) by extensions ['ignore', 'ignore_ament_install']
[0.803s] Level 1:colcon.colcon_core.package_identification:_identify(log) by extension 'ignore'
[0.803s] Level 1:colcon.colcon_core.package_identification:_identify(log) ignored
[0.803s] Level 1:colcon.colcon_core.package_identification:_identify(src) by extensions ['ignore', 'ignore_ament_install']
[0.804s] Level 1:colcon.colcon_core.package_identification:_identify(src) by extension 'ignore'
[0.804s] Level 1:colcon.colcon_core.package_identification:_identify(src) by extension 'ignore_ament_install'
[0.804s] Level 1:colcon.colcon_core.package_identification:_identify(src) by extensions ['colcon_pkg']
[0.804s] Level 1:colcon.colcon_core.package_identification:_identify(src) by extension 'colcon_pkg'
[0.804s] Level 1:colcon.colcon_core.package_identification:_identify(src) by extensions ['colcon_meta']
[0.804s] Level 1:colcon.colcon_core.package_identification:_identify(src) by extension 'colcon_meta'
[0.804s] Level 1:colcon.colcon_core.package_identification:_identify(src) by extensions ['ros']
[0.804s] Level 1:colcon.colcon_core.package_identification:_identify(src) by extension 'ros'
[0.805s] Level 1:colcon.colcon_core.package_identification:_identify(src) by extensions ['cmake', 'python']
[0.805s] Level 1:colcon.colcon_core.package_identification:_identify(src) by extension 'cmake'
[0.805s] Level 1:colcon.colcon_core.package_identification:_identify(src) by extension 'python'
[0.805s] Level 1:colcon.colcon_core.package_identification:_identify(src) by extensions ['python_setup_py']
[0.805s] Level 1:colcon.colcon_core.package_identification:_identify(src) by extension 'python_setup_py'
[0.805s] Level 1:colcon.colcon_core.package_identification:_identify(src/xolobot_arm) by extensions ['ignore', 'ignore_ament_install']
[0.806s] Level 1:colcon.colcon_core.package_identification:_identify(src/xolobot_arm) by extension 'ignore'
[0.806s] Level 1:colcon.colcon_core.package_identification:_identify(src/xolobot_arm) by extension 'ignore_ament_install'
[0.806s] Level 1:colcon.colcon_core.package_identification:_identify(src/xolobot_arm) by extensions ['colcon_pkg']
[0.806s] Level 1:colcon.colcon_core.package_identification:_identify(src/xolobot_arm) by extension 'colcon_pkg'
[0.806s] Level 1:colcon.colcon_core.package_identification:_identify(src/xolobot_arm) by extensions ['colcon_meta']
[0.806s] Level 1:colcon.colcon_core.package_identification:_identify(src/xolobot_arm) by extension 'colcon_meta'
[0.806s] Level 1:colcon.colcon_core.package_identification:_identify(src/xolobot_arm) by extensions ['ros']
[0.806s] Level 1:colcon.colcon_core.package_identification:_identify(src/xolobot_arm) by extension 'ros'
[0.812s] DEBUG:colcon.colcon_core.package_identification:Package 'src/xolobot_arm' with type 'ros.ament_cmake' and name 'xolobot_arm'
[0.813s] Level 1:colcon.colcon_core.package_identification:_identify(src/xolobot_arm_server) by extensions ['ignore', 'ignore_ament_install']
[0.813s] Level 1:colcon.colcon_core.package_identification:_identify(src/xolobot_arm_server) by extension 'ignore'
[0.813s] Level 1:colcon.colcon_core.package_identification:_identify(src/xolobot_arm_server) by extension 'ignore_ament_install'
[0.813s] Level 1:colcon.colcon_core.package_identification:_identify(src/xolobot_arm_server) by extensions ['colcon_pkg']
[0.814s] Level 1:colcon.colcon_core.package_identification:_identify(src/xolobot_arm_server) by extension 'colcon_pkg'
[0.814s] Level 1:colcon.colcon_core.package_identification:_identify(src/xolobot_arm_server) by extensions ['colcon_meta']
[0.814s] Level 1:colcon.colcon_core.package_identification:_identify(src/xolobot_arm_server) by extension 'colcon_meta'
[0.814s] Level 1:colcon.colcon_core.package_identification:_identify(src/xolobot_arm_server) by extensions ['ros']
[0.814s] Level 1:colcon.colcon_core.package_identification:_identify(src/xolobot_arm_server) by extension 'ros'
[0.847s] DEBUG:colcon.colcon_core.package_identification:Package 'src/xolobot_arm_server' with type 'ros.ament_cmake' and name 'xolobot_arm_server'
[0.847s] Level 1:colcon.colcon_core.package_identification:_identify(src/xolobot_control) by extensions ['ignore', 'ignore_ament_install']
[0.847s] Level 1:colcon.colcon_core.package_identification:_identify(src/xolobot_control) by extension 'ignore'
[0.847s] Level 1:colcon.colcon_core.package_identification:_identify(src/xolobot_control) by extension 'ignore_ament_install'
[0.848s] Level 1:colcon.colcon_core.package_identification:_identify(src/xolobot_control) by extensions ['colcon_pkg']
[0.848s] Level 1:colcon.colcon_core.package_identification:_identify(src/xolobot_control) by extension 'colcon_pkg'
[0.848s] Level 1:colcon.colcon_core.package_identification:_identify(src/xolobot_control) by extensions ['colcon_meta']
[0.848s] Level 1:colcon.colcon_core.package_identification:_identify(src/xolobot_control) by extension 'colcon_meta'
[0.848s] Level 1:colcon.colcon_core.package_identification:_identify(src/xolobot_control) by extensions ['ros']
[0.848s] Level 1:colcon.colcon_core.package_identification:_identify(src/xolobot_control) by extension 'ros'
[0.850s] DEBUG:colcon.colcon_core.package_identification:Package 'src/xolobot_control' with type 'ros.ament_cmake' and name 'xolobot_control'
[0.850s] Level 1:colcon.colcon_core.package_discovery:discover_packages(recursive) using defaults
[0.850s] Level 1:colcon.colcon_core.package_discovery:discover_packages(ignore) discover
[0.850s] Level 1:colcon.colcon_core.package_discovery:discover_packages(ignore) using defaults
[0.851s] Level 1:colcon.colcon_core.package_discovery:discover_packages(path) discover
[0.851s] Level 1:colcon.colcon_core.package_discovery:discover_packages(path) using defaults
[0.851s] WARNING:colcon.colcon_core.package_selection:ignoring unknown package 'xolobot_arm_server/src' in --packages-select
[0.898s] INFO:colcon.colcon_core.package_selection:Skipping not selected package 'xolobot_arm' in 'src/xolobot_arm'
[0.898s] INFO:colcon.colcon_core.package_selection:Skipping not selected package 'xolobot_arm_server' in 'src/xolobot_arm_server'
[0.898s] INFO:colcon.colcon_core.package_selection:Skipping not selected package 'xolobot_control' in 'src/xolobot_control'
[0.899s] Level 1:colcon.colcon_core.package_discovery:discover_packages(prefix_path) check parameters
[0.899s] Level 1:colcon.colcon_core.package_discovery:discover_packages(prefix_path) discover
[0.904s] DEBUG:colcon.colcon_installed_package_information.package_discovery:Found 3 installed packages in /home/monica/ros2_ws/install
[0.910s] DEBUG:colcon.colcon_installed_package_information.package_discovery:Found 355 installed packages in /opt/ros/iron
[0.916s] Level 1:colcon.colcon_core.package_discovery:discover_packages(prefix_path) using defaults
[1.052s] INFO:colcon.colcon_core.executor:Executing jobs using 'parallel' executor
[1.055s] DEBUG:colcon.colcon_parallel_executor.executor.parallel:run_until_complete
[1.055s] DEBUG:colcon.colcon_parallel_executor.executor.parallel:closing loop
[1.056s] DEBUG:colcon.colcon_parallel_executor.executor.parallel:loop closed
[1.056s] DEBUG:colcon.colcon_parallel_executor.executor.parallel:run_until_complete finished with '0'
[1.056s] DEBUG:colcon.colcon_core.event_reactor:joining thread
[1.067s] INFO:colcon.colcon_core.plugin_system:Skipping extension 'colcon_notification.desktop_notification.terminal_notifier': Not used on non-Darwin systems
[1.067s] INFO:colcon.colcon_core.plugin_system:Skipping extension 'colcon_notification.desktop_notification.win32': Not used on non-Windows systems
[1.067s] INFO:colcon.colcon_notification.desktop_notification:Sending desktop notification using 'notify2'
[1.098s] DEBUG:colcon.colcon_core.event_reactor:joined thread
[1.104s] INFO:colcon.colcon_core.plugin_system:Skipping extension 'colcon_core.shell.bat': Not used on non-Windows systems
[1.106s] INFO:colcon.colcon_core.shell:Creating prefix script '/home/monica/ros2_ws/install/local_setup.ps1'
[1.112s] INFO:colcon.colcon_core.shell:Creating prefix util module '/home/monica/ros2_ws/install/_local_setup_util_ps1.py'
[1.116s] INFO:colcon.colcon_core.shell:Creating prefix chain script '/home/monica/ros2_ws/install/setup.ps1'
[1.119s] INFO:colcon.colcon_core.shell:Creating prefix script '/home/monica/ros2_ws/install/local_setup.sh'
[1.121s] INFO:colcon.colcon_core.shell:Creating prefix util module '/home/monica/ros2_ws/install/_local_setup_util_sh.py'
[1.122s] INFO:colcon.colcon_core.shell:Creating prefix chain script '/home/monica/ros2_ws/install/setup.sh'
[1.126s] INFO:colcon.colcon_core.shell:Creating prefix script '/home/monica/ros2_ws/install/local_setup.bash'
[1.127s] INFO:colcon.colcon_core.shell:Creating prefix chain script '/home/monica/ros2_ws/install/setup.bash'
[1.130s] INFO:colcon.colcon_core.shell:Creating prefix script '/home/monica/ros2_ws/install/local_setup.zsh'
[1.131s] INFO:colcon.colcon_core.shell:Creating prefix chain script '/home/monica/ros2_ws/install/setup.zsh'
